ARM GAS  /tmp/ccDLihfD.s 			page 1


   1              		.syntax unified
   2              		.cpu cortex-m3
   3              		.fpu softvfp
   4              		.eabi_attribute 20, 1
   5              		.eabi_attribute 21, 1
   6              		.eabi_attribute 23, 3
   7              		.eabi_attribute 24, 1
   8              		.eabi_attribute 25, 1
   9              		.eabi_attribute 26, 1
  10              		.eabi_attribute 30, 2
  11              		.eabi_attribute 34, 1
  12              		.eabi_attribute 18, 4
  13              		.thumb
  14              		.file	"board.c"
  15              		.text
  16              	.Ltext0:
  17              		.section	.gnu.lto_.jmpfuncs.11ff8ccfd152e1ba,"",%progbits
  18 0000 789C6362 		.ascii	"x\234cb`b\300\006\330\2414H\226\221\201\001\000\001"
  18      6062C006 
  18      D8A13448 
  18      96918101 
  18      0001
  19 0012 39000F   		.ascii	"9\000\017"
  20              		.text
  21              		.section	.gnu.lto_.inline.11ff8ccfd152e1ba,"",%progbits
  22 0000 789C6362 		.ascii	"x\234cb`b\300\006t\2404P\226\205\207\021\254\210m\201"
  22      6062C006 
  22      74A03450 
  22      96858711 
  22      AC886D81 
  23 0014 3C582D23 		.ascii	"<X-#\027\210``c\005\012\263}\320\203\2133\000\000<%"
  23      17886060 
  23      63050AB3 
  23      7DD0838B 
  23      3300003C 
  24 0029 0312     		.ascii	"\003\022"
  25              		.text
  26              		.section	.gnu.lto_.pureconst.11ff8ccfd152e1ba,"",%progbits
  27 0000 789C6362 		.ascii	"x\234cb`b`e\200\000&\006\011F)\000\001\000\000?"
  27      60626065 
  27      80002606 
  27      09462900 
  27      0100003F 
  28              		.text
  29              		.section	.gnu.lto___early_init.11ff8ccfd152e1ba,"",%progbits
  30 0000 789C6362 		.ascii	"x\234cb`b@\007\222@\\\011\304f@\314\310\314\300\310"
  30      60624007 
  30      92405C09 
  30      C46640CC 
  30      C8CCC0C8 
  31 0014 34E11C03 		.ascii	"4\341\034\003C#\007\023##\210\301\300\310P\317\304X"
  31      43230713 
  31      232388C1 
  31      C0C850CF 
  31      C458
  32 0026 1FC90856 		.ascii	"\037\311\010V\273\236\351\300\203\377\377\327mx\372"
  32      BB9EE9C0 
ARM GAS  /tmp/ccDLihfD.s 			page 2


  32      83FFFFD7 
  32      6D78FA
  33 0035 301AA894 		.ascii	"0\032\250\224\201\201\225\241\245\241a\202\002\003C"
  33      818195A1 
  33      A5A16182 
  33      020343
  34 0044 32583E04 		.ascii	"2X>\004H\2024\20522\201h\346\363\014\315\017n\205%2"
  34      48823485 
  34      32328168 
  34      E6F30CCD 
  34      0F6E8525 
  35 0059 2E646405 		.ascii	".dd\005\312V3\374j\350h\020\310d\004\252\206\030\227"
  35      CA5633FC 
  35      6AE86810 
  35      C86404AA 
  35      861897
  36 006c 09A22F32 		.ascii	"\011\242/24>\270\315\004S\004\001!@\011\240\001 \307"
  36      343EB8CD 
  36      04530401 
  36      214009A0 
  36      0120C7
  37 007f 9AE8E9E9 		.ascii	"\232\350\351\351CP~\261~Fb\216~R~bQJ\261~pH|p\210\257"
  37      43507EB1 
  37      7E46628E 
  37      7E527E62 
  37      514AB17E 
  38 0099 B151984F 		.ascii	"\261Q\230O\274\213g\260\263\177\230kP$DN/\231\001\000"
  38      BC8B67B0 
  38      B37F986B 
  38      5024444E 
  38      2F990100 
  39 00ad 46DF31A8 		.ascii	"F\3371\250"
  40              		.text
  41              		.section	.gnu.lto_boardInit.11ff8ccfd152e1ba,"",%progbits
  42 0000 789C6362 		.ascii	"x\234cb`b@\007\222@\374\025\210\315\200\230\221\231"
  42      60624007 
  42      9240FC15 
  42      88CD8098 
  42      9199
  43 0012 819169C2 		.ascii	"\201\221i\3029\006\206F\016&FF\020\203\201\221\241\236"
  43      39068646 
  43      0E264646 
  43      10838191 
  43      A19E
  44 0024 89B13E92 		.ascii	"\211\261>\222\021\254v=\323\201\007\377\377\257\273"
  44      11AC763D 
  44      D38107FF 
  44      FFAFBB
  45 0033 B0F36135 		.ascii	"\260\363a5#+\023C&#\0033\210\000\002V\206\226\206\206"
  45      232B1343 
  45      26230333 
  45      88000256 
  45      86968686 
  46 0047 090A0C0C 		.ascii	"\011\012\014\014\311`n\010\220\004i\017ed\002\321\314"
  46      C9606E08 
  46      9004690F 
  46      656402D1 
ARM GAS  /tmp/ccDLihfD.s 			page 3


  46      CC
  47 0058 67190EDD 		.ascii	"g\031\016\335\3321[$\221q!#+C:#\2236\303\252\206\226"
  47      DA315B24 
  47      91712123 
  47      2B433A23 
  47      9336C3AA 
  48 006e 46814C46 		.ascii	"F\201LF\306\331\014\263\0303\031\231\"\200\004sCCK\003"
  48      C6D90CB3 
  48      18331999 
  48      22800473 
  48      43434B03 
  49 0082 0B039809 		.ascii	"\013\003\230\011\266.\211\021\346\310\263\014\315;\231"
  49      B62E8911 
  49      E6C8B30C 
  49      CD3B99
  50 0091 61BA99D3 		.ascii	"a\272\231\323!\352\031\004\3002\207<!\022\244\231\231"
  50      21EA1904 
  50      C032873C 
  50      2112A499 
  50      99
  51 00a2 0EE25F64 		.ascii	"\016\342_dh|\360\233\011\242\035\006B\030\031AN\006"
  51      687CF09B 
  51      09A21D06 
  51      42181941 
  51      4E06
  52 00b4 0594899E 		.ascii	"\005\224\211\236\236>\004\345\027\353g$\346\350'\345"
  52      9E3E04E5 
  52      17EB6724 
  52      E6E827E5 
  53 00c4 2716A514 		.ascii	"'\026\245\024\353\007\207\304\007\207\370\032\033\205"
  53      EB0787C4 
  53      0787F81A 
  53      1B85
  54 00d2 F9C4BB78 		.ascii	"\371\304\273x\006;\373\207\271\006EB\344\364\222\031"
  54      063BFB87 
  54      B9064542 
  54      E4F49219 
  55 00e2 00833448 		.ascii	"\000\2034H\251"
  55      A9
  56              		.text
  57              		.section	.gnu.lto_.symbol_nodes.11ff8ccfd152e1ba,"",%progbits
  58 0000 789C6362 		.ascii	"x\234cb`b\260e\200\002\246[\214\365\014\014\023\316"
  58      6062B065 
  58      8002A65B 
  58      8CF50C0C 
  58      13CE
  59 0012 3130D4D7 		.ascii	"10\324\327\317\353`d\272\315X\317\210\340\262\336dd"
  59      CFEB6064 
  59      BACD58CF 
  59      88E0B2DE 
  59      6464
  60 0024 60AD6760 		.ascii	"`\255g`\274\303X\317\004\021mh`df`fh~\360\217\221\001"
  60      BCC358CF 
  60      04116D68 
  60      60646660 
  60      66687EF0 
  61 003b 003E7A12 		.ascii	"\000>z\022\012"
ARM GAS  /tmp/ccDLihfD.s 			page 4


  61      0A
  62              		.text
  63              		.section	.gnu.lto_.refs.11ff8ccfd152e1ba,"",%progbits
  64 0000 789C6362 		.ascii	"x\234cb`b`d\200\002\000\000F\000\006"
  64      60626064 
  64      80020000 
  64      460006
  65              		.text
  66              		.section	.gnu.lto_.decls.11ff8ccfd152e1ba,"",%progbits
  67 0000 789CAD56 		.ascii	"x\234\255V_L[U\030\377N[\031\015\315\376`\266\250\017"
  67      5F4C5B55 
  67      18FF4E5B 
  67      190DCDFE 
  67      60B6A80F 
  68 0014 AED3CC87 		.ascii	"\256\323\314\207%\343\026\266E\037\314\022(\035VA\232"
  68      25E316B6 
  68      451FCC12 
  68      281D5641 
  68      9A
  69 0025 C270BE78 		.ascii	"\302p\276x=\264\227\321Xz\233r1\360v\006\223\340\036"
  69      3DB497D1 
  69      587A9B72 
  69      31F07606 
  69      93E01E
  70 0038 B42CC85E 		.ascii	"\264,\310^6\0038P\234f\233\006e\206Hu[J\246#s#\251\006"
  70      36033850 
  70      9C669B06 
  70      65864875 
  70      5B4AA623 
  71 0050 0DCD6216 		.ascii	"\015\315b\026}1[\342bf\026\353\271\347\334K\357---\306"
  71      7D315BE2 
  71      626616EB 
  71      B9E7DC4B 
  71      EF2D2D2D 
  72 0065 939E73EF 		.ascii	"\223\236s\357=\347;\277\357w\276\357;\337W\013X\340"
  72      3DE73BBF 
  72      EF77BEEF 
  72      3BDF570B 
  72      58E0
  73 0077 34006468 		.ascii	"4\000dh{\324\001\260\335\002`\245\337\007!\333\324\357"
  73      7BD401B0 
  73      DD0260A5 
  73      DF0721DB 
  73      D4EF
  74 0089 71DAA768 		.ascii	"q\332\247h\237\246\035\321~\016\314M]\247[\341&\355"
  74      9FA61DD1 
  74      7E0ECC4D 
  74      5DA75BE1 
  74      26ED
  75 009b 13DA9C45 		.ascii	"\023\332\234E\233\237\206\265M\305\262\321\276\211\366"
  75      9B9F86B5 
  75      4DC5B2D1 
  75      BE89F6
  76 00aa 5BB42FD1 		.ascii	"[\264/\321~G\303^\326\236Sy\366\355\204\367\311X:\375"
  76      7E47C35E 
  76      D69E5379 
  76      F6ED84F7 
ARM GAS  /tmp/ccDLihfD.s 			page 5


  76      C9583AFD 
  77 00be D6E87788 		.ascii	"\326\350w\210\234$\0173\031+\354\200\367\010mc\203\204"
  77      9C240F33 
  77      192BEC80 
  77      F7086D63 
  77      8384
  78 00d0 2005A383 		.ascii	" \005\243\203\333\341\010\302h\263\035\234\354\305a"
  78      DBE108C2 
  78      68B31D9C 
  78      ECC561
  79 00df 678A0030 		.ascii	"g\212\0000\232@;\264\267\303V\235\342\263\010\366\300"
  79      9A403BB4 
  79      B7C3569D 
  79      E2B308F6 
  79      C0
  80 00f0 34DD1F27 		.ascii	"4\335\037'\244\377i\224G%\30030\251j \037\021+\303W"
  80      A4FF6994 
  80      4725C033 
  80      30A96A20 
  80      1F112BC3 
  81 0105 11C6D14E 		.ascii	"\021\306\321N\243\010F\037 \313Z\242\211\033\322\002"
  81      A308461F 
  81      20CB5AA2 
  81      891BD202 
  82 0115 B99BC96C 		.ascii	"\271\233\311l\341\312-\360\022\242\242g\321\236u\261"
  82      E1CA2DF0 
  82      12A2A267 
  82      D19E75B1 
  83 0125 A772B13F 		.ascii	"\247r\261?\\\213\235\216\247\227\007\177\036@\303\003"
  83      5C8B9D8E 
  83      A797077F 
  83      1E40C303 
  84 0135 635C03E8 		.ascii	"c\\\003\350*\006Q\256\016\016\362\261\031\344)\030'"
  84      2A0651AE 
  84      0E0EF2B1 
  84      19E42918 
  84      27
  85 0146 1712E9C9 		.ascii	"\027\022\351\311\305\021D\306\372\011\371'\223A\225"
  85      C51144C6 
  85      FA09F927 
  85      934195
  86 0155 30CC4C49 		.ascii	"0\314LI-\271\260\031t;\246\255\272!\237\247\373v\303"
  86      2DB9B019 
  86      743BA6AD 
  86      BA219FA7 
  86      FB76C3
  87 0168 596AACF4 		.ascii	"Yj\254\364\312\265\305\032B\312\265\035\316\202\342"
  87      CAB5C51A 
  87      42CAB51D 
  87      CE82E2
  88 0177 187D8A76 		.ascii	"\030}\212vCQ1U\360<\325\317\2113\035$q/\351 6>\017y"
  88      43513155 
  88      F03CD5CF 
  88      89331D24 
  88      712FE920 
  89 018f 8EA4B55D 		.ascii	"\216\244\265]0\246\012\337O\236\246\007\371\026\345"
  89      30A60ADF 
ARM GAS  /tmp/ccDLihfD.s 			page 6


  89      4F9EA607 
  89      F916E5
  90 019e 51F5BAAE 		.ascii	"Q\365\272\256\311\261\312?1\237DN\214>\243\342\026\270"
  90      C9B1CA3F 
  90      319F444E 
  90      8C3EA3E2 
  90      16B8
  91 01b0 9E63B162 		.ascii	"\236c\261b\020*\231\231\\\262\0279\331\231\022\310\366"
  91      102A9999 
  91      5CB21739 
  91      D99912C8 
  91      F6
  92 01c1 27669223 		.ascii	"'f\222#\217\253d\3550D?\325\330}\301\240\314\024\270"
  92      8FAB64ED 
  92      30443FD5 
  92      D87DC1A0 
  92      CC14B8
  93 01d4 9ABD87DF 		.ascii	"\232\275\207\337]\272\207\250\233\350\302,\335f\201"
  93      5DBA87A8 
  93      9BE8C22C 
  93      DD6681
  94 01e3 798B9934 		.ascii	"y\213\2314F\233\354f\207\323o]@\305c\313\332\213z\335"
  94      469BEC66 
  94      87D36F5D 
  94      40C563CB 
  94      DA8B7ADD 
  95 01f7 B7A8E1BF 		.ascii	"\267\250\341\277\300PT\322\371tk\257\274i\002\246\203"
  95      C05054D2 
  95      F9746BAF 
  95      BC6902A6 
  95      83
  96 0208 A4574EFC 		.ascii	"\244WN\3741\214N\016\220\005\227\316\353\373\015#:M"
  96      318C4E0E 
  96      900597CE 
  96      EBFB0D23 
  96      3A4D
  97 021a A6994B3A 		.ascii	"\246\231K:\342X\007\273Q\012Xy\036z\371\232\321i\030"
  97      E25807BB 
  97      510A5879 
  97      1E7AF99A 
  97      D16918
  98 022d 7D41C312 		.ascii	"}A\303\022\243/\321.:\316\261\361k:\2566\013,1\335\347"
  98      A32FD12E 
  98      3ACEB1F1 
  98      6B3AAE36 
  98      0B2C31DD 
  99 0242 B3BA4D31 		.ascii	"\263\272M1P\3144$\361@\013H=\312\226K\3013\235\305i"
  99      50CC3424 
  99      F1400B48 
  99      3DCA964B 
  99      C1339DC5 
 100 0257 C27BD8A0 		.ascii	"\302{\330\240\332\205c\335.\005\353\261\302\334\342"
 100      DA8563DD 
 100      2E05EBB1 
 100      C2DCE2
 101 0266 2F66B17E 		.ascii	"/f\261~/\005\313Y\230\327\250\001\353n)X\256\365\374"
 101      2F05CB59 
ARM GAS  /tmp/ccDLihfD.s 			page 7


 101      98D7A801 
 101      EB6E2958 
 101      AEF5FC
 102 0279 A5BBE702 		.ascii	"\245\273\347\002s\317E\346\230o\330x\231\215W\331\230"
 102      73CF45E6 
 102      986FD878 
 102      998D57D9 
 102      98
 103 028a 34BBEAAF 		.ascii	"4\273\352\2575w\201\347\014\003j6\271@\351\270\307\254"
 103      357781E7 
 103      0C036A36 
 103      B940E9B8 
 103      C7AC
 104 029c 3A6EC1A4 		.ascii	":n\301\244u\215f\325'a\304z\206p\327\355\207\317\311"
 104      758D66D5 
 104      2761C47A 
 104      8670D7ED 
 104      87CFC9
 105 02af 50C287D1 		.ascii	"P\302\207\321'L\241\252\210O\271\270\215x\310\231\256"
 105      274CA1AA 
 105      884FB9B8 
 105      8D78C899 
 105      AE
 106 02c0 218F3F6D 		.ascii	"!\217?mj\340\324\36536-\030\265\251\331\267'\256\224"
 106      6AE0D4F5 
 106      33362D18 
 106      B5A9D9B7 
 106      27AE94
 107 02d3 83C67743 		.ascii	"\203\306wC`C\303\352N\023\330\320\360\342d\005h\307"
 107      6043C3EA 
 107      4E13D8D0 
 107      F0E26405 
 107      68C7
 108 02e5 5E07EC41 		.ascii	"^\007\354A)`\227G\3079\263\253\033ev%\236\207\231v\314"
 108      29609747 
 108      C739B3AB 
 108      1B657625 
 108      9E879976 
 109 02fa E4FF724C 		.ascii	"\344\377rL\006\006P\001'\262\031\226\227\310B\177\017"
 109      06065001 
 109      27B21996 
 109      97C8427F 
 109      0F
 110 030b 6EA20A63 		.ascii	"n\242\012c\024\261\334<\260nn\306\350\022\013\323\342"
 110      14B1DC3C 
 110      B06E6EC6 
 110      E8120BD3 
 110      E2
 111 031c 99364F49 		.ascii	"\2316OI!\026\343\345\322\322\374\374\362\237\007hY\305"
 111      2116E3E5 
 111      D2D2FCFC 
 111      F29F0768 
 111      59C5
 112 032e 6889DDA7 		.ascii	"h\211\335\247\337\254E+\223\031F\345\224\312-M3)V\232"
 112      DFAC452B 
 112      931946E5 
 112      94CA2D4D 
ARM GAS  /tmp/ccDLihfD.s 			page 8


 112      3329569A 
 113 0342 52C54BD3 		.ascii	"R\305K\323\361\201\304\245\024/M\030\335b)\370>\243"
 113      F181C4A5 
 113      142F4D18 
 113      DD6229F8 
 113      3EA3
 114 0354 90FA6F15 		.ascii	"\220\372o\025\202\342}\225b\371\234\203\375\275a0C\256"
 114      82E27D95 
 114      62F99C83 
 114      FDBD6130 
 114      43AE
 115 0366 397E2C31 		.ascii	"9~,1\367J\034o\203\270f\003\216\252\333\001\351\373"
 115      F74A1C6F 
 115      83B86603 
 115      8EAADB01 
 115      E9FB
 116 0378 B7B21D46 		.ascii	"\267\262\035F\261\331\302b\030\255\240mY\177\223\325"
 116      B1D9C262 
 116      18ADA06D 
 116      597F93D5 
 117 0388 4871D80B 		.ascii	"Hq\330\013\006J\032\331W):\354\331\027\253)\343\350"
 117      064A1AD9 
 117      57293AEC 
 117      D917AB29 
 117      E3E8
 118 039a 52F4D899 		.ascii	"R\364\330\231\334c\233Y\254S\307\264\2428\177\352\035"
 118      DC639B59 
 118      AC53C7B4 
 118      A2387FEA 
 118      1D
 119 03ab CD29BC2E 		.ascii	"\315)\274.\016\332J\260c\241\374O\235\362C\216\223\343"
 119      0EDA4AB0 
 119      63A1FC4F 
 119      9DF2438E 
 119      93E3
 120 03bd 1BC673E6 		.ascii	"\033\306s\346\013!\375\350)C\235\375\221\335\220\237"
 120      0B21FDE8 
 120      29439DFD 
 120      91DD909F 
 121 03cd 587A5D66 		.ascii	"Xz]f\343/l\274\315\306_\215\0117\347\256.\025\240\243"
 121      E32F6CBC 
 121      CDC65F8D 
 121      0937E7AE 
 121      2E15A0A3 
 122 03e1 6AB843EF 		.ascii	"j\270C\357\252\336\366WU\011\374'w\013\2358,\264\313"
 122      AADEF657 
 122      5509FC27 
 122      770B9D38 
 122      2CB4CB
 123 03f4 3816EC16 		.ascii	"8\026\354\026ZZ\305\226\326\246}5m\215b\275\267\305"
 123      5A5AC596 
 123      D6A67D35 
 123      6D8D62BD 
 123      B7C5
 124 0406 DDDCE6F1 		.ascii	"\335\334\346\361\277\312\327\252\002\340\020E\011\307"
 124      BFCAD7AA 
 124      02E01045 
ARM GAS  /tmp/ccDLihfD.s 			page 9


 124      09C7
 125 0414 C27D6228 		.ascii	"\302}b(\022R\312\032^>\354t\203\235-z\351\204+\0272"
 125      1252CA1A 
 125      5E3EEC74 
 125      839D2D7A 
 125      E9842B17 
 126 0429 2AC71415 		.ascii	"*\307\024\025\221\302\361\361Puo\257\272\"\206\303\301"
 126      91C2F1F1 
 126      50756FAF 
 126      BA2286C3 
 126      C1
 127 043a AA4ED8DA 		.ascii	"\252N\330\332\255t\355\253\021\003a9\360\006\203<\260"
 127      AD74EDAB 
 127      11036139 
 127      F006833C 
 127      B0
 128 044b 1E426363 		.ascii	"\036Bcc\275\320\340\3636\277Y\315 \242\2530\225\034"
 128      BDD0E0F3 
 128      36BF59CD 
 128      20A2AB30 
 128      951C
 129 045d E6683424 		.ascii	"\346h4$\213\335\222\322\023\025\225\327\204N\271K\022"
 129      8BDD92D2 
 129      131595D7 
 129      844EB94B 
 129      12
 130 046e 7058EA15 		.ascii	"pX\352\025\232\244\210\"\307\032b8\332\031\012P0\271"
 130      9AA48822 
 130      C71A6238 
 130      DA190A50 
 130      30B9
 131 0480 27169062 		.ascii	"'\026\220b}\242[\016JuR$\320)6\206\024I\354\220cb\255"
 131      7DA25B0E 
 131      4A755224 
 131      D0293686 
 131      1449EC90 
 132 0497 BF49F4D4 		.ascii	"\277I\364\324\326y\005\034\353\332\033\221#\322^\011"
 132      D679051C 
 132      EBDA1B91 
 132      23D25E09 
 133 04a7 B7878450 		.ascii	"\267\207\204P$\020\356\011JB\267\022\014E\024\252\261"
 133      2410EE09 
 133      4A42B712 
 133      0C4514AA 
 133      B1
 134 04b8 BC873EA9 		.ascii	"\274\207>\251J\305*\007c\326@,L{g\231\257\266\036+\270"
 134      4AC52A07 
 134      63D6402C 
 134      4C7B6799 
 134      AFB61E2B 
 135 04cd CC57C71F 		.ascii	"\314W\307\037n\376\250\347\017\217\372\260\373j\033"
 135      6EFEA8E7 
 135      0F8FFAB0 
 135      FB6A1B
 136 04dc DD72A423 		.ascii	"\335r\244#t\264R\245\037\224:pOX\021\003l\352\211\252"
 136      74B452A5 
 136      1F943A70 
ARM GAS  /tmp/ccDLihfD.s 			page 10


 136      4F581103 
 136      6CEA89AA 
 137 04f0 981CA442 		.ascii	"\230\034\244BUk\227\2363\332% wu\311\021A\352U\004w"
 137      556B979E 
 137      33DA2520 
 137      7775C911 
 137      41EA5504 
 138 0505 538BB785 		.ascii	"S\213\267\205\232\307`]f\213\216j\227\253\267\235\022"
 138      9AC7605D 
 138      668B8E6A 
 138      97ABB79D 
 138      12
 139 0516 75D41EF2 		.ascii	"u\324\036\3626\213\255}Q\251^\352\260y\332\334~[S\255"
 139      368BAD7D 
 139      51A95EEA 
 139      B079DADC 
 139      7E5B53AD 
 140 052a CF5FE639 		.ascii	"\317_\3469\322\352u\373\355~O\213\307\337\346\251w="
 140      D2EA75FB 
 140      ED7E4F8B 
 140      C7DFE6A9 
 140      773D
 141 053c A2CED6FC 		.ascii	"\242\316\326\374\013{]\011\015"
 141      0B7B5D09 
 141      0D
 142              		.text
 143              		.section	.gnu.lto_.symtab.11ff8ccfd152e1ba,"",%progbits
 144 0000 5F5F6561 		.ascii	"__early_init\000\000\000\000\000\000\000\000\000\000"
 144      726C795F 
 144      696E6974 
 144      00000000 
 144      00000000 
 145 0016 0000A100 		.ascii	"\000\000\241\000\000\000boardInit\000\000\000\000\000"
 145      0000626F 
 145      61726449 
 145      6E697400 
 145      00000000 
 146 002a 00000000 		.ascii	"\000\000\000\000\000\000\000\246\000\000\000pal_def"
 146      000000A6 
 146      00000070 
 146      616C5F64 
 146      6566
 147 003c 61756C74 		.ascii	"ault_config\000\000\000\000\000\000\000\000\000\000"
 147      5F636F6E 
 147      66696700 
 147      00000000 
 147      00000000 
 148 0051 0000AB00 		.ascii	"\000\000\253\000\000\000stm32_clock_init\000\000\002"
 148      00007374 
 148      6D33325F 
 148      636C6F63 
 148      6B5F696E 
 149 006a 00000000 		.ascii	"\000\000\000\000\000\000\000\000\000\251\000\000\000"
 149      00000000 
 149      00A90000 
 149      00
 150              		.text
ARM GAS  /tmp/ccDLihfD.s 			page 11


 151              		.section	.gnu.lto_.opts,"",%progbits
 152 0000 272D6D63 		.ascii	"'-mcpu=cortex-m3' '-mno-thumb-interwork' '-mthumb' "
 152      70753D63 
 152      6F727465 
 152      782D6D33 
 152      2720272D 
 153 0033 272D6767 		.ascii	"'-ggdb' '-O2' '-fomit-frame-pointer' '-falign-funct"
 153      64622720 
 153      272D4F32 
 153      2720272D 
 153      666F6D69 
 154 0066 696F6E73 		.ascii	"ions=16' '-ffunction-sections' '-fdata-sections' '-"
 154      3D313627 
 154      20272D66 
 154      66756E63 
 154      74696F6E 
 155 0099 666E6F2D 		.ascii	"fno-common' '-flto'\000"
 155      636F6D6D 
 155      6F6E2720 
 155      272D666C 
 155      746F2700 
 156              		.text
 157              		.cfi_sections	.debug_frame
 158              		.section	.text.__early_init,"ax",%progbits
 159              		.align	2
 160              		.p2align 4,,15
 161              		.global	__early_init
 162              		.thumb
 163              		.thumb_func
 164              		.type	__early_init, %function
 165              	__early_init:
 166              	.LFB217:
 167              		.file 1 "../../../os/hal/boards/ST_STM32VL_DISCOVERY/board.c"
 168              		.loc 1 40 0
 169              		.cfi_startproc
 170              		@ args = 0, pretend = 0, frame = 0
 171              		@ frame_needed = 0, uses_anonymous_args = 0
 172              		@ link register save eliminated.
 173              		.loc 1 42 0
 174 0000 FFF7FEBF 		b	stm32_clock_init
 175              	.LVL0:
 176              		.cfi_endproc
 177              	.LFE217:
 178              		.size	__early_init, .-__early_init
 179 0004 AFF30080 		.section	.text.boardInit,"ax",%progbits
 179      AFF30080 
 179      AFF30080 
 180              		.align	2
 181              		.p2align 4,,15
 182              		.global	boardInit
 183              		.thumb
 184              		.thumb_func
 185              		.type	boardInit, %function
 186              	boardInit:
 187              	.LFB218:
 188              		.loc 1 48 0
 189              		.cfi_startproc
ARM GAS  /tmp/ccDLihfD.s 			page 12


 190              		@ args = 0, pretend = 0, frame = 0
 191              		@ frame_needed = 0, uses_anonymous_args = 0
 192              		@ link register save eliminated.
 193              		.loc 1 53 0
 194 0000 0023     		movs	r3, #0
 195 0002 C4F20103 		movt	r3, 16385
 196 0006 5A68     		ldr	r2, [r3, #4]
 197 0008 42F01002 		orr	r2, r2, #16
 198 000c 5A60     		str	r2, [r3, #4]
 199 000e 7047     		bx	lr
 200              		.cfi_endproc
 201              	.LFE218:
 202              		.size	boardInit, .-boardInit
 203              		.global	pal_default_config
 204              		.section	.rodata.pal_default_config,"a",%progbits
 205              		.align	2
 206              		.type	pal_default_config, %object
 207              		.size	pal_default_config, 60
 208              	pal_default_config:
 209 0000 FFFFFFFF 		.word	-1
 210 0004 834BB343 		.word	1135823747
 211 0008 B8848888 		.word	-2004319048
 212 000c FFFFFFFF 		.word	-1
 213 0010 88888888 		.word	-2004318072
 214 0014 8888B3B4 		.word	-1263302520
 215 0018 FFFCFFFF 		.word	-769
 216 001c 88888888 		.word	-2004318072
 217 0020 434B8888 		.word	-2004333757
 218 0024 FFFFFFFF 		.word	-1
 219 0028 44888888 		.word	-2004318140
 220 002c 88888888 		.word	-2004318072
 221 0030 FFFFFFFF 		.word	-1
 222 0034 88888888 		.word	-2004318072
 223 0038 88888888 		.word	-2004318072
 224              		.text
 225              	.Letext0:
 226              		.file 2 "/home/alex/MentorGraphics/Sourcery_CodeBench_Lite_for_ARM_EABI/arm-none-eabi/include/stdi
 227              		.file 3 "../../../os/common/ports/ARMCMx/compilers/GCC/chtypes.h"
 228              		.file 4 "../../../os/rt/include/chsystypes.h"
 229              		.file 5 "../../../os/rt/include/chschd.h"
 230              		.file 6 "../../../os/common/ext/CMSIS/ST/STM32F1xx/stm32f100xb.h"
 231              		.file 7 "../../../os/common/ports/ARMCMx/chcore.h"
 232              		.file 8 "../../../os/common/ports/ARMCMx/chcore_v7m.h"
 233              		.file 9 "../../../os/rt/include/chtm.h"
 234              		.file 10 "../../../os/rt/include/chsem.h"
 235              		.file 11 "../../../os/rt/include/chmtx.h"
 236              		.file 12 "../../../os/hal/ports/STM32/LLD/GPIOv1/hal_pal_lld.h"
 237              		.file 13 "../../../os/common/ext/CMSIS/include/core_cm3.h"
 238              		.file 14 "../../../os/hal/ports/STM32/STM32F1xx/hal_lld.h"
 239              		.section	.debug_info,"",%progbits
 240              	.Ldebug_info0:
 241 0000 3A070000 		.4byte	0x73a
 242 0004 0400     		.2byte	0x4
 243 0006 00000000 		.4byte	.Ldebug_abbrev0
 244 000a 04       		.byte	0x4
 245 000b 01       		.uleb128 0x1
 246 000c D8010000 		.4byte	.LASF102
ARM GAS  /tmp/ccDLihfD.s 			page 13


 247 0010 01       		.byte	0x1
 248 0011 9F040000 		.4byte	.LASF103
 249 0015 D8040000 		.4byte	.LASF104
 250 0019 00000000 		.4byte	.Ldebug_ranges0+0
 251 001d 00000000 		.4byte	0
 252 0021 00000000 		.4byte	.Ldebug_line0
 253 0025 02       		.uleb128 0x2
 254 0026 04       		.byte	0x4
 255 0027 05       		.byte	0x5
 256 0028 696E7400 		.ascii	"int\000"
 257 002c 03       		.uleb128 0x3
 258 002d 04       		.byte	0x4
 259 002e 07       		.byte	0x7
 260 002f 5A000000 		.4byte	.LASF0
 261 0033 03       		.uleb128 0x3
 262 0034 01       		.byte	0x1
 263 0035 06       		.byte	0x6
 264 0036 67040000 		.4byte	.LASF1
 265 003a 04       		.uleb128 0x4
 266 003b BF020000 		.4byte	.LASF4
 267 003f 02       		.byte	0x2
 268 0040 2A       		.byte	0x2a
 269 0041 45000000 		.4byte	0x45
 270 0045 03       		.uleb128 0x3
 271 0046 01       		.byte	0x1
 272 0047 08       		.byte	0x8
 273 0048 1D040000 		.4byte	.LASF2
 274 004c 03       		.uleb128 0x3
 275 004d 02       		.byte	0x2
 276 004e 05       		.byte	0x5
 277 004f 53030000 		.4byte	.LASF3
 278 0053 04       		.uleb128 0x4
 279 0054 31030000 		.4byte	.LASF5
 280 0058 02       		.byte	0x2
 281 0059 36       		.byte	0x36
 282 005a 5E000000 		.4byte	0x5e
 283 005e 03       		.uleb128 0x3
 284 005f 02       		.byte	0x2
 285 0060 07       		.byte	0x7
 286 0061 79040000 		.4byte	.LASF6
 287 0065 04       		.uleb128 0x4
 288 0066 F3030000 		.4byte	.LASF7
 289 006a 02       		.byte	0x2
 290 006b 4F       		.byte	0x4f
 291 006c 70000000 		.4byte	0x70
 292 0070 03       		.uleb128 0x3
 293 0071 04       		.byte	0x4
 294 0072 05       		.byte	0x5
 295 0073 5D030000 		.4byte	.LASF8
 296 0077 04       		.uleb128 0x4
 297 0078 E9000000 		.4byte	.LASF9
 298 007c 02       		.byte	0x2
 299 007d 50       		.byte	0x50
 300 007e 82000000 		.4byte	0x82
 301 0082 03       		.uleb128 0x3
 302 0083 04       		.byte	0x4
 303 0084 07       		.byte	0x7
ARM GAS  /tmp/ccDLihfD.s 			page 14


 304 0085 CE030000 		.4byte	.LASF10
 305 0089 03       		.uleb128 0x3
 306 008a 08       		.byte	0x8
 307 008b 05       		.byte	0x5
 308 008c F0020000 		.4byte	.LASF11
 309 0090 04       		.uleb128 0x4
 310 0091 99030000 		.4byte	.LASF12
 311 0095 02       		.byte	0x2
 312 0096 78       		.byte	0x78
 313 0097 9B000000 		.4byte	0x9b
 314 009b 03       		.uleb128 0x3
 315 009c 08       		.byte	0x8
 316 009d 07       		.byte	0x7
 317 009e 2C010000 		.4byte	.LASF13
 318 00a2 04       		.uleb128 0x4
 319 00a3 3A030000 		.4byte	.LASF14
 320 00a7 03       		.byte	0x3
 321 00a8 39       		.byte	0x39
 322 00a9 77000000 		.4byte	0x77
 323 00ad 04       		.uleb128 0x4
 324 00ae 1E030000 		.4byte	.LASF15
 325 00b2 03       		.byte	0x3
 326 00b3 3C       		.byte	0x3c
 327 00b4 3A000000 		.4byte	0x3a
 328 00b8 04       		.uleb128 0x4
 329 00b9 B6020000 		.4byte	.LASF16
 330 00bd 03       		.byte	0x3
 331 00be 3D       		.byte	0x3d
 332 00bf 3A000000 		.4byte	0x3a
 333 00c3 04       		.uleb128 0x4
 334 00c4 C6030000 		.4byte	.LASF17
 335 00c8 03       		.byte	0x3
 336 00c9 3E       		.byte	0x3e
 337 00ca 3A000000 		.4byte	0x3a
 338 00ce 04       		.uleb128 0x4
 339 00cf 13010000 		.4byte	.LASF18
 340 00d3 03       		.byte	0x3
 341 00d4 40       		.byte	0x40
 342 00d5 77000000 		.4byte	0x77
 343 00d9 04       		.uleb128 0x4
 344 00da FE020000 		.4byte	.LASF19
 345 00de 03       		.byte	0x3
 346 00df 41       		.byte	0x41
 347 00e0 65000000 		.4byte	0x65
 348 00e4 04       		.uleb128 0x4
 349 00e5 FA000000 		.4byte	.LASF20
 350 00e9 03       		.byte	0x3
 351 00ea 43       		.byte	0x43
 352 00eb 77000000 		.4byte	0x77
 353 00ef 04       		.uleb128 0x4
 354 00f0 43010000 		.4byte	.LASF21
 355 00f4 03       		.byte	0x3
 356 00f5 45       		.byte	0x45
 357 00f6 65000000 		.4byte	0x65
 358 00fa 04       		.uleb128 0x4
 359 00fb 3E000000 		.4byte	.LASF22
 360 00ff 04       		.byte	0x4
ARM GAS  /tmp/ccDLihfD.s 			page 15


 361 0100 35       		.byte	0x35
 362 0101 53000000 		.4byte	0x53
 363 0105 04       		.uleb128 0x4
 364 0106 91010000 		.4byte	.LASF23
 365 010a 04       		.byte	0x4
 366 010b 3F       		.byte	0x3f
 367 010c 10010000 		.4byte	0x110
 368 0110 05       		.uleb128 0x5
 369 0111 D7020000 		.4byte	.LASF41
 370 0115 44       		.byte	0x44
 371 0116 05       		.byte	0x5
 372 0117 9A       		.byte	0x9a
 373 0118 EE010000 		.4byte	0x1ee
 374 011c 06       		.uleb128 0x6
 375 011d ED030000 		.4byte	.LASF24
 376 0121 05       		.byte	0x5
 377 0122 9B       		.byte	0x9b
 378 0123 23020000 		.4byte	0x223
 379 0127 00       		.byte	0
 380 0128 06       		.uleb128 0x6
 381 0129 7B020000 		.4byte	.LASF25
 382 012d 05       		.byte	0x5
 383 012e 9C       		.byte	0x9c
 384 012f CE000000 		.4byte	0xce
 385 0133 08       		.byte	0x8
 386 0134 07       		.uleb128 0x7
 387 0135 63747800 		.ascii	"ctx\000"
 388 0139 05       		.byte	0x5
 389 013a 9D       		.byte	0x9d
 390 013b 8C040000 		.4byte	0x48c
 391 013f 0C       		.byte	0xc
 392 0140 06       		.uleb128 0x6
 393 0141 17040000 		.4byte	.LASF26
 394 0145 05       		.byte	0x5
 395 0146 9F       		.byte	0x9f
 396 0147 F9010000 		.4byte	0x1f9
 397 014b 10       		.byte	0x10
 398 014c 06       		.uleb128 0x6
 399 014d 49040000 		.4byte	.LASF27
 400 0151 05       		.byte	0x5
 401 0152 A0       		.byte	0xa0
 402 0153 F9010000 		.4byte	0x1f9
 403 0157 14       		.byte	0x14
 404 0158 06       		.uleb128 0x6
 405 0159 A8030000 		.4byte	.LASF28
 406 015d 05       		.byte	0x5
 407 015e A7       		.byte	0xa7
 408 015f 11060000 		.4byte	0x611
 409 0163 18       		.byte	0x18
 410 0164 06       		.uleb128 0x6
 411 0165 AF020000 		.4byte	.LASF29
 412 0169 05       		.byte	0x5
 413 016a B0       		.byte	0xb0
 414 016b 23060000 		.4byte	0x623
 415 016f 1C       		.byte	0x1c
 416 0170 06       		.uleb128 0x6
 417 0171 4F040000 		.4byte	.LASF30
ARM GAS  /tmp/ccDLihfD.s 			page 16


 418 0175 05       		.byte	0x5
 419 0176 B5       		.byte	0xb5
 420 0177 B8000000 		.4byte	0xb8
 421 017b 20       		.byte	0x20
 422 017c 06       		.uleb128 0x6
 423 017d 38000000 		.4byte	.LASF31
 424 0181 05       		.byte	0x5
 425 0182 B9       		.byte	0xb9
 426 0183 AD000000 		.4byte	0xad
 427 0187 21       		.byte	0x21
 428 0188 06       		.uleb128 0x6
 429 0189 7B000000 		.4byte	.LASF32
 430 018d 05       		.byte	0x5
 431 018e BE       		.byte	0xbe
 432 018f C3000000 		.4byte	0xc3
 433 0193 22       		.byte	0x22
 434 0194 08       		.uleb128 0x8
 435 0195 7500     		.ascii	"u\000"
 436 0197 05       		.byte	0x5
 437 0198 0F01     		.2byte	0x10f
 438 019a 46050000 		.4byte	0x546
 439 019e 24       		.byte	0x24
 440 019f 09       		.uleb128 0x9
 441 01a0 2B040000 		.4byte	.LASF33
 442 01a4 05       		.byte	0x5
 443 01a5 1401     		.2byte	0x114
 444 01a7 FF010000 		.4byte	0x1ff
 445 01ab 28       		.byte	0x28
 446 01ac 09       		.uleb128 0x9
 447 01ad CE020000 		.4byte	.LASF34
 448 01b1 05       		.byte	0x5
 449 01b2 1A01     		.2byte	0x11a
 450 01b4 23020000 		.4byte	0x223
 451 01b8 2C       		.byte	0x2c
 452 01b9 09       		.uleb128 0x9
 453 01ba 51000000 		.4byte	.LASF35
 454 01be 05       		.byte	0x5
 455 01bf 2001     		.2byte	0x120
 456 01c1 E4000000 		.4byte	0xe4
 457 01c5 34       		.byte	0x34
 458 01c6 09       		.uleb128 0x9
 459 01c7 72010000 		.4byte	.LASF36
 460 01cb 05       		.byte	0x5
 461 01cc 2701     		.2byte	0x127
 462 01ce 0B060000 		.4byte	0x60b
 463 01d2 38       		.byte	0x38
 464 01d3 09       		.uleb128 0x9
 465 01d4 48000000 		.4byte	.LASF37
 466 01d8 05       		.byte	0x5
 467 01d9 2B01     		.2byte	0x12b
 468 01db CE000000 		.4byte	0xce
 469 01df 3C       		.byte	0x3c
 470 01e0 09       		.uleb128 0x9
 471 01e1 42050000 		.4byte	.LASF38
 472 01e5 05       		.byte	0x5
 473 01e6 3201     		.2byte	0x132
 474 01e8 D6020000 		.4byte	0x2d6
ARM GAS  /tmp/ccDLihfD.s 			page 17


 475 01ec 40       		.byte	0x40
 476 01ed 00       		.byte	0
 477 01ee 04       		.uleb128 0x4
 478 01ef 9C020000 		.4byte	.LASF39
 479 01f3 04       		.byte	0x4
 480 01f4 44       		.byte	0x44
 481 01f5 F9010000 		.4byte	0x1f9
 482 01f9 0A       		.uleb128 0xa
 483 01fa 04       		.byte	0x4
 484 01fb 05010000 		.4byte	0x105
 485 01ff 04       		.uleb128 0x4
 486 0200 6C000000 		.4byte	.LASF40
 487 0204 04       		.byte	0x4
 488 0205 49       		.byte	0x49
 489 0206 0A020000 		.4byte	0x20a
 490 020a 05       		.uleb128 0x5
 491 020b 00000000 		.4byte	.LASF42
 492 020f 04       		.byte	0x4
 493 0210 05       		.byte	0x5
 494 0211 88       		.byte	0x88
 495 0212 23020000 		.4byte	0x223
 496 0216 06       		.uleb128 0x6
 497 0217 67000000 		.4byte	.LASF43
 498 021b 05       		.byte	0x5
 499 021c 89       		.byte	0x89
 500 021d F9010000 		.4byte	0x1f9
 501 0221 00       		.byte	0
 502 0222 00       		.byte	0
 503 0223 04       		.uleb128 0x4
 504 0224 62010000 		.4byte	.LASF44
 505 0228 04       		.byte	0x4
 506 0229 50       		.byte	0x50
 507 022a 2E020000 		.4byte	0x22e
 508 022e 05       		.uleb128 0x5
 509 022f BF000000 		.4byte	.LASF45
 510 0233 08       		.byte	0x8
 511 0234 05       		.byte	0x5
 512 0235 8F       		.byte	0x8f
 513 0236 53020000 		.4byte	0x253
 514 023a 06       		.uleb128 0x6
 515 023b 67000000 		.4byte	.LASF43
 516 023f 05       		.byte	0x5
 517 0240 90       		.byte	0x90
 518 0241 F9010000 		.4byte	0x1f9
 519 0245 00       		.byte	0
 520 0246 06       		.uleb128 0x6
 521 0247 BA000000 		.4byte	.LASF46
 522 024b 05       		.byte	0x5
 523 024c 91       		.byte	0x91
 524 024d F9010000 		.4byte	0x1f9
 525 0251 04       		.byte	0x4
 526 0252 00       		.byte	0
 527 0253 04       		.uleb128 0x4
 528 0254 E0030000 		.4byte	.LASF47
 529 0258 04       		.byte	0x4
 530 0259 57       		.byte	0x57
 531 025a 5E020000 		.4byte	0x25e
ARM GAS  /tmp/ccDLihfD.s 			page 18


 532 025e 0B       		.uleb128 0xb
 533 025f A0000000 		.4byte	.LASF48
 534 0263 1C       		.byte	0x1c
 535 0264 05       		.byte	0x5
 536 0265 6A01     		.2byte	0x16a
 537 0267 BA020000 		.4byte	0x2ba
 538 026b 09       		.uleb128 0x9
 539 026c ED030000 		.4byte	.LASF24
 540 0270 05       		.byte	0x5
 541 0271 6B01     		.2byte	0x16b
 542 0273 23020000 		.4byte	0x223
 543 0277 00       		.byte	0
 544 0278 09       		.uleb128 0x9
 545 0279 7B020000 		.4byte	.LASF25
 546 027d 05       		.byte	0x5
 547 027e 6C01     		.2byte	0x16c
 548 0280 CE000000 		.4byte	0xce
 549 0284 08       		.byte	0x8
 550 0285 08       		.uleb128 0x8
 551 0286 63747800 		.ascii	"ctx\000"
 552 028a 05       		.byte	0x5
 553 028b 6E01     		.2byte	0x16e
 554 028d 8C040000 		.4byte	0x48c
 555 0291 0C       		.byte	0xc
 556 0292 09       		.uleb128 0x9
 557 0293 17040000 		.4byte	.LASF26
 558 0297 05       		.byte	0x5
 559 0298 7101     		.2byte	0x171
 560 029a F9010000 		.4byte	0x1f9
 561 029e 10       		.byte	0x10
 562 029f 09       		.uleb128 0x9
 563 02a0 49040000 		.4byte	.LASF27
 564 02a4 05       		.byte	0x5
 565 02a5 7201     		.2byte	0x172
 566 02a7 F9010000 		.4byte	0x1f9
 567 02ab 14       		.byte	0x14
 568 02ac 09       		.uleb128 0x9
 569 02ad 97040000 		.4byte	.LASF49
 570 02b1 05       		.byte	0x5
 571 02b2 7501     		.2byte	0x175
 572 02b4 F9010000 		.4byte	0x1f9
 573 02b8 18       		.byte	0x18
 574 02b9 00       		.byte	0
 575 02ba 04       		.uleb128 0x4
 576 02bb D0000000 		.4byte	.LASF50
 577 02bf 04       		.byte	0x4
 578 02c0 5C       		.byte	0x5c
 579 02c1 C5020000 		.4byte	0x2c5
 580 02c5 0A       		.uleb128 0xa
 581 02c6 04       		.byte	0x4
 582 02c7 CB020000 		.4byte	0x2cb
 583 02cb 0C       		.uleb128 0xc
 584 02cc D6020000 		.4byte	0x2d6
 585 02d0 0D       		.uleb128 0xd
 586 02d1 D6020000 		.4byte	0x2d6
 587 02d5 00       		.byte	0
 588 02d6 0E       		.uleb128 0xe
ARM GAS  /tmp/ccDLihfD.s 			page 19


 589 02d7 04       		.byte	0x4
 590 02d8 04       		.uleb128 0x4
 591 02d9 04030000 		.4byte	.LASF51
 592 02dd 04       		.byte	0x4
 593 02de 61       		.byte	0x61
 594 02df E3020000 		.4byte	0x2e3
 595 02e3 0B       		.uleb128 0xb
 596 02e4 1B010000 		.4byte	.LASF52
 597 02e8 14       		.byte	0x14
 598 02e9 05       		.byte	0x5
 599 02ea 4501     		.2byte	0x145
 600 02ec 32030000 		.4byte	0x332
 601 02f0 09       		.uleb128 0x9
 602 02f1 67000000 		.4byte	.LASF43
 603 02f5 05       		.byte	0x5
 604 02f6 4601     		.2byte	0x146
 605 02f8 29060000 		.4byte	0x629
 606 02fc 00       		.byte	0
 607 02fd 09       		.uleb128 0x9
 608 02fe BA000000 		.4byte	.LASF46
 609 0302 05       		.byte	0x5
 610 0303 4701     		.2byte	0x147
 611 0305 29060000 		.4byte	0x629
 612 0309 04       		.byte	0x4
 613 030a 09       		.uleb128 0x9
 614 030b 73040000 		.4byte	.LASF53
 615 030f 05       		.byte	0x5
 616 0310 4801     		.2byte	0x148
 617 0312 FA000000 		.4byte	0xfa
 618 0316 08       		.byte	0x8
 619 0317 09       		.uleb128 0x9
 620 0318 AE000000 		.4byte	.LASF54
 621 031c 05       		.byte	0x5
 622 031d 4901     		.2byte	0x149
 623 031f BA020000 		.4byte	0x2ba
 624 0323 0C       		.byte	0xc
 625 0324 08       		.uleb128 0x8
 626 0325 70617200 		.ascii	"par\000"
 627 0329 05       		.byte	0x5
 628 032a 4B01     		.2byte	0x14b
 629 032c D6020000 		.4byte	0x2d6
 630 0330 10       		.byte	0x10
 631 0331 00       		.byte	0
 632 0332 04       		.uleb128 0x4
 633 0333 33040000 		.4byte	.LASF55
 634 0337 04       		.byte	0x4
 635 0338 66       		.byte	0x66
 636 0339 3D030000 		.4byte	0x33d
 637 033d 0B       		.uleb128 0xb
 638 033e 7A010000 		.4byte	.LASF56
 639 0342 0C       		.byte	0xc
 640 0343 05       		.byte	0x5
 641 0344 5501     		.2byte	0x155
 642 0346 7F030000 		.4byte	0x37f
 643 034a 09       		.uleb128 0x9
 644 034b 67000000 		.4byte	.LASF43
 645 034f 05       		.byte	0x5
ARM GAS  /tmp/ccDLihfD.s 			page 20


 646 0350 5601     		.2byte	0x156
 647 0352 29060000 		.4byte	0x629
 648 0356 00       		.byte	0
 649 0357 09       		.uleb128 0x9
 650 0358 BA000000 		.4byte	.LASF46
 651 035c 05       		.byte	0x5
 652 035d 5801     		.2byte	0x158
 653 035f 29060000 		.4byte	0x629
 654 0363 04       		.byte	0x4
 655 0364 09       		.uleb128 0x9
 656 0365 73040000 		.4byte	.LASF53
 657 0369 05       		.byte	0x5
 658 036a 5A01     		.2byte	0x15a
 659 036c FA000000 		.4byte	0xfa
 660 0370 08       		.byte	0x8
 661 0371 09       		.uleb128 0x9
 662 0372 90030000 		.4byte	.LASF57
 663 0376 05       		.byte	0x5
 664 0377 6201     		.2byte	0x162
 665 0379 FA000000 		.4byte	0xfa
 666 037d 0A       		.byte	0xa
 667 037e 00       		.byte	0
 668 037f 04       		.uleb128 0x4
 669 0380 E1020000 		.4byte	.LASF58
 670 0384 04       		.byte	0x4
 671 0385 6B       		.byte	0x6b
 672 0386 8A030000 		.4byte	0x38a
 673 038a 0B       		.uleb128 0xb
 674 038b D9000000 		.4byte	.LASF59
 675 038f 04       		.byte	0x4
 676 0390 05       		.byte	0x5
 677 0391 7C01     		.2byte	0x17c
 678 0393 A5030000 		.4byte	0x3a5
 679 0397 09       		.uleb128 0x9
 680 0398 14030000 		.4byte	.LASF60
 681 039c 05       		.byte	0x5
 682 039d 8401     		.2byte	0x184
 683 039f 2F060000 		.4byte	0x62f
 684 03a3 00       		.byte	0
 685 03a4 00       		.byte	0
 686 03a5 04       		.uleb128 0x4
 687 03a6 55040000 		.4byte	.LASF61
 688 03aa 04       		.byte	0x4
 689 03ab 70       		.byte	0x70
 690 03ac B0030000 		.4byte	0x3b0
 691 03b0 0B       		.uleb128 0xb
 692 03b1 86030000 		.4byte	.LASF62
 693 03b5 74       		.byte	0x74
 694 03b6 05       		.byte	0x5
 695 03b7 9C01     		.2byte	0x19c
 696 03b9 FE030000 		.4byte	0x3fe
 697 03bd 09       		.uleb128 0x9
 698 03be A2030000 		.4byte	.LASF63
 699 03c2 05       		.byte	0x5
 700 03c3 A001     		.2byte	0x1a0
 701 03c5 53020000 		.4byte	0x253
 702 03c9 00       		.byte	0
ARM GAS  /tmp/ccDLihfD.s 			page 21


 703 03ca 09       		.uleb128 0x9
 704 03cb 8C000000 		.4byte	.LASF64
 705 03cf 05       		.byte	0x5
 706 03d0 A401     		.2byte	0x1a4
 707 03d2 32030000 		.4byte	0x332
 708 03d6 1C       		.byte	0x1c
 709 03d7 08       		.uleb128 0x8
 710 03d8 64626700 		.ascii	"dbg\000"
 711 03dc 05       		.byte	0x5
 712 03dd A801     		.2byte	0x1a8
 713 03df 7F030000 		.4byte	0x37f
 714 03e3 28       		.byte	0x28
 715 03e4 09       		.uleb128 0x9
 716 03e5 26030000 		.4byte	.LASF65
 717 03e9 05       		.byte	0x5
 718 03ea AC01     		.2byte	0x1ac
 719 03ec 05010000 		.4byte	0x105
 720 03f0 2C       		.byte	0x2c
 721 03f1 08       		.uleb128 0x8
 722 03f2 746D00   		.ascii	"tm\000"
 723 03f5 05       		.byte	0x5
 724 03f6 B101     		.2byte	0x1b1
 725 03f8 3B050000 		.4byte	0x53b
 726 03fc 70       		.byte	0x70
 727 03fd 00       		.byte	0
 728 03fe 03       		.uleb128 0x3
 729 03ff 04       		.byte	0x4
 730 0400 07       		.byte	0x7
 731 0401 BD030000 		.4byte	.LASF66
 732 0405 0F       		.uleb128 0xf
 733 0406 77000000 		.4byte	0x77
 734 040a 10       		.uleb128 0x10
 735 040b 77000000 		.4byte	0x77
 736 040f 1A040000 		.4byte	0x41a
 737 0413 11       		.uleb128 0x11
 738 0414 FE030000 		.4byte	0x3fe
 739 0418 03       		.byte	0x3
 740 0419 00       		.byte	0
 741 041a 12       		.uleb128 0x12
 742 041b 20       		.byte	0x20
 743 041c 06       		.byte	0x6
 744 041d 6A01     		.2byte	0x16a
 745 041f 65040000 		.4byte	0x465
 746 0423 09       		.uleb128 0x9
 747 0424 D3040000 		.4byte	.LASF67
 748 0428 06       		.byte	0x6
 749 0429 6C01     		.2byte	0x16c
 750 042b 05040000 		.4byte	0x405
 751 042f 00       		.byte	0
 752 0430 09       		.uleb128 0x9
 753 0431 80000000 		.4byte	.LASF68
 754 0435 06       		.byte	0x6
 755 0436 6D01     		.2byte	0x16d
 756 0438 05040000 		.4byte	0x405
 757 043c 04       		.byte	0x4
 758 043d 09       		.uleb128 0x9
 759 043e C7020000 		.4byte	.LASF69
ARM GAS  /tmp/ccDLihfD.s 			page 22


 760 0442 06       		.byte	0x6
 761 0443 6E01     		.2byte	0x16e
 762 0445 65040000 		.4byte	0x465
 763 0449 08       		.byte	0x8
 764 044a 09       		.uleb128 0x9
 765 044b 49030000 		.4byte	.LASF70
 766 044f 06       		.byte	0x6
 767 0450 6F01     		.2byte	0x16f
 768 0452 77000000 		.4byte	0x77
 769 0456 18       		.byte	0x18
 770 0457 09       		.uleb128 0x9
 771 0458 B7030000 		.4byte	.LASF71
 772 045c 06       		.byte	0x6
 773 045d 7001     		.2byte	0x170
 774 045f 05040000 		.4byte	0x405
 775 0463 1C       		.byte	0x1c
 776 0464 00       		.byte	0
 777 0465 0F       		.uleb128 0xf
 778 0466 0A040000 		.4byte	0x40a
 779 046a 13       		.uleb128 0x13
 780 046b 80020000 		.4byte	.LASF72
 781 046f 06       		.byte	0x6
 782 0470 7101     		.2byte	0x171
 783 0472 1A040000 		.4byte	0x41a
 784 0476 04       		.uleb128 0x4
 785 0477 2F000000 		.4byte	.LASF73
 786 047b 07       		.byte	0x7
 787 047c 65       		.byte	0x65
 788 047d D6020000 		.4byte	0x2d6
 789 0481 04       		.uleb128 0x4
 790 0482 8C040000 		.4byte	.LASF74
 791 0486 07       		.byte	0x7
 792 0487 6D       		.byte	0x6d
 793 0488 90000000 		.4byte	0x90
 794 048c 05       		.uleb128 0x5
 795 048d 93000000 		.4byte	.LASF75
 796 0491 04       		.byte	0x4
 797 0492 07       		.byte	0x7
 798 0493 89       		.byte	0x89
 799 0494 A4040000 		.4byte	0x4a4
 800 0498 07       		.uleb128 0x7
 801 0499 737000   		.ascii	"sp\000"
 802 049c 07       		.byte	0x7
 803 049d 8A       		.byte	0x8a
 804 049e 20050000 		.4byte	0x520
 805 04a2 00       		.byte	0
 806 04a3 00       		.byte	0
 807 04a4 0B       		.uleb128 0xb
 808 04a5 66030000 		.4byte	.LASF76
 809 04a9 24       		.byte	0x24
 810 04aa 08       		.byte	0x8
 811 04ab 5901     		.2byte	0x159
 812 04ad 20050000 		.4byte	0x520
 813 04b1 08       		.uleb128 0x8
 814 04b2 723400   		.ascii	"r4\000"
 815 04b5 08       		.byte	0x8
 816 04b6 6C01     		.2byte	0x16c
ARM GAS  /tmp/ccDLihfD.s 			page 23


 817 04b8 76040000 		.4byte	0x476
 818 04bc 00       		.byte	0
 819 04bd 08       		.uleb128 0x8
 820 04be 723500   		.ascii	"r5\000"
 821 04c1 08       		.byte	0x8
 822 04c2 6D01     		.2byte	0x16d
 823 04c4 76040000 		.4byte	0x476
 824 04c8 04       		.byte	0x4
 825 04c9 08       		.uleb128 0x8
 826 04ca 723600   		.ascii	"r6\000"
 827 04cd 08       		.byte	0x8
 828 04ce 6E01     		.2byte	0x16e
 829 04d0 76040000 		.4byte	0x476
 830 04d4 08       		.byte	0x8
 831 04d5 08       		.uleb128 0x8
 832 04d6 723700   		.ascii	"r7\000"
 833 04d9 08       		.byte	0x8
 834 04da 6F01     		.2byte	0x16f
 835 04dc 76040000 		.4byte	0x476
 836 04e0 0C       		.byte	0xc
 837 04e1 08       		.uleb128 0x8
 838 04e2 723800   		.ascii	"r8\000"
 839 04e5 08       		.byte	0x8
 840 04e6 7001     		.2byte	0x170
 841 04e8 76040000 		.4byte	0x476
 842 04ec 10       		.byte	0x10
 843 04ed 08       		.uleb128 0x8
 844 04ee 723900   		.ascii	"r9\000"
 845 04f1 08       		.byte	0x8
 846 04f2 7101     		.2byte	0x171
 847 04f4 76040000 		.4byte	0x476
 848 04f8 14       		.byte	0x14
 849 04f9 08       		.uleb128 0x8
 850 04fa 72313000 		.ascii	"r10\000"
 851 04fe 08       		.byte	0x8
 852 04ff 7201     		.2byte	0x172
 853 0501 76040000 		.4byte	0x476
 854 0505 18       		.byte	0x18
 855 0506 08       		.uleb128 0x8
 856 0507 72313100 		.ascii	"r11\000"
 857 050b 08       		.byte	0x8
 858 050c 7301     		.2byte	0x173
 859 050e 76040000 		.4byte	0x476
 860 0512 1C       		.byte	0x1c
 861 0513 08       		.uleb128 0x8
 862 0514 6C7200   		.ascii	"lr\000"
 863 0517 08       		.byte	0x8
 864 0518 7401     		.2byte	0x174
 865 051a 76040000 		.4byte	0x476
 866 051e 20       		.byte	0x20
 867 051f 00       		.byte	0
 868 0520 0A       		.uleb128 0xa
 869 0521 04       		.byte	0x4
 870 0522 A4040000 		.4byte	0x4a4
 871 0526 14       		.uleb128 0x14
 872 0527 04       		.byte	0x4
 873 0528 09       		.byte	0x9
ARM GAS  /tmp/ccDLihfD.s 			page 24


 874 0529 38       		.byte	0x38
 875 052a 3B050000 		.4byte	0x53b
 876 052e 06       		.uleb128 0x6
 877 052f A8010000 		.4byte	.LASF77
 878 0533 09       		.byte	0x9
 879 0534 3C       		.byte	0x3c
 880 0535 A2000000 		.4byte	0xa2
 881 0539 00       		.byte	0
 882 053a 00       		.byte	0
 883 053b 04       		.uleb128 0x4
 884 053c 1E000000 		.4byte	.LASF78
 885 0540 09       		.byte	0x9
 886 0541 3D       		.byte	0x3d
 887 0542 26050000 		.4byte	0x526
 888 0546 15       		.uleb128 0x15
 889 0547 04       		.byte	0x4
 890 0548 05       		.byte	0x5
 891 0549 D2       		.byte	0xd2
 892 054a A9050000 		.4byte	0x5a9
 893 054e 16       		.uleb128 0x16
 894 054f A1010000 		.4byte	.LASF79
 895 0553 05       		.byte	0x5
 896 0554 D9       		.byte	0xd9
 897 0555 D9000000 		.4byte	0xd9
 898 0559 16       		.uleb128 0x16
 899 055a 39050000 		.4byte	.LASF80
 900 055e 05       		.byte	0x5
 901 055f E0       		.byte	0xe0
 902 0560 D9000000 		.4byte	0xd9
 903 0564 16       		.uleb128 0x16
 904 0565 85000000 		.4byte	.LASF81
 905 0569 05       		.byte	0x5
 906 056a E7       		.byte	0xe7
 907 056b D6020000 		.4byte	0x2d6
 908 056f 16       		.uleb128 0x16
 909 0570 61040000 		.4byte	.LASF82
 910 0574 05       		.byte	0x5
 911 0575 EE       		.byte	0xee
 912 0576 A9050000 		.4byte	0x5a9
 913 057a 16       		.uleb128 0x16
 914 057b F2000000 		.4byte	.LASF83
 915 057f 05       		.byte	0x5
 916 0580 F3       		.byte	0xf3
 917 0581 D9000000 		.4byte	0xd9
 918 0585 16       		.uleb128 0x16
 919 0586 08040000 		.4byte	.LASF84
 920 058a 05       		.byte	0x5
 921 058b FC       		.byte	0xfc
 922 058c D4050000 		.4byte	0x5d4
 923 0590 17       		.uleb128 0x17
 924 0591 17000000 		.4byte	.LASF85
 925 0595 05       		.byte	0x5
 926 0596 0501     		.2byte	0x105
 927 0598 0B060000 		.4byte	0x60b
 928 059c 17       		.uleb128 0x17
 929 059d B3000000 		.4byte	.LASF86
 930 05a1 05       		.byte	0x5
ARM GAS  /tmp/ccDLihfD.s 			page 25


 931 05a2 0D01     		.2byte	0x10d
 932 05a4 E4000000 		.4byte	0xe4
 933 05a8 00       		.byte	0
 934 05a9 0A       		.uleb128 0xa
 935 05aa 04       		.byte	0x4
 936 05ab EE010000 		.4byte	0x1ee
 937 05af 05       		.uleb128 0x5
 938 05b0 06010000 		.4byte	.LASF87
 939 05b4 0C       		.byte	0xc
 940 05b5 0A       		.byte	0xa
 941 05b6 34       		.byte	0x34
 942 05b7 D4050000 		.4byte	0x5d4
 943 05bb 06       		.uleb128 0x6
 944 05bc ED030000 		.4byte	.LASF24
 945 05c0 0A       		.byte	0xa
 946 05c1 35       		.byte	0x35
 947 05c2 23020000 		.4byte	0x223
 948 05c6 00       		.byte	0
 949 05c7 07       		.uleb128 0x7
 950 05c8 636E7400 		.ascii	"cnt\000"
 951 05cc 0A       		.byte	0xa
 952 05cd 37       		.byte	0x37
 953 05ce EF000000 		.4byte	0xef
 954 05d2 08       		.byte	0x8
 955 05d3 00       		.byte	0
 956 05d4 0A       		.uleb128 0xa
 957 05d5 04       		.byte	0x4
 958 05d6 AF050000 		.4byte	0x5af
 959 05da 05       		.uleb128 0x5
 960 05db BC010000 		.4byte	.LASF88
 961 05df 10       		.byte	0x10
 962 05e0 0B       		.byte	0xb
 963 05e1 39       		.byte	0x39
 964 05e2 0B060000 		.4byte	0x60b
 965 05e6 06       		.uleb128 0x6
 966 05e7 ED030000 		.4byte	.LASF24
 967 05eb 0B       		.byte	0xb
 968 05ec 3A       		.byte	0x3a
 969 05ed 23020000 		.4byte	0x223
 970 05f1 00       		.byte	0
 971 05f2 06       		.uleb128 0x6
 972 05f3 5C010000 		.4byte	.LASF89
 973 05f7 0B       		.byte	0xb
 974 05f8 3C       		.byte	0x3c
 975 05f9 F9010000 		.4byte	0x1f9
 976 05fd 08       		.byte	0x8
 977 05fe 06       		.uleb128 0x6
 978 05ff 67000000 		.4byte	.LASF43
 979 0603 0B       		.byte	0xb
 980 0604 3E       		.byte	0x3e
 981 0605 3F060000 		.4byte	0x63f
 982 0609 0C       		.byte	0xc
 983 060a 00       		.byte	0
 984 060b 0A       		.uleb128 0xa
 985 060c 04       		.byte	0x4
 986 060d DA050000 		.4byte	0x5da
 987 0611 0A       		.uleb128 0xa
ARM GAS  /tmp/ccDLihfD.s 			page 26


 988 0612 04       		.byte	0x4
 989 0613 17060000 		.4byte	0x617
 990 0617 18       		.uleb128 0x18
 991 0618 1C060000 		.4byte	0x61c
 992 061c 03       		.uleb128 0x3
 993 061d 01       		.byte	0x1
 994 061e 08       		.byte	0x8
 995 061f 97020000 		.4byte	.LASF90
 996 0623 0A       		.uleb128 0xa
 997 0624 04       		.byte	0x4
 998 0625 81040000 		.4byte	0x481
 999 0629 0A       		.uleb128 0xa
 1000 062a 04       		.byte	0x4
 1001 062b D8020000 		.4byte	0x2d8
 1002 062f 0F       		.uleb128 0xf
 1003 0630 11060000 		.4byte	0x611
 1004 0634 04       		.uleb128 0x4
 1005 0635 0F040000 		.4byte	.LASF91
 1006 0639 0B       		.byte	0xb
 1007 063a 34       		.byte	0x34
 1008 063b DA050000 		.4byte	0x5da
 1009 063f 0A       		.uleb128 0xa
 1010 0640 04       		.byte	0x4
 1011 0641 34060000 		.4byte	0x634
 1012 0645 03       		.uleb128 0x3
 1013 0646 01       		.byte	0x1
 1014 0647 02       		.byte	0x2
 1015 0648 AF010000 		.4byte	.LASF92
 1016 064c 14       		.uleb128 0x14
 1017 064d 0C       		.byte	0xc
 1018 064e 0C       		.byte	0xc
 1019 064f 68       		.byte	0x68
 1020 0650 79060000 		.4byte	0x679
 1021 0654 07       		.uleb128 0x7
 1022 0655 6F647200 		.ascii	"odr\000"
 1023 0659 0C       		.byte	0xc
 1024 065a 6A       		.byte	0x6a
 1025 065b 77000000 		.4byte	0x77
 1026 065f 00       		.byte	0
 1027 0660 07       		.uleb128 0x7
 1028 0661 63726C00 		.ascii	"crl\000"
 1029 0665 0C       		.byte	0xc
 1030 0666 6C       		.byte	0x6c
 1031 0667 77000000 		.4byte	0x77
 1032 066b 04       		.byte	0x4
 1033 066c 07       		.uleb128 0x7
 1034 066d 63726800 		.ascii	"crh\000"
 1035 0671 0C       		.byte	0xc
 1036 0672 6E       		.byte	0x6e
 1037 0673 77000000 		.4byte	0x77
 1038 0677 08       		.byte	0x8
 1039 0678 00       		.byte	0
 1040 0679 04       		.uleb128 0x4
 1041 067a 49010000 		.4byte	.LASF93
 1042 067e 0C       		.byte	0xc
 1043 067f 6F       		.byte	0x6f
 1044 0680 4C060000 		.4byte	0x64c
ARM GAS  /tmp/ccDLihfD.s 			page 27


 1045 0684 14       		.uleb128 0x14
 1046 0685 3C       		.byte	0x3c
 1047 0686 0C       		.byte	0xc
 1048 0687 78       		.byte	0x78
 1049 0688 C9060000 		.4byte	0x6c9
 1050 068c 06       		.uleb128 0x6
 1051 068d 7F030000 		.4byte	.LASF94
 1052 0691 0C       		.byte	0xc
 1053 0692 7A       		.byte	0x7a
 1054 0693 79060000 		.4byte	0x679
 1055 0697 00       		.byte	0
 1056 0698 06       		.uleb128 0x6
 1057 0699 B5010000 		.4byte	.LASF95
 1058 069d 0C       		.byte	0xc
 1059 069e 7C       		.byte	0x7c
 1060 069f 79060000 		.4byte	0x679
 1061 06a3 0C       		.byte	0xc
 1062 06a4 06       		.uleb128 0x6
 1063 06a5 10000000 		.4byte	.LASF96
 1064 06a9 0C       		.byte	0xc
 1065 06aa 7E       		.byte	0x7e
 1066 06ab 79060000 		.4byte	0x679
 1067 06af 18       		.byte	0x18
 1068 06b0 06       		.uleb128 0x6
 1069 06b1 42030000 		.4byte	.LASF97
 1070 06b5 0C       		.byte	0xc
 1071 06b6 80       		.byte	0x80
 1072 06b7 79060000 		.4byte	0x679
 1073 06bb 24       		.byte	0x24
 1074 06bc 06       		.uleb128 0x6
 1075 06bd 9A010000 		.4byte	.LASF98
 1076 06c1 0C       		.byte	0xc
 1077 06c2 83       		.byte	0x83
 1078 06c3 79060000 		.4byte	0x679
 1079 06c7 30       		.byte	0x30
 1080 06c8 00       		.byte	0
 1081 06c9 04       		.uleb128 0x4
 1082 06ca AD030000 		.4byte	.LASF99
 1083 06ce 0C       		.byte	0xc
 1084 06cf 8D       		.byte	0x8d
 1085 06d0 84060000 		.4byte	0x684
 1086 06d4 19       		.uleb128 0x19
 1087 06d5 FB030000 		.4byte	.LASF105
 1088 06d9 01       		.byte	0x1
 1089 06da 28       		.byte	0x28
 1090 06db 00000000 		.4byte	.LFB217
 1091 06df 04000000 		.4byte	.LFE217-.LFB217
 1092 06e3 01       		.uleb128 0x1
 1093 06e4 9C       		.byte	0x9c
 1094 06e5 F3060000 		.4byte	0x6f3
 1095 06e9 1A       		.uleb128 0x1a
 1096 06ea 04000000 		.4byte	.LVL0
 1097 06ee 36070000 		.4byte	0x736
 1098 06f2 00       		.byte	0
 1099 06f3 1B       		.uleb128 0x1b
 1100 06f4 8D020000 		.4byte	.LASF106
 1101 06f8 01       		.byte	0x1
ARM GAS  /tmp/ccDLihfD.s 			page 28


 1102 06f9 30       		.byte	0x30
 1103 06fa 00000000 		.4byte	.LFB218
 1104 06fe 10000000 		.4byte	.LFE218-.LFB218
 1105 0702 01       		.uleb128 0x1
 1106 0703 9C       		.byte	0x9c
 1107 0704 1C       		.uleb128 0x1c
 1108 0705 72030000 		.4byte	.LASF100
 1109 0709 0D       		.byte	0xd
 1110 070a 9606     		.2byte	0x696
 1111 070c 10070000 		.4byte	0x710
 1112 0710 0F       		.uleb128 0xf
 1113 0711 65000000 		.4byte	0x65
 1114 0715 1D       		.uleb128 0x1d
 1115 0716 636800   		.ascii	"ch\000"
 1116 0719 05       		.byte	0x5
 1117 071a D201     		.2byte	0x1d2
 1118 071c A5030000 		.4byte	0x3a5
 1119 0720 1E       		.uleb128 0x1e
 1120 0721 C5010000 		.4byte	.LASF101
 1121 0725 01       		.byte	0x1
 1122 0726 19       		.byte	0x19
 1123 0727 31070000 		.4byte	0x731
 1124 072b 05       		.uleb128 0x5
 1125 072c 03       		.byte	0x3
 1126 072d 00000000 		.4byte	pal_default_config
 1127 0731 18       		.uleb128 0x18
 1128 0732 C9060000 		.4byte	0x6c9
 1129 0736 1F       		.uleb128 0x1f
 1130 0737 28050000 		.4byte	.LASF107
 1131 073b 0E       		.byte	0xe
 1132 073c D8       		.byte	0xd8
 1133 073d 00       		.byte	0
 1134              		.section	.debug_abbrev,"",%progbits
 1135              	.Ldebug_abbrev0:
 1136 0000 01       		.uleb128 0x1
 1137 0001 11       		.uleb128 0x11
 1138 0002 01       		.byte	0x1
 1139 0003 25       		.uleb128 0x25
 1140 0004 0E       		.uleb128 0xe
 1141 0005 13       		.uleb128 0x13
 1142 0006 0B       		.uleb128 0xb
 1143 0007 03       		.uleb128 0x3
 1144 0008 0E       		.uleb128 0xe
 1145 0009 1B       		.uleb128 0x1b
 1146 000a 0E       		.uleb128 0xe
 1147 000b 55       		.uleb128 0x55
 1148 000c 17       		.uleb128 0x17
 1149 000d 11       		.uleb128 0x11
 1150 000e 01       		.uleb128 0x1
 1151 000f 10       		.uleb128 0x10
 1152 0010 17       		.uleb128 0x17
 1153 0011 00       		.byte	0
 1154 0012 00       		.byte	0
 1155 0013 02       		.uleb128 0x2
 1156 0014 24       		.uleb128 0x24
 1157 0015 00       		.byte	0
 1158 0016 0B       		.uleb128 0xb
ARM GAS  /tmp/ccDLihfD.s 			page 29


 1159 0017 0B       		.uleb128 0xb
 1160 0018 3E       		.uleb128 0x3e
 1161 0019 0B       		.uleb128 0xb
 1162 001a 03       		.uleb128 0x3
 1163 001b 08       		.uleb128 0x8
 1164 001c 00       		.byte	0
 1165 001d 00       		.byte	0
 1166 001e 03       		.uleb128 0x3
 1167 001f 24       		.uleb128 0x24
 1168 0020 00       		.byte	0
 1169 0021 0B       		.uleb128 0xb
 1170 0022 0B       		.uleb128 0xb
 1171 0023 3E       		.uleb128 0x3e
 1172 0024 0B       		.uleb128 0xb
 1173 0025 03       		.uleb128 0x3
 1174 0026 0E       		.uleb128 0xe
 1175 0027 00       		.byte	0
 1176 0028 00       		.byte	0
 1177 0029 04       		.uleb128 0x4
 1178 002a 16       		.uleb128 0x16
 1179 002b 00       		.byte	0
 1180 002c 03       		.uleb128 0x3
 1181 002d 0E       		.uleb128 0xe
 1182 002e 3A       		.uleb128 0x3a
 1183 002f 0B       		.uleb128 0xb
 1184 0030 3B       		.uleb128 0x3b
 1185 0031 0B       		.uleb128 0xb
 1186 0032 49       		.uleb128 0x49
 1187 0033 13       		.uleb128 0x13
 1188 0034 00       		.byte	0
 1189 0035 00       		.byte	0
 1190 0036 05       		.uleb128 0x5
 1191 0037 13       		.uleb128 0x13
 1192 0038 01       		.byte	0x1
 1193 0039 03       		.uleb128 0x3
 1194 003a 0E       		.uleb128 0xe
 1195 003b 0B       		.uleb128 0xb
 1196 003c 0B       		.uleb128 0xb
 1197 003d 3A       		.uleb128 0x3a
 1198 003e 0B       		.uleb128 0xb
 1199 003f 3B       		.uleb128 0x3b
 1200 0040 0B       		.uleb128 0xb
 1201 0041 01       		.uleb128 0x1
 1202 0042 13       		.uleb128 0x13
 1203 0043 00       		.byte	0
 1204 0044 00       		.byte	0
 1205 0045 06       		.uleb128 0x6
 1206 0046 0D       		.uleb128 0xd
 1207 0047 00       		.byte	0
 1208 0048 03       		.uleb128 0x3
 1209 0049 0E       		.uleb128 0xe
 1210 004a 3A       		.uleb128 0x3a
 1211 004b 0B       		.uleb128 0xb
 1212 004c 3B       		.uleb128 0x3b
 1213 004d 0B       		.uleb128 0xb
 1214 004e 49       		.uleb128 0x49
 1215 004f 13       		.uleb128 0x13
ARM GAS  /tmp/ccDLihfD.s 			page 30


 1216 0050 38       		.uleb128 0x38
 1217 0051 0B       		.uleb128 0xb
 1218 0052 00       		.byte	0
 1219 0053 00       		.byte	0
 1220 0054 07       		.uleb128 0x7
 1221 0055 0D       		.uleb128 0xd
 1222 0056 00       		.byte	0
 1223 0057 03       		.uleb128 0x3
 1224 0058 08       		.uleb128 0x8
 1225 0059 3A       		.uleb128 0x3a
 1226 005a 0B       		.uleb128 0xb
 1227 005b 3B       		.uleb128 0x3b
 1228 005c 0B       		.uleb128 0xb
 1229 005d 49       		.uleb128 0x49
 1230 005e 13       		.uleb128 0x13
 1231 005f 38       		.uleb128 0x38
 1232 0060 0B       		.uleb128 0xb
 1233 0061 00       		.byte	0
 1234 0062 00       		.byte	0
 1235 0063 08       		.uleb128 0x8
 1236 0064 0D       		.uleb128 0xd
 1237 0065 00       		.byte	0
 1238 0066 03       		.uleb128 0x3
 1239 0067 08       		.uleb128 0x8
 1240 0068 3A       		.uleb128 0x3a
 1241 0069 0B       		.uleb128 0xb
 1242 006a 3B       		.uleb128 0x3b
 1243 006b 05       		.uleb128 0x5
 1244 006c 49       		.uleb128 0x49
 1245 006d 13       		.uleb128 0x13
 1246 006e 38       		.uleb128 0x38
 1247 006f 0B       		.uleb128 0xb
 1248 0070 00       		.byte	0
 1249 0071 00       		.byte	0
 1250 0072 09       		.uleb128 0x9
 1251 0073 0D       		.uleb128 0xd
 1252 0074 00       		.byte	0
 1253 0075 03       		.uleb128 0x3
 1254 0076 0E       		.uleb128 0xe
 1255 0077 3A       		.uleb128 0x3a
 1256 0078 0B       		.uleb128 0xb
 1257 0079 3B       		.uleb128 0x3b
 1258 007a 05       		.uleb128 0x5
 1259 007b 49       		.uleb128 0x49
 1260 007c 13       		.uleb128 0x13
 1261 007d 38       		.uleb128 0x38
 1262 007e 0B       		.uleb128 0xb
 1263 007f 00       		.byte	0
 1264 0080 00       		.byte	0
 1265 0081 0A       		.uleb128 0xa
 1266 0082 0F       		.uleb128 0xf
 1267 0083 00       		.byte	0
 1268 0084 0B       		.uleb128 0xb
 1269 0085 0B       		.uleb128 0xb
 1270 0086 49       		.uleb128 0x49
 1271 0087 13       		.uleb128 0x13
 1272 0088 00       		.byte	0
ARM GAS  /tmp/ccDLihfD.s 			page 31


 1273 0089 00       		.byte	0
 1274 008a 0B       		.uleb128 0xb
 1275 008b 13       		.uleb128 0x13
 1276 008c 01       		.byte	0x1
 1277 008d 03       		.uleb128 0x3
 1278 008e 0E       		.uleb128 0xe
 1279 008f 0B       		.uleb128 0xb
 1280 0090 0B       		.uleb128 0xb
 1281 0091 3A       		.uleb128 0x3a
 1282 0092 0B       		.uleb128 0xb
 1283 0093 3B       		.uleb128 0x3b
 1284 0094 05       		.uleb128 0x5
 1285 0095 01       		.uleb128 0x1
 1286 0096 13       		.uleb128 0x13
 1287 0097 00       		.byte	0
 1288 0098 00       		.byte	0
 1289 0099 0C       		.uleb128 0xc
 1290 009a 15       		.uleb128 0x15
 1291 009b 01       		.byte	0x1
 1292 009c 27       		.uleb128 0x27
 1293 009d 19       		.uleb128 0x19
 1294 009e 01       		.uleb128 0x1
 1295 009f 13       		.uleb128 0x13
 1296 00a0 00       		.byte	0
 1297 00a1 00       		.byte	0
 1298 00a2 0D       		.uleb128 0xd
 1299 00a3 05       		.uleb128 0x5
 1300 00a4 00       		.byte	0
 1301 00a5 49       		.uleb128 0x49
 1302 00a6 13       		.uleb128 0x13
 1303 00a7 00       		.byte	0
 1304 00a8 00       		.byte	0
 1305 00a9 0E       		.uleb128 0xe
 1306 00aa 0F       		.uleb128 0xf
 1307 00ab 00       		.byte	0
 1308 00ac 0B       		.uleb128 0xb
 1309 00ad 0B       		.uleb128 0xb
 1310 00ae 00       		.byte	0
 1311 00af 00       		.byte	0
 1312 00b0 0F       		.uleb128 0xf
 1313 00b1 35       		.uleb128 0x35
 1314 00b2 00       		.byte	0
 1315 00b3 49       		.uleb128 0x49
 1316 00b4 13       		.uleb128 0x13
 1317 00b5 00       		.byte	0
 1318 00b6 00       		.byte	0
 1319 00b7 10       		.uleb128 0x10
 1320 00b8 01       		.uleb128 0x1
 1321 00b9 01       		.byte	0x1
 1322 00ba 49       		.uleb128 0x49
 1323 00bb 13       		.uleb128 0x13
 1324 00bc 01       		.uleb128 0x1
 1325 00bd 13       		.uleb128 0x13
 1326 00be 00       		.byte	0
 1327 00bf 00       		.byte	0
 1328 00c0 11       		.uleb128 0x11
 1329 00c1 21       		.uleb128 0x21
ARM GAS  /tmp/ccDLihfD.s 			page 32


 1330 00c2 00       		.byte	0
 1331 00c3 49       		.uleb128 0x49
 1332 00c4 13       		.uleb128 0x13
 1333 00c5 2F       		.uleb128 0x2f
 1334 00c6 0B       		.uleb128 0xb
 1335 00c7 00       		.byte	0
 1336 00c8 00       		.byte	0
 1337 00c9 12       		.uleb128 0x12
 1338 00ca 13       		.uleb128 0x13
 1339 00cb 01       		.byte	0x1
 1340 00cc 0B       		.uleb128 0xb
 1341 00cd 0B       		.uleb128 0xb
 1342 00ce 3A       		.uleb128 0x3a
 1343 00cf 0B       		.uleb128 0xb
 1344 00d0 3B       		.uleb128 0x3b
 1345 00d1 05       		.uleb128 0x5
 1346 00d2 01       		.uleb128 0x1
 1347 00d3 13       		.uleb128 0x13
 1348 00d4 00       		.byte	0
 1349 00d5 00       		.byte	0
 1350 00d6 13       		.uleb128 0x13
 1351 00d7 16       		.uleb128 0x16
 1352 00d8 00       		.byte	0
 1353 00d9 03       		.uleb128 0x3
 1354 00da 0E       		.uleb128 0xe
 1355 00db 3A       		.uleb128 0x3a
 1356 00dc 0B       		.uleb128 0xb
 1357 00dd 3B       		.uleb128 0x3b
 1358 00de 05       		.uleb128 0x5
 1359 00df 49       		.uleb128 0x49
 1360 00e0 13       		.uleb128 0x13
 1361 00e1 00       		.byte	0
 1362 00e2 00       		.byte	0
 1363 00e3 14       		.uleb128 0x14
 1364 00e4 13       		.uleb128 0x13
 1365 00e5 01       		.byte	0x1
 1366 00e6 0B       		.uleb128 0xb
 1367 00e7 0B       		.uleb128 0xb
 1368 00e8 3A       		.uleb128 0x3a
 1369 00e9 0B       		.uleb128 0xb
 1370 00ea 3B       		.uleb128 0x3b
 1371 00eb 0B       		.uleb128 0xb
 1372 00ec 01       		.uleb128 0x1
 1373 00ed 13       		.uleb128 0x13
 1374 00ee 00       		.byte	0
 1375 00ef 00       		.byte	0
 1376 00f0 15       		.uleb128 0x15
 1377 00f1 17       		.uleb128 0x17
 1378 00f2 01       		.byte	0x1
 1379 00f3 0B       		.uleb128 0xb
 1380 00f4 0B       		.uleb128 0xb
 1381 00f5 3A       		.uleb128 0x3a
 1382 00f6 0B       		.uleb128 0xb
 1383 00f7 3B       		.uleb128 0x3b
 1384 00f8 0B       		.uleb128 0xb
 1385 00f9 01       		.uleb128 0x1
 1386 00fa 13       		.uleb128 0x13
ARM GAS  /tmp/ccDLihfD.s 			page 33


 1387 00fb 00       		.byte	0
 1388 00fc 00       		.byte	0
 1389 00fd 16       		.uleb128 0x16
 1390 00fe 0D       		.uleb128 0xd
 1391 00ff 00       		.byte	0
 1392 0100 03       		.uleb128 0x3
 1393 0101 0E       		.uleb128 0xe
 1394 0102 3A       		.uleb128 0x3a
 1395 0103 0B       		.uleb128 0xb
 1396 0104 3B       		.uleb128 0x3b
 1397 0105 0B       		.uleb128 0xb
 1398 0106 49       		.uleb128 0x49
 1399 0107 13       		.uleb128 0x13
 1400 0108 00       		.byte	0
 1401 0109 00       		.byte	0
 1402 010a 17       		.uleb128 0x17
 1403 010b 0D       		.uleb128 0xd
 1404 010c 00       		.byte	0
 1405 010d 03       		.uleb128 0x3
 1406 010e 0E       		.uleb128 0xe
 1407 010f 3A       		.uleb128 0x3a
 1408 0110 0B       		.uleb128 0xb
 1409 0111 3B       		.uleb128 0x3b
 1410 0112 05       		.uleb128 0x5
 1411 0113 49       		.uleb128 0x49
 1412 0114 13       		.uleb128 0x13
 1413 0115 00       		.byte	0
 1414 0116 00       		.byte	0
 1415 0117 18       		.uleb128 0x18
 1416 0118 26       		.uleb128 0x26
 1417 0119 00       		.byte	0
 1418 011a 49       		.uleb128 0x49
 1419 011b 13       		.uleb128 0x13
 1420 011c 00       		.byte	0
 1421 011d 00       		.byte	0
 1422 011e 19       		.uleb128 0x19
 1423 011f 2E       		.uleb128 0x2e
 1424 0120 01       		.byte	0x1
 1425 0121 3F       		.uleb128 0x3f
 1426 0122 19       		.uleb128 0x19
 1427 0123 03       		.uleb128 0x3
 1428 0124 0E       		.uleb128 0xe
 1429 0125 3A       		.uleb128 0x3a
 1430 0126 0B       		.uleb128 0xb
 1431 0127 3B       		.uleb128 0x3b
 1432 0128 0B       		.uleb128 0xb
 1433 0129 27       		.uleb128 0x27
 1434 012a 19       		.uleb128 0x19
 1435 012b 11       		.uleb128 0x11
 1436 012c 01       		.uleb128 0x1
 1437 012d 12       		.uleb128 0x12
 1438 012e 06       		.uleb128 0x6
 1439 012f 40       		.uleb128 0x40
 1440 0130 18       		.uleb128 0x18
 1441 0131 9742     		.uleb128 0x2117
 1442 0133 19       		.uleb128 0x19
 1443 0134 01       		.uleb128 0x1
ARM GAS  /tmp/ccDLihfD.s 			page 34


 1444 0135 13       		.uleb128 0x13
 1445 0136 00       		.byte	0
 1446 0137 00       		.byte	0
 1447 0138 1A       		.uleb128 0x1a
 1448 0139 898201   		.uleb128 0x4109
 1449 013c 00       		.byte	0
 1450 013d 11       		.uleb128 0x11
 1451 013e 01       		.uleb128 0x1
 1452 013f 9542     		.uleb128 0x2115
 1453 0141 19       		.uleb128 0x19
 1454 0142 31       		.uleb128 0x31
 1455 0143 13       		.uleb128 0x13
 1456 0144 00       		.byte	0
 1457 0145 00       		.byte	0
 1458 0146 1B       		.uleb128 0x1b
 1459 0147 2E       		.uleb128 0x2e
 1460 0148 00       		.byte	0
 1461 0149 3F       		.uleb128 0x3f
 1462 014a 19       		.uleb128 0x19
 1463 014b 03       		.uleb128 0x3
 1464 014c 0E       		.uleb128 0xe
 1465 014d 3A       		.uleb128 0x3a
 1466 014e 0B       		.uleb128 0xb
 1467 014f 3B       		.uleb128 0x3b
 1468 0150 0B       		.uleb128 0xb
 1469 0151 27       		.uleb128 0x27
 1470 0152 19       		.uleb128 0x19
 1471 0153 11       		.uleb128 0x11
 1472 0154 01       		.uleb128 0x1
 1473 0155 12       		.uleb128 0x12
 1474 0156 06       		.uleb128 0x6
 1475 0157 40       		.uleb128 0x40
 1476 0158 18       		.uleb128 0x18
 1477 0159 9742     		.uleb128 0x2117
 1478 015b 19       		.uleb128 0x19
 1479 015c 00       		.byte	0
 1480 015d 00       		.byte	0
 1481 015e 1C       		.uleb128 0x1c
 1482 015f 34       		.uleb128 0x34
 1483 0160 00       		.byte	0
 1484 0161 03       		.uleb128 0x3
 1485 0162 0E       		.uleb128 0xe
 1486 0163 3A       		.uleb128 0x3a
 1487 0164 0B       		.uleb128 0xb
 1488 0165 3B       		.uleb128 0x3b
 1489 0166 05       		.uleb128 0x5
 1490 0167 49       		.uleb128 0x49
 1491 0168 13       		.uleb128 0x13
 1492 0169 3F       		.uleb128 0x3f
 1493 016a 19       		.uleb128 0x19
 1494 016b 3C       		.uleb128 0x3c
 1495 016c 19       		.uleb128 0x19
 1496 016d 00       		.byte	0
 1497 016e 00       		.byte	0
 1498 016f 1D       		.uleb128 0x1d
 1499 0170 34       		.uleb128 0x34
 1500 0171 00       		.byte	0
ARM GAS  /tmp/ccDLihfD.s 			page 35


 1501 0172 03       		.uleb128 0x3
 1502 0173 08       		.uleb128 0x8
 1503 0174 3A       		.uleb128 0x3a
 1504 0175 0B       		.uleb128 0xb
 1505 0176 3B       		.uleb128 0x3b
 1506 0177 05       		.uleb128 0x5
 1507 0178 49       		.uleb128 0x49
 1508 0179 13       		.uleb128 0x13
 1509 017a 3F       		.uleb128 0x3f
 1510 017b 19       		.uleb128 0x19
 1511 017c 3C       		.uleb128 0x3c
 1512 017d 19       		.uleb128 0x19
 1513 017e 00       		.byte	0
 1514 017f 00       		.byte	0
 1515 0180 1E       		.uleb128 0x1e
 1516 0181 34       		.uleb128 0x34
 1517 0182 00       		.byte	0
 1518 0183 03       		.uleb128 0x3
 1519 0184 0E       		.uleb128 0xe
 1520 0185 3A       		.uleb128 0x3a
 1521 0186 0B       		.uleb128 0xb
 1522 0187 3B       		.uleb128 0x3b
 1523 0188 0B       		.uleb128 0xb
 1524 0189 49       		.uleb128 0x49
 1525 018a 13       		.uleb128 0x13
 1526 018b 3F       		.uleb128 0x3f
 1527 018c 19       		.uleb128 0x19
 1528 018d 02       		.uleb128 0x2
 1529 018e 18       		.uleb128 0x18
 1530 018f 00       		.byte	0
 1531 0190 00       		.byte	0
 1532 0191 1F       		.uleb128 0x1f
 1533 0192 2E       		.uleb128 0x2e
 1534 0193 00       		.byte	0
 1535 0194 3F       		.uleb128 0x3f
 1536 0195 19       		.uleb128 0x19
 1537 0196 03       		.uleb128 0x3
 1538 0197 0E       		.uleb128 0xe
 1539 0198 3A       		.uleb128 0x3a
 1540 0199 0B       		.uleb128 0xb
 1541 019a 3B       		.uleb128 0x3b
 1542 019b 0B       		.uleb128 0xb
 1543 019c 27       		.uleb128 0x27
 1544 019d 19       		.uleb128 0x19
 1545 019e 3C       		.uleb128 0x3c
 1546 019f 19       		.uleb128 0x19
 1547 01a0 00       		.byte	0
 1548 01a1 00       		.byte	0
 1549 01a2 00       		.byte	0
 1550              		.section	.debug_aranges,"",%progbits
 1551 0000 24000000 		.4byte	0x24
 1552 0004 0200     		.2byte	0x2
 1553 0006 00000000 		.4byte	.Ldebug_info0
 1554 000a 04       		.byte	0x4
 1555 000b 00       		.byte	0
 1556 000c 0000     		.2byte	0
 1557 000e 0000     		.2byte	0
ARM GAS  /tmp/ccDLihfD.s 			page 36


 1558 0010 00000000 		.4byte	.LFB217
 1559 0014 04000000 		.4byte	.LFE217-.LFB217
 1560 0018 00000000 		.4byte	.LFB218
 1561 001c 10000000 		.4byte	.LFE218-.LFB218
 1562 0020 00000000 		.4byte	0
 1563 0024 00000000 		.4byte	0
 1564              		.section	.debug_ranges,"",%progbits
 1565              	.Ldebug_ranges0:
 1566 0000 00000000 		.4byte	.LFB217
 1567 0004 04000000 		.4byte	.LFE217
 1568 0008 00000000 		.4byte	.LFB218
 1569 000c 10000000 		.4byte	.LFE218
 1570 0010 00000000 		.4byte	0
 1571 0014 00000000 		.4byte	0
 1572              		.section	.debug_line,"",%progbits
 1573              	.Ldebug_line0:
 1574 0000 74020000 		.section	.debug_str,"MS",%progbits,1
 1574      02004E02 
 1574      00000201 
 1574      FB0E0D00 
 1574      01010101 
 1575              	.LASF42:
 1576 0000 63685F74 		.ascii	"ch_threads_list\000"
 1576      68726561 
 1576      64735F6C 
 1576      69737400 
 1577              	.LASF96:
 1578 0010 50434461 		.ascii	"PCData\000"
 1578      746100
 1579              	.LASF85:
 1580 0017 77746D74 		.ascii	"wtmtxp\000"
 1580      787000
 1581              	.LASF78:
 1582 001e 746D5F63 		.ascii	"tm_calibration_t\000"
 1582      616C6962 
 1582      72617469 
 1582      6F6E5F74 
 1582      00
 1583              	.LASF73:
 1584 002f 72656761 		.ascii	"regarm_t\000"
 1584      726D5F74 
 1584      00
 1585              	.LASF31:
 1586 0038 666C6167 		.ascii	"flags\000"
 1586      7300
 1587              	.LASF22:
 1588 003e 73797374 		.ascii	"systime_t\000"
 1588      696D655F 
 1588      7400
 1589              	.LASF37:
 1590 0048 7265616C 		.ascii	"realprio\000"
 1590      7072696F 
 1590      00
 1591              	.LASF35:
 1592 0051 6570656E 		.ascii	"epending\000"
 1592      64696E67 
 1592      00
ARM GAS  /tmp/ccDLihfD.s 			page 37


 1593              	.LASF0:
 1594 005a 756E7369 		.ascii	"unsigned int\000"
 1594      676E6564 
 1594      20696E74 
 1594      00
 1595              	.LASF43:
 1596 0067 6E657874 		.ascii	"next\000"
 1596      00
 1597              	.LASF40:
 1598 006c 74687265 		.ascii	"threads_list_t\000"
 1598      6164735F 
 1598      6C697374 
 1598      5F7400
 1599              	.LASF32:
 1600 007b 72656673 		.ascii	"refs\000"
 1600      00
 1601              	.LASF68:
 1602 0080 4D415052 		.ascii	"MAPR\000"
 1602      00
 1603              	.LASF81:
 1604 0085 77746F62 		.ascii	"wtobjp\000"
 1604      6A7000
 1605              	.LASF64:
 1606 008c 76746C69 		.ascii	"vtlist\000"
 1606      737400
 1607              	.LASF75:
 1608 0093 706F7274 		.ascii	"port_context\000"
 1608      5F636F6E 
 1608      74657874 
 1608      00
 1609              	.LASF48:
 1610 00a0 63685F72 		.ascii	"ch_ready_list\000"
 1610      65616479 
 1610      5F6C6973 
 1610      7400
 1611              	.LASF54:
 1612 00ae 66756E63 		.ascii	"func\000"
 1612      00
 1613              	.LASF86:
 1614 00b3 65776D61 		.ascii	"ewmask\000"
 1614      736B00
 1615              	.LASF46:
 1616 00ba 70726576 		.ascii	"prev\000"
 1616      00
 1617              	.LASF45:
 1618 00bf 63685F74 		.ascii	"ch_threads_queue\000"
 1618      68726561 
 1618      64735F71 
 1618      75657565 
 1618      00
 1619              	.LASF50:
 1620 00d0 76746675 		.ascii	"vtfunc_t\000"
 1620      6E635F74 
 1620      00
 1621              	.LASF59:
 1622 00d9 63685F73 		.ascii	"ch_system_debug\000"
 1622      79737465 
ARM GAS  /tmp/ccDLihfD.s 			page 38


 1622      6D5F6465 
 1622      62756700 
 1623              	.LASF9:
 1624 00e9 75696E74 		.ascii	"uint32_t\000"
 1624      33325F74 
 1624      00
 1625              	.LASF83:
 1626 00f2 73656E74 		.ascii	"sentmsg\000"
 1626      6D736700 
 1627              	.LASF20:
 1628 00fa 6576656E 		.ascii	"eventmask_t\000"
 1628      746D6173 
 1628      6B5F7400 
 1629              	.LASF87:
 1630 0106 63685F73 		.ascii	"ch_semaphore\000"
 1630      656D6170 
 1630      686F7265 
 1630      00
 1631              	.LASF18:
 1632 0113 74707269 		.ascii	"tprio_t\000"
 1632      6F5F7400 
 1633              	.LASF52:
 1634 011b 63685F76 		.ascii	"ch_virtual_timer\000"
 1634      69727475 
 1634      616C5F74 
 1634      696D6572 
 1634      00
 1635              	.LASF13:
 1636 012c 6C6F6E67 		.ascii	"long long unsigned int\000"
 1636      206C6F6E 
 1636      6720756E 
 1636      7369676E 
 1636      65642069 
 1637              	.LASF21:
 1638 0143 636E745F 		.ascii	"cnt_t\000"
 1638      7400
 1639              	.LASF93:
 1640 0149 73746D33 		.ascii	"stm32_gpio_setup_t\000"
 1640      325F6770 
 1640      696F5F73 
 1640      65747570 
 1640      5F7400
 1641              	.LASF89:
 1642 015c 6F776E65 		.ascii	"owner\000"
 1642      7200
 1643              	.LASF44:
 1644 0162 74687265 		.ascii	"threads_queue_t\000"
 1644      6164735F 
 1644      71756575 
 1644      655F7400 
 1645              	.LASF36:
 1646 0172 6D74786C 		.ascii	"mtxlist\000"
 1646      69737400 
 1647              	.LASF56:
 1648 017a 63685F76 		.ascii	"ch_virtual_timers_list\000"
 1648      69727475 
 1648      616C5F74 
ARM GAS  /tmp/ccDLihfD.s 			page 39


 1648      696D6572 
 1648      735F6C69 
 1649              	.LASF23:
 1650 0191 74687265 		.ascii	"thread_t\000"
 1650      61645F74 
 1650      00
 1651              	.LASF98:
 1652 019a 50454461 		.ascii	"PEData\000"
 1652      746100
 1653              	.LASF79:
 1654 01a1 7264796D 		.ascii	"rdymsg\000"
 1654      736700
 1655              	.LASF77:
 1656 01a8 6F666673 		.ascii	"offset\000"
 1656      657400
 1657              	.LASF92:
 1658 01af 5F426F6F 		.ascii	"_Bool\000"
 1658      6C00
 1659              	.LASF95:
 1660 01b5 50424461 		.ascii	"PBData\000"
 1660      746100
 1661              	.LASF88:
 1662 01bc 63685F6D 		.ascii	"ch_mutex\000"
 1662      75746578 
 1662      00
 1663              	.LASF101:
 1664 01c5 70616C5F 		.ascii	"pal_default_config\000"
 1664      64656661 
 1664      756C745F 
 1664      636F6E66 
 1664      696700
 1665              	.LASF102:
 1666 01d8 474E5520 		.ascii	"GNU C 4.8.1 -mcpu=cortex-m3 -mno-thumb-interwork -m"
 1666      4320342E 
 1666      382E3120 
 1666      2D6D6370 
 1666      753D636F 
 1667 020b 7468756D 		.ascii	"thumb -ggdb -O2 -fomit-frame-pointer -falign-functi"
 1667      62202D67 
 1667      67646220 
 1667      2D4F3220 
 1667      2D666F6D 
 1668 023e 6F6E733D 		.ascii	"ons=16 -ffunction-sections -fdata-sections -fno-com"
 1668      3136202D 
 1668      6666756E 
 1668      6374696F 
 1668      6E2D7365 
 1669 0271 6D6F6E20 		.ascii	"mon -flto\000"
 1669      2D666C74 
 1669      6F00
 1670              	.LASF25:
 1671 027b 7072696F 		.ascii	"prio\000"
 1671      00
 1672              	.LASF72:
 1673 0280 4146494F 		.ascii	"AFIO_TypeDef\000"
 1673      5F547970 
 1673      65446566 
ARM GAS  /tmp/ccDLihfD.s 			page 40


 1673      00
 1674              	.LASF106:
 1675 028d 626F6172 		.ascii	"boardInit\000"
 1675      64496E69 
 1675      7400
 1676              	.LASF90:
 1677 0297 63686172 		.ascii	"char\000"
 1677      00
 1678              	.LASF39:
 1679 029c 74687265 		.ascii	"thread_reference_t\000"
 1679      61645F72 
 1679      65666572 
 1679      656E6365 
 1679      5F7400
 1680              	.LASF29:
 1681 02af 77616261 		.ascii	"wabase\000"
 1681      736500
 1682              	.LASF16:
 1683 02b6 74737461 		.ascii	"tstate_t\000"
 1683      74655F74 
 1683      00
 1684              	.LASF4:
 1685 02bf 75696E74 		.ascii	"uint8_t\000"
 1685      385F7400 
 1686              	.LASF69:
 1687 02c7 45585449 		.ascii	"EXTICR\000"
 1687      435200
 1688              	.LASF34:
 1689 02ce 6D736771 		.ascii	"msgqueue\000"
 1689      75657565 
 1689      00
 1690              	.LASF41:
 1691 02d7 63685F74 		.ascii	"ch_thread\000"
 1691      68726561 
 1691      6400
 1692              	.LASF58:
 1693 02e1 73797374 		.ascii	"system_debug_t\000"
 1693      656D5F64 
 1693      65627567 
 1693      5F7400
 1694              	.LASF11:
 1695 02f0 6C6F6E67 		.ascii	"long long int\000"
 1695      206C6F6E 
 1695      6720696E 
 1695      7400
 1696              	.LASF19:
 1697 02fe 6D73675F 		.ascii	"msg_t\000"
 1697      7400
 1698              	.LASF51:
 1699 0304 76697274 		.ascii	"virtual_timer_t\000"
 1699      75616C5F 
 1699      74696D65 
 1699      725F7400 
 1700              	.LASF60:
 1701 0314 70616E69 		.ascii	"panic_msg\000"
 1701      635F6D73 
 1701      6700
ARM GAS  /tmp/ccDLihfD.s 			page 41


 1702              	.LASF15:
 1703 031e 746D6F64 		.ascii	"tmode_t\000"
 1703      655F7400 
 1704              	.LASF65:
 1705 0326 6D61696E 		.ascii	"mainthread\000"
 1705      74687265 
 1705      616400
 1706              	.LASF5:
 1707 0331 75696E74 		.ascii	"uint16_t\000"
 1707      31365F74 
 1707      00
 1708              	.LASF14:
 1709 033a 7274636E 		.ascii	"rtcnt_t\000"
 1709      745F7400 
 1710              	.LASF97:
 1711 0342 50444461 		.ascii	"PDData\000"
 1711      746100
 1712              	.LASF70:
 1713 0349 52455345 		.ascii	"RESERVED0\000"
 1713      52564544 
 1713      3000
 1714              	.LASF3:
 1715 0353 73686F72 		.ascii	"short int\000"
 1715      7420696E 
 1715      7400
 1716              	.LASF8:
 1717 035d 6C6F6E67 		.ascii	"long int\000"
 1717      20696E74 
 1717      00
 1718              	.LASF76:
 1719 0366 706F7274 		.ascii	"port_intctx\000"
 1719      5F696E74 
 1719      63747800 
 1720              	.LASF100:
 1721 0372 49544D5F 		.ascii	"ITM_RxBuffer\000"
 1721      52784275 
 1721      66666572 
 1721      00
 1722              	.LASF94:
 1723 037f 50414461 		.ascii	"PAData\000"
 1723      746100
 1724              	.LASF62:
 1725 0386 63685F73 		.ascii	"ch_system\000"
 1725      79737465 
 1725      6D00
 1726              	.LASF57:
 1727 0390 6C617374 		.ascii	"lasttime\000"
 1727      74696D65 
 1727      00
 1728              	.LASF12:
 1729 0399 75696E74 		.ascii	"uint64_t\000"
 1729      36345F74 
 1729      00
 1730              	.LASF63:
 1731 03a2 726C6973 		.ascii	"rlist\000"
 1731      7400
 1732              	.LASF28:
ARM GAS  /tmp/ccDLihfD.s 			page 42


 1733 03a8 6E616D65 		.ascii	"name\000"
 1733      00
 1734              	.LASF99:
 1735 03ad 50414C43 		.ascii	"PALConfig\000"
 1735      6F6E6669 
 1735      6700
 1736              	.LASF71:
 1737 03b7 4D415052 		.ascii	"MAPR2\000"
 1737      3200
 1738              	.LASF66:
 1739 03bd 73697A65 		.ascii	"sizetype\000"
 1739      74797065 
 1739      00
 1740              	.LASF17:
 1741 03c6 74726566 		.ascii	"trefs_t\000"
 1741      735F7400 
 1742              	.LASF10:
 1743 03ce 6C6F6E67 		.ascii	"long unsigned int\000"
 1743      20756E73 
 1743      69676E65 
 1743      6420696E 
 1743      7400
 1744              	.LASF47:
 1745 03e0 72656164 		.ascii	"ready_list_t\000"
 1745      795F6C69 
 1745      73745F74 
 1745      00
 1746              	.LASF24:
 1747 03ed 71756575 		.ascii	"queue\000"
 1747      6500
 1748              	.LASF7:
 1749 03f3 696E7433 		.ascii	"int32_t\000"
 1749      325F7400 
 1750              	.LASF105:
 1751 03fb 5F5F6561 		.ascii	"__early_init\000"
 1751      726C795F 
 1751      696E6974 
 1751      00
 1752              	.LASF84:
 1753 0408 77747365 		.ascii	"wtsemp\000"
 1753      6D7000
 1754              	.LASF91:
 1755 040f 6D757465 		.ascii	"mutex_t\000"
 1755      785F7400 
 1756              	.LASF26:
 1757 0417 6E657765 		.ascii	"newer\000"
 1757      7200
 1758              	.LASF2:
 1759 041d 756E7369 		.ascii	"unsigned char\000"
 1759      676E6564 
 1759      20636861 
 1759      7200
 1760              	.LASF33:
 1761 042b 77616974 		.ascii	"waiting\000"
 1761      696E6700 
 1762              	.LASF55:
 1763 0433 76697274 		.ascii	"virtual_timers_list_t\000"
ARM GAS  /tmp/ccDLihfD.s 			page 43


 1763      75616C5F 
 1763      74696D65 
 1763      72735F6C 
 1763      6973745F 
 1764              	.LASF27:
 1765 0449 6F6C6465 		.ascii	"older\000"
 1765      7200
 1766              	.LASF30:
 1767 044f 73746174 		.ascii	"state\000"
 1767      6500
 1768              	.LASF61:
 1769 0455 63685F73 		.ascii	"ch_system_t\000"
 1769      79737465 
 1769      6D5F7400 
 1770              	.LASF82:
 1771 0461 77747472 		.ascii	"wttrp\000"
 1771      7000
 1772              	.LASF1:
 1773 0467 7369676E 		.ascii	"signed char\000"
 1773      65642063 
 1773      68617200 
 1774              	.LASF53:
 1775 0473 64656C74 		.ascii	"delta\000"
 1775      6100
 1776              	.LASF6:
 1777 0479 73686F72 		.ascii	"short unsigned int\000"
 1777      7420756E 
 1777      7369676E 
 1777      65642069 
 1777      6E7400
 1778              	.LASF74:
 1779 048c 73746B61 		.ascii	"stkalign_t\000"
 1779      6C69676E 
 1779      5F7400
 1780              	.LASF49:
 1781 0497 63757272 		.ascii	"current\000"
 1781      656E7400 
 1782              	.LASF103:
 1783 049f 2E2E2F2E 		.ascii	"../../../os/hal/boards/ST_STM32VL_DISCOVERY/board.c"
 1783      2E2F2E2E 
 1783      2F6F732F 
 1783      68616C2F 
 1783      626F6172 
 1784 04d2 00       		.ascii	"\000"
 1785              	.LASF67:
 1786 04d3 45564352 		.ascii	"EVCR\000"
 1786      00
 1787              	.LASF104:
 1788 04d8 2F686F6D 		.ascii	"/home/alex/Embebidos Proyecto/ChibiOS_17.6.1/demos/"
 1788      652F616C 
 1788      65782F45 
 1788      6D626562 
 1788      69646F73 
 1789 050b 53544D33 		.ascii	"STM32/RT-STM32F100-DISCOVERY\000"
 1789      322F5254 
 1789      2D53544D 
 1789      33324631 
ARM GAS  /tmp/ccDLihfD.s 			page 44


 1789      30302D44 
 1790              	.LASF107:
 1791 0528 73746D33 		.ascii	"stm32_clock_init\000"
 1791      325F636C 
 1791      6F636B5F 
 1791      696E6974 
 1791      00
 1792              	.LASF80:
 1793 0539 65786974 		.ascii	"exitcode\000"
 1793      636F6465 
 1793      00
 1794              	.LASF38:
 1795 0542 6D706F6F 		.ascii	"mpool\000"
 1795      6C00
 1796              		.comm	__gnu_lto_v1,1,1
 1797              		.ident	"GCC: (Sourcery CodeBench Lite 2013.11-24) 4.8.1"
ARM GAS  /tmp/ccDLihfD.s 			page 45


DEFINED SYMBOLS
                            *ABS*:00000000 board.c
     /tmp/ccDLihfD.s:159    .text.__early_init:00000000 $t
     /tmp/ccDLihfD.s:165    .text.__early_init:00000000 __early_init
     /tmp/ccDLihfD.s:180    .text.boardInit:00000000 $t
     /tmp/ccDLihfD.s:186    .text.boardInit:00000000 boardInit
     /tmp/ccDLihfD.s:208    .rodata.pal_default_config:00000000 pal_default_config
     /tmp/ccDLihfD.s:205    .rodata.pal_default_config:00000000 $d
                            *COM*:00000001 __gnu_lto_v1
                     .debug_frame:00000010 $d

UNDEFINED SYMBOLS
stm32_clock_init
