ARM GAS  /tmp/ccHeAZX7.s 			page 1


   1              		.syntax unified
   2              		.cpu cortex-m3
   3              		.fpu softvfp
   4              		.eabi_attribute 20, 1
   5              		.eabi_attribute 21, 1
   6              		.eabi_attribute 23, 3
   7              		.eabi_attribute 24, 1
   8              		.eabi_attribute 25, 1
   9              		.eabi_attribute 26, 1
  10              		.eabi_attribute 30, 2
  11              		.eabi_attribute 34, 1
  12              		.eabi_attribute 18, 4
  13              		.thumb
  14              		.file	"hal.c"
  15              		.text
  16              	.Ltext0:
  17              		.section	.gnu.lto_.jmpfuncs.a1cff76a429528b4,"",%progbits
  18 0000 789C6362 		.ascii	"x\234cb`b\300\006d\2414#\214f\252f\370\3250\243A \223"
  18      6062C006 
  18      64A13423 
  18      8C66AA66 
  18      F8D530A3 
  19 0017 91211726 		.ascii	"\221!\027&\010\000@\377\004\033"
  19      080040FF 
  19      041B
  20              		.text
  21              		.section	.gnu.lto_.inline.a1cff76a429528b4,"",%progbits
  22 0000 789C6362 		.ascii	"x\234cb`b\300\006,\2414#\003\003\367I \011R\305\266"
  22      6062C006 
  22      2CA13423 
  22      0303F749 
  22      200952C5 
  23 0015 401EAC98 		.ascii	"@\036\254\230\221\013\007\301\304\015\322\000f2\000"
  23      910B07C1 
  23      C40DD200 
  23      663200
  24 0024 00657202 		.ascii	"\000er\002-"
  24      2D
  25              		.text
  26              		.section	.gnu.lto_.pureconst.a1cff76a429528b4,"",%progbits
  27 0000 789C6362 		.ascii	"x\234cb`b`f\200\000F\006\011\000\000\203\000!"
  27      60626066 
  27      80004606 
  27      09000083 
  27      0021
  28              		.text
  29              		.section	.gnu.lto_halInit.a1cff76a429528b4,"",%progbits
  30 0000 789C6362 		.ascii	"x\234cb`b@\007\222@\234\307\310\300 \003\244\031\231"
  30      60624007 
  30      92409CC7 
  30      C8C02003 
  30      A41999
  31 0013 19189926 		.ascii	"\031\030\231&\234c`h\344`bd\0041\030\030\031\352\231"
  31      9C636068 
  31      E4606264 
  31      04311818 
  31      19EA99
ARM GAS  /tmp/ccHeAZX7.s 			page 2


  32 0026 18EB2319 		.ascii	"\030\353#\031\301j\3273\035x\360\377\377\272\017\033"
  32      C16AD733 
  32      1D78F0FF 
  32      FFBA0F1B 
  33 0036 1FAE6414 		.ascii	"\037\256d\024\342\004\012\2602\26444LP``H\006+\010\001"
  33      E2040AB0 
  33      32B43434 
  33      4C506060 
  33      48062B08 
  34 004b 92205DA1 		.ascii	"\222 ]\241\214L \232\371<C\363\203\177v\211\214\013"
  34      8C4C209A 
  34      F93C43F3 
  34      837F7689 
  34      8C0B
  35 005d 195981B2 		.ascii	"\031Y\201\262\325\014\277\032:\032\0042\031\201\252"
  35      D50CBF1A 
  35      3A1A0432 
  35      1981AA
  36 006c 21E66582 		.ascii	"!\346e\202\350\363\014-\017:\2231\0241%3B\034\013\022"
  36      E8F30C2D 
  36      0F3A9331 
  36      14312533 
  36      421C0B12 
  37 0080 91C86464 		.ascii	"\221\310dd\316ed\200*\312dd\001ik~\260\3420\0336\303"
  37      CE656480 
  37      2ACA6464 
  37      01696B7E 
  37      B0E2301B 
  38 0096 99910D6F 		.ascii	"\231\221\015o^\260\223\031\233\"\026\024E\017\316.\306"
  38      5EB09319 
  38      9B221614 
  38      450FCE2E 
  38      C6
  39 00a7 6A142BAA 		.ascii	"j\024+\252\252\031\255\354\330T\261\241\252\232\277"
  39      AA19ADEC 
  39      D854B1A1 
  39      AA9ABF
  40 00b6 14AB59EC 		.ascii	"\024\253Y\354\010U\027\031\032\037\254T\205)\202\200"
  40      08551719 
  40      1A1FAC54 
  40      85298280 
  41 00c6 10A00430 		.ascii	"\020\240\0040\320@\236\226\322\323\323\207\240\374b"
  41      D0409E96 
  41      D2D3D387 
  41      A0FC62
  42 00d5 FD8CC41C 		.ascii	"\375\214\304\034\375\342\242d\020\255\227\314\000\000"
  42      FDE2A264 
  42      10AD97CC 
  42      0000
  43 00e3 833F6161 		.ascii	"\203?aa"
  44              		.text
  45              		.section	.gnu.lto_.symbol_nodes.a1cff76a429528b4,"",%progbits
  46 0000 789C45C8 		.ascii	"x\234E\310\273\015\203@\020\204\341\231=\016\350z\220"
  46      BB0D8340 
  46      1084E199 
  46      3D0EE87A 
  46      90
ARM GAS  /tmp/ccHeAZX7.s 			page 3


  47 0011 4808A980 		.ascii	"H\010\251\200\204\016\334\0029\271\237\200\334\007\342"
  47      840EDC02 
  47      39B99F80 
  47      DC07E2
  48 0020 382CEF26 		.ascii	"8,\357&\337\376c0\334\360;\273S@?\003\322\3201\276\230"
  48      DFFE6330 
  48      DCF03BBB 
  48      53403F03 
  48      D2D031BE 
  49 0035 3E70A378 		.ascii	">p\243x\255MC\256\224y-T\360\372P\205\327\233\212^O"
  49      AD4D43AE 
  49      94792D54 
  49      F0FA5085 
  49      D79B8A5E 
  50 004a AAF47A50 		.ascii	"\252\364zP\325\277\002j\264\353\236\2540fKL\331\210"
  50      D5BF026A 
  50      B4EB9EAC 
  50      30664B4C 
  50      D988
  51 005c 6FB640BB 		.ascii	"o\266@\273\235\006\214Y\303\224\304\001\360J6\304"
  51      9D068C59 
  51      C394C401 
  51      F04A36C4 
  52              		.text
  53              		.section	.gnu.lto_.refs.a1cff76a429528b4,"",%progbits
  54 0000 789C6362 		.ascii	"x\234cb`b`e\200\000F\006&F\006\000\000\237\000\016"
  54      60626065 
  54      80004606 
  54      26460600 
  54      009F000E 
  55              		.text
  56              		.section	.gnu.lto_.decls.a1cff76a429528b4,"",%progbits
  57 0000 789C9596 		.ascii	"x\234\225\226\177h\033e\030\307\2377\027\333\206\305"
  57      7F681B65 
  57      18C79F37 
  57      17DB86C5 
  58 0010 0A0587F3 		.ascii	"\012\005\207\363\017\227\016\352\037\203\365\366C\377"
  58      0F970EEA 
  58      1F83F5F6 
  58      43FF
  59 001e 1199B469 		.ascii	"\021\231\264i\255\225\326\225\315\015\375\307\363\226"
  59      AD95D695 
  59      CD0DFDC7 
  59      F396
  60 002c 5C9B8334 		.ascii	"\\\233\2034\027.\227Q\377\362m\235e\370\207fC\005A$"
  60      172E9751 
  60      FFF26D9D 
  60      65F88766 
  60      43054124 
  61 0040 D5C66D30 		.ascii	"\325\306m0\225!\2231J\315\"[\272\271\316b;;\230\216"
  61      95219331 
  61      4ACD225B 
  61      BAB9CE62 
  61      3B3B988E 
  62 0054 30F00FFF 		.ascii	"0\360\017\377\333P\231\203\262\370\274\357\335%\271"
  62      DB509983 
  62      B2F8BCEF 
ARM GAS  /tmp/ccHeAZX7.s 			page 4


  62      DD25B9
  63 0063 E62ECD5E 		.ascii	"\346.\315^\372\274\357%\367<\237\347\373\274\317{\327"
  63      FABCEF25 
  63      F73C9FE7 
  63      FBBCCF7B 
  63      D7
  64 0074 F8C007B3 		.ascii	"\370\300\007\263\000P\3061\327\006 \371\000\277\001"
  64      0050C631 
  64      D70620F9 
  64      00BF01
  65 0083 D88B46D0 		.ascii	"\330\213F\320f\300\034x\013.\242]B+\242]A\373\031m\021"
  65      66C01C78 
  65      0B2EA25D 
  65      422BA25D 
  65      41FB196D 
  66 0098 ED17B465 		.ascii	"\355\027\264e\313\377\0068\007\213y\014m\025\255\200"
  66      CBFF0638 
  66      078B790C 
  66      6D15AD80 
  67 00a8 76D3622E 		.ascii	"v\323b.\255\343.[\234E\213{\305\312s\311\203\273\011"
  67      ADE32E5B 
  67      9C458B7B 
  67      C5CA73C9 
  67      83BB09
  68 00bb 3EA0748A 		.ascii	">\240t\212f\247\351+\013\355\035p\234\342\310RJ\026"
  68      66A7E92B 
  68      0BED1D70 
  68      9CE2C852 
  68      4A16
  69 00cd DA01DE20 		.ascii	"\332\001\336 2i\017@I\340W\301\000\274\210\001]0Ki\246"
  69      32690F40 
  69      49E057C1 
  69      00BC8801 
  69      5D304B69 
  70 00e2 943BB985 		.ascii	"\224;\271\205\372-\377\220\247\263L\276\"]\260\241\033"
  70      FA2DFF90 
  70      A7B34CBE 
  70      225DB0A1 
  70      1B
  71 00f3 73CC910E 		.ascii	"s\314\221\016\330\016\247\321/\203\202\236q\210\344"
  71      D80EA7D1 
  71      2F83829E 
  71      7188E4
  72 0102 3969FE5E 		.ascii	"9i\376^1H\375\246'\213\370\232l\007\227\321\011Y\346"
  72      3148FDA6 
  72      278BF89A 
  72      6C0797D1 
  72      0959E6
  73 0115 FC6FF173 		.ascii	"\374o\361sB\263\005\342\222\374m;w\260RO\376\307\"\011"
  73      42B305E2 
  73      92FC6D3B 
  73      77B0524F 
  73      FEC72209 
  74 0129 C9E434BA 		.ascii	"\311\3444\272\373\340%\342\240oD`Z\316`\240\031ci=k"
  74      FBE025E2 
  74      A06F4460 
  74      5ACE60A0 
ARM GAS  /tmp/ccHeAZX7.s 			page 5


  74      1963693D 
  75 013e 6A3DD384 		.ascii	"j=\323\204\326\251\374\271\342\307[\230\326\000\034"
  75      D6A9FCB9 
  75      E2C75B98 
  75      D6001C
  76 014d AB36A392 		.ascii	"\2536\243\222,d'\363W\267\377\306\364\312=2\205}\222"
  76      2C6427F3 
  76      57B7FFC6 
  76      F4CA3D32 
  76      857D92
  77 0160 C97718E6 		.ascii	"\311w\030\346\203\263\304)Z&\255\201\332L\374\263\355"
  77      83B3C429 
  77      5A26AD81 
  77      DA4CFCB3 
  77      ED
  78 0171 C078FCB6 		.ascii	"\300x\374\266u\301\016\355\023\354\274^\340\024&\332"
  78      75C10EED 
  78      13ECBC5E 
  78      E01426DA 
  79 0181 2DB77569 		.ascii	"-\267ui\016\313\301QH\351\375\373\013\276\317h\376\250"
  79      0ECBC151 
  79      48E9FDFB 
  79      0BBECF68 
  79      FEA8
  80 0193 60CB9A7F 		.ascii	"`\313\232\177d`\310\2613s\305`F\266a\205f`m.\352\334"
  80      6460C8B1 
  80      3373C560 
  80      46B66185 
  80      66606D2E 
  81 01a9 466DCF64 		.ascii	"Fm\317d\362\015\036S\231|K:q\376\236\317\347p\256\014"
  81      F20D1E53 
  81      997C4B3A 
  81      71FE9ECF 
  81      E770AE0C 
  82 01bd 1F5CE6B9 		.ascii	"\037\\\346\271s\325\334\216#\260\321\316\320\374\003"
  82      73D5DC8E 
  82      23B0D1CE 
  82      D0FC03
  83 01cc EB38DA67 		.ascii	"\3538\332gl\261\031\236\243\226\220\203\2676\300\366"
  83      6CB1199E 
  83      A3969083 
  83      B736C0F6 
  84 01dc C564AD34 		.ascii	"\305d\2554\303z\312[[\346\325*\353V3\254\220\267\256"
  84      C37ACA5B 
  84      5BE6D52A 
  84      EB5633AC 
  84      90B7AE
  85 01ef 4F6B5877 		.ascii	"OkXw\232a\355l\324/\273='y{N\361\306\234\347\363\005"
  85      9A61ED6C 
  85      D42FBB3D 
  85      27797B4E 
  85      F1C69CE7 
  86 0205 3ECFF179 		.ascii	">\317\361y\336\331\252\277\352\036\005\363\215QC\315"
  86      DED9AABF 
  86      EA1E05F3 
  86      8D5143CD 
  87 0215 555A0FCD 		.ascii	"UZ\017\315r\335\216\034\013\236!\233l\227\255\360\005"
ARM GAS  /tmp/ccHeAZX7.s 			page 6


  87      72DD8E1C 
  87      0B9E219B 
  87      6C97ADF0 
  87      05
  88 0226 CD964AAB 		.ascii	"\315\226J\253\037\315\265\260\207\200\226\313\357\302"
  88      1FCDB5B0 
  88      878096CB 
  88      EFC2
  89 0234 66F884BF 		.ascii	"f\370\204\277R\247\361Y5d\262\367IOP\201l\266\256\016"
  89      52A7F159 
  89      3564B2F7 
  89      494F5081 
  89      6CB6AE0E 
  90 0248 0A76291F 		.ascii	"\012v)\037\372\234\245\000<\0139\306\243\247\250\300"
  90      FA9CA500 
  90      3C0B39C6 
  90      A3A7A8C0 
  91 0258 69CCFF22 		.ascii	"i\314\377\"\331\352,\357'\342\253\375\202\351*eJ\177"
  91      D9EA2CEF 
  91      27E2ABFD 
  91      82E92A65 
  91      4A7F
  92 026a 9C589D24 		.ascii	"\234X\235$\307\337\313.\320\273\354q73\372\340|]\016"
  92      C7DFCB2E 
  92      D0BBEC71 
  92      3733FAE0 
  92      7C5D0E
  93 027d 1372D915 		.ascii	"\023r\331\025\362p\371\032>\341\005\2638\033\361\217"
  93      F270F91A 
  93      3EE105B3 
  93      381BF18F 
  94 028d 0762C115 		.ascii	"\007b\301\025\261\266\272\342\257C\314\012\356\210\253"
  94      B1B6BAE2 
  94      AF43CC0A 
  94      EE88AB
  95 029c AE881F6E 		.ascii	"\256\210\037n\335\026\352\020\327=\020\327\\\021\277"
  95      DD16EA10 
  95      D73D10D7 
  95      5C11BF
  96 02ab DF5E2375 		.ascii	"\337^#u\210\007\036\210\353\256\210\243\367\257\222"
  96      88071E88 
  96      EBAE88A3 
  96      F7AF92
  97 02ba 6327E85A 		.ascii	"c'\350Z\271,<B\237\227\254>\013\374\367\201u\202\252"
  97      B92C3C42 
  97      9F97AC3E 
  97      0BFCF781 
  97      7582AA
  98 02cd 4D07D6F7 		.ascii	"M\007\326\367I\277\273\216_]u\314\337\371\357\205\272"
  98      49BFBB8E 
  98      5F5D75CC 
  98      DFF9EF85 
  98      BA
  99 02de 52F21E88 		.ascii	"R\362\036\210\025'b\033\314\320\273\231\322\237\177"
  99      1527621B 
  99      CCD0BB99 
  99      D29F7F
ARM GAS  /tmp/ccHeAZX7.s 			page 7


 100 02ed 17844986 		.ascii	"\027\204I\206`\325\020\024\374\245\371\226\252@<\377"
 100      60D51014 
 100      FCA5F996 
 100      AA403CFF 
 101 02fd 6FFF56E5 		.ascii	"o\377V\3459~K\230:\2746a\225\327\\Q\267.r\251A\344\315"
 101      397E4B98 
 101      3ABC3661 
 101      95D75C51 
 101      B72E72A9 
 102 0314 EAF306CF 		.ascii	"\352\363\006\317ww\213\346\237\226\022cr\\Lj\272\221"
 102      77778BE6 
 102      9F961263 
 102      725C4C6A 
 102      BA91
 103 0326 120FBC3E 		.ascii	"\022\017\274>\274g\26784\324'\016\214\014\356;\262\213"
 103      BC67B738 
 103      34D4270E 
 103      8C0CEE3B 
 103      B28B
 104 0338 DD929268 		.ascii	"\335\222\222h\361x\264;\006-\003\257\035\014\205\241"
 104      F178B43B 
 104      062D03AF 
 104      1D0C85A1 
 105 0348 23658CEF 		.ascii	"#e\214\357\331-\215%UMJ)F:)\031o\2111m\\\021\345\270"
 105      D92D8D25 
 105      554D4A29 
 105      463A2919 
 105      6F89316D 
 106 0360 32210E2B 		.ascii	"2!\016+\011C\323\007t9\031S#\310\324\322zD\321\337\221"
 106      0943D307 
 106      74391953 
 106      23C8D4D2 
 106      7A44D1DF 
 107 0375 C25A54E9 		.ascii	"\302ZT\351U\022\221\2304\244\032\2124\252\351R\317\376"
 107      55129198 
 107      34A41A8A 
 107      34AAE952 
 107      CFFE
 108 0387 61A9BFA7 		.ascii	"a\251\277\247wP\224\365\361\035\011-\241\354P\344\303"
 108      775094F5 
 108      F11D092D 
 108      A1EC50E4 
 108      C3
 109 0398 AAA82622 		.ascii	"\252\250&\"\361tT\021SFTM\030\230\270-\215+\2464\004"
 109      F1745411 
 109      5346544D 
 109      1898B82D 
 109      8D2BA634 
 110 03ad 2DAA0B11 		.ascii	"-\252\013\021=\216\026k\031\351\351\223\015\271e\244"
 110      3D8E166B 
 110      19E9E993 
 110      0DB965A4 
 111 03bd D75CC2E6 		.ascii	"\327\\\302\346\322g.\375l\011\214\364\014\205\265\304"
 111      D2672EFD 
 111      6C098CF4 
 111      0C85B5C4 
 112 03cd A83AF6F4 		.ascii	"\250:\366\364\372\202Sz\204\255\335\021h\305e0\241\032"
ARM GAS  /tmp/ccHeAZX7.s 			page 8


 112      FA82537A 
 112      84ADDD11 
 112      68C56530 
 112      A11A
 113 03df 9DEB5D6C 		.ascii	"\235\353]l\031l\023RLFK\312`\216\317\255w<\254\311z"
 113      196C1352 
 113      4C464BCA 
 113      608ECFAD 
 113      773CACC9 
 114 03f4 94ED9EC4 		.ascii	"\224\355\236\3047\360\320\220\3247x \274\357P\377\376"
 114      37F0D090 
 114      D4377820 
 114      BCEF50FF 
 114      FE
 115 0405 37CD7B18 		.ascii	"7\315{\030\033\340\027,\274\253a\036EWQ\025\313\305"
 115      1BE0172C 
 115      BCAB611E 
 115      45575115 
 115      CBC5
 116 0417 9DB73572 		.ascii	"\235\2675rV#i\364l\305eC\327\261$+\240\025\027\346\372"
 116      562369F4 
 116      6CC56543 
 116      D7B1242B 
 116      A01517E6 
 117 042c B8DD5449 		.ascii	"\270\335TI\305O;\033\035\006>\277\274kb\202c\314s\020"
 117      C54F3B1B 
 117      1D063EBF 
 117      BC6B6282 
 117      63CC7310 
 118 0440 8CD54477 		.ascii	"\214\325Dw0TT\031\225\323qC\212\360\315\376\0379\272"
 118      30545419 
 118      95D37143 
 118      8AF0CDFE 
 118      1F39BA
 119 0453 84B2     		.ascii	"\204\262"
 120              		.text
 121              		.section	.gnu.lto_.symtab.a1cff76a429528b4,"",%progbits
 122 0000 68616C49 		.ascii	"halInit\000\000\000\000\000\000\000\000\000\000\000"
 122      6E697400 
 122      00000000 
 122      00000000 
 122      0000
 123 0012 00C10000 		.ascii	"\000\301\000\000\000pal_default_config\000\000\002\000"
 123      0070616C 
 123      5F646566 
 123      61756C74 
 123      5F636F6E 
 124 002d 00000000 		.ascii	"\000\000\000\000\000\000\000\000\325\000\000\000stI"
 124      00000000 
 124      D5000000 
 124      737449
 125 003c 6E697400 		.ascii	"nit\000\000\002\000\000\000\000\000\000\000\000\000"
 125      00020000 
 125      00000000 
 125      000000
 126 004b C5000000 		.ascii	"\305\000\000\000boardInit\000\000\002\000\000\000\000"
 126      626F6172 
ARM GAS  /tmp/ccHeAZX7.s 			page 9


 126      64496E69 
 126      74000002 
 126      00000000 
 127 005f 00000000 		.ascii	"\000\000\000\000\000\307\000\000\000sdInit\000\000\002"
 127      00C70000 
 127      00736449 
 127      6E697400 
 127      0002
 128 0071 00000000 		.ascii	"\000\000\000\000\000\000\000\000\000\311\000\000\000"
 128      00000000 
 128      00C90000 
 128      00
 129 007e 69637549 		.ascii	"icuInit\000\000\002\000\000\000\000\000\000\000\000"
 129      6E697400 
 129      00020000 
 129      00000000 
 129      0000
 130 0090 00CB0000 		.ascii	"\000\313\000\000\000gptInit\000\000\002\000\000\000"
 130      00677074 
 130      496E6974 
 130      00000200 
 130      0000
 131 00a2 00000000 		.ascii	"\000\000\000\000\000\000\315\000\000\000_pal_lld_in"
 131      0000CD00 
 131      00005F70 
 131      616C5F6C 
 131      6C645F69 
 132 00b7 69740000 		.ascii	"it\000\000\002\000\000\000\000\000\000\000\000\000\317"
 132      02000000 
 132      00000000 
 132      0000CF
 133 00c6 00000068 		.ascii	"\000\000\000hal_lld_init\000\000\002\000\000\000\000"
 133      616C5F6C 
 133      6C645F69 
 133      6E697400 
 133      00020000 
 134 00dc 00000000 		.ascii	"\000\000\000\000\000\323\000\000\000"
 134      00D30000 
 134      00
 135              		.text
 136              		.section	.gnu.lto_.opts,"",%progbits
 137 0000 272D6D63 		.ascii	"'-mcpu=cortex-m3' '-mno-thumb-interwork' '-mthumb' "
 137      70753D63 
 137      6F727465 
 137      782D6D33 
 137      2720272D 
 138 0033 272D6767 		.ascii	"'-ggdb' '-O2' '-fomit-frame-pointer' '-falign-funct"
 138      64622720 
 138      272D4F32 
 138      2720272D 
 138      666F6D69 
 139 0066 696F6E73 		.ascii	"ions=16' '-ffunction-sections' '-fdata-sections' '-"
 139      3D313627 
 139      20272D66 
 139      66756E63 
 139      74696F6E 
 140 0099 666E6F2D 		.ascii	"fno-common' '-flto'\000"
ARM GAS  /tmp/ccHeAZX7.s 			page 10


 140      636F6D6D 
 140      6F6E2720 
 140      272D666C 
 140      746F2700 
 141              		.text
 142              		.cfi_sections	.debug_frame
 143              		.section	.text.halInit,"ax",%progbits
 144              		.align	2
 145              		.p2align 4,,15
 146              		.global	halInit
 147              		.thumb
 148              		.thumb_func
 149              		.type	halInit, %function
 150              	halInit:
 151              	.LFB217:
 152              		.file 1 "../../../os/hal/src/hal.c"
 153              		.loc 1 56 0
 154              		.cfi_startproc
 155              		@ args = 0, pretend = 0, frame = 0
 156              		@ frame_needed = 0, uses_anonymous_args = 0
 157 0000 08B5     		push	{r3, lr}
 158              		.cfi_def_cfa_offset 8
 159              		.cfi_offset 3, -8
 160              		.cfi_offset 14, -4
 161              		.loc 1 62 0
 162 0002 FFF7FEFF 		bl	hal_lld_init
 163              	.LVL0:
 164              		.loc 1 65 0
 165 0006 40F20000 		movw	r0, #:lower16:pal_default_config
 166 000a C0F20000 		movt	r0, #:upper16:pal_default_config
 167 000e FFF7FEFF 		bl	_pal_lld_init
 168              	.LVL1:
 169              		.loc 1 80 0
 170 0012 FFF7FEFF 		bl	gptInit
 171              	.LVL2:
 172              		.loc 1 89 0
 173 0016 FFF7FEFF 		bl	icuInit
 174              	.LVL3:
 175              		.loc 1 101 0
 176 001a FFF7FEFF 		bl	sdInit
 177              	.LVL4:
 178              		.loc 1 136 0
 179 001e FFF7FEFF 		bl	boardInit
 180              	.LVL5:
 181              		.loc 1 145 0
 182 0022 BDE80840 		pop	{r3, lr}
 183              		.loc 1 143 0
 184 0026 FFF7FEBF 		b	stInit
 185              	.LVL6:
 186              		.cfi_endproc
 187              	.LFE217:
 188              		.size	halInit, .-halInit
 189 002a 00BFAFF3 		.text
 189      0080
 190              	.Letext0:
 191              		.file 2 "/home/alex/MentorGraphics/Sourcery_CodeBench_Lite_for_ARM_EABI/arm-none-eabi/include/stdi
 192              		.file 3 "../../../os/common/ports/ARMCMx/compilers/GCC/chtypes.h"
ARM GAS  /tmp/ccHeAZX7.s 			page 11


 193              		.file 4 "../../../os/rt/include/chsystypes.h"
 194              		.file 5 "../../../os/rt/include/chschd.h"
 195              		.file 6 "../../../os/common/ports/ARMCMx/chcore.h"
 196              		.file 7 "../../../os/common/ports/ARMCMx/chcore_v7m.h"
 197              		.file 8 "../../../os/rt/include/chtm.h"
 198              		.file 9 "../../../os/rt/include/chsem.h"
 199              		.file 10 "../../../os/rt/include/chmtx.h"
 200              		.file 11 "../../../os/hal/ports/STM32/LLD/GPIOv1/hal_pal_lld.h"
 201              		.file 12 "../../../os/common/ext/CMSIS/include/core_cm3.h"
 202              		.file 13 "../../../os/hal/ports/STM32/STM32F1xx/hal_lld.h"
 203              		.file 14 "../../../os/hal/include/hal_gpt.h"
 204              		.file 15 "../../../os/hal/include/hal_icu.h"
 205              		.file 16 "../../../os/hal/include/hal_serial.h"
 206              		.file 17 "../../../os/hal/boards/ST_STM32VL_DISCOVERY/board.h"
 207              		.file 18 "../../../os/hal/include/hal_st.h"
 208              		.file 19 "../../../os/hal/osal/rt/osal.h"
 209              		.section	.debug_info,"",%progbits
 210              	.Ldebug_info0:
 211 0000 2E070000 		.4byte	0x72e
 212 0004 0400     		.2byte	0x4
 213 0006 00000000 		.4byte	.Ldebug_abbrev0
 214 000a 04       		.byte	0x4
 215 000b 01       		.uleb128 0x1
 216 000c F4010000 		.4byte	.LASF102
 217 0010 01       		.byte	0x1
 218 0011 2E010000 		.4byte	.LASF103
 219 0015 C5040000 		.4byte	.LASF104
 220 0019 00000000 		.4byte	.Ldebug_ranges0+0
 221 001d 00000000 		.4byte	0
 222 0021 00000000 		.4byte	.Ldebug_line0
 223 0025 02       		.uleb128 0x2
 224 0026 04       		.byte	0x4
 225 0027 05       		.byte	0x5
 226 0028 696E7400 		.ascii	"int\000"
 227 002c 03       		.uleb128 0x3
 228 002d 04       		.byte	0x4
 229 002e 07       		.byte	0x7
 230 002f 61000000 		.4byte	.LASF0
 231 0033 03       		.uleb128 0x3
 232 0034 01       		.byte	0x1
 233 0035 06       		.byte	0x6
 234 0036 8D040000 		.4byte	.LASF1
 235 003a 04       		.uleb128 0x4
 236 003b D5020000 		.4byte	.LASF4
 237 003f 02       		.byte	0x2
 238 0040 2A       		.byte	0x2a
 239 0041 45000000 		.4byte	0x45
 240 0045 03       		.uleb128 0x3
 241 0046 01       		.byte	0x1
 242 0047 08       		.byte	0x8
 243 0048 3B040000 		.4byte	.LASF2
 244 004c 03       		.uleb128 0x3
 245 004d 02       		.byte	0x2
 246 004e 05       		.byte	0x5
 247 004f 58030000 		.4byte	.LASF3
 248 0053 04       		.uleb128 0x4
 249 0054 40030000 		.4byte	.LASF5
ARM GAS  /tmp/ccHeAZX7.s 			page 12


 250 0058 02       		.byte	0x2
 251 0059 36       		.byte	0x36
 252 005a 5E000000 		.4byte	0x5e
 253 005e 03       		.uleb128 0x3
 254 005f 02       		.byte	0x2
 255 0060 07       		.byte	0x7
 256 0061 9F040000 		.4byte	.LASF6
 257 0065 04       		.uleb128 0x4
 258 0066 1E040000 		.4byte	.LASF7
 259 006a 02       		.byte	0x2
 260 006b 4F       		.byte	0x4f
 261 006c 70000000 		.4byte	0x70
 262 0070 03       		.uleb128 0x3
 263 0071 04       		.byte	0x4
 264 0072 05       		.byte	0x5
 265 0073 62030000 		.4byte	.LASF8
 266 0077 04       		.uleb128 0x4
 267 0078 EB000000 		.4byte	.LASF9
 268 007c 02       		.byte	0x2
 269 007d 50       		.byte	0x50
 270 007e 82000000 		.4byte	0x82
 271 0082 03       		.uleb128 0x3
 272 0083 04       		.byte	0x4
 273 0084 07       		.byte	0x7
 274 0085 EC030000 		.4byte	.LASF10
 275 0089 03       		.uleb128 0x3
 276 008a 08       		.byte	0x8
 277 008b 05       		.byte	0x5
 278 008c FF020000 		.4byte	.LASF11
 279 0090 04       		.uleb128 0x4
 280 0091 9E030000 		.4byte	.LASF12
 281 0095 02       		.byte	0x2
 282 0096 78       		.byte	0x78
 283 0097 9B000000 		.4byte	0x9b
 284 009b 03       		.uleb128 0x3
 285 009c 08       		.byte	0x8
 286 009d 07       		.byte	0x7
 287 009e 48010000 		.4byte	.LASF13
 288 00a2 04       		.uleb128 0x4
 289 00a3 49030000 		.4byte	.LASF14
 290 00a7 03       		.byte	0x3
 291 00a8 39       		.byte	0x39
 292 00a9 77000000 		.4byte	0x77
 293 00ad 04       		.uleb128 0x4
 294 00ae 2D030000 		.4byte	.LASF15
 295 00b2 03       		.byte	0x3
 296 00b3 3C       		.byte	0x3c
 297 00b4 3A000000 		.4byte	0x3a
 298 00b8 04       		.uleb128 0x4
 299 00b9 C5020000 		.4byte	.LASF16
 300 00bd 03       		.byte	0x3
 301 00be 3D       		.byte	0x3d
 302 00bf 3A000000 		.4byte	0x3a
 303 00c3 04       		.uleb128 0x4
 304 00c4 E4030000 		.4byte	.LASF17
 305 00c8 03       		.byte	0x3
 306 00c9 3E       		.byte	0x3e
ARM GAS  /tmp/ccHeAZX7.s 			page 13


 307 00ca 3A000000 		.4byte	0x3a
 308 00ce 04       		.uleb128 0x4
 309 00cf 15010000 		.4byte	.LASF18
 310 00d3 03       		.byte	0x3
 311 00d4 40       		.byte	0x40
 312 00d5 77000000 		.4byte	0x77
 313 00d9 04       		.uleb128 0x4
 314 00da 0D030000 		.4byte	.LASF19
 315 00de 03       		.byte	0x3
 316 00df 41       		.byte	0x41
 317 00e0 65000000 		.4byte	0x65
 318 00e4 04       		.uleb128 0x4
 319 00e5 FC000000 		.4byte	.LASF20
 320 00e9 03       		.byte	0x3
 321 00ea 43       		.byte	0x43
 322 00eb 77000000 		.4byte	0x77
 323 00ef 04       		.uleb128 0x4
 324 00f0 5F010000 		.4byte	.LASF21
 325 00f4 03       		.byte	0x3
 326 00f5 45       		.byte	0x45
 327 00f6 65000000 		.4byte	0x65
 328 00fa 04       		.uleb128 0x4
 329 00fb 45000000 		.4byte	.LASF22
 330 00ff 04       		.byte	0x4
 331 0100 35       		.byte	0x35
 332 0101 53000000 		.4byte	0x53
 333 0105 04       		.uleb128 0x4
 334 0106 AD010000 		.4byte	.LASF23
 335 010a 04       		.byte	0x4
 336 010b 3F       		.byte	0x3f
 337 010c 10010000 		.4byte	0x110
 338 0110 05       		.uleb128 0x5
 339 0111 E6020000 		.4byte	.LASF41
 340 0115 44       		.byte	0x44
 341 0116 05       		.byte	0x5
 342 0117 9A       		.byte	0x9a
 343 0118 EE010000 		.4byte	0x1ee
 344 011c 06       		.uleb128 0x6
 345 011d 18040000 		.4byte	.LASF24
 346 0121 05       		.byte	0x5
 347 0122 9B       		.byte	0x9b
 348 0123 23020000 		.4byte	0x223
 349 0127 00       		.byte	0
 350 0128 06       		.uleb128 0x6
 351 0129 97020000 		.4byte	.LASF25
 352 012d 05       		.byte	0x5
 353 012e 9C       		.byte	0x9c
 354 012f CE000000 		.4byte	0xce
 355 0133 08       		.byte	0x8
 356 0134 07       		.uleb128 0x7
 357 0135 63747800 		.ascii	"ctx\000"
 358 0139 05       		.byte	0x5
 359 013a 9D       		.byte	0x9d
 360 013b 1B040000 		.4byte	0x41b
 361 013f 0C       		.byte	0xc
 362 0140 06       		.uleb128 0x6
 363 0141 35040000 		.4byte	.LASF26
ARM GAS  /tmp/ccHeAZX7.s 			page 14


 364 0145 05       		.byte	0x5
 365 0146 9F       		.byte	0x9f
 366 0147 F9010000 		.4byte	0x1f9
 367 014b 10       		.byte	0x10
 368 014c 06       		.uleb128 0x6
 369 014d 67040000 		.4byte	.LASF27
 370 0151 05       		.byte	0x5
 371 0152 A0       		.byte	0xa0
 372 0153 F9010000 		.4byte	0x1f9
 373 0157 14       		.byte	0x14
 374 0158 06       		.uleb128 0x6
 375 0159 CC030000 		.4byte	.LASF28
 376 015d 05       		.byte	0x5
 377 015e A7       		.byte	0xa7
 378 015f A0050000 		.4byte	0x5a0
 379 0163 18       		.byte	0x18
 380 0164 06       		.uleb128 0x6
 381 0165 BE020000 		.4byte	.LASF29
 382 0169 05       		.byte	0x5
 383 016a B0       		.byte	0xb0
 384 016b B2050000 		.4byte	0x5b2
 385 016f 1C       		.byte	0x1c
 386 0170 06       		.uleb128 0x6
 387 0171 6D040000 		.4byte	.LASF30
 388 0175 05       		.byte	0x5
 389 0176 B5       		.byte	0xb5
 390 0177 B8000000 		.4byte	0xb8
 391 017b 20       		.byte	0x20
 392 017c 06       		.uleb128 0x6
 393 017d 3F000000 		.4byte	.LASF31
 394 0181 05       		.byte	0x5
 395 0182 B9       		.byte	0xb9
 396 0183 AD000000 		.4byte	0xad
 397 0187 21       		.byte	0x21
 398 0188 06       		.uleb128 0x6
 399 0189 82000000 		.4byte	.LASF32
 400 018d 05       		.byte	0x5
 401 018e BE       		.byte	0xbe
 402 018f C3000000 		.4byte	0xc3
 403 0193 22       		.byte	0x22
 404 0194 08       		.uleb128 0x8
 405 0195 7500     		.ascii	"u\000"
 406 0197 05       		.byte	0x5
 407 0198 0F01     		.2byte	0x10f
 408 019a D5040000 		.4byte	0x4d5
 409 019e 24       		.byte	0x24
 410 019f 09       		.uleb128 0x9
 411 01a0 49040000 		.4byte	.LASF33
 412 01a4 05       		.byte	0x5
 413 01a5 1401     		.2byte	0x114
 414 01a7 FF010000 		.4byte	0x1ff
 415 01ab 28       		.byte	0x28
 416 01ac 09       		.uleb128 0x9
 417 01ad DD020000 		.4byte	.LASF34
 418 01b1 05       		.byte	0x5
 419 01b2 1A01     		.2byte	0x11a
 420 01b4 23020000 		.4byte	0x223
ARM GAS  /tmp/ccHeAZX7.s 			page 15


 421 01b8 2C       		.byte	0x2c
 422 01b9 09       		.uleb128 0x9
 423 01ba 58000000 		.4byte	.LASF35
 424 01be 05       		.byte	0x5
 425 01bf 2001     		.2byte	0x120
 426 01c1 E4000000 		.4byte	0xe4
 427 01c5 34       		.byte	0x34
 428 01c6 09       		.uleb128 0x9
 429 01c7 8E010000 		.4byte	.LASF36
 430 01cb 05       		.byte	0x5
 431 01cc 2701     		.2byte	0x127
 432 01ce 9A050000 		.4byte	0x59a
 433 01d2 38       		.byte	0x38
 434 01d3 09       		.uleb128 0x9
 435 01d4 4F000000 		.4byte	.LASF37
 436 01d8 05       		.byte	0x5
 437 01d9 2B01     		.2byte	0x12b
 438 01db CE000000 		.4byte	0xce
 439 01df 3C       		.byte	0x3c
 440 01e0 09       		.uleb128 0x9
 441 01e1 26050000 		.4byte	.LASF38
 442 01e5 05       		.byte	0x5
 443 01e6 3201     		.2byte	0x132
 444 01e8 D6020000 		.4byte	0x2d6
 445 01ec 40       		.byte	0x40
 446 01ed 00       		.byte	0
 447 01ee 04       		.uleb128 0x4
 448 01ef AB020000 		.4byte	.LASF39
 449 01f3 04       		.byte	0x4
 450 01f4 44       		.byte	0x44
 451 01f5 F9010000 		.4byte	0x1f9
 452 01f9 0A       		.uleb128 0xa
 453 01fa 04       		.byte	0x4
 454 01fb 05010000 		.4byte	0x105
 455 01ff 04       		.uleb128 0x4
 456 0200 73000000 		.4byte	.LASF40
 457 0204 04       		.byte	0x4
 458 0205 49       		.byte	0x49
 459 0206 0A020000 		.4byte	0x20a
 460 020a 05       		.uleb128 0x5
 461 020b 00000000 		.4byte	.LASF42
 462 020f 04       		.byte	0x4
 463 0210 05       		.byte	0x5
 464 0211 88       		.byte	0x88
 465 0212 23020000 		.4byte	0x223
 466 0216 06       		.uleb128 0x6
 467 0217 6E000000 		.4byte	.LASF43
 468 021b 05       		.byte	0x5
 469 021c 89       		.byte	0x89
 470 021d F9010000 		.4byte	0x1f9
 471 0221 00       		.byte	0
 472 0222 00       		.byte	0
 473 0223 04       		.uleb128 0x4
 474 0224 7E010000 		.4byte	.LASF44
 475 0228 04       		.byte	0x4
 476 0229 50       		.byte	0x50
 477 022a 2E020000 		.4byte	0x22e
ARM GAS  /tmp/ccHeAZX7.s 			page 16


 478 022e 05       		.uleb128 0x5
 479 022f C1000000 		.4byte	.LASF45
 480 0233 08       		.byte	0x8
 481 0234 05       		.byte	0x5
 482 0235 8F       		.byte	0x8f
 483 0236 53020000 		.4byte	0x253
 484 023a 06       		.uleb128 0x6
 485 023b 6E000000 		.4byte	.LASF43
 486 023f 05       		.byte	0x5
 487 0240 90       		.byte	0x90
 488 0241 F9010000 		.4byte	0x1f9
 489 0245 00       		.byte	0
 490 0246 06       		.uleb128 0x6
 491 0247 BC000000 		.4byte	.LASF46
 492 024b 05       		.byte	0x5
 493 024c 91       		.byte	0x91
 494 024d F9010000 		.4byte	0x1f9
 495 0251 04       		.byte	0x4
 496 0252 00       		.byte	0
 497 0253 04       		.uleb128 0x4
 498 0254 0B040000 		.4byte	.LASF47
 499 0258 04       		.byte	0x4
 500 0259 57       		.byte	0x57
 501 025a 5E020000 		.4byte	0x25e
 502 025e 0B       		.uleb128 0xb
 503 025f A2000000 		.4byte	.LASF48
 504 0263 1C       		.byte	0x1c
 505 0264 05       		.byte	0x5
 506 0265 6A01     		.2byte	0x16a
 507 0267 BA020000 		.4byte	0x2ba
 508 026b 09       		.uleb128 0x9
 509 026c 18040000 		.4byte	.LASF24
 510 0270 05       		.byte	0x5
 511 0271 6B01     		.2byte	0x16b
 512 0273 23020000 		.4byte	0x223
 513 0277 00       		.byte	0
 514 0278 09       		.uleb128 0x9
 515 0279 97020000 		.4byte	.LASF25
 516 027d 05       		.byte	0x5
 517 027e 6C01     		.2byte	0x16c
 518 0280 CE000000 		.4byte	0xce
 519 0284 08       		.byte	0x8
 520 0285 08       		.uleb128 0x8
 521 0286 63747800 		.ascii	"ctx\000"
 522 028a 05       		.byte	0x5
 523 028b 6E01     		.2byte	0x16e
 524 028d 1B040000 		.4byte	0x41b
 525 0291 0C       		.byte	0xc
 526 0292 09       		.uleb128 0x9
 527 0293 35040000 		.4byte	.LASF26
 528 0297 05       		.byte	0x5
 529 0298 7101     		.2byte	0x171
 530 029a F9010000 		.4byte	0x1f9
 531 029e 10       		.byte	0x10
 532 029f 09       		.uleb128 0x9
 533 02a0 67040000 		.4byte	.LASF27
 534 02a4 05       		.byte	0x5
ARM GAS  /tmp/ccHeAZX7.s 			page 17


 535 02a5 7201     		.2byte	0x172
 536 02a7 F9010000 		.4byte	0x1f9
 537 02ab 14       		.byte	0x14
 538 02ac 09       		.uleb128 0x9
 539 02ad BD040000 		.4byte	.LASF49
 540 02b1 05       		.byte	0x5
 541 02b2 7501     		.2byte	0x175
 542 02b4 F9010000 		.4byte	0x1f9
 543 02b8 18       		.byte	0x18
 544 02b9 00       		.byte	0
 545 02ba 04       		.uleb128 0x4
 546 02bb D2000000 		.4byte	.LASF50
 547 02bf 04       		.byte	0x4
 548 02c0 5C       		.byte	0x5c
 549 02c1 C5020000 		.4byte	0x2c5
 550 02c5 0A       		.uleb128 0xa
 551 02c6 04       		.byte	0x4
 552 02c7 CB020000 		.4byte	0x2cb
 553 02cb 0C       		.uleb128 0xc
 554 02cc D6020000 		.4byte	0x2d6
 555 02d0 0D       		.uleb128 0xd
 556 02d1 D6020000 		.4byte	0x2d6
 557 02d5 00       		.byte	0
 558 02d6 0E       		.uleb128 0xe
 559 02d7 04       		.byte	0x4
 560 02d8 04       		.uleb128 0x4
 561 02d9 13030000 		.4byte	.LASF51
 562 02dd 04       		.byte	0x4
 563 02de 61       		.byte	0x61
 564 02df E3020000 		.4byte	0x2e3
 565 02e3 0B       		.uleb128 0xb
 566 02e4 1D010000 		.4byte	.LASF52
 567 02e8 14       		.byte	0x14
 568 02e9 05       		.byte	0x5
 569 02ea 4501     		.2byte	0x145
 570 02ec 32030000 		.4byte	0x332
 571 02f0 09       		.uleb128 0x9
 572 02f1 6E000000 		.4byte	.LASF43
 573 02f5 05       		.byte	0x5
 574 02f6 4601     		.2byte	0x146
 575 02f8 B8050000 		.4byte	0x5b8
 576 02fc 00       		.byte	0
 577 02fd 09       		.uleb128 0x9
 578 02fe BC000000 		.4byte	.LASF46
 579 0302 05       		.byte	0x5
 580 0303 4701     		.2byte	0x147
 581 0305 B8050000 		.4byte	0x5b8
 582 0309 04       		.byte	0x4
 583 030a 09       		.uleb128 0x9
 584 030b 99040000 		.4byte	.LASF53
 585 030f 05       		.byte	0x5
 586 0310 4801     		.2byte	0x148
 587 0312 FA000000 		.4byte	0xfa
 588 0316 08       		.byte	0x8
 589 0317 09       		.uleb128 0x9
 590 0318 B0000000 		.4byte	.LASF54
 591 031c 05       		.byte	0x5
ARM GAS  /tmp/ccHeAZX7.s 			page 18


 592 031d 4901     		.2byte	0x149
 593 031f BA020000 		.4byte	0x2ba
 594 0323 0C       		.byte	0xc
 595 0324 08       		.uleb128 0x8
 596 0325 70617200 		.ascii	"par\000"
 597 0329 05       		.byte	0x5
 598 032a 4B01     		.2byte	0x14b
 599 032c D6020000 		.4byte	0x2d6
 600 0330 10       		.byte	0x10
 601 0331 00       		.byte	0
 602 0332 04       		.uleb128 0x4
 603 0333 51040000 		.4byte	.LASF55
 604 0337 04       		.byte	0x4
 605 0338 66       		.byte	0x66
 606 0339 3D030000 		.4byte	0x33d
 607 033d 0B       		.uleb128 0xb
 608 033e 96010000 		.4byte	.LASF56
 609 0342 0C       		.byte	0xc
 610 0343 05       		.byte	0x5
 611 0344 5501     		.2byte	0x155
 612 0346 7F030000 		.4byte	0x37f
 613 034a 09       		.uleb128 0x9
 614 034b 6E000000 		.4byte	.LASF43
 615 034f 05       		.byte	0x5
 616 0350 5601     		.2byte	0x156
 617 0352 B8050000 		.4byte	0x5b8
 618 0356 00       		.byte	0
 619 0357 09       		.uleb128 0x9
 620 0358 BC000000 		.4byte	.LASF46
 621 035c 05       		.byte	0x5
 622 035d 5801     		.2byte	0x158
 623 035f B8050000 		.4byte	0x5b8
 624 0363 04       		.byte	0x4
 625 0364 09       		.uleb128 0x9
 626 0365 99040000 		.4byte	.LASF53
 627 0369 05       		.byte	0x5
 628 036a 5A01     		.2byte	0x15a
 629 036c FA000000 		.4byte	0xfa
 630 0370 08       		.byte	0x8
 631 0371 09       		.uleb128 0x9
 632 0372 95030000 		.4byte	.LASF57
 633 0376 05       		.byte	0x5
 634 0377 6201     		.2byte	0x162
 635 0379 FA000000 		.4byte	0xfa
 636 037d 0A       		.byte	0xa
 637 037e 00       		.byte	0
 638 037f 04       		.uleb128 0x4
 639 0380 F0020000 		.4byte	.LASF58
 640 0384 04       		.byte	0x4
 641 0385 6B       		.byte	0x6b
 642 0386 8A030000 		.4byte	0x38a
 643 038a 0B       		.uleb128 0xb
 644 038b DB000000 		.4byte	.LASF59
 645 038f 04       		.byte	0x4
 646 0390 05       		.byte	0x5
 647 0391 7C01     		.2byte	0x17c
 648 0393 A5030000 		.4byte	0x3a5
ARM GAS  /tmp/ccHeAZX7.s 			page 19


 649 0397 09       		.uleb128 0x9
 650 0398 23030000 		.4byte	.LASF60
 651 039c 05       		.byte	0x5
 652 039d 8401     		.2byte	0x184
 653 039f BE050000 		.4byte	0x5be
 654 03a3 00       		.byte	0
 655 03a4 00       		.byte	0
 656 03a5 04       		.uleb128 0x4
 657 03a6 7B040000 		.4byte	.LASF61
 658 03aa 04       		.byte	0x4
 659 03ab 70       		.byte	0x70
 660 03ac B0030000 		.4byte	0x3b0
 661 03b0 0B       		.uleb128 0xb
 662 03b1 8B030000 		.4byte	.LASF62
 663 03b5 74       		.byte	0x74
 664 03b6 05       		.byte	0x5
 665 03b7 9C01     		.2byte	0x19c
 666 03b9 FE030000 		.4byte	0x3fe
 667 03bd 09       		.uleb128 0x9
 668 03be AF030000 		.4byte	.LASF63
 669 03c2 05       		.byte	0x5
 670 03c3 A001     		.2byte	0x1a0
 671 03c5 53020000 		.4byte	0x253
 672 03c9 00       		.byte	0
 673 03ca 09       		.uleb128 0x9
 674 03cb 8E000000 		.4byte	.LASF64
 675 03cf 05       		.byte	0x5
 676 03d0 A401     		.2byte	0x1a4
 677 03d2 32030000 		.4byte	0x332
 678 03d6 1C       		.byte	0x1c
 679 03d7 08       		.uleb128 0x8
 680 03d8 64626700 		.ascii	"dbg\000"
 681 03dc 05       		.byte	0x5
 682 03dd A801     		.2byte	0x1a8
 683 03df 7F030000 		.4byte	0x37f
 684 03e3 28       		.byte	0x28
 685 03e4 09       		.uleb128 0x9
 686 03e5 35030000 		.4byte	.LASF65
 687 03e9 05       		.byte	0x5
 688 03ea AC01     		.2byte	0x1ac
 689 03ec 05010000 		.4byte	0x105
 690 03f0 2C       		.byte	0x2c
 691 03f1 08       		.uleb128 0x8
 692 03f2 746D00   		.ascii	"tm\000"
 693 03f5 05       		.byte	0x5
 694 03f6 B101     		.2byte	0x1b1
 695 03f8 CA040000 		.4byte	0x4ca
 696 03fc 70       		.byte	0x70
 697 03fd 00       		.byte	0
 698 03fe 03       		.uleb128 0x3
 699 03ff 04       		.byte	0x4
 700 0400 07       		.byte	0x7
 701 0401 DB030000 		.4byte	.LASF66
 702 0405 04       		.uleb128 0x4
 703 0406 36000000 		.4byte	.LASF67
 704 040a 06       		.byte	0x6
 705 040b 65       		.byte	0x65
ARM GAS  /tmp/ccHeAZX7.s 			page 20


 706 040c D6020000 		.4byte	0x2d6
 707 0410 04       		.uleb128 0x4
 708 0411 B2040000 		.4byte	.LASF68
 709 0415 06       		.byte	0x6
 710 0416 6D       		.byte	0x6d
 711 0417 90000000 		.4byte	0x90
 712 041b 05       		.uleb128 0x5
 713 041c 95000000 		.4byte	.LASF69
 714 0420 04       		.byte	0x4
 715 0421 06       		.byte	0x6
 716 0422 89       		.byte	0x89
 717 0423 33040000 		.4byte	0x433
 718 0427 07       		.uleb128 0x7
 719 0428 737000   		.ascii	"sp\000"
 720 042b 06       		.byte	0x6
 721 042c 8A       		.byte	0x8a
 722 042d AF040000 		.4byte	0x4af
 723 0431 00       		.byte	0
 724 0432 00       		.byte	0
 725 0433 0B       		.uleb128 0xb
 726 0434 6B030000 		.4byte	.LASF70
 727 0438 24       		.byte	0x24
 728 0439 07       		.byte	0x7
 729 043a 5901     		.2byte	0x159
 730 043c AF040000 		.4byte	0x4af
 731 0440 08       		.uleb128 0x8
 732 0441 723400   		.ascii	"r4\000"
 733 0444 07       		.byte	0x7
 734 0445 6C01     		.2byte	0x16c
 735 0447 05040000 		.4byte	0x405
 736 044b 00       		.byte	0
 737 044c 08       		.uleb128 0x8
 738 044d 723500   		.ascii	"r5\000"
 739 0450 07       		.byte	0x7
 740 0451 6D01     		.2byte	0x16d
 741 0453 05040000 		.4byte	0x405
 742 0457 04       		.byte	0x4
 743 0458 08       		.uleb128 0x8
 744 0459 723600   		.ascii	"r6\000"
 745 045c 07       		.byte	0x7
 746 045d 6E01     		.2byte	0x16e
 747 045f 05040000 		.4byte	0x405
 748 0463 08       		.byte	0x8
 749 0464 08       		.uleb128 0x8
 750 0465 723700   		.ascii	"r7\000"
 751 0468 07       		.byte	0x7
 752 0469 6F01     		.2byte	0x16f
 753 046b 05040000 		.4byte	0x405
 754 046f 0C       		.byte	0xc
 755 0470 08       		.uleb128 0x8
 756 0471 723800   		.ascii	"r8\000"
 757 0474 07       		.byte	0x7
 758 0475 7001     		.2byte	0x170
 759 0477 05040000 		.4byte	0x405
 760 047b 10       		.byte	0x10
 761 047c 08       		.uleb128 0x8
 762 047d 723900   		.ascii	"r9\000"
ARM GAS  /tmp/ccHeAZX7.s 			page 21


 763 0480 07       		.byte	0x7
 764 0481 7101     		.2byte	0x171
 765 0483 05040000 		.4byte	0x405
 766 0487 14       		.byte	0x14
 767 0488 08       		.uleb128 0x8
 768 0489 72313000 		.ascii	"r10\000"
 769 048d 07       		.byte	0x7
 770 048e 7201     		.2byte	0x172
 771 0490 05040000 		.4byte	0x405
 772 0494 18       		.byte	0x18
 773 0495 08       		.uleb128 0x8
 774 0496 72313100 		.ascii	"r11\000"
 775 049a 07       		.byte	0x7
 776 049b 7301     		.2byte	0x173
 777 049d 05040000 		.4byte	0x405
 778 04a1 1C       		.byte	0x1c
 779 04a2 08       		.uleb128 0x8
 780 04a3 6C7200   		.ascii	"lr\000"
 781 04a6 07       		.byte	0x7
 782 04a7 7401     		.2byte	0x174
 783 04a9 05040000 		.4byte	0x405
 784 04ad 20       		.byte	0x20
 785 04ae 00       		.byte	0
 786 04af 0A       		.uleb128 0xa
 787 04b0 04       		.byte	0x4
 788 04b1 33040000 		.4byte	0x433
 789 04b5 0F       		.uleb128 0xf
 790 04b6 04       		.byte	0x4
 791 04b7 08       		.byte	0x8
 792 04b8 38       		.byte	0x38
 793 04b9 CA040000 		.4byte	0x4ca
 794 04bd 06       		.uleb128 0x6
 795 04be C4010000 		.4byte	.LASF71
 796 04c2 08       		.byte	0x8
 797 04c3 3C       		.byte	0x3c
 798 04c4 A2000000 		.4byte	0xa2
 799 04c8 00       		.byte	0
 800 04c9 00       		.byte	0
 801 04ca 04       		.uleb128 0x4
 802 04cb 25000000 		.4byte	.LASF72
 803 04cf 08       		.byte	0x8
 804 04d0 3D       		.byte	0x3d
 805 04d1 B5040000 		.4byte	0x4b5
 806 04d5 10       		.uleb128 0x10
 807 04d6 04       		.byte	0x4
 808 04d7 05       		.byte	0x5
 809 04d8 D2       		.byte	0xd2
 810 04d9 38050000 		.4byte	0x538
 811 04dd 11       		.uleb128 0x11
 812 04de BD010000 		.4byte	.LASF73
 813 04e2 05       		.byte	0x5
 814 04e3 D9       		.byte	0xd9
 815 04e4 D9000000 		.4byte	0xd9
 816 04e8 11       		.uleb128 0x11
 817 04e9 15050000 		.4byte	.LASF74
 818 04ed 05       		.byte	0x5
 819 04ee E0       		.byte	0xe0
ARM GAS  /tmp/ccHeAZX7.s 			page 22


 820 04ef D9000000 		.4byte	0xd9
 821 04f3 11       		.uleb128 0x11
 822 04f4 87000000 		.4byte	.LASF75
 823 04f8 05       		.byte	0x5
 824 04f9 E7       		.byte	0xe7
 825 04fa D6020000 		.4byte	0x2d6
 826 04fe 11       		.uleb128 0x11
 827 04ff 87040000 		.4byte	.LASF76
 828 0503 05       		.byte	0x5
 829 0504 EE       		.byte	0xee
 830 0505 38050000 		.4byte	0x538
 831 0509 11       		.uleb128 0x11
 832 050a F4000000 		.4byte	.LASF77
 833 050e 05       		.byte	0x5
 834 050f F3       		.byte	0xf3
 835 0510 D9000000 		.4byte	0xd9
 836 0514 11       		.uleb128 0x11
 837 0515 26040000 		.4byte	.LASF78
 838 0519 05       		.byte	0x5
 839 051a FC       		.byte	0xfc
 840 051b 63050000 		.4byte	0x563
 841 051f 12       		.uleb128 0x12
 842 0520 17000000 		.4byte	.LASF79
 843 0524 05       		.byte	0x5
 844 0525 0501     		.2byte	0x105
 845 0527 9A050000 		.4byte	0x59a
 846 052b 12       		.uleb128 0x12
 847 052c B5000000 		.4byte	.LASF80
 848 0530 05       		.byte	0x5
 849 0531 0D01     		.2byte	0x10d
 850 0533 E4000000 		.4byte	0xe4
 851 0537 00       		.byte	0
 852 0538 0A       		.uleb128 0xa
 853 0539 04       		.byte	0x4
 854 053a EE010000 		.4byte	0x1ee
 855 053e 05       		.uleb128 0x5
 856 053f 08010000 		.4byte	.LASF81
 857 0543 0C       		.byte	0xc
 858 0544 09       		.byte	0x9
 859 0545 34       		.byte	0x34
 860 0546 63050000 		.4byte	0x563
 861 054a 06       		.uleb128 0x6
 862 054b 18040000 		.4byte	.LASF24
 863 054f 09       		.byte	0x9
 864 0550 35       		.byte	0x35
 865 0551 23020000 		.4byte	0x223
 866 0555 00       		.byte	0
 867 0556 07       		.uleb128 0x7
 868 0557 636E7400 		.ascii	"cnt\000"
 869 055b 09       		.byte	0x9
 870 055c 37       		.byte	0x37
 871 055d EF000000 		.4byte	0xef
 872 0561 08       		.byte	0x8
 873 0562 00       		.byte	0
 874 0563 0A       		.uleb128 0xa
 875 0564 04       		.byte	0x4
 876 0565 3E050000 		.4byte	0x53e
ARM GAS  /tmp/ccHeAZX7.s 			page 23


 877 0569 05       		.uleb128 0x5
 878 056a D8010000 		.4byte	.LASF82
 879 056e 10       		.byte	0x10
 880 056f 0A       		.byte	0xa
 881 0570 39       		.byte	0x39
 882 0571 9A050000 		.4byte	0x59a
 883 0575 06       		.uleb128 0x6
 884 0576 18040000 		.4byte	.LASF24
 885 057a 0A       		.byte	0xa
 886 057b 3A       		.byte	0x3a
 887 057c 23020000 		.4byte	0x223
 888 0580 00       		.byte	0
 889 0581 06       		.uleb128 0x6
 890 0582 78010000 		.4byte	.LASF83
 891 0586 0A       		.byte	0xa
 892 0587 3C       		.byte	0x3c
 893 0588 F9010000 		.4byte	0x1f9
 894 058c 08       		.byte	0x8
 895 058d 06       		.uleb128 0x6
 896 058e 6E000000 		.4byte	.LASF43
 897 0592 0A       		.byte	0xa
 898 0593 3E       		.byte	0x3e
 899 0594 CE050000 		.4byte	0x5ce
 900 0598 0C       		.byte	0xc
 901 0599 00       		.byte	0
 902 059a 0A       		.uleb128 0xa
 903 059b 04       		.byte	0x4
 904 059c 69050000 		.4byte	0x569
 905 05a0 0A       		.uleb128 0xa
 906 05a1 04       		.byte	0x4
 907 05a2 A6050000 		.4byte	0x5a6
 908 05a6 13       		.uleb128 0x13
 909 05a7 AB050000 		.4byte	0x5ab
 910 05ab 03       		.uleb128 0x3
 911 05ac 01       		.byte	0x1
 912 05ad 08       		.byte	0x8
 913 05ae A6020000 		.4byte	.LASF84
 914 05b2 0A       		.uleb128 0xa
 915 05b3 04       		.byte	0x4
 916 05b4 10040000 		.4byte	0x410
 917 05b8 0A       		.uleb128 0xa
 918 05b9 04       		.byte	0x4
 919 05ba D8020000 		.4byte	0x2d8
 920 05be 14       		.uleb128 0x14
 921 05bf A0050000 		.4byte	0x5a0
 922 05c3 04       		.uleb128 0x4
 923 05c4 2D040000 		.4byte	.LASF85
 924 05c8 0A       		.byte	0xa
 925 05c9 34       		.byte	0x34
 926 05ca 69050000 		.4byte	0x569
 927 05ce 0A       		.uleb128 0xa
 928 05cf 04       		.byte	0x4
 929 05d0 C3050000 		.4byte	0x5c3
 930 05d4 03       		.uleb128 0x3
 931 05d5 01       		.byte	0x1
 932 05d6 02       		.byte	0x2
 933 05d7 CB010000 		.4byte	.LASF86
ARM GAS  /tmp/ccHeAZX7.s 			page 24


 934 05db 0F       		.uleb128 0xf
 935 05dc 0C       		.byte	0xc
 936 05dd 0B       		.byte	0xb
 937 05de 68       		.byte	0x68
 938 05df 08060000 		.4byte	0x608
 939 05e3 07       		.uleb128 0x7
 940 05e4 6F647200 		.ascii	"odr\000"
 941 05e8 0B       		.byte	0xb
 942 05e9 6A       		.byte	0x6a
 943 05ea 77000000 		.4byte	0x77
 944 05ee 00       		.byte	0
 945 05ef 07       		.uleb128 0x7
 946 05f0 63726C00 		.ascii	"crl\000"
 947 05f4 0B       		.byte	0xb
 948 05f5 6C       		.byte	0x6c
 949 05f6 77000000 		.4byte	0x77
 950 05fa 04       		.byte	0x4
 951 05fb 07       		.uleb128 0x7
 952 05fc 63726800 		.ascii	"crh\000"
 953 0600 0B       		.byte	0xb
 954 0601 6E       		.byte	0x6e
 955 0602 77000000 		.4byte	0x77
 956 0606 08       		.byte	0x8
 957 0607 00       		.byte	0
 958 0608 04       		.uleb128 0x4
 959 0609 65010000 		.4byte	.LASF87
 960 060d 0B       		.byte	0xb
 961 060e 6F       		.byte	0x6f
 962 060f DB050000 		.4byte	0x5db
 963 0613 0F       		.uleb128 0xf
 964 0614 3C       		.byte	0x3c
 965 0615 0B       		.byte	0xb
 966 0616 78       		.byte	0x78
 967 0617 58060000 		.4byte	0x658
 968 061b 06       		.uleb128 0x6
 969 061c 84030000 		.4byte	.LASF88
 970 0620 0B       		.byte	0xb
 971 0621 7A       		.byte	0x7a
 972 0622 08060000 		.4byte	0x608
 973 0626 00       		.byte	0
 974 0627 06       		.uleb128 0x6
 975 0628 D1010000 		.4byte	.LASF89
 976 062c 0B       		.byte	0xb
 977 062d 7C       		.byte	0x7c
 978 062e 08060000 		.4byte	0x608
 979 0632 0C       		.byte	0xc
 980 0633 06       		.uleb128 0x6
 981 0634 10000000 		.4byte	.LASF90
 982 0638 0B       		.byte	0xb
 983 0639 7E       		.byte	0x7e
 984 063a 08060000 		.4byte	0x608
 985 063e 18       		.byte	0x18
 986 063f 06       		.uleb128 0x6
 987 0640 51030000 		.4byte	.LASF91
 988 0644 0B       		.byte	0xb
 989 0645 80       		.byte	0x80
 990 0646 08060000 		.4byte	0x608
ARM GAS  /tmp/ccHeAZX7.s 			page 25


 991 064a 24       		.byte	0x24
 992 064b 06       		.uleb128 0x6
 993 064c B6010000 		.4byte	.LASF92
 994 0650 0B       		.byte	0xb
 995 0651 83       		.byte	0x83
 996 0652 08060000 		.4byte	0x608
 997 0656 30       		.byte	0x30
 998 0657 00       		.byte	0
 999 0658 04       		.uleb128 0x4
 1000 0659 D1030000 		.4byte	.LASF93
 1001 065d 0B       		.byte	0xb
 1002 065e 8D       		.byte	0x8d
 1003 065f 13060000 		.4byte	0x613
 1004 0663 15       		.uleb128 0x15
 1005 0664 C3030000 		.4byte	.LASF105
 1006 0668 13       		.byte	0x13
 1007 0669 C101     		.2byte	0x1c1
 1008 066b 03       		.byte	0x3
 1009 066c 16       		.uleb128 0x16
 1010 066d A7030000 		.4byte	.LASF106
 1011 0671 01       		.byte	0x1
 1012 0672 38       		.byte	0x38
 1013 0673 00000000 		.4byte	.LFB217
 1014 0677 2A000000 		.4byte	.LFE217-.LFB217
 1015 067b 01       		.uleb128 0x1
 1016 067c 9C       		.byte	0x9c
 1017 067d C1060000 		.4byte	0x6c1
 1018 0681 17       		.uleb128 0x17
 1019 0682 06000000 		.4byte	.LVL0
 1020 0686 EE060000 		.4byte	0x6ee
 1021 068a 17       		.uleb128 0x17
 1022 068b 12000000 		.4byte	.LVL1
 1023 068f F5060000 		.4byte	0x6f5
 1024 0693 17       		.uleb128 0x17
 1025 0694 16000000 		.4byte	.LVL2
 1026 0698 0D070000 		.4byte	0x70d
 1027 069c 17       		.uleb128 0x17
 1028 069d 1A000000 		.4byte	.LVL3
 1029 06a1 14070000 		.4byte	0x714
 1030 06a5 17       		.uleb128 0x17
 1031 06a6 1E000000 		.4byte	.LVL4
 1032 06aa 1B070000 		.4byte	0x71b
 1033 06ae 17       		.uleb128 0x17
 1034 06af 22000000 		.4byte	.LVL5
 1035 06b3 23070000 		.4byte	0x723
 1036 06b7 18       		.uleb128 0x18
 1037 06b8 2A000000 		.4byte	.LVL6
 1038 06bc 2A070000 		.4byte	0x72a
 1039 06c0 00       		.byte	0
 1040 06c1 19       		.uleb128 0x19
 1041 06c2 77030000 		.4byte	.LASF94
 1042 06c6 0C       		.byte	0xc
 1043 06c7 9606     		.2byte	0x696
 1044 06c9 CD060000 		.4byte	0x6cd
 1045 06cd 14       		.uleb128 0x14
 1046 06ce 65000000 		.4byte	0x65
 1047 06d2 1A       		.uleb128 0x1a
ARM GAS  /tmp/ccHeAZX7.s 			page 26


 1048 06d3 636800   		.ascii	"ch\000"
 1049 06d6 05       		.byte	0x5
 1050 06d7 D201     		.2byte	0x1d2
 1051 06d9 A5030000 		.4byte	0x3a5
 1052 06dd 19       		.uleb128 0x19
 1053 06de E1010000 		.4byte	.LASF95
 1054 06e2 0B       		.byte	0xb
 1055 06e3 6701     		.2byte	0x167
 1056 06e5 E9060000 		.4byte	0x6e9
 1057 06e9 13       		.uleb128 0x13
 1058 06ea 58060000 		.4byte	0x658
 1059 06ee 1B       		.uleb128 0x1b
 1060 06ef FE030000 		.4byte	.LASF96
 1061 06f3 0D       		.byte	0xd
 1062 06f4 D7       		.byte	0xd7
 1063 06f5 1C       		.uleb128 0x1c
 1064 06f6 B5030000 		.4byte	.LASF107
 1065 06fa 0B       		.byte	0xb
 1066 06fb 6C01     		.2byte	0x16c
 1067 06fd 07070000 		.4byte	0x707
 1068 0701 0D       		.uleb128 0xd
 1069 0702 07070000 		.4byte	0x707
 1070 0706 00       		.byte	0
 1071 0707 0A       		.uleb128 0xa
 1072 0708 04       		.byte	0x4
 1073 0709 E9060000 		.4byte	0x6e9
 1074 070d 1B       		.uleb128 0x1b
 1075 070e 1E050000 		.4byte	.LASF97
 1076 0712 0E       		.byte	0xe
 1077 0713 79       		.byte	0x79
 1078 0714 1B       		.uleb128 0x1b
 1079 0715 73040000 		.4byte	.LASF98
 1080 0719 0F       		.byte	0xf
 1081 071a DD       		.byte	0xdd
 1082 071b 1D       		.uleb128 0x1d
 1083 071c 1E000000 		.4byte	.LASF99
 1084 0720 10       		.byte	0x10
 1085 0721 1101     		.2byte	0x111
 1086 0723 1B       		.uleb128 0x1b
 1087 0724 9C020000 		.4byte	.LASF100
 1088 0728 11       		.byte	0x11
 1089 0729 89       		.byte	0x89
 1090 072a 1B       		.uleb128 0x1b
 1091 072b CE020000 		.4byte	.LASF101
 1092 072f 12       		.byte	0x12
 1093 0730 56       		.byte	0x56
 1094 0731 00       		.byte	0
 1095              		.section	.debug_abbrev,"",%progbits
 1096              	.Ldebug_abbrev0:
 1097 0000 01       		.uleb128 0x1
 1098 0001 11       		.uleb128 0x11
 1099 0002 01       		.byte	0x1
 1100 0003 25       		.uleb128 0x25
 1101 0004 0E       		.uleb128 0xe
 1102 0005 13       		.uleb128 0x13
 1103 0006 0B       		.uleb128 0xb
 1104 0007 03       		.uleb128 0x3
ARM GAS  /tmp/ccHeAZX7.s 			page 27


 1105 0008 0E       		.uleb128 0xe
 1106 0009 1B       		.uleb128 0x1b
 1107 000a 0E       		.uleb128 0xe
 1108 000b 55       		.uleb128 0x55
 1109 000c 17       		.uleb128 0x17
 1110 000d 11       		.uleb128 0x11
 1111 000e 01       		.uleb128 0x1
 1112 000f 10       		.uleb128 0x10
 1113 0010 17       		.uleb128 0x17
 1114 0011 00       		.byte	0
 1115 0012 00       		.byte	0
 1116 0013 02       		.uleb128 0x2
 1117 0014 24       		.uleb128 0x24
 1118 0015 00       		.byte	0
 1119 0016 0B       		.uleb128 0xb
 1120 0017 0B       		.uleb128 0xb
 1121 0018 3E       		.uleb128 0x3e
 1122 0019 0B       		.uleb128 0xb
 1123 001a 03       		.uleb128 0x3
 1124 001b 08       		.uleb128 0x8
 1125 001c 00       		.byte	0
 1126 001d 00       		.byte	0
 1127 001e 03       		.uleb128 0x3
 1128 001f 24       		.uleb128 0x24
 1129 0020 00       		.byte	0
 1130 0021 0B       		.uleb128 0xb
 1131 0022 0B       		.uleb128 0xb
 1132 0023 3E       		.uleb128 0x3e
 1133 0024 0B       		.uleb128 0xb
 1134 0025 03       		.uleb128 0x3
 1135 0026 0E       		.uleb128 0xe
 1136 0027 00       		.byte	0
 1137 0028 00       		.byte	0
 1138 0029 04       		.uleb128 0x4
 1139 002a 16       		.uleb128 0x16
 1140 002b 00       		.byte	0
 1141 002c 03       		.uleb128 0x3
 1142 002d 0E       		.uleb128 0xe
 1143 002e 3A       		.uleb128 0x3a
 1144 002f 0B       		.uleb128 0xb
 1145 0030 3B       		.uleb128 0x3b
 1146 0031 0B       		.uleb128 0xb
 1147 0032 49       		.uleb128 0x49
 1148 0033 13       		.uleb128 0x13
 1149 0034 00       		.byte	0
 1150 0035 00       		.byte	0
 1151 0036 05       		.uleb128 0x5
 1152 0037 13       		.uleb128 0x13
 1153 0038 01       		.byte	0x1
 1154 0039 03       		.uleb128 0x3
 1155 003a 0E       		.uleb128 0xe
 1156 003b 0B       		.uleb128 0xb
 1157 003c 0B       		.uleb128 0xb
 1158 003d 3A       		.uleb128 0x3a
 1159 003e 0B       		.uleb128 0xb
 1160 003f 3B       		.uleb128 0x3b
 1161 0040 0B       		.uleb128 0xb
ARM GAS  /tmp/ccHeAZX7.s 			page 28


 1162 0041 01       		.uleb128 0x1
 1163 0042 13       		.uleb128 0x13
 1164 0043 00       		.byte	0
 1165 0044 00       		.byte	0
 1166 0045 06       		.uleb128 0x6
 1167 0046 0D       		.uleb128 0xd
 1168 0047 00       		.byte	0
 1169 0048 03       		.uleb128 0x3
 1170 0049 0E       		.uleb128 0xe
 1171 004a 3A       		.uleb128 0x3a
 1172 004b 0B       		.uleb128 0xb
 1173 004c 3B       		.uleb128 0x3b
 1174 004d 0B       		.uleb128 0xb
 1175 004e 49       		.uleb128 0x49
 1176 004f 13       		.uleb128 0x13
 1177 0050 38       		.uleb128 0x38
 1178 0051 0B       		.uleb128 0xb
 1179 0052 00       		.byte	0
 1180 0053 00       		.byte	0
 1181 0054 07       		.uleb128 0x7
 1182 0055 0D       		.uleb128 0xd
 1183 0056 00       		.byte	0
 1184 0057 03       		.uleb128 0x3
 1185 0058 08       		.uleb128 0x8
 1186 0059 3A       		.uleb128 0x3a
 1187 005a 0B       		.uleb128 0xb
 1188 005b 3B       		.uleb128 0x3b
 1189 005c 0B       		.uleb128 0xb
 1190 005d 49       		.uleb128 0x49
 1191 005e 13       		.uleb128 0x13
 1192 005f 38       		.uleb128 0x38
 1193 0060 0B       		.uleb128 0xb
 1194 0061 00       		.byte	0
 1195 0062 00       		.byte	0
 1196 0063 08       		.uleb128 0x8
 1197 0064 0D       		.uleb128 0xd
 1198 0065 00       		.byte	0
 1199 0066 03       		.uleb128 0x3
 1200 0067 08       		.uleb128 0x8
 1201 0068 3A       		.uleb128 0x3a
 1202 0069 0B       		.uleb128 0xb
 1203 006a 3B       		.uleb128 0x3b
 1204 006b 05       		.uleb128 0x5
 1205 006c 49       		.uleb128 0x49
 1206 006d 13       		.uleb128 0x13
 1207 006e 38       		.uleb128 0x38
 1208 006f 0B       		.uleb128 0xb
 1209 0070 00       		.byte	0
 1210 0071 00       		.byte	0
 1211 0072 09       		.uleb128 0x9
 1212 0073 0D       		.uleb128 0xd
 1213 0074 00       		.byte	0
 1214 0075 03       		.uleb128 0x3
 1215 0076 0E       		.uleb128 0xe
 1216 0077 3A       		.uleb128 0x3a
 1217 0078 0B       		.uleb128 0xb
 1218 0079 3B       		.uleb128 0x3b
ARM GAS  /tmp/ccHeAZX7.s 			page 29


 1219 007a 05       		.uleb128 0x5
 1220 007b 49       		.uleb128 0x49
 1221 007c 13       		.uleb128 0x13
 1222 007d 38       		.uleb128 0x38
 1223 007e 0B       		.uleb128 0xb
 1224 007f 00       		.byte	0
 1225 0080 00       		.byte	0
 1226 0081 0A       		.uleb128 0xa
 1227 0082 0F       		.uleb128 0xf
 1228 0083 00       		.byte	0
 1229 0084 0B       		.uleb128 0xb
 1230 0085 0B       		.uleb128 0xb
 1231 0086 49       		.uleb128 0x49
 1232 0087 13       		.uleb128 0x13
 1233 0088 00       		.byte	0
 1234 0089 00       		.byte	0
 1235 008a 0B       		.uleb128 0xb
 1236 008b 13       		.uleb128 0x13
 1237 008c 01       		.byte	0x1
 1238 008d 03       		.uleb128 0x3
 1239 008e 0E       		.uleb128 0xe
 1240 008f 0B       		.uleb128 0xb
 1241 0090 0B       		.uleb128 0xb
 1242 0091 3A       		.uleb128 0x3a
 1243 0092 0B       		.uleb128 0xb
 1244 0093 3B       		.uleb128 0x3b
 1245 0094 05       		.uleb128 0x5
 1246 0095 01       		.uleb128 0x1
 1247 0096 13       		.uleb128 0x13
 1248 0097 00       		.byte	0
 1249 0098 00       		.byte	0
 1250 0099 0C       		.uleb128 0xc
 1251 009a 15       		.uleb128 0x15
 1252 009b 01       		.byte	0x1
 1253 009c 27       		.uleb128 0x27
 1254 009d 19       		.uleb128 0x19
 1255 009e 01       		.uleb128 0x1
 1256 009f 13       		.uleb128 0x13
 1257 00a0 00       		.byte	0
 1258 00a1 00       		.byte	0
 1259 00a2 0D       		.uleb128 0xd
 1260 00a3 05       		.uleb128 0x5
 1261 00a4 00       		.byte	0
 1262 00a5 49       		.uleb128 0x49
 1263 00a6 13       		.uleb128 0x13
 1264 00a7 00       		.byte	0
 1265 00a8 00       		.byte	0
 1266 00a9 0E       		.uleb128 0xe
 1267 00aa 0F       		.uleb128 0xf
 1268 00ab 00       		.byte	0
 1269 00ac 0B       		.uleb128 0xb
 1270 00ad 0B       		.uleb128 0xb
 1271 00ae 00       		.byte	0
 1272 00af 00       		.byte	0
 1273 00b0 0F       		.uleb128 0xf
 1274 00b1 13       		.uleb128 0x13
 1275 00b2 01       		.byte	0x1
ARM GAS  /tmp/ccHeAZX7.s 			page 30


 1276 00b3 0B       		.uleb128 0xb
 1277 00b4 0B       		.uleb128 0xb
 1278 00b5 3A       		.uleb128 0x3a
 1279 00b6 0B       		.uleb128 0xb
 1280 00b7 3B       		.uleb128 0x3b
 1281 00b8 0B       		.uleb128 0xb
 1282 00b9 01       		.uleb128 0x1
 1283 00ba 13       		.uleb128 0x13
 1284 00bb 00       		.byte	0
 1285 00bc 00       		.byte	0
 1286 00bd 10       		.uleb128 0x10
 1287 00be 17       		.uleb128 0x17
 1288 00bf 01       		.byte	0x1
 1289 00c0 0B       		.uleb128 0xb
 1290 00c1 0B       		.uleb128 0xb
 1291 00c2 3A       		.uleb128 0x3a
 1292 00c3 0B       		.uleb128 0xb
 1293 00c4 3B       		.uleb128 0x3b
 1294 00c5 0B       		.uleb128 0xb
 1295 00c6 01       		.uleb128 0x1
 1296 00c7 13       		.uleb128 0x13
 1297 00c8 00       		.byte	0
 1298 00c9 00       		.byte	0
 1299 00ca 11       		.uleb128 0x11
 1300 00cb 0D       		.uleb128 0xd
 1301 00cc 00       		.byte	0
 1302 00cd 03       		.uleb128 0x3
 1303 00ce 0E       		.uleb128 0xe
 1304 00cf 3A       		.uleb128 0x3a
 1305 00d0 0B       		.uleb128 0xb
 1306 00d1 3B       		.uleb128 0x3b
 1307 00d2 0B       		.uleb128 0xb
 1308 00d3 49       		.uleb128 0x49
 1309 00d4 13       		.uleb128 0x13
 1310 00d5 00       		.byte	0
 1311 00d6 00       		.byte	0
 1312 00d7 12       		.uleb128 0x12
 1313 00d8 0D       		.uleb128 0xd
 1314 00d9 00       		.byte	0
 1315 00da 03       		.uleb128 0x3
 1316 00db 0E       		.uleb128 0xe
 1317 00dc 3A       		.uleb128 0x3a
 1318 00dd 0B       		.uleb128 0xb
 1319 00de 3B       		.uleb128 0x3b
 1320 00df 05       		.uleb128 0x5
 1321 00e0 49       		.uleb128 0x49
 1322 00e1 13       		.uleb128 0x13
 1323 00e2 00       		.byte	0
 1324 00e3 00       		.byte	0
 1325 00e4 13       		.uleb128 0x13
 1326 00e5 26       		.uleb128 0x26
 1327 00e6 00       		.byte	0
 1328 00e7 49       		.uleb128 0x49
 1329 00e8 13       		.uleb128 0x13
 1330 00e9 00       		.byte	0
 1331 00ea 00       		.byte	0
 1332 00eb 14       		.uleb128 0x14
ARM GAS  /tmp/ccHeAZX7.s 			page 31


 1333 00ec 35       		.uleb128 0x35
 1334 00ed 00       		.byte	0
 1335 00ee 49       		.uleb128 0x49
 1336 00ef 13       		.uleb128 0x13
 1337 00f0 00       		.byte	0
 1338 00f1 00       		.byte	0
 1339 00f2 15       		.uleb128 0x15
 1340 00f3 2E       		.uleb128 0x2e
 1341 00f4 00       		.byte	0
 1342 00f5 03       		.uleb128 0x3
 1343 00f6 0E       		.uleb128 0xe
 1344 00f7 3A       		.uleb128 0x3a
 1345 00f8 0B       		.uleb128 0xb
 1346 00f9 3B       		.uleb128 0x3b
 1347 00fa 05       		.uleb128 0x5
 1348 00fb 27       		.uleb128 0x27
 1349 00fc 19       		.uleb128 0x19
 1350 00fd 20       		.uleb128 0x20
 1351 00fe 0B       		.uleb128 0xb
 1352 00ff 00       		.byte	0
 1353 0100 00       		.byte	0
 1354 0101 16       		.uleb128 0x16
 1355 0102 2E       		.uleb128 0x2e
 1356 0103 01       		.byte	0x1
 1357 0104 3F       		.uleb128 0x3f
 1358 0105 19       		.uleb128 0x19
 1359 0106 03       		.uleb128 0x3
 1360 0107 0E       		.uleb128 0xe
 1361 0108 3A       		.uleb128 0x3a
 1362 0109 0B       		.uleb128 0xb
 1363 010a 3B       		.uleb128 0x3b
 1364 010b 0B       		.uleb128 0xb
 1365 010c 27       		.uleb128 0x27
 1366 010d 19       		.uleb128 0x19
 1367 010e 11       		.uleb128 0x11
 1368 010f 01       		.uleb128 0x1
 1369 0110 12       		.uleb128 0x12
 1370 0111 06       		.uleb128 0x6
 1371 0112 40       		.uleb128 0x40
 1372 0113 18       		.uleb128 0x18
 1373 0114 9742     		.uleb128 0x2117
 1374 0116 19       		.uleb128 0x19
 1375 0117 01       		.uleb128 0x1
 1376 0118 13       		.uleb128 0x13
 1377 0119 00       		.byte	0
 1378 011a 00       		.byte	0
 1379 011b 17       		.uleb128 0x17
 1380 011c 898201   		.uleb128 0x4109
 1381 011f 00       		.byte	0
 1382 0120 11       		.uleb128 0x11
 1383 0121 01       		.uleb128 0x1
 1384 0122 31       		.uleb128 0x31
 1385 0123 13       		.uleb128 0x13
 1386 0124 00       		.byte	0
 1387 0125 00       		.byte	0
 1388 0126 18       		.uleb128 0x18
 1389 0127 898201   		.uleb128 0x4109
ARM GAS  /tmp/ccHeAZX7.s 			page 32


 1390 012a 00       		.byte	0
 1391 012b 11       		.uleb128 0x11
 1392 012c 01       		.uleb128 0x1
 1393 012d 9542     		.uleb128 0x2115
 1394 012f 19       		.uleb128 0x19
 1395 0130 31       		.uleb128 0x31
 1396 0131 13       		.uleb128 0x13
 1397 0132 00       		.byte	0
 1398 0133 00       		.byte	0
 1399 0134 19       		.uleb128 0x19
 1400 0135 34       		.uleb128 0x34
 1401 0136 00       		.byte	0
 1402 0137 03       		.uleb128 0x3
 1403 0138 0E       		.uleb128 0xe
 1404 0139 3A       		.uleb128 0x3a
 1405 013a 0B       		.uleb128 0xb
 1406 013b 3B       		.uleb128 0x3b
 1407 013c 05       		.uleb128 0x5
 1408 013d 49       		.uleb128 0x49
 1409 013e 13       		.uleb128 0x13
 1410 013f 3F       		.uleb128 0x3f
 1411 0140 19       		.uleb128 0x19
 1412 0141 3C       		.uleb128 0x3c
 1413 0142 19       		.uleb128 0x19
 1414 0143 00       		.byte	0
 1415 0144 00       		.byte	0
 1416 0145 1A       		.uleb128 0x1a
 1417 0146 34       		.uleb128 0x34
 1418 0147 00       		.byte	0
 1419 0148 03       		.uleb128 0x3
 1420 0149 08       		.uleb128 0x8
 1421 014a 3A       		.uleb128 0x3a
 1422 014b 0B       		.uleb128 0xb
 1423 014c 3B       		.uleb128 0x3b
 1424 014d 05       		.uleb128 0x5
 1425 014e 49       		.uleb128 0x49
 1426 014f 13       		.uleb128 0x13
 1427 0150 3F       		.uleb128 0x3f
 1428 0151 19       		.uleb128 0x19
 1429 0152 3C       		.uleb128 0x3c
 1430 0153 19       		.uleb128 0x19
 1431 0154 00       		.byte	0
 1432 0155 00       		.byte	0
 1433 0156 1B       		.uleb128 0x1b
 1434 0157 2E       		.uleb128 0x2e
 1435 0158 00       		.byte	0
 1436 0159 3F       		.uleb128 0x3f
 1437 015a 19       		.uleb128 0x19
 1438 015b 03       		.uleb128 0x3
 1439 015c 0E       		.uleb128 0xe
 1440 015d 3A       		.uleb128 0x3a
 1441 015e 0B       		.uleb128 0xb
 1442 015f 3B       		.uleb128 0x3b
 1443 0160 0B       		.uleb128 0xb
 1444 0161 27       		.uleb128 0x27
 1445 0162 19       		.uleb128 0x19
 1446 0163 3C       		.uleb128 0x3c
ARM GAS  /tmp/ccHeAZX7.s 			page 33


 1447 0164 19       		.uleb128 0x19
 1448 0165 00       		.byte	0
 1449 0166 00       		.byte	0
 1450 0167 1C       		.uleb128 0x1c
 1451 0168 2E       		.uleb128 0x2e
 1452 0169 01       		.byte	0x1
 1453 016a 3F       		.uleb128 0x3f
 1454 016b 19       		.uleb128 0x19
 1455 016c 03       		.uleb128 0x3
 1456 016d 0E       		.uleb128 0xe
 1457 016e 3A       		.uleb128 0x3a
 1458 016f 0B       		.uleb128 0xb
 1459 0170 3B       		.uleb128 0x3b
 1460 0171 05       		.uleb128 0x5
 1461 0172 27       		.uleb128 0x27
 1462 0173 19       		.uleb128 0x19
 1463 0174 3C       		.uleb128 0x3c
 1464 0175 19       		.uleb128 0x19
 1465 0176 01       		.uleb128 0x1
 1466 0177 13       		.uleb128 0x13
 1467 0178 00       		.byte	0
 1468 0179 00       		.byte	0
 1469 017a 1D       		.uleb128 0x1d
 1470 017b 2E       		.uleb128 0x2e
 1471 017c 00       		.byte	0
 1472 017d 3F       		.uleb128 0x3f
 1473 017e 19       		.uleb128 0x19
 1474 017f 03       		.uleb128 0x3
 1475 0180 0E       		.uleb128 0xe
 1476 0181 3A       		.uleb128 0x3a
 1477 0182 0B       		.uleb128 0xb
 1478 0183 3B       		.uleb128 0x3b
 1479 0184 05       		.uleb128 0x5
 1480 0185 27       		.uleb128 0x27
 1481 0186 19       		.uleb128 0x19
 1482 0187 3C       		.uleb128 0x3c
 1483 0188 19       		.uleb128 0x19
 1484 0189 00       		.byte	0
 1485 018a 00       		.byte	0
 1486 018b 00       		.byte	0
 1487              		.section	.debug_aranges,"",%progbits
 1488 0000 1C000000 		.4byte	0x1c
 1489 0004 0200     		.2byte	0x2
 1490 0006 00000000 		.4byte	.Ldebug_info0
 1491 000a 04       		.byte	0x4
 1492 000b 00       		.byte	0
 1493 000c 0000     		.2byte	0
 1494 000e 0000     		.2byte	0
 1495 0010 00000000 		.4byte	.LFB217
 1496 0014 2A000000 		.4byte	.LFE217-.LFB217
 1497 0018 00000000 		.4byte	0
 1498 001c 00000000 		.4byte	0
 1499              		.section	.debug_ranges,"",%progbits
 1500              	.Ldebug_ranges0:
 1501 0000 00000000 		.4byte	.LFB217
 1502 0004 2A000000 		.4byte	.LFE217
 1503 0008 00000000 		.4byte	0
ARM GAS  /tmp/ccHeAZX7.s 			page 34


 1504 000c 00000000 		.4byte	0
 1505              		.section	.debug_line,"",%progbits
 1506              	.Ldebug_line0:
 1507 0000 C7020000 		.section	.debug_str,"MS",%progbits,1
 1507      0200A002 
 1507      00000201 
 1507      FB0E0D00 
 1507      01010101 
 1508              	.LASF42:
 1509 0000 63685F74 		.ascii	"ch_threads_list\000"
 1509      68726561 
 1509      64735F6C 
 1509      69737400 
 1510              	.LASF90:
 1511 0010 50434461 		.ascii	"PCData\000"
 1511      746100
 1512              	.LASF79:
 1513 0017 77746D74 		.ascii	"wtmtxp\000"
 1513      787000
 1514              	.LASF99:
 1515 001e 7364496E 		.ascii	"sdInit\000"
 1515      697400
 1516              	.LASF72:
 1517 0025 746D5F63 		.ascii	"tm_calibration_t\000"
 1517      616C6962 
 1517      72617469 
 1517      6F6E5F74 
 1517      00
 1518              	.LASF67:
 1519 0036 72656761 		.ascii	"regarm_t\000"
 1519      726D5F74 
 1519      00
 1520              	.LASF31:
 1521 003f 666C6167 		.ascii	"flags\000"
 1521      7300
 1522              	.LASF22:
 1523 0045 73797374 		.ascii	"systime_t\000"
 1523      696D655F 
 1523      7400
 1524              	.LASF37:
 1525 004f 7265616C 		.ascii	"realprio\000"
 1525      7072696F 
 1525      00
 1526              	.LASF35:
 1527 0058 6570656E 		.ascii	"epending\000"
 1527      64696E67 
 1527      00
 1528              	.LASF0:
 1529 0061 756E7369 		.ascii	"unsigned int\000"
 1529      676E6564 
 1529      20696E74 
 1529      00
 1530              	.LASF43:
 1531 006e 6E657874 		.ascii	"next\000"
 1531      00
 1532              	.LASF40:
 1533 0073 74687265 		.ascii	"threads_list_t\000"
ARM GAS  /tmp/ccHeAZX7.s 			page 35


 1533      6164735F 
 1533      6C697374 
 1533      5F7400
 1534              	.LASF32:
 1535 0082 72656673 		.ascii	"refs\000"
 1535      00
 1536              	.LASF75:
 1537 0087 77746F62 		.ascii	"wtobjp\000"
 1537      6A7000
 1538              	.LASF64:
 1539 008e 76746C69 		.ascii	"vtlist\000"
 1539      737400
 1540              	.LASF69:
 1541 0095 706F7274 		.ascii	"port_context\000"
 1541      5F636F6E 
 1541      74657874 
 1541      00
 1542              	.LASF48:
 1543 00a2 63685F72 		.ascii	"ch_ready_list\000"
 1543      65616479 
 1543      5F6C6973 
 1543      7400
 1544              	.LASF54:
 1545 00b0 66756E63 		.ascii	"func\000"
 1545      00
 1546              	.LASF80:
 1547 00b5 65776D61 		.ascii	"ewmask\000"
 1547      736B00
 1548              	.LASF46:
 1549 00bc 70726576 		.ascii	"prev\000"
 1549      00
 1550              	.LASF45:
 1551 00c1 63685F74 		.ascii	"ch_threads_queue\000"
 1551      68726561 
 1551      64735F71 
 1551      75657565 
 1551      00
 1552              	.LASF50:
 1553 00d2 76746675 		.ascii	"vtfunc_t\000"
 1553      6E635F74 
 1553      00
 1554              	.LASF59:
 1555 00db 63685F73 		.ascii	"ch_system_debug\000"
 1555      79737465 
 1555      6D5F6465 
 1555      62756700 
 1556              	.LASF9:
 1557 00eb 75696E74 		.ascii	"uint32_t\000"
 1557      33325F74 
 1557      00
 1558              	.LASF77:
 1559 00f4 73656E74 		.ascii	"sentmsg\000"
 1559      6D736700 
 1560              	.LASF20:
 1561 00fc 6576656E 		.ascii	"eventmask_t\000"
 1561      746D6173 
 1561      6B5F7400 
ARM GAS  /tmp/ccHeAZX7.s 			page 36


 1562              	.LASF81:
 1563 0108 63685F73 		.ascii	"ch_semaphore\000"
 1563      656D6170 
 1563      686F7265 
 1563      00
 1564              	.LASF18:
 1565 0115 74707269 		.ascii	"tprio_t\000"
 1565      6F5F7400 
 1566              	.LASF52:
 1567 011d 63685F76 		.ascii	"ch_virtual_timer\000"
 1567      69727475 
 1567      616C5F74 
 1567      696D6572 
 1567      00
 1568              	.LASF103:
 1569 012e 2E2E2F2E 		.ascii	"../../../os/hal/src/hal.c\000"
 1569      2E2F2E2E 
 1569      2F6F732F 
 1569      68616C2F 
 1569      7372632F 
 1570              	.LASF13:
 1571 0148 6C6F6E67 		.ascii	"long long unsigned int\000"
 1571      206C6F6E 
 1571      6720756E 
 1571      7369676E 
 1571      65642069 
 1572              	.LASF21:
 1573 015f 636E745F 		.ascii	"cnt_t\000"
 1573      7400
 1574              	.LASF87:
 1575 0165 73746D33 		.ascii	"stm32_gpio_setup_t\000"
 1575      325F6770 
 1575      696F5F73 
 1575      65747570 
 1575      5F7400
 1576              	.LASF83:
 1577 0178 6F776E65 		.ascii	"owner\000"
 1577      7200
 1578              	.LASF44:
 1579 017e 74687265 		.ascii	"threads_queue_t\000"
 1579      6164735F 
 1579      71756575 
 1579      655F7400 
 1580              	.LASF36:
 1581 018e 6D74786C 		.ascii	"mtxlist\000"
 1581      69737400 
 1582              	.LASF56:
 1583 0196 63685F76 		.ascii	"ch_virtual_timers_list\000"
 1583      69727475 
 1583      616C5F74 
 1583      696D6572 
 1583      735F6C69 
 1584              	.LASF23:
 1585 01ad 74687265 		.ascii	"thread_t\000"
 1585      61645F74 
 1585      00
 1586              	.LASF92:
ARM GAS  /tmp/ccHeAZX7.s 			page 37


 1587 01b6 50454461 		.ascii	"PEData\000"
 1587      746100
 1588              	.LASF73:
 1589 01bd 7264796D 		.ascii	"rdymsg\000"
 1589      736700
 1590              	.LASF71:
 1591 01c4 6F666673 		.ascii	"offset\000"
 1591      657400
 1592              	.LASF86:
 1593 01cb 5F426F6F 		.ascii	"_Bool\000"
 1593      6C00
 1594              	.LASF89:
 1595 01d1 50424461 		.ascii	"PBData\000"
 1595      746100
 1596              	.LASF82:
 1597 01d8 63685F6D 		.ascii	"ch_mutex\000"
 1597      75746578 
 1597      00
 1598              	.LASF95:
 1599 01e1 70616C5F 		.ascii	"pal_default_config\000"
 1599      64656661 
 1599      756C745F 
 1599      636F6E66 
 1599      696700
 1600              	.LASF102:
 1601 01f4 474E5520 		.ascii	"GNU C 4.8.1 -mcpu=cortex-m3 -mno-thumb-interwork -m"
 1601      4320342E 
 1601      382E3120 
 1601      2D6D6370 
 1601      753D636F 
 1602 0227 7468756D 		.ascii	"thumb -ggdb -O2 -fomit-frame-pointer -falign-functi"
 1602      62202D67 
 1602      67646220 
 1602      2D4F3220 
 1602      2D666F6D 
 1603 025a 6F6E733D 		.ascii	"ons=16 -ffunction-sections -fdata-sections -fno-com"
 1603      3136202D 
 1603      6666756E 
 1603      6374696F 
 1603      6E2D7365 
 1604 028d 6D6F6E20 		.ascii	"mon -flto\000"
 1604      2D666C74 
 1604      6F00
 1605              	.LASF25:
 1606 0297 7072696F 		.ascii	"prio\000"
 1606      00
 1607              	.LASF100:
 1608 029c 626F6172 		.ascii	"boardInit\000"
 1608      64496E69 
 1608      7400
 1609              	.LASF84:
 1610 02a6 63686172 		.ascii	"char\000"
 1610      00
 1611              	.LASF39:
 1612 02ab 74687265 		.ascii	"thread_reference_t\000"
 1612      61645F72 
 1612      65666572 
ARM GAS  /tmp/ccHeAZX7.s 			page 38


 1612      656E6365 
 1612      5F7400
 1613              	.LASF29:
 1614 02be 77616261 		.ascii	"wabase\000"
 1614      736500
 1615              	.LASF16:
 1616 02c5 74737461 		.ascii	"tstate_t\000"
 1616      74655F74 
 1616      00
 1617              	.LASF101:
 1618 02ce 7374496E 		.ascii	"stInit\000"
 1618      697400
 1619              	.LASF4:
 1620 02d5 75696E74 		.ascii	"uint8_t\000"
 1620      385F7400 
 1621              	.LASF34:
 1622 02dd 6D736771 		.ascii	"msgqueue\000"
 1622      75657565 
 1622      00
 1623              	.LASF41:
 1624 02e6 63685F74 		.ascii	"ch_thread\000"
 1624      68726561 
 1624      6400
 1625              	.LASF58:
 1626 02f0 73797374 		.ascii	"system_debug_t\000"
 1626      656D5F64 
 1626      65627567 
 1626      5F7400
 1627              	.LASF11:
 1628 02ff 6C6F6E67 		.ascii	"long long int\000"
 1628      206C6F6E 
 1628      6720696E 
 1628      7400
 1629              	.LASF19:
 1630 030d 6D73675F 		.ascii	"msg_t\000"
 1630      7400
 1631              	.LASF51:
 1632 0313 76697274 		.ascii	"virtual_timer_t\000"
 1632      75616C5F 
 1632      74696D65 
 1632      725F7400 
 1633              	.LASF60:
 1634 0323 70616E69 		.ascii	"panic_msg\000"
 1634      635F6D73 
 1634      6700
 1635              	.LASF15:
 1636 032d 746D6F64 		.ascii	"tmode_t\000"
 1636      655F7400 
 1637              	.LASF65:
 1638 0335 6D61696E 		.ascii	"mainthread\000"
 1638      74687265 
 1638      616400
 1639              	.LASF5:
 1640 0340 75696E74 		.ascii	"uint16_t\000"
 1640      31365F74 
 1640      00
 1641              	.LASF14:
ARM GAS  /tmp/ccHeAZX7.s 			page 39


 1642 0349 7274636E 		.ascii	"rtcnt_t\000"
 1642      745F7400 
 1643              	.LASF91:
 1644 0351 50444461 		.ascii	"PDData\000"
 1644      746100
 1645              	.LASF3:
 1646 0358 73686F72 		.ascii	"short int\000"
 1646      7420696E 
 1646      7400
 1647              	.LASF8:
 1648 0362 6C6F6E67 		.ascii	"long int\000"
 1648      20696E74 
 1648      00
 1649              	.LASF70:
 1650 036b 706F7274 		.ascii	"port_intctx\000"
 1650      5F696E74 
 1650      63747800 
 1651              	.LASF94:
 1652 0377 49544D5F 		.ascii	"ITM_RxBuffer\000"
 1652      52784275 
 1652      66666572 
 1652      00
 1653              	.LASF88:
 1654 0384 50414461 		.ascii	"PAData\000"
 1654      746100
 1655              	.LASF62:
 1656 038b 63685F73 		.ascii	"ch_system\000"
 1656      79737465 
 1656      6D00
 1657              	.LASF57:
 1658 0395 6C617374 		.ascii	"lasttime\000"
 1658      74696D65 
 1658      00
 1659              	.LASF12:
 1660 039e 75696E74 		.ascii	"uint64_t\000"
 1660      36345F74 
 1660      00
 1661              	.LASF106:
 1662 03a7 68616C49 		.ascii	"halInit\000"
 1662      6E697400 
 1663              	.LASF63:
 1664 03af 726C6973 		.ascii	"rlist\000"
 1664      7400
 1665              	.LASF107:
 1666 03b5 5F70616C 		.ascii	"_pal_lld_init\000"
 1666      5F6C6C64 
 1666      5F696E69 
 1666      7400
 1667              	.LASF105:
 1668 03c3 6F73616C 		.ascii	"osalInit\000"
 1668      496E6974 
 1668      00
 1669              	.LASF28:
 1670 03cc 6E616D65 		.ascii	"name\000"
 1670      00
 1671              	.LASF93:
 1672 03d1 50414C43 		.ascii	"PALConfig\000"
ARM GAS  /tmp/ccHeAZX7.s 			page 40


 1672      6F6E6669 
 1672      6700
 1673              	.LASF66:
 1674 03db 73697A65 		.ascii	"sizetype\000"
 1674      74797065 
 1674      00
 1675              	.LASF17:
 1676 03e4 74726566 		.ascii	"trefs_t\000"
 1676      735F7400 
 1677              	.LASF10:
 1678 03ec 6C6F6E67 		.ascii	"long unsigned int\000"
 1678      20756E73 
 1678      69676E65 
 1678      6420696E 
 1678      7400
 1679              	.LASF96:
 1680 03fe 68616C5F 		.ascii	"hal_lld_init\000"
 1680      6C6C645F 
 1680      696E6974 
 1680      00
 1681              	.LASF47:
 1682 040b 72656164 		.ascii	"ready_list_t\000"
 1682      795F6C69 
 1682      73745F74 
 1682      00
 1683              	.LASF24:
 1684 0418 71756575 		.ascii	"queue\000"
 1684      6500
 1685              	.LASF7:
 1686 041e 696E7433 		.ascii	"int32_t\000"
 1686      325F7400 
 1687              	.LASF78:
 1688 0426 77747365 		.ascii	"wtsemp\000"
 1688      6D7000
 1689              	.LASF85:
 1690 042d 6D757465 		.ascii	"mutex_t\000"
 1690      785F7400 
 1691              	.LASF26:
 1692 0435 6E657765 		.ascii	"newer\000"
 1692      7200
 1693              	.LASF2:
 1694 043b 756E7369 		.ascii	"unsigned char\000"
 1694      676E6564 
 1694      20636861 
 1694      7200
 1695              	.LASF33:
 1696 0449 77616974 		.ascii	"waiting\000"
 1696      696E6700 
 1697              	.LASF55:
 1698 0451 76697274 		.ascii	"virtual_timers_list_t\000"
 1698      75616C5F 
 1698      74696D65 
 1698      72735F6C 
 1698      6973745F 
 1699              	.LASF27:
 1700 0467 6F6C6465 		.ascii	"older\000"
 1700      7200
ARM GAS  /tmp/ccHeAZX7.s 			page 41


 1701              	.LASF30:
 1702 046d 73746174 		.ascii	"state\000"
 1702      6500
 1703              	.LASF98:
 1704 0473 69637549 		.ascii	"icuInit\000"
 1704      6E697400 
 1705              	.LASF61:
 1706 047b 63685F73 		.ascii	"ch_system_t\000"
 1706      79737465 
 1706      6D5F7400 
 1707              	.LASF76:
 1708 0487 77747472 		.ascii	"wttrp\000"
 1708      7000
 1709              	.LASF1:
 1710 048d 7369676E 		.ascii	"signed char\000"
 1710      65642063 
 1710      68617200 
 1711              	.LASF53:
 1712 0499 64656C74 		.ascii	"delta\000"
 1712      6100
 1713              	.LASF6:
 1714 049f 73686F72 		.ascii	"short unsigned int\000"
 1714      7420756E 
 1714      7369676E 
 1714      65642069 
 1714      6E7400
 1715              	.LASF68:
 1716 04b2 73746B61 		.ascii	"stkalign_t\000"
 1716      6C69676E 
 1716      5F7400
 1717              	.LASF49:
 1718 04bd 63757272 		.ascii	"current\000"
 1718      656E7400 
 1719              	.LASF104:
 1720 04c5 2F686F6D 		.ascii	"/home/alex/Embebidos Proyecto/ChibiOS_17.6.1/demos/"
 1720      652F616C 
 1720      65782F45 
 1720      6D626562 
 1720      69646F73 
 1721 04f8 53544D33 		.ascii	"STM32/RT-STM32F100-DISCOVERY\000"
 1721      322F5254 
 1721      2D53544D 
 1721      33324631 
 1721      30302D44 
 1722              	.LASF74:
 1723 0515 65786974 		.ascii	"exitcode\000"
 1723      636F6465 
 1723      00
 1724              	.LASF97:
 1725 051e 67707449 		.ascii	"gptInit\000"
 1725      6E697400 
 1726              	.LASF38:
 1727 0526 6D706F6F 		.ascii	"mpool\000"
 1727      6C00
 1728              		.comm	__gnu_lto_v1,1,1
 1729              		.ident	"GCC: (Sourcery CodeBench Lite 2013.11-24) 4.8.1"
ARM GAS  /tmp/ccHeAZX7.s 			page 42


DEFINED SYMBOLS
                            *ABS*:00000000 hal.c
     /tmp/ccHeAZX7.s:144    .text.halInit:00000000 $t
     /tmp/ccHeAZX7.s:150    .text.halInit:00000000 halInit
                            *COM*:00000001 __gnu_lto_v1
                     .debug_frame:00000010 $d

UNDEFINED SYMBOLS
hal_lld_init
pal_default_config
_pal_lld_init
gptInit
icuInit
sdInit
boardInit
stInit
