ARM GAS  /tmp/ccZzvwCY.s 			page 1


   1              		.syntax unified
   2              		.cpu cortex-m3
   3              		.fpu softvfp
   4              		.eabi_attribute 20, 1
   5              		.eabi_attribute 21, 1
   6              		.eabi_attribute 23, 3
   7              		.eabi_attribute 24, 1
   8              		.eabi_attribute 25, 1
   9              		.eabi_attribute 26, 1
  10              		.eabi_attribute 30, 2
  11              		.eabi_attribute 34, 1
  12              		.eabi_attribute 18, 4
  13              		.thumb
  14              		.file	"hal_lld.c"
  15              		.text
  16              	.Ltext0:
  17              		.section	.gnu.lto_.jmpfuncs.a6aaffd40eef4088,"",%progbits
  18 0000 789C6362 		.ascii	"x\234cb`b\300\006\330\2404P\226\221\201\001\000\001"
  18      6062C006 
  18      D8A03450 
  18      96918101 
  18      0001
  19 0012 1D000E   		.ascii	"\035\000\016"
  20              		.text
  21              		.section	.gnu.lto_.inline.a6aaffd40eef4088,"",%progbits
  22 0000 789C6362 		.ascii	"x\234cb`b\300\006\264\2414PVH\220\221\201In\303+F\006"
  22      6062C006 
  22      B4A13450 
  22      56489091 
  22      81496EC3 
  23 0017 B605F260 		.ascii	"\266\005\362`\325\214\014:_\031\201\202A+n\310\302\005"
  23      D58C0C3A 
  23      5F198182 
  23      412B6EC8 
  23      C205
  24 0029 190094D5 		.ascii	"\031\000\224\325\006\264"
  24      06B4
  25              		.text
  26              		.section	.gnu.lto_.pureconst.a6aaffd40eef4088,"",%progbits
  27 0000 789C6362 		.ascii	"x\234cb`b`e\200\000&\006)F)\000\001\006\000A"
  27      60626065 
  27      80002606 
  27      29462900 
  27      01060041 
  28              		.text
  29              		.section	.gnu.lto_hal_lld_init.a6aaffd40eef4088,"",%progbits
  30 0000 789CAD93 		.ascii	"x\234\255\223\277K\303P\020\307\357^\032m\265\322\342"
  30      BF4BC350 
  30      10C7EF5E 
  30      1A6DB5D2 
  30      E2
  31 0011 D64D0427 		.ascii	"\326M\004'\241\365\307\242\203\342$88YA'\251\025\264"
  31      A1F5C7A2 
  31      83E22438 
  31      38594127 
  31      A915B4
  32 0024 50A8A848 		.ascii	"P\250\250H\235\372b;\024q\010\342\242.JQ\301EG\253\213"
ARM GAS  /tmp/ccZzvwCY.s 			page 2


  32      9DFA623B 
  32      147108E2 
  32      A22E4A51 
  32      C14547AB 
  33 0039 388A0A5D 		.ascii	"8\212\012]\025\244\202\242\177\202\223\361.\257\251"
  33      15A482A2 
  33      7F8293F1 
  33      2EAFA9
  34 0048 D80EB6D6 		.ascii	"\330\016\266\326#\271{\371q\337\373|\037\211\000\001"
  34      23B97BF9 
  34      71DFFB7C 
  34      1F890001 
  35 0058 9511A073 		.ascii	"\225\021\240s\315\0050L\0255@a\336\003\030n\201\310"
  35      CD05304C 
  35      15354061 
  35      DE03186E 
  35      81C8
  36 006a 0B404809 		.ascii	"\013@H\011LM#\277*:\341@\312\255\342kn'\260\261\277"
  36      4C4D23BF 
  36      2A3AE140 
  36      CAADE26B 
  36      6E27B0B1 
  37 007f 6ECA4FCB 		.ascii	"n\312O\313\302\030\222h?B\024a\212.\260\303.\302\365"
  37      C2189268 
  37      3F421461 
  37      8A2EB0C3 
  37      2EC2F5
  38 0092 738AEABC 		.ascii	"s\212\352\274:\273\331l1\215\254\264\254\224\3357\370"
  38      3ABBD96C 
  38      318DACB4 
  38      AC94DD37 
  38      F8
  39 00a3 5BDFA9B8 		.ascii	"[\337\251\270*Z\326m\341\3459\217\355\355\002\"x\200"
  39      2A5AD66D 
  39      E1E5398F 
  39      EDED0222 
  39      7880
  40 00b5 9DA053CD 		.ascii	"\235\240S\315Qu\003\251x8\265r\362r\362q\362s\242\320"
  40      517503A9 
  40      7838B572 
  40      F272F271 
  40      F273A2D0 
  41 00c9 2123A5D9 		.ascii	"!#\245\331\001<\205\"L\231]M\242\340\252\335\301\365"
  41      013C8522 
  41      4C995D4D 
  41      A2E0AADD 
  41      C1F5
  42 00db C3472E10 		.ascii	"\303G.\020\301C\324a\036E7\234\310\214\341\217\241\266"
  42      C143D461 
  42      1E45379C 
  42      C88CE18F 
  42      A1B6
  43 00ed 07BB44E3 		.ascii	"\007\273D\343b$]\356g\245\313\246\323m\246Yt\350\250"
  43      62245DEE 
  43      67A5CBA6 
  43      D36DA659 
  43      74E8A8
ARM GAS  /tmp/ccZzvwCY.s 			page 3


  44 0100 7F4035D7 		.ascii	"\177@5\327\327\311w\300\242\360U\213`\035\032Z\011\342"
  44      D7C977C0 
  44      A2F0558B 
  44      601D1A5A 
  44      09E2
  45 0112 217B848E 		.ascii	"!{\204\216\011\275V\024\374\263\011\374\007\023Xm\342"
  45      09BD5614 
  45      FCB309FC 
  45      0713586D 
  45      E2
  46 0123 FDDB84BB 		.ascii	"\375\333\204\273V\024Q6\221\316kN\267\207\004l:I\201"
  46      56145136 
  46      91CE6B4E 
  46      B787046C 
  46      3A4981
  47 0136 4A7DAC3E 		.ascii	"J}\254>\213J\227\244J\373{\\Fkm\010\315K\002\016\332"
  47      8B4A97A4 
  47      4AFB7B5C 
  47      466B6D08 
  47      CD4B020E 
  48 014b 4843645E 		.ascii	"HCd^Ev\376\324V\376\310\325BZ\333C\000J4\252\366y\036"
  48      4576FED4 
  48      56FEC8D5 
  48      425ADB43 
  48      004A34AA 
  49 0162 7D3FE40D 		.ascii	"}?\344\015S\322\252\211e\233e\321(Mh.M\320\270\373R"
  49      53D2AA89 
  49      659B65D1 
  49      284D682E 
  49      4DD0B8FB 
  50 0177 0D64F8F4 		.ascii	"\015d\370\364\333#\271\277\260\371\375$\245\370E\231"
  50      DB23B9BF 
  50      B0F9FD24 
  50      A5F84599 
  51 0187 FEA292BE 		.ascii	"\376\242\222\276Vy\222\003(\200Q\314w)\\'\302\204M\377"
  51      56799203 
  51      288051CC 
  51      77295C27 
  51      C2844DFF 
  52 019b 278FE809 		.ascii	"'\217\350\011\006C\352H,\207\026\"\361\320bbie94\021"
  52      0643EA48 
  52      2C871622 
  52      F1D06262 
  52      69653934 
  53 01b0 1EEFEF53 		.ascii	"\036\357\357Sy\2647\231\344'3\361\370\\0\012\372j\""
  53      79B43799 
  53      E42733F1 
  53      F85C300A 
  53      FA6A22
  54 01c3 1EECB173 		.ascii	"\036\354\261s\357\027\365e\016\311"
  54      EF17F565 
  54      0EC9
  55              		.text
  56              		.section	.gnu.lto_stm32_clock_init.a6aaffd40eef4088,"",%progbits
  57 0000 789CA554 		.ascii	"x\234\245T\301k\323P\034\376\375^\232&m\2234i\331\330"
  57      C16BD350 
  57      1CFEFD5E 
ARM GAS  /tmp/ccZzvwCY.s 			page 4


  57      9A266D93 
  57      3469D9D8 
  58 0014 60651504 		.ascii	"`e\025\004\017B\353\266\277\240\027\301\203';\320\223"
  58      0F42EBB6 
  58      BFA017C1 
  58      83273BD0 
  58      93
  59 0025 CC097530 		.ascii	"\314\011u0\2308\017\273-\245=x\360\260\343P\020\275"
  59      98380FBB 
  59      2DA53D78 
  59      F0B0E350 
  59      10BD
  60 0037 8A28ECE0 		.ascii	"\212(\354\340\342\206l\014AA&x\253=\355\2649\024d;\271"
  60      E2866C0C 
  60      41412678 
  60      AB3DEDB4 
  60      3914643B 
  61 004c D37CBFF7 		.ascii	"\323|\277\367\222\227\316M\334\226\320~I~\337{_~\357"
  61      9297CE4D 
  61      DC96D07E 
  61      497EDF7B 
  61      5F7EEF
  62 005f FB5EC280 		.ascii	"\373^\302\200\301\337\307'\376\277h\002\214\3623\026"
  62      C1DFC727 
  62      FEBF6802 
  62      8CF23316 
  63 006f 00D9C217 		.ascii	"\000\331\302\027\200\246\311P\223\027\032\363\036\177"
  63      80A6C950 
  63      93171AF3 
  63      1E7F
  64 007d 04F0B3A9 		.ascii	"\004\360\263\251\266\001\276\345\311z-\205\272\344u"
  64      B601BEE5 
  64      C97A2D85 
  64      BAE475
  65 008c E64A3E2D 		.ascii	"\346J>-xW\326ki4$o\260\274\344M\301\347e\275fbF\362"
  65      7857D66B 
  65      6934246F 
  65      B0BCE44D 
  65      C1E765BD 
  66 00a4 19E6483E 		.ascii	"\031\346H>+xG\326kY\314I>\307l\311[\202\267e\275f!\322"
  66      2B7847D6 
  66      6B59CC49 
  66      3EC76CC9 
  66      5B82B765 
  67 00bc 1910E699 		.ascii	"\031\020\346\231\346\245t7m\344\315\214\223\315\331"
  67      E6A57437 
  67      6DE4CD8C 
  67      93CDD9
  68 00cb 16CEDF42 		.ascii	"\026\316\337B\261\2647l}\353\360\360\365\322\347g\257"
  68      B1B4376C 
  68      7DEBF0F0 
  68      F5D2E767 
  68      AF
  69 00dc F03DBBC0 		.ascii	"\360=\273\300`\012A#\320\011\322\004\006\201I\220#\260"
  69      600A4123 
  69      D009D204 
  69      06814990 
ARM GAS  /tmp/ccZzvwCY.s 			page 5


  69      23B0
  70 00ee 086C0287 		.ascii	"\010l\002\207\300%\360\010\012\004E\202>\202~\202\001"
  70      C025F008 
  70      0A044582 
  70      3E827E82 
  70      01
  71 00ff 82418221 		.ascii	"\202A\202!\202\022\3010A\231\200\037:\264}\177\241\014"
  71      8212C130 
  71      4199801F 
  71      3AB47D7F 
  71      A10C
  72 0111 30296EEB 		.ascii	"0)n\353\034\371\032\306\221\361\223\266\011\033\335"
  72      1CF91AC6 
  72      91F193B6 
  72      091BDD
  73 0120 CEF2379C 		.ascii	"\316\3627\234\300\027\250C\003\331ex\351\267\233\356"
  73      C017A843 
  73      03D96578 
  73      E9B79BEE 
  74 0130 14E25378 		.ascii	"\024\342Sx\202S\310nr\320\374\347\217\374\024\210K\261"
  74      8253C86E 
  74      72D0FCE7 
  74      8FFC1488 
  74      4BB1
  75 0142 A63B1805 		.ascii	"\246;\030\005\267\011\255wZ4[k\310\361\200\202\331\270"
  75      B709AD77 
  75      5A345B6B 
  75      C8F18082 
  75      D9B8
  76 0154 2689B369 		.ascii	"&\211\263i6\302{\336\242\006\334]\321\343\357\345\003"
  76      36C27BDE 
  76      A206DC5D 
  76      D1E3EFE5 
  76      03
  77 0165 D5A32EF4 		.ascii	"\325\243.\364\360,-\256\266\226\324\3644W\020M2\261"
  77      F02C2DAE 
  77      B696D4F4 
  77      3457104D 
  77      32B1
  78 0177 EF3EEC34 		.ascii	"\357>\3544\307\024%\352\275G\035=\340\301\3438\246\""
  78      C71425EA 
  78      BD471D3D 
  78      E0C1E338 
  78      A622
  79 0189 BB8295D8 		.ascii	"\273\202\225\330.\343\034v\255*\273L. \236x\220\314"
  79      2EE31C76 
  79      AD2ABB4C 
  79      2E209E78 
  79      90CC
  80 019b 2F534C0E 		.ascii	"/SL\016:+\273\330+\340\333\377U\220\022TQ\035\216\363"
  80      3A2BBBD8 
  80      2BE0DBFF 
  80      55901254 
  80      511D8EF3 
  81 01af F9CAF595 		.ascii	"\371\312\365\225=\265\324\334)]\307\236\225\266\336"
  81      3DB5D4DC 
  81      295DC79E 
ARM GAS  /tmp/ccZzvwCY.s 			page 6


  81      95B6DE
  82 01be AAE91657 		.ascii	"\252\351\026W\020k\265\204\353\355\237\261\353\326\011"
  82      106BB584 
  82      EBED9FB1 
  82      EBD609
  83 01cd AEBBA1EB 		.ascii	"\256\273\241\353\351\310\365\305\265\330u;\321&u\270"
  83      E9C8F5C5 
  83      B5D8753B 
  83      D12675B8 
  84 01dd 8078A2CF 		.ascii	"\200x\242\317G'\261\335\211\0143\224a\301Z\274M\335"
  84      4727B1DD 
  84      890C3394 
  84      61C15ABC 
  84      4DDD
  85 01ef 64DBD4E3 		.ascii	"d\333\324\343\012a\233\346\261\215\352\235`Y>\264\314"
  85      0A619BE6 
  85      B18DEA9D 
  85      60593EB4 
  85      CC
  86 0200 54EFF5F6 		.ascii	"T\357\365\366\256R+\234vq=\361\305\226\025\271@\"\313"
  86      AE522B9C 
  86      76713DF1 
  86      C59615B9 
  86      4022CB
  87 0213 30B4AC28 		.ascii	"0\264\254(&w\277o\253\306\372\022e\331\317\005\302\306"
  87      2677BF6F 
  87      ABC6FA12 
  87      65D9CF05 
  87      C2C6
  88 0225 844BE70F 		.ascii	"\204K\347\017\263?\0123\243\302\\\334\211\303\034H\026"
  88      B33F0A33 
  88      A3C25CDC 
  88      89C31C48 
  88      16
  89 0236 E6205788 		.ascii	"\346 W\210\372t\217\2459xB\232N\230f6L3\350\374H\362"
  89      FA748FA5 
  89      3978429A 
  89      4E986636 
  89      4C33E8FC 
  90 024c 76ABE082 		.ascii	"v\253\340\202\305_{GuF\224N\212\206\352\376z\244\243"
  90      C55F7B47 
  90      7546944E 
  90      8A86EAFE 
  90      7AA4A3
  91 025f 873A2CD6 		.ascii	"\207:,\326q\245J7\330\217\367\326P\242\275U\342\002"
  91      71A54A37 
  91      D88FF7D6 
  91      50A2BD55 
  91      E202
  92 0271 EA737CFE 		.ascii	"\352s|\376\235U\212\362\313\251\374:\373\361\327k8\331"
  92      9D558AF2 
  92      CBA9FC3A 
  92      FBF1D76B 
  92      38D9
  93 0283 D7ABCC15 		.ascii	"\327\253\314\025\376\361\365*\213\272y$<;\014\317\242"
  93      FEF1F52A 
  93      8BBA7924 
ARM GAS  /tmp/ccZzvwCY.s 			page 7


  93      3C3B0CCF 
  93      A2
  94 0294 F0BE4273 		.ascii	"\360\276Bs\253{I\016\217\207 \247h\305W*\225\252\374"
  94      AB7B490E 
  94      8F8720A7 
  94      68C5572A 
  94      95AAFC
  95 02a7 CDCC56EF 		.ascii	"\315\314V\357MLW\357\317<x8[\275Q\277>6*\361\352\310"
  95      4D4C57EF 
  95      CF3C7838 
  95      5BBD51BF 
  95      3E362AF1 
  96 02bd DC1C31B7 		.ascii	"\334\0341\267\247\247\357V&\341\017\324\327\337s"
  96      A7A7EF56 
  96      26E10FD4 
  96      D7DF73
  97              		.text
  98              		.section	.gnu.lto_.symbol_nodes.a6aaffd40eef4088,"",%progbits
  99 0000 789C6362 		.ascii	"x\234cb`bPg\200\002\246\333\214\365\014\014\023\316"
  99      60625067 
  99      8002A6DB 
  99      8CF50C0C 
  99      13CE
 100 0012 3130D4D7 		.ascii	"10\324\327\317\353`d\272\303X\317\210\340\262\336dd"
 100      CFEB6064 
 100      BAC358CF 
 100      88E0B2DE 
 100      6464
 101 0024 6005CA03 		.ascii	"`\005\312\003\000\361\021\013Q"
 101      00F1110B 
 101      51
 102              		.text
 103              		.section	.gnu.lto_.refs.a6aaffd40eef4088,"",%progbits
 104 0000 789C6362 		.ascii	"x\234cb`b`d\200\002\000\000F\000\006"
 104      60626064 
 104      80020000 
 104      460006
 105              		.text
 106              		.section	.gnu.lto_.decls.a6aaffd40eef4088,"",%progbits
 107 0000 789C9D96 		.ascii	"x\234\235\226mlSU\030\307\317i\347\326fe\020\022\210"
 107      6D6C5355 
 107      18C7CF69 
 107      E7D66665 
 107      101288
 108 0013 FAC11514 		.ascii	"\372\301\025\024cH\350\335K4~B\272\256{\211\014\226"
 108      6348E8DD 
 108      4B347E42 
 108      BAAE7B89 
 108      0C96
 109 0025 DB21F8C5 		.ascii	"\333!\370\305\346\254\275\313\032\332\336\245\273K\266"
 109      E6ACBDCB 
 109      1ADADEA5 
 109      BB4BB6
 110 0034 6FC721C4 		.ascii	"o\307!\304\370\201\314e\022\242\002\235\340\024\211"
 110      F881CC65 
 110      12A2029D 
 110      E01489
ARM GAS  /tmp/ccZzvwCY.s 			page 8


 111 0043 3040AC84 		.ascii	"0@\254\204\220\325\221\351\010an\014\206{\021\033\343"
 111      90D591E9 
 111      08616E0C 
 111      867B111B 
 111      E3
 112 0054 4B165F80 		.ascii	"K\026_\200\030?\240\306\372\334s\333\355\334\322v\267"
 112      183FA0C6 
 112      FADC73DB 
 112      EDDCD276 
 112      B7
 113 0065 9CF479EE 		.ascii	"\234\364y\356\351\275\367\374\316\377<\347\234\347\\"
 113      E9BDF7FC 
 113      CEFF3CE7 
 113      9CE75C
 114 0074 1332A149 		.ascii	"\0232\241I\204P\022\312\323\253\020\232\301\010\231"
 114      845012CA 
 114      D3AB109A 
 114      C10899
 115 0083 E1FF56B4 		.ascii	"\341\377V\264\\L`\203`C`\360\030\235D\372\242>\263\200"
 115      5C4C6083 
 115      604360F0 
 115      189D44FA 
 115      A23EB380 
 116 0097 95809581 		.ascii	"\225\200\225\201\331\300\316\200\015\203]\007\233\000"
 116      D9C0CE80 
 116      0D835D07 
 116      9B00
 117 00a5 BB055604 		.ascii	"\273\005V\004v\031\354\022\330\025\260i\216=\203\036"
 117      7619EC12 
 117      D815B069 
 117      8E3D831E 
 118 00b5 2E6A7FC5 		.ascii	".j\177\305).\317\233\005\273\2134\235\027\300b`wR\332"
 118      292ECF9B 
 118      05BB8B34 
 118      9D17C062 
 118      607752DA 
 119 00c9 86B270CA 		.ascii	"\206\262p\312\321Q\032M$\366\037?\373\004\215\366\306"
 119      D1511A4D 
 119      24F61F3F 
 119      FB048DF6 
 119      C6
 120 00da 93C997D0 		.ascii	"\223\311\227\320z\364\016\205\022=@)V\010\336\272\016"
 120      7AF40E85 
 120      123D4029 
 120      5608DEBA 
 120      0E
 121 00eb EDC10497 		.ascii	"\355\301\004\227Y\221\235UlV&\026!\202?\300\353S\265"
 121      59919D55 
 121      6C562616 
 121      21823FC0 
 121      EB53B5
 122 00fe 5DE67438 		.ascii	"]\346t8\2521\332\214NB\373>J{7\342,]\"\364,\372P\355"
 122      AA31DA8C 
 122      4E42FB3E 
 122      4A7B37E2 
 122      2C5D22F4 
 123 0116 817E4CCD 		.ascii	"\201~L\315\214\257\022\006q9\377\012\301\307\261\351"
ARM GAS  /tmp/ccZzvwCY.s 			page 9


 123      8CAF1206 
 123      7139FF0A 
 123      C1C7B1E9 
 124 0126 61A1F173 		.ascii	"a\241\361s\327l}\257'\222\311r\255w\023\252\307\360"
 124      D76C7DAF 
 124      2792C972 
 124      AD7713AA 
 124      C7F0
 125 0138 EE09BC39 		.ascii	"\356\011\2749/|(\023\376\221\036\276\021\015\322\350"
 125      2F7C2813 
 125      FE911EBE 
 125      110DD2E8 
 126 0148 68FCD8E2 		.ascii	"h\374\330\3428\246\375\224\336K&W[\321\2330\0005\012"
 126      38A6FD94 
 126      DE4B2657 
 126      5BD19B30 
 126      00350A
 127 015b 0DE33071 		.ascii	"\015\3430q\331B\260\011\235\200a&\356\037\270y\037\367"
 127      D942B009 
 127      9D806126 
 127      EE1FB879 
 127      1FF7
 128 016d 42B008FE 		.ascii	"B\260\010\376\004[AR\014\3535\021\\b\325w\017\377\323"
 128      045B4152 
 128      0CEB3511 
 128      5C62D577 
 128      0FFFD3
 129 0180 2FA83CF6 		.ascii	"/\250<\3668UQ\027\333j5\220\361%J\256\360\177\012\203"
 129      38555117 
 129      DB6A3590 
 129      F1254AAE 
 129      F07F0A83 
 130 0194 780A4DE2 		.ascii	"x\012M\342#\324\302\356\354I)\240\277}Q\212\020\033"
 130      23D4C2EE 
 130      EC4929A0 
 130      BF7D518A 
 130      101B
 131 01a6 C0BEBC03 		.ascii	"\300\276\274\003 \370\024\336dH\316Z\364\266\032S;G"
 131      20F814DE 
 131      6448CE5A 
 131      F4B61A53 
 131      3B47
 132 01b8 A2E634AA 		.ascii	"\242\3464\252b9\026G\276\371\343\005J-\004\017\343\265"
 132      62391647 
 132      BEF9E305 
 132      4A2D040F 
 132      E3B5
 133 01ca 30866326 		.ascii	"0\206c&}$V\304\250\232\316CS\255\021\203\322\370?s6"
 133      7D2456C4 
 133      A89ACE43 
 133      53AD1183 
 133      D2F83F73 
 134 01df 5AA4DD47 		.ascii	"Z\244\335G\031\223\315\225\015(J\337\330\027O\316\015"
 134      1993CD95 
 134      0D284ADF 
 134      D8174FCE 
 134      0D
ARM GAS  /tmp/ccZzvwCY.s 			page 10


 135 01f0 C04A1E05 		.ascii	"\300J\036\005\344\0316\031\247\230\004\265m\266\010"
 135      E4193619 
 135      A79804B5 
 135      6DB608
 136 01ff A4AA6829 		.ascii	"\244\252h)~e\326\014^\337\274\255\217\244a\247\013\206"
 136      7E65D60C 
 136      5EDFBCAD 
 136      8FA461A7 
 136      0B86
 137 0211 D975B07E 		.ascii	"\331u\260~\036v\336\010\314\222[\331\000\017\213\025"
 137      1E76DE08 
 137      CC925BD9 
 137      000F8B15 
 138 0221 0CD32B3B 		.ascii	"\014\323+;\304\303\342F`kr+;\314\303\256\026\014\323"
 138      C4C3E246 
 138      606B722B 
 138      3BCCC3AE 
 138      160CD3
 139 0234 2B7B9787 		.ascii	"+{\227\207M\032\201=\236[\331\373<\354\333\202azeGy"
 139      4D1A813D 
 139      9E5BD9FB 
 139      3CECDB82 
 139      617A6547 
 140 0249 58C208CC 		.ascii	"X\302\010\314\236[\3310\017\373\251`\030\247\214\366"
 140      9E5BD930 
 140      0FFBA960 
 140      18A78CF6 
 141 0259 C663EF1D 		.ascii	"\306c\357\035Lm\002-#-\032\341=\227[\334\305y\375\246"
 141      4C6D022D 
 141      232D1AE1 
 141      3D975BDC 
 141      C579FDA6 
 142 026d FAB3609E 		.ascii	"\372\263`\236\035\345,\374\216'\3703\226\221.\340\015"
 142      1DE52CFC 
 142      8E27F833 
 142      96912EE0 
 142      0D
 143 027e E063CC5F 		.ascii	"\340c\314_d\376\022\363\227\231\037a\376K\346\2570?"
 143      64FE12F3 
 143      97991F61 
 143      FE4BE6AF 
 143      303F
 144 0290 C6FCD7CC 		.ascii	"\306\374\327\314_e\376\032\370\245R\212\336ZN\346Zr"
 144      5F65FE1A 
 144      F8A5528A 
 144      DE5A4EE6 
 144      5A72
 145 02a2 CA9554AF 		.ascii	"\312\225T\257\343\322t\253T\266\212n\343\322\3256~/"
 145      E3D274AB 
 145      54B68A6E 
 145      E3D2D536 
 145      7E2F
 146 02b4 69492FFE 		.ascii	"iI/\376\375\034\266\023<\3012\336\203\354\031/7C\355"
 146      FD1CB613 
 146      3CC132DE 
 146      83EC192F 
 146      3743ED
ARM GAS  /tmp/ccZzvwCY.s 			page 11


 147 02c7 732A33E3 		.ascii	"s*3\343\335\3262\336\224\241\2147\257\313x\004\177\016"
 147      DDD632DE 
 147      94A18C37 
 147      AFCB7804 
 147      7F0E
 148 02d9 C782D6F6 		.ascii	"\307\202\326\366\3212\336\302\334\322J$x\274`X\336\231"
 148      D132DEC2 
 148      DCD24A24 
 148      78BC6058 
 148      DE99
 149 02eb 9EE266FA 		.ascii	"\236\342f\372\006\233\351i6[7\363\314\326D\236\331\272"
 149      069BE969 
 149      365B37F3 
 149      CCD6449E 
 149      D9BA
 150 02fd B53C5BEA 		.ascii	"\265<[\352\007B\374^bl\376`\352Kf\204b\224\376J\330"
 150      0742FC5E 
 150      626CFE60 
 150      EA4B6684 
 150      6294FE4A 
 151 0312 6F36F299 		.ascii	"o6\362\2310\223\371\231p[\377\231\220\345\370\212\232"
 151      3093F999 
 151      705BFF99 
 151      90E5F88A 
 151      9A
 152 0323 D2929E41 		.ascii	"\322\222\236A\334)\370\325\363\354\024\234ek\"j^\361"
 152      DC29F8D5 
 152      F3EC149C 
 152      656B226A 
 152      5EF1
 153 0335 14D463D4 		.ascii	"\024\324c\324\256\0272\327\304_\323lM,\030Z\023\017"
 153      AE1732D7 
 153      C45FD36C 
 153      4D2C185A 
 153      130F
 154 0347 A6F51BF6 		.ascii	"\246\365\033\3664\223\260\360\310k\342\357i.;\235+\030"
 154      3493B0F0 
 154      C86BE2EF 
 154      692E3B9D 
 154      2B18
 155 0359 66D7C1FE 		.ascii	"f\327\301\376\345a1#\260<\247\340\177<l\244`\230^Y\337"
 155      E5613123 
 155      B03CA7E0 
 155      7F3C6CA4 
 155      60985E59 
 156 036e 0CB7F4B5 		.ascii	"\014\267\364\265}\264\002,\317)\330?\303)\0335\242,"
 156      7DB4022C 
 156      CF29D83F 
 156      C3291B35 
 156      A22C
 157 0380 CF2938C0 		.ascii	"\317)8\300\303\306\214\300\362\234\202\207x\330D\301"
 157      C3C68CC0 
 157      F29C8287 
 157      78D844C1 
 158 0390 30BDB2C3 		.ascii	"0\275\262\303<\354\206\021\230=\213\262l\205\337\004"
 158      3CEC8611 
 158      983D8BB2 
ARM GAS  /tmp/ccZzvwCY.s 			page 12


 158      6C85DF04 
 159 03a0 047FC7D2 		.ascii	"\004\177\307\322\305\035\226.\022\314\377\300\374\217"
 159      C51D962E 
 159      12CCFFC0 
 159      FC8F
 160 03ae CCFFCCFC 		.ascii	"\314\377\314\374/\314/2\377+\363\277\347I,\263y\022"
 160      2FCC2F32 
 160      FF2BF3BF 
 160      E7492CB3 
 160      7912
 161 03c0 CBDDE5C4 		.ascii	"\313\335\345\304\202*\034\016A\373\311\235B;\011\012"
 161      822A1C0E 
 161      41FBC99D 
 161      423B090A 
 162 03d0 1D7244E9 		.ascii	"\035rD\351\024<-M\325U\232\257\253\354\356V\237x\203"
 162      143C2D4D 
 162      D5559AAF 
 162      ABECEE56 
 162      9F7883
 163 03e3 41BFC387 		.ascii	"A\277\303\207l\251\2527\020\016(\305\365;v\331]hM\247"
 163      6CA9AA37 
 163      100E28C5 
 163      F53B76D9 
 163      5D684DA7 
 164 03f7 12AAAEF2 		.ascii	"\022\252\256\362\372\202\262o/\273\377\232\320.\207"
 164      FA82B26F 
 164      2FBBFF9A 
 164      D02E87
 165 0406 248104A5 		.ascii	"$\201\004\245n\241I\012+r\244>B:\332\003> \313]\021"
 165      6EA1490A 
 165      2B72A43E 
 165      423ADA03 
 165      3E20CB5D 
 166 041b 9F14E9F1 		.ascii	"\237\024\351\361\272d\277T#\205}\355\336\355\001E\362"
 166      BA64BF54 
 166      23857DED 
 166      DEED0145 
 166      F2
 167 042c B6C911AF 		.ascii	"\266\311\021\257Sl\362\272\2355\215\002\211\204\266"
 167      536CF2BA 
 167      9D358D02 
 167      8984B6
 168 043b 84E5B0B4 		.ascii	"\204\345\260\264E\"\255\001!\020\366\005\273\374\222"
 168      4522AD01 
 168      2110F605 
 168      BBFC92
 169 044a D0A9F803 		.ascii	"\320\251\370\003a\305\321\216,]p\205\016\225\325\236"
 169      61C5D18E 
 169      2C5D7085 
 169      0E95D59E 
 170 045a 9E4E450A 		.ascii	"\236NE\012\271\344\210\344R;_\347\360\023\20582\356"
 170      B9E488E4 
 170      523B5FE7 
 170      F0138538 
 170      32EE
 171 046c BEC88FD1 		.ascii	"\276\310\217\321'\207BrX\220\272\025\301\325\344i\364"
 171      27874272 
ARM GAS  /tmp/ccZzvwCY.s 			page 13


 171      5890BA15 
 171      C1D5E469 
 171      F4
 172 047d C020B971 		.ascii	"\300 \271q\262\201\264UVTt\267B?\245\242\313\345m\351"
 172      B281B455 
 172      565474B7 
 172      423FA5A2 
 172      CBE56DE9 
 173 0491 E9906AA5 		.ascii	"\351\220j\2456\223K,r\325\325\213fW\243hq6\327T\211"
 173      36934B2C 
 173      72D5D58B 
 173      6657A368 
 173      7136D754 
 174 04a6 9E1656A9 		.ascii	"\236\026V\251T+\305\316\206\032\367\016\261D}\220\272"
 174      542BC5CE 
 174      861AF70E 
 174      B1447D90 
 174      BA
 175 04b7 56C2B5A8 		.ascii	"V\302\265\250\246\326\005-<\242Ut{\334\342+\356\332"
 175      A6D6052D 
 175      3CA25574 
 175      7BDCE22B 
 175      EEDA
 176 04c9 8AC75448 		.ascii	"\212\307THUi\363n1M~2\035\321V\342\333\333\325\341\365"
 176      5569F36E 
 176      314D7E32 
 176      1DD156E2 
 176      DBDBD5E1 
 177 04de CB211208 		.ascii	"\313!\022\010\2638\256\252\333\356\3644\244_4;A\303"
 177      B338AEAA 
 177      DBEEF434 
 177      A45F343B 
 177      41C3
 178 04f0 CBEE57C5 		.ascii	"\313\356W\305\222\235\315-\352\325\344\021MN\321\222"
 178      929DCD2D 
 178      EAD5E411 
 178      4D4ED192 
 179 0500 669B77D6 		.ascii	"f\233w\326\210E\273\305f\361\177\342\216\374\261"
 179      8845BBC5 
 179      66F17FE2 
 179      8EFCB1
 180              		.text
 181              		.section	.gnu.lto_.symtab.a6aaffd40eef4088,"",%progbits
 182 0000 68616C5F 		.ascii	"hal_lld_init\000\000\000\000\000\000\000\000\000\000"
 182      6C6C645F 
 182      696E6974 
 182      00000000 
 182      00000000 
 183 0016 0000A100 		.ascii	"\000\000\241\000\000\000stm32_clock_init\000\000\000"
 183      00007374 
 183      6D33325F 
 183      636C6F63 
 183      6B5F696E 
 184 002f 00000000 		.ascii	"\000\000\000\000\000\000\000\000\000\246\000\000\000"
 184      00000000 
 184      00A60000 
 184      00
ARM GAS  /tmp/ccZzvwCY.s 			page 14


 185 003c 53797374 		.ascii	"SystemCoreClock\000\000\000\000\000\000\000\000\000"
 185      656D436F 
 185      7265436C 
 185      6F636B00 
 185      00000000 
 186 0054 000000A9 		.ascii	"\000\000\000\251\000\000\000"
 186      000000
 187              		.text
 188              		.section	.gnu.lto_.opts,"",%progbits
 189 0000 272D6D63 		.ascii	"'-mcpu=cortex-m3' '-mno-thumb-interwork' '-mthumb' "
 189      70753D63 
 189      6F727465 
 189      782D6D33 
 189      2720272D 
 190 0033 272D6767 		.ascii	"'-ggdb' '-O2' '-fomit-frame-pointer' '-falign-funct"
 190      64622720 
 190      272D4F32 
 190      2720272D 
 190      666F6D69 
 191 0066 696F6E73 		.ascii	"ions=16' '-ffunction-sections' '-fdata-sections' '-"
 191      3D313627 
 191      20272D66 
 191      66756E63 
 191      74696F6E 
 192 0099 666E6F2D 		.ascii	"fno-common' '-flto'\000"
 192      636F6D6D 
 192      6F6E2720 
 192      272D666C 
 192      746F2700 
 193              		.text
 194              		.cfi_sections	.debug_frame
 195              		.section	.text.hal_lld_init,"ax",%progbits
 196              		.align	2
 197              		.p2align 4,,15
 198              		.global	hal_lld_init
 199              		.thumb
 200              		.thumb_func
 201              		.type	hal_lld_init, %function
 202              	hal_lld_init:
 203              	.LFB218:
 204              		.file 1 "../../../os/hal/ports/STM32/STM32F1xx/hal_lld.c"
 205              		.loc 1 132 0
 206              		.cfi_startproc
 207              		@ args = 0, pretend = 0, frame = 0
 208              		@ frame_needed = 0, uses_anonymous_args = 0
 209              		@ link register save eliminated.
 210              		.loc 1 135 0
 211 0000 4FF48053 		mov	r3, #4096
 212 0004 C4F20203 		movt	r3, 16386
 213 0008 4FF0FF31 		mov	r1, #-1
 214 000c 0022     		movs	r2, #0
 215 000e 1869     		ldr	r0, [r3, #16]
 216 0010 1961     		str	r1, [r3, #16]
 217 0012 1A61     		str	r2, [r3, #16]
 218              		.loc 1 136 0
 219 0014 D868     		ldr	r0, [r3, #12]
 220 0016 D960     		str	r1, [r3, #12]
ARM GAS  /tmp/ccZzvwCY.s 			page 15


 221 0018 DA60     		str	r2, [r3, #12]
 222              		.loc 1 139 0
 223 001a D969     		ldr	r1, [r3, #28]
 224              	.LBB4:
 225              	.LBB5:
 226              		.loc 1 57 0
 227 001c 4FF4E042 		mov	r2, #28672
 228              	.LBE5:
 229              	.LBE4:
 230              		.loc 1 139 0
 231 0020 41F08051 		orr	r1, r1, #268435456
 232 0024 D961     		str	r1, [r3, #28]
 233              		.loc 1 140 0
 234 0026 D969     		ldr	r1, [r3, #28]
 235              	.LBB8:
 236              	.LBB6:
 237              		.loc 1 57 0
 238 0028 C4F20002 		movt	r2, 16384
 239              	.LBE6:
 240              	.LBE8:
 241              		.loc 1 140 0
 242 002c 41F00061 		orr	r1, r1, #134217728
 243 0030 D961     		str	r1, [r3, #28]
 244              	.LBB9:
 245              	.LBB7:
 246              		.loc 1 57 0
 247 0032 1368     		ldr	r3, [r2]
 248 0034 43F48073 		orr	r3, r3, #256
 249 0038 1360     		str	r3, [r2]
 250 003a 7047     		bx	lr
 251              	.LBE7:
 252              	.LBE9:
 253              		.cfi_endproc
 254              	.LFE218:
 255              		.size	hal_lld_init, .-hal_lld_init
 256 003c AFF30080 		.section	.text.stm32_clock_init,"ax",%progbits
 257              		.align	2
 258              		.p2align 4,,15
 259              		.global	stm32_clock_init
 260              		.thumb
 261              		.thumb_func
 262              		.type	stm32_clock_init, %function
 263              	stm32_clock_init:
 264              	.LFB219:
 265              		.loc 1 169 0
 266              		.cfi_startproc
 267              		@ args = 0, pretend = 0, frame = 0
 268              		@ frame_needed = 0, uses_anonymous_args = 0
 269              		@ link register save eliminated.
 270              		.loc 1 174 0
 271 0000 4FF48053 		mov	r3, #4096
 272 0004 C4F20203 		movt	r3, 16386
 273 0008 1A68     		ldr	r2, [r3]
 274              		.loc 1 175 0
 275 000a 1946     		mov	r1, r3
 276              		.loc 1 174 0
 277 000c 42F00102 		orr	r2, r2, #1
ARM GAS  /tmp/ccZzvwCY.s 			page 16


 278 0010 1A60     		str	r2, [r3]
 279              	.L4:
 280              		.loc 1 175 0 discriminator 1
 281 0012 0A68     		ldr	r2, [r1]
 282 0014 4FF48053 		mov	r3, #4096
 283 0018 9207     		lsls	r2, r2, #30
 284 001a C4F20203 		movt	r3, 16386
 285 001e F8D5     		bpl	.L4
 286              		.loc 1 177 0
 287 0020 1968     		ldr	r1, [r3]
 288              		.loc 1 178 0
 289 0022 0022     		movs	r2, #0
 290              		.loc 1 177 0
 291 0024 01F0F901 		and	r1, r1, #249
 292 0028 1960     		str	r1, [r3]
 293              		.loc 1 179 0
 294 002a 1946     		mov	r1, r3
 295              		.loc 1 178 0
 296 002c 5A60     		str	r2, [r3, #4]
 297              	.L6:
 298              		.loc 1 179 0 discriminator 1
 299 002e 4A68     		ldr	r2, [r1, #4]
 300 0030 4FF48053 		mov	r3, #4096
 301 0034 12F00C0F 		tst	r2, #12
 302 0038 C4F20203 		movt	r3, 16386
 303 003c F7D1     		bne	.L6
 304              		.loc 1 188 0
 305 003e 1A68     		ldr	r2, [r3]
 306              		.loc 1 189 0
 307 0040 1946     		mov	r1, r3
 308              		.loc 1 188 0
 309 0042 42F48032 		orr	r2, r2, #65536
 310 0046 1A60     		str	r2, [r3]
 311              	.L8:
 312              		.loc 1 189 0 discriminator 1
 313 0048 0A68     		ldr	r2, [r1]
 314 004a 4FF48053 		mov	r3, #4096
 315 004e 9003     		lsls	r0, r2, #14
 316 0050 C4F20203 		movt	r3, 16386
 317 0054 F8D5     		bpl	.L8
 318              		.loc 1 202 0
 319 0056 5A68     		ldr	r2, [r3, #4]
 320              		.loc 1 204 0
 321 0058 1946     		mov	r1, r3
 322              		.loc 1 202 0
 323 005a 42F48032 		orr	r2, r2, #65536
 324 005e 5A60     		str	r2, [r3, #4]
 325              		.loc 1 203 0
 326 0060 1A68     		ldr	r2, [r3]
 327 0062 42F08072 		orr	r2, r2, #16777216
 328 0066 1A60     		str	r2, [r3]
 329              	.L10:
 330              		.loc 1 204 0 discriminator 1
 331 0068 0A68     		ldr	r2, [r1]
 332 006a 4FF48053 		mov	r3, #4096
 333 006e 9201     		lsls	r2, r2, #6
 334 0070 C4F20203 		movt	r3, 16386
ARM GAS  /tmp/ccZzvwCY.s 			page 17


 335 0074 F8D5     		bpl	.L10
 336              		.loc 1 220 0
 337 0076 4FF40052 		mov	r2, #8192
 338 007a C4F20202 		movt	r2, 16386
 339 007e 1021     		movs	r1, #16
 340              		.loc 1 214 0
 341 0080 4FF48030 		mov	r0, #65536
 342 0084 5860     		str	r0, [r3, #4]
 343              		.loc 1 220 0
 344 0086 1160     		str	r1, [r2]
 345              		.loc 1 225 0
 346 0088 5968     		ldr	r1, [r3, #4]
 347              		.loc 1 226 0
 348 008a 1A46     		mov	r2, r3
 349              		.loc 1 225 0
 350 008c 41F00201 		orr	r1, r1, #2
 351 0090 5960     		str	r1, [r3, #4]
 352              	.L12:
 353              		.loc 1 226 0 discriminator 1
 354 0092 5368     		ldr	r3, [r2, #4]
 355 0094 03F00C03 		and	r3, r3, #12
 356 0098 082B     		cmp	r3, #8
 357 009a FAD1     		bne	.L12
 358              		.loc 1 234 0
 359 009c 7047     		bx	lr
 360              		.cfi_endproc
 361              	.LFE219:
 362              		.size	stm32_clock_init, .-stm32_clock_init
 363              		.global	SystemCoreClock
 364 009e 00BF     		.section	.data.SystemCoreClock,"aw",%progbits
 365              		.align	2
 366              		.type	SystemCoreClock, %object
 367              		.size	SystemCoreClock, 4
 368              	SystemCoreClock:
 369 0000 00366E01 		.word	24000000
 370              		.text
 371              	.Letext0:
 372              		.file 2 "/home/alex/MentorGraphics/Sourcery_CodeBench_Lite_for_ARM_EABI/arm-none-eabi/include/stdi
 373              		.file 3 "../../../os/common/ports/ARMCMx/compilers/GCC/chtypes.h"
 374              		.file 4 "../../../os/rt/include/chsystypes.h"
 375              		.file 5 "../../../os/rt/include/chschd.h"
 376              		.file 6 "../../../os/common/ext/CMSIS/ST/STM32F1xx/stm32f100xb.h"
 377              		.file 7 "../../../os/common/ports/ARMCMx/chcore.h"
 378              		.file 8 "../../../os/common/ports/ARMCMx/chcore_v7m.h"
 379              		.file 9 "../../../os/rt/include/chtm.h"
 380              		.file 10 "../../../os/rt/include/chsem.h"
 381              		.file 11 "../../../os/rt/include/chmtx.h"
 382              		.file 12 "../../../os/common/ext/CMSIS/include/core_cm3.h"
 383              		.section	.debug_info,"",%progbits
 384              	.Ldebug_info0:
 385 0000 B0070000 		.4byte	0x7b0
 386 0004 0400     		.2byte	0x4
 387 0006 00000000 		.4byte	.Ldebug_abbrev0
 388 000a 04       		.byte	0x4
 389 000b 01       		.uleb128 0x1
 390 000c 08020000 		.4byte	.LASF105
 391 0010 01       		.byte	0x1
ARM GAS  /tmp/ccZzvwCY.s 			page 18


 392 0011 38050000 		.4byte	.LASF106
 393 0015 C8040000 		.4byte	.LASF107
 394 0019 20000000 		.4byte	.Ldebug_ranges0+0x20
 395 001d 00000000 		.4byte	0
 396 0021 00000000 		.4byte	.Ldebug_line0
 397 0025 02       		.uleb128 0x2
 398 0026 04       		.byte	0x4
 399 0027 05       		.byte	0x5
 400 0028 696E7400 		.ascii	"int\000"
 401 002c 03       		.uleb128 0x3
 402 002d 04       		.byte	0x4
 403 002e 07       		.byte	0x7
 404 002f 7D000000 		.4byte	.LASF0
 405 0033 03       		.uleb128 0x3
 406 0034 01       		.byte	0x1
 407 0035 06       		.byte	0x6
 408 0036 90040000 		.4byte	.LASF1
 409 003a 04       		.uleb128 0x4
 410 003b E8020000 		.4byte	.LASF4
 411 003f 02       		.byte	0x2
 412 0040 2A       		.byte	0x2a
 413 0041 45000000 		.4byte	0x45
 414 0045 03       		.uleb128 0x3
 415 0046 01       		.byte	0x1
 416 0047 08       		.byte	0x8
 417 0048 46040000 		.4byte	.LASF2
 418 004c 03       		.uleb128 0x3
 419 004d 02       		.byte	0x2
 420 004e 05       		.byte	0x5
 421 004f 82030000 		.4byte	.LASF3
 422 0053 04       		.uleb128 0x4
 423 0054 67030000 		.4byte	.LASF5
 424 0058 02       		.byte	0x2
 425 0059 36       		.byte	0x36
 426 005a 5E000000 		.4byte	0x5e
 427 005e 03       		.uleb128 0x3
 428 005f 02       		.byte	0x2
 429 0060 07       		.byte	0x7
 430 0061 A2040000 		.4byte	.LASF6
 431 0065 04       		.uleb128 0x4
 432 0066 29040000 		.4byte	.LASF7
 433 006a 02       		.byte	0x2
 434 006b 4F       		.byte	0x4f
 435 006c 70000000 		.4byte	0x70
 436 0070 03       		.uleb128 0x3
 437 0071 04       		.byte	0x4
 438 0072 05       		.byte	0x5
 439 0073 98030000 		.4byte	.LASF8
 440 0077 04       		.uleb128 0x4
 441 0078 27010000 		.4byte	.LASF9
 442 007c 02       		.byte	0x2
 443 007d 50       		.byte	0x50
 444 007e 82000000 		.4byte	0x82
 445 0082 03       		.uleb128 0x3
 446 0083 04       		.byte	0x4
 447 0084 07       		.byte	0x7
 448 0085 F7030000 		.4byte	.LASF10
ARM GAS  /tmp/ccZzvwCY.s 			page 19


 449 0089 03       		.uleb128 0x3
 450 008a 08       		.byte	0x8
 451 008b 05       		.byte	0x5
 452 008c 12030000 		.4byte	.LASF11
 453 0090 04       		.uleb128 0x4
 454 0091 CD030000 		.4byte	.LASF12
 455 0095 02       		.byte	0x2
 456 0096 78       		.byte	0x78
 457 0097 9B000000 		.4byte	0x9b
 458 009b 03       		.uleb128 0x3
 459 009c 08       		.byte	0x8
 460 009d 07       		.byte	0x7
 461 009e 6A010000 		.4byte	.LASF13
 462 00a2 04       		.uleb128 0x4
 463 00a3 70030000 		.4byte	.LASF14
 464 00a7 03       		.byte	0x3
 465 00a8 39       		.byte	0x39
 466 00a9 77000000 		.4byte	0x77
 467 00ad 04       		.uleb128 0x4
 468 00ae 54030000 		.4byte	.LASF15
 469 00b2 03       		.byte	0x3
 470 00b3 3C       		.byte	0x3c
 471 00b4 3A000000 		.4byte	0x3a
 472 00b8 04       		.uleb128 0x4
 473 00b9 D8020000 		.4byte	.LASF16
 474 00bd 03       		.byte	0x3
 475 00be 3D       		.byte	0x3d
 476 00bf 3A000000 		.4byte	0x3a
 477 00c3 04       		.uleb128 0x4
 478 00c4 EF030000 		.4byte	.LASF17
 479 00c8 03       		.byte	0x3
 480 00c9 3E       		.byte	0x3e
 481 00ca 3A000000 		.4byte	0x3a
 482 00ce 04       		.uleb128 0x4
 483 00cf 51010000 		.4byte	.LASF18
 484 00d3 03       		.byte	0x3
 485 00d4 40       		.byte	0x40
 486 00d5 77000000 		.4byte	0x77
 487 00d9 04       		.uleb128 0x4
 488 00da 20030000 		.4byte	.LASF19
 489 00de 03       		.byte	0x3
 490 00df 41       		.byte	0x41
 491 00e0 65000000 		.4byte	0x65
 492 00e4 04       		.uleb128 0x4
 493 00e5 38010000 		.4byte	.LASF20
 494 00e9 03       		.byte	0x3
 495 00ea 43       		.byte	0x43
 496 00eb 77000000 		.4byte	0x77
 497 00ef 04       		.uleb128 0x4
 498 00f0 90010000 		.4byte	.LASF21
 499 00f4 03       		.byte	0x3
 500 00f5 45       		.byte	0x45
 501 00f6 65000000 		.4byte	0x65
 502 00fa 04       		.uleb128 0x4
 503 00fb 61000000 		.4byte	.LASF22
 504 00ff 04       		.byte	0x4
 505 0100 35       		.byte	0x35
ARM GAS  /tmp/ccZzvwCY.s 			page 20


 506 0101 53000000 		.4byte	0x53
 507 0105 04       		.uleb128 0x4
 508 0106 D0010000 		.4byte	.LASF23
 509 010a 04       		.byte	0x4
 510 010b 3F       		.byte	0x3f
 511 010c 10010000 		.4byte	0x110
 512 0110 05       		.uleb128 0x5
 513 0111 F9020000 		.4byte	.LASF41
 514 0115 44       		.byte	0x44
 515 0116 05       		.byte	0x5
 516 0117 9A       		.byte	0x9a
 517 0118 EE010000 		.4byte	0x1ee
 518 011c 06       		.uleb128 0x6
 519 011d 23040000 		.4byte	.LASF24
 520 0121 05       		.byte	0x5
 521 0122 9B       		.byte	0x9b
 522 0123 23020000 		.4byte	0x223
 523 0127 00       		.byte	0
 524 0128 06       		.uleb128 0x6
 525 0129 B4020000 		.4byte	.LASF25
 526 012d 05       		.byte	0x5
 527 012e 9C       		.byte	0x9c
 528 012f CE000000 		.4byte	0xce
 529 0133 08       		.byte	0x8
 530 0134 07       		.uleb128 0x7
 531 0135 63747800 		.ascii	"ctx\000"
 532 0139 05       		.byte	0x5
 533 013a 9D       		.byte	0x9d
 534 013b 88050000 		.4byte	0x588
 535 013f 0C       		.byte	0xc
 536 0140 06       		.uleb128 0x6
 537 0141 40040000 		.4byte	.LASF26
 538 0145 05       		.byte	0x5
 539 0146 9F       		.byte	0x9f
 540 0147 F9010000 		.4byte	0x1f9
 541 014b 10       		.byte	0x10
 542 014c 06       		.uleb128 0x6
 543 014d 72040000 		.4byte	.LASF27
 544 0151 05       		.byte	0x5
 545 0152 A0       		.byte	0xa0
 546 0153 F9010000 		.4byte	0x1f9
 547 0157 14       		.byte	0x14
 548 0158 06       		.uleb128 0x6
 549 0159 E1030000 		.4byte	.LASF28
 550 015d 05       		.byte	0x5
 551 015e A7       		.byte	0xa7
 552 015f 0D070000 		.4byte	0x70d
 553 0163 18       		.byte	0x18
 554 0164 06       		.uleb128 0x6
 555 0165 D1020000 		.4byte	.LASF29
 556 0169 05       		.byte	0x5
 557 016a B0       		.byte	0xb0
 558 016b 1F070000 		.4byte	0x71f
 559 016f 1C       		.byte	0x1c
 560 0170 06       		.uleb128 0x6
 561 0171 78040000 		.4byte	.LASF30
 562 0175 05       		.byte	0x5
ARM GAS  /tmp/ccZzvwCY.s 			page 21


 563 0176 B5       		.byte	0xb5
 564 0177 B8000000 		.4byte	0xb8
 565 017b 20       		.byte	0x20
 566 017c 06       		.uleb128 0x6
 567 017d 5B000000 		.4byte	.LASF31
 568 0181 05       		.byte	0x5
 569 0182 B9       		.byte	0xb9
 570 0183 AD000000 		.4byte	0xad
 571 0187 21       		.byte	0x21
 572 0188 06       		.uleb128 0x6
 573 0189 A3000000 		.4byte	.LASF32
 574 018d 05       		.byte	0x5
 575 018e BE       		.byte	0xbe
 576 018f C3000000 		.4byte	0xc3
 577 0193 22       		.byte	0x22
 578 0194 08       		.uleb128 0x8
 579 0195 7500     		.ascii	"u\000"
 580 0197 05       		.byte	0x5
 581 0198 0F01     		.2byte	0x10f
 582 019a 42060000 		.4byte	0x642
 583 019e 24       		.byte	0x24
 584 019f 09       		.uleb128 0x9
 585 01a0 54040000 		.4byte	.LASF33
 586 01a4 05       		.byte	0x5
 587 01a5 1401     		.2byte	0x114
 588 01a7 FF010000 		.4byte	0x1ff
 589 01ab 28       		.byte	0x28
 590 01ac 09       		.uleb128 0x9
 591 01ad F0020000 		.4byte	.LASF34
 592 01b1 05       		.byte	0x5
 593 01b2 1A01     		.2byte	0x11a
 594 01b4 23020000 		.4byte	0x223
 595 01b8 2C       		.byte	0x2c
 596 01b9 09       		.uleb128 0x9
 597 01ba 74000000 		.4byte	.LASF35
 598 01be 05       		.byte	0x5
 599 01bf 2001     		.2byte	0x120
 600 01c1 E4000000 		.4byte	0xe4
 601 01c5 34       		.byte	0x34
 602 01c6 09       		.uleb128 0x9
 603 01c7 B1010000 		.4byte	.LASF36
 604 01cb 05       		.byte	0x5
 605 01cc 2701     		.2byte	0x127
 606 01ce 07070000 		.4byte	0x707
 607 01d2 38       		.byte	0x38
 608 01d3 09       		.uleb128 0x9
 609 01d4 6B000000 		.4byte	.LASF37
 610 01d8 05       		.byte	0x5
 611 01d9 2B01     		.2byte	0x12b
 612 01db CE000000 		.4byte	0xce
 613 01df 3C       		.byte	0x3c
 614 01e0 09       		.uleb128 0x9
 615 01e1 32050000 		.4byte	.LASF38
 616 01e5 05       		.byte	0x5
 617 01e6 3201     		.2byte	0x132
 618 01e8 D6020000 		.4byte	0x2d6
 619 01ec 40       		.byte	0x40
ARM GAS  /tmp/ccZzvwCY.s 			page 22


 620 01ed 00       		.byte	0
 621 01ee 04       		.uleb128 0x4
 622 01ef BE020000 		.4byte	.LASF39
 623 01f3 04       		.byte	0x4
 624 01f4 44       		.byte	0x44
 625 01f5 F9010000 		.4byte	0x1f9
 626 01f9 0A       		.uleb128 0xa
 627 01fa 04       		.byte	0x4
 628 01fb 05010000 		.4byte	0x105
 629 01ff 04       		.uleb128 0x4
 630 0200 8F000000 		.4byte	.LASF40
 631 0204 04       		.byte	0x4
 632 0205 49       		.byte	0x49
 633 0206 0A020000 		.4byte	0x20a
 634 020a 05       		.uleb128 0x5
 635 020b 00000000 		.4byte	.LASF42
 636 020f 04       		.byte	0x4
 637 0210 05       		.byte	0x5
 638 0211 88       		.byte	0x88
 639 0212 23020000 		.4byte	0x223
 640 0216 06       		.uleb128 0x6
 641 0217 8A000000 		.4byte	.LASF43
 642 021b 05       		.byte	0x5
 643 021c 89       		.byte	0x89
 644 021d F9010000 		.4byte	0x1f9
 645 0221 00       		.byte	0
 646 0222 00       		.byte	0
 647 0223 04       		.uleb128 0x4
 648 0224 A1010000 		.4byte	.LASF44
 649 0228 04       		.byte	0x4
 650 0229 50       		.byte	0x50
 651 022a 2E020000 		.4byte	0x22e
 652 022e 05       		.uleb128 0x5
 653 022f E2000000 		.4byte	.LASF45
 654 0233 08       		.byte	0x8
 655 0234 05       		.byte	0x5
 656 0235 8F       		.byte	0x8f
 657 0236 53020000 		.4byte	0x253
 658 023a 06       		.uleb128 0x6
 659 023b 8A000000 		.4byte	.LASF43
 660 023f 05       		.byte	0x5
 661 0240 90       		.byte	0x90
 662 0241 F9010000 		.4byte	0x1f9
 663 0245 00       		.byte	0
 664 0246 06       		.uleb128 0x6
 665 0247 DD000000 		.4byte	.LASF46
 666 024b 05       		.byte	0x5
 667 024c 91       		.byte	0x91
 668 024d F9010000 		.4byte	0x1f9
 669 0251 04       		.byte	0x4
 670 0252 00       		.byte	0
 671 0253 04       		.uleb128 0x4
 672 0254 16040000 		.4byte	.LASF47
 673 0258 04       		.byte	0x4
 674 0259 57       		.byte	0x57
 675 025a 5E020000 		.4byte	0x25e
 676 025e 0B       		.uleb128 0xb
ARM GAS  /tmp/ccZzvwCY.s 			page 23


 677 025f C3000000 		.4byte	.LASF48
 678 0263 1C       		.byte	0x1c
 679 0264 05       		.byte	0x5
 680 0265 6A01     		.2byte	0x16a
 681 0267 BA020000 		.4byte	0x2ba
 682 026b 09       		.uleb128 0x9
 683 026c 23040000 		.4byte	.LASF24
 684 0270 05       		.byte	0x5
 685 0271 6B01     		.2byte	0x16b
 686 0273 23020000 		.4byte	0x223
 687 0277 00       		.byte	0
 688 0278 09       		.uleb128 0x9
 689 0279 B4020000 		.4byte	.LASF25
 690 027d 05       		.byte	0x5
 691 027e 6C01     		.2byte	0x16c
 692 0280 CE000000 		.4byte	0xce
 693 0284 08       		.byte	0x8
 694 0285 08       		.uleb128 0x8
 695 0286 63747800 		.ascii	"ctx\000"
 696 028a 05       		.byte	0x5
 697 028b 6E01     		.2byte	0x16e
 698 028d 88050000 		.4byte	0x588
 699 0291 0C       		.byte	0xc
 700 0292 09       		.uleb128 0x9
 701 0293 40040000 		.4byte	.LASF26
 702 0297 05       		.byte	0x5
 703 0298 7101     		.2byte	0x171
 704 029a F9010000 		.4byte	0x1f9
 705 029e 10       		.byte	0x10
 706 029f 09       		.uleb128 0x9
 707 02a0 72040000 		.4byte	.LASF27
 708 02a4 05       		.byte	0x5
 709 02a5 7201     		.2byte	0x172
 710 02a7 F9010000 		.4byte	0x1f9
 711 02ab 14       		.byte	0x14
 712 02ac 09       		.uleb128 0x9
 713 02ad C0040000 		.4byte	.LASF49
 714 02b1 05       		.byte	0x5
 715 02b2 7501     		.2byte	0x175
 716 02b4 F9010000 		.4byte	0x1f9
 717 02b8 18       		.byte	0x18
 718 02b9 00       		.byte	0
 719 02ba 04       		.uleb128 0x4
 720 02bb F3000000 		.4byte	.LASF50
 721 02bf 04       		.byte	0x4
 722 02c0 5C       		.byte	0x5c
 723 02c1 C5020000 		.4byte	0x2c5
 724 02c5 0A       		.uleb128 0xa
 725 02c6 04       		.byte	0x4
 726 02c7 CB020000 		.4byte	0x2cb
 727 02cb 0C       		.uleb128 0xc
 728 02cc D6020000 		.4byte	0x2d6
 729 02d0 0D       		.uleb128 0xd
 730 02d1 D6020000 		.4byte	0x2d6
 731 02d5 00       		.byte	0
 732 02d6 0E       		.uleb128 0xe
 733 02d7 04       		.byte	0x4
ARM GAS  /tmp/ccZzvwCY.s 			page 24


 734 02d8 04       		.uleb128 0x4
 735 02d9 26030000 		.4byte	.LASF51
 736 02dd 04       		.byte	0x4
 737 02de 61       		.byte	0x61
 738 02df E3020000 		.4byte	0x2e3
 739 02e3 0B       		.uleb128 0xb
 740 02e4 59010000 		.4byte	.LASF52
 741 02e8 14       		.byte	0x14
 742 02e9 05       		.byte	0x5
 743 02ea 4501     		.2byte	0x145
 744 02ec 32030000 		.4byte	0x332
 745 02f0 09       		.uleb128 0x9
 746 02f1 8A000000 		.4byte	.LASF43
 747 02f5 05       		.byte	0x5
 748 02f6 4601     		.2byte	0x146
 749 02f8 25070000 		.4byte	0x725
 750 02fc 00       		.byte	0
 751 02fd 09       		.uleb128 0x9
 752 02fe DD000000 		.4byte	.LASF46
 753 0302 05       		.byte	0x5
 754 0303 4701     		.2byte	0x147
 755 0305 25070000 		.4byte	0x725
 756 0309 04       		.byte	0x4
 757 030a 09       		.uleb128 0x9
 758 030b 9C040000 		.4byte	.LASF53
 759 030f 05       		.byte	0x5
 760 0310 4801     		.2byte	0x148
 761 0312 FA000000 		.4byte	0xfa
 762 0316 08       		.byte	0x8
 763 0317 09       		.uleb128 0x9
 764 0318 D1000000 		.4byte	.LASF54
 765 031c 05       		.byte	0x5
 766 031d 4901     		.2byte	0x149
 767 031f BA020000 		.4byte	0x2ba
 768 0323 0C       		.byte	0xc
 769 0324 08       		.uleb128 0x8
 770 0325 70617200 		.ascii	"par\000"
 771 0329 05       		.byte	0x5
 772 032a 4B01     		.2byte	0x14b
 773 032c D6020000 		.4byte	0x2d6
 774 0330 10       		.byte	0x10
 775 0331 00       		.byte	0
 776 0332 04       		.uleb128 0x4
 777 0333 5C040000 		.4byte	.LASF55
 778 0337 04       		.byte	0x4
 779 0338 66       		.byte	0x66
 780 0339 3D030000 		.4byte	0x33d
 781 033d 0B       		.uleb128 0xb
 782 033e B9010000 		.4byte	.LASF56
 783 0342 0C       		.byte	0xc
 784 0343 05       		.byte	0x5
 785 0344 5501     		.2byte	0x155
 786 0346 7F030000 		.4byte	0x37f
 787 034a 09       		.uleb128 0x9
 788 034b 8A000000 		.4byte	.LASF43
 789 034f 05       		.byte	0x5
 790 0350 5601     		.2byte	0x156
ARM GAS  /tmp/ccZzvwCY.s 			page 25


 791 0352 25070000 		.4byte	0x725
 792 0356 00       		.byte	0
 793 0357 09       		.uleb128 0x9
 794 0358 DD000000 		.4byte	.LASF46
 795 035c 05       		.byte	0x5
 796 035d 5801     		.2byte	0x158
 797 035f 25070000 		.4byte	0x725
 798 0363 04       		.byte	0x4
 799 0364 09       		.uleb128 0x9
 800 0365 9C040000 		.4byte	.LASF53
 801 0369 05       		.byte	0x5
 802 036a 5A01     		.2byte	0x15a
 803 036c FA000000 		.4byte	0xfa
 804 0370 08       		.byte	0x8
 805 0371 09       		.uleb128 0x9
 806 0372 C4030000 		.4byte	.LASF57
 807 0376 05       		.byte	0x5
 808 0377 6201     		.2byte	0x162
 809 0379 FA000000 		.4byte	0xfa
 810 037d 0A       		.byte	0xa
 811 037e 00       		.byte	0
 812 037f 04       		.uleb128 0x4
 813 0380 03030000 		.4byte	.LASF58
 814 0384 04       		.byte	0x4
 815 0385 6B       		.byte	0x6b
 816 0386 8A030000 		.4byte	0x38a
 817 038a 0B       		.uleb128 0xb
 818 038b FC000000 		.4byte	.LASF59
 819 038f 04       		.byte	0x4
 820 0390 05       		.byte	0x5
 821 0391 7C01     		.2byte	0x17c
 822 0393 A5030000 		.4byte	0x3a5
 823 0397 09       		.uleb128 0x9
 824 0398 44030000 		.4byte	.LASF60
 825 039c 05       		.byte	0x5
 826 039d 8401     		.2byte	0x184
 827 039f 2B070000 		.4byte	0x72b
 828 03a3 00       		.byte	0
 829 03a4 00       		.byte	0
 830 03a5 04       		.uleb128 0x4
 831 03a6 7E040000 		.4byte	.LASF61
 832 03aa 04       		.byte	0x4
 833 03ab 70       		.byte	0x70
 834 03ac B0030000 		.4byte	0x3b0
 835 03b0 0B       		.uleb128 0xb
 836 03b1 BA030000 		.4byte	.LASF62
 837 03b5 74       		.byte	0x74
 838 03b6 05       		.byte	0x5
 839 03b7 9C01     		.2byte	0x19c
 840 03b9 FE030000 		.4byte	0x3fe
 841 03bd 09       		.uleb128 0x9
 842 03be DB030000 		.4byte	.LASF63
 843 03c2 05       		.byte	0x5
 844 03c3 A001     		.2byte	0x1a0
 845 03c5 53020000 		.4byte	0x253
 846 03c9 00       		.byte	0
 847 03ca 09       		.uleb128 0x9
ARM GAS  /tmp/ccZzvwCY.s 			page 26


 848 03cb AF000000 		.4byte	.LASF64
 849 03cf 05       		.byte	0x5
 850 03d0 A401     		.2byte	0x1a4
 851 03d2 32030000 		.4byte	0x332
 852 03d6 1C       		.byte	0x1c
 853 03d7 08       		.uleb128 0x8
 854 03d8 64626700 		.ascii	"dbg\000"
 855 03dc 05       		.byte	0x5
 856 03dd A801     		.2byte	0x1a8
 857 03df 7F030000 		.4byte	0x37f
 858 03e3 28       		.byte	0x28
 859 03e4 09       		.uleb128 0x9
 860 03e5 5C030000 		.4byte	.LASF65
 861 03e9 05       		.byte	0x5
 862 03ea AC01     		.2byte	0x1ac
 863 03ec 05010000 		.4byte	0x105
 864 03f0 2C       		.byte	0x2c
 865 03f1 08       		.uleb128 0x8
 866 03f2 746D00   		.ascii	"tm\000"
 867 03f5 05       		.byte	0x5
 868 03f6 B101     		.2byte	0x1b1
 869 03f8 37060000 		.4byte	0x637
 870 03fc 70       		.byte	0x70
 871 03fd 00       		.byte	0
 872 03fe 03       		.uleb128 0x3
 873 03ff 04       		.byte	0x4
 874 0400 07       		.byte	0x7
 875 0401 E6030000 		.4byte	.LASF66
 876 0405 0F       		.uleb128 0xf
 877 0406 77000000 		.4byte	0x77
 878 040a 10       		.uleb128 0x10
 879 040b 24       		.byte	0x24
 880 040c 06       		.byte	0x6
 881 040d 3A01     		.2byte	0x13a
 882 040f 86040000 		.4byte	0x486
 883 0413 08       		.uleb128 0x8
 884 0414 41435200 		.ascii	"ACR\000"
 885 0418 06       		.byte	0x6
 886 0419 3C01     		.2byte	0x13c
 887 041b 05040000 		.4byte	0x405
 888 041f 00       		.byte	0
 889 0420 09       		.uleb128 0x9
 890 0421 96010000 		.4byte	.LASF67
 891 0425 06       		.byte	0x6
 892 0426 3D01     		.2byte	0x13d
 893 0428 05040000 		.4byte	0x405
 894 042c 04       		.byte	0x4
 895 042d 09       		.uleb128 0x9
 896 042e 88010000 		.4byte	.LASF68
 897 0432 06       		.byte	0x6
 898 0433 3E01     		.2byte	0x13e
 899 0435 05040000 		.4byte	0x405
 900 0439 08       		.byte	0x8
 901 043a 08       		.uleb128 0x8
 902 043b 535200   		.ascii	"SR\000"
 903 043e 06       		.byte	0x6
 904 043f 3F01     		.2byte	0x13f
ARM GAS  /tmp/ccZzvwCY.s 			page 27


 905 0441 05040000 		.4byte	0x405
 906 0445 0C       		.byte	0xc
 907 0446 08       		.uleb128 0x8
 908 0447 435200   		.ascii	"CR\000"
 909 044a 06       		.byte	0x6
 910 044b 4001     		.2byte	0x140
 911 044d 05040000 		.4byte	0x405
 912 0451 10       		.byte	0x10
 913 0452 08       		.uleb128 0x8
 914 0453 415200   		.ascii	"AR\000"
 915 0456 06       		.byte	0x6
 916 0457 4101     		.2byte	0x141
 917 0459 05040000 		.4byte	0x405
 918 045d 14       		.byte	0x14
 919 045e 09       		.uleb128 0x9
 920 045f 10000000 		.4byte	.LASF69
 921 0463 06       		.byte	0x6
 922 0464 4201     		.2byte	0x142
 923 0466 05040000 		.4byte	0x405
 924 046a 18       		.byte	0x18
 925 046b 08       		.uleb128 0x8
 926 046c 4F425200 		.ascii	"OBR\000"
 927 0470 06       		.byte	0x6
 928 0471 4301     		.2byte	0x143
 929 0473 05040000 		.4byte	0x405
 930 0477 1C       		.byte	0x1c
 931 0478 09       		.uleb128 0x9
 932 0479 D9010000 		.4byte	.LASF70
 933 047d 06       		.byte	0x6
 934 047e 4401     		.2byte	0x144
 935 0480 05040000 		.4byte	0x405
 936 0484 20       		.byte	0x20
 937 0485 00       		.byte	0
 938 0486 11       		.uleb128 0x11
 939 0487 E5010000 		.4byte	.LASF71
 940 048b 06       		.byte	0x6
 941 048c 4501     		.2byte	0x145
 942 048e 0A040000 		.4byte	0x40a
 943 0492 10       		.uleb128 0x10
 944 0493 08       		.byte	0x8
 945 0494 06       		.byte	0x6
 946 0495 9301     		.2byte	0x193
 947 0497 B5040000 		.4byte	0x4b5
 948 049b 08       		.uleb128 0x8
 949 049c 435200   		.ascii	"CR\000"
 950 049f 06       		.byte	0x6
 951 04a0 9501     		.2byte	0x195
 952 04a2 05040000 		.4byte	0x405
 953 04a6 00       		.byte	0
 954 04a7 08       		.uleb128 0x8
 955 04a8 43535200 		.ascii	"CSR\000"
 956 04ac 06       		.byte	0x6
 957 04ad 9601     		.2byte	0x196
 958 04af 05040000 		.4byte	0x405
 959 04b3 04       		.byte	0x4
 960 04b4 00       		.byte	0
 961 04b5 11       		.uleb128 0x11
ARM GAS  /tmp/ccZzvwCY.s 			page 28


 962 04b6 8C030000 		.4byte	.LASF72
 963 04ba 06       		.byte	0x6
 964 04bb 9701     		.2byte	0x197
 965 04bd 92040000 		.4byte	0x492
 966 04c1 10       		.uleb128 0x10
 967 04c2 30       		.byte	0x30
 968 04c3 06       		.byte	0x6
 969 04c4 9D01     		.2byte	0x19d
 970 04c6 66050000 		.4byte	0x566
 971 04ca 08       		.uleb128 0x8
 972 04cb 435200   		.ascii	"CR\000"
 973 04ce 06       		.byte	0x6
 974 04cf 9F01     		.2byte	0x19f
 975 04d1 05040000 		.4byte	0x405
 976 04d5 00       		.byte	0
 977 04d6 09       		.uleb128 0x9
 978 04d7 D6030000 		.4byte	.LASF73
 979 04db 06       		.byte	0x6
 980 04dc A001     		.2byte	0x1a0
 981 04de 05040000 		.4byte	0x405
 982 04e2 04       		.byte	0x4
 983 04e3 08       		.uleb128 0x8
 984 04e4 43495200 		.ascii	"CIR\000"
 985 04e8 06       		.byte	0x6
 986 04e9 A101     		.2byte	0x1a1
 987 04eb 05040000 		.4byte	0x405
 988 04ef 08       		.byte	0x8
 989 04f0 09       		.uleb128 0x9
 990 04f1 52000000 		.4byte	.LASF74
 991 04f5 06       		.byte	0x6
 992 04f6 A201     		.2byte	0x1a2
 993 04f8 05040000 		.4byte	0x405
 994 04fc 0C       		.byte	0xc
 995 04fd 09       		.uleb128 0x9
 996 04fe AB020000 		.4byte	.LASF75
 997 0502 06       		.byte	0x6
 998 0503 A301     		.2byte	0x1a3
 999 0505 05040000 		.4byte	0x405
 1000 0509 10       		.byte	0x10
 1001 050a 09       		.uleb128 0x9
 1002 050b E1020000 		.4byte	.LASF76
 1003 050f 06       		.byte	0x6
 1004 0510 A401     		.2byte	0x1a4
 1005 0512 05040000 		.4byte	0x405
 1006 0516 14       		.byte	0x14
 1007 0517 09       		.uleb128 0x9
 1008 0518 3C030000 		.4byte	.LASF77
 1009 051c 06       		.byte	0x6
 1010 051d A501     		.2byte	0x1a5
 1011 051f 05040000 		.4byte	0x405
 1012 0523 18       		.byte	0x18
 1013 0524 09       		.uleb128 0x9
 1014 0525 19000000 		.4byte	.LASF78
 1015 0529 06       		.byte	0x6
 1016 052a A601     		.2byte	0x1a6
 1017 052c 05040000 		.4byte	0x405
 1018 0530 1C       		.byte	0x1c
ARM GAS  /tmp/ccZzvwCY.s 			page 29


 1019 0531 09       		.uleb128 0x9
 1020 0532 9E000000 		.4byte	.LASF79
 1021 0536 06       		.byte	0x6
 1022 0537 A701     		.2byte	0x1a7
 1023 0539 05040000 		.4byte	0x405
 1024 053d 20       		.byte	0x20
 1025 053e 08       		.uleb128 0x8
 1026 053f 43535200 		.ascii	"CSR\000"
 1027 0543 06       		.byte	0x6
 1028 0544 A801     		.2byte	0x1a8
 1029 0546 05040000 		.4byte	0x405
 1030 054a 24       		.byte	0x24
 1031 054b 09       		.uleb128 0x9
 1032 054c 78030000 		.4byte	.LASF80
 1033 0550 06       		.byte	0x6
 1034 0551 AB01     		.2byte	0x1ab
 1035 0553 77000000 		.4byte	0x77
 1036 0557 28       		.byte	0x28
 1037 0558 09       		.uleb128 0x9
 1038 0559 36030000 		.4byte	.LASF81
 1039 055d 06       		.byte	0x6
 1040 055e AC01     		.2byte	0x1ac
 1041 0560 05040000 		.4byte	0x405
 1042 0564 2C       		.byte	0x2c
 1043 0565 00       		.byte	0
 1044 0566 11       		.uleb128 0x11
 1045 0567 F3010000 		.4byte	.LASF82
 1046 056b 06       		.byte	0x6
 1047 056c AD01     		.2byte	0x1ad
 1048 056e C1040000 		.4byte	0x4c1
 1049 0572 04       		.uleb128 0x4
 1050 0573 49000000 		.4byte	.LASF83
 1051 0577 07       		.byte	0x7
 1052 0578 65       		.byte	0x65
 1053 0579 D6020000 		.4byte	0x2d6
 1054 057d 04       		.uleb128 0x4
 1055 057e B5040000 		.4byte	.LASF84
 1056 0582 07       		.byte	0x7
 1057 0583 6D       		.byte	0x6d
 1058 0584 90000000 		.4byte	0x90
 1059 0588 05       		.uleb128 0x5
 1060 0589 B6000000 		.4byte	.LASF85
 1061 058d 04       		.byte	0x4
 1062 058e 07       		.byte	0x7
 1063 058f 89       		.byte	0x89
 1064 0590 A0050000 		.4byte	0x5a0
 1065 0594 07       		.uleb128 0x7
 1066 0595 737000   		.ascii	"sp\000"
 1067 0598 07       		.byte	0x7
 1068 0599 8A       		.byte	0x8a
 1069 059a 1C060000 		.4byte	0x61c
 1070 059e 00       		.byte	0
 1071 059f 00       		.byte	0
 1072 05a0 0B       		.uleb128 0xb
 1073 05a1 A1030000 		.4byte	.LASF86
 1074 05a5 24       		.byte	0x24
 1075 05a6 08       		.byte	0x8
ARM GAS  /tmp/ccZzvwCY.s 			page 30


 1076 05a7 5901     		.2byte	0x159
 1077 05a9 1C060000 		.4byte	0x61c
 1078 05ad 08       		.uleb128 0x8
 1079 05ae 723400   		.ascii	"r4\000"
 1080 05b1 08       		.byte	0x8
 1081 05b2 6C01     		.2byte	0x16c
 1082 05b4 72050000 		.4byte	0x572
 1083 05b8 00       		.byte	0
 1084 05b9 08       		.uleb128 0x8
 1085 05ba 723500   		.ascii	"r5\000"
 1086 05bd 08       		.byte	0x8
 1087 05be 6D01     		.2byte	0x16d
 1088 05c0 72050000 		.4byte	0x572
 1089 05c4 04       		.byte	0x4
 1090 05c5 08       		.uleb128 0x8
 1091 05c6 723600   		.ascii	"r6\000"
 1092 05c9 08       		.byte	0x8
 1093 05ca 6E01     		.2byte	0x16e
 1094 05cc 72050000 		.4byte	0x572
 1095 05d0 08       		.byte	0x8
 1096 05d1 08       		.uleb128 0x8
 1097 05d2 723700   		.ascii	"r7\000"
 1098 05d5 08       		.byte	0x8
 1099 05d6 6F01     		.2byte	0x16f
 1100 05d8 72050000 		.4byte	0x572
 1101 05dc 0C       		.byte	0xc
 1102 05dd 08       		.uleb128 0x8
 1103 05de 723800   		.ascii	"r8\000"
 1104 05e1 08       		.byte	0x8
 1105 05e2 7001     		.2byte	0x170
 1106 05e4 72050000 		.4byte	0x572
 1107 05e8 10       		.byte	0x10
 1108 05e9 08       		.uleb128 0x8
 1109 05ea 723900   		.ascii	"r9\000"
 1110 05ed 08       		.byte	0x8
 1111 05ee 7101     		.2byte	0x171
 1112 05f0 72050000 		.4byte	0x572
 1113 05f4 14       		.byte	0x14
 1114 05f5 08       		.uleb128 0x8
 1115 05f6 72313000 		.ascii	"r10\000"
 1116 05fa 08       		.byte	0x8
 1117 05fb 7201     		.2byte	0x172
 1118 05fd 72050000 		.4byte	0x572
 1119 0601 18       		.byte	0x18
 1120 0602 08       		.uleb128 0x8
 1121 0603 72313100 		.ascii	"r11\000"
 1122 0607 08       		.byte	0x8
 1123 0608 7301     		.2byte	0x173
 1124 060a 72050000 		.4byte	0x572
 1125 060e 1C       		.byte	0x1c
 1126 060f 08       		.uleb128 0x8
 1127 0610 6C7200   		.ascii	"lr\000"
 1128 0613 08       		.byte	0x8
 1129 0614 7401     		.2byte	0x174
 1130 0616 72050000 		.4byte	0x572
 1131 061a 20       		.byte	0x20
 1132 061b 00       		.byte	0
ARM GAS  /tmp/ccZzvwCY.s 			page 31


 1133 061c 0A       		.uleb128 0xa
 1134 061d 04       		.byte	0x4
 1135 061e A0050000 		.4byte	0x5a0
 1136 0622 12       		.uleb128 0x12
 1137 0623 04       		.byte	0x4
 1138 0624 09       		.byte	0x9
 1139 0625 38       		.byte	0x38
 1140 0626 37060000 		.4byte	0x637
 1141 062a 06       		.uleb128 0x6
 1142 062b 81010000 		.4byte	.LASF87
 1143 062f 09       		.byte	0x9
 1144 0630 3C       		.byte	0x3c
 1145 0631 A2000000 		.4byte	0xa2
 1146 0635 00       		.byte	0
 1147 0636 00       		.byte	0
 1148 0637 04       		.uleb128 0x4
 1149 0638 38000000 		.4byte	.LASF88
 1150 063c 09       		.byte	0x9
 1151 063d 3D       		.byte	0x3d
 1152 063e 22060000 		.4byte	0x622
 1153 0642 13       		.uleb128 0x13
 1154 0643 04       		.byte	0x4
 1155 0644 05       		.byte	0x5
 1156 0645 D2       		.byte	0xd2
 1157 0646 A5060000 		.4byte	0x6a5
 1158 064a 14       		.uleb128 0x14
 1159 064b DE010000 		.4byte	.LASF89
 1160 064f 05       		.byte	0x5
 1161 0650 D9       		.byte	0xd9
 1162 0651 D9000000 		.4byte	0xd9
 1163 0655 14       		.uleb128 0x14
 1164 0656 29050000 		.4byte	.LASF90
 1165 065a 05       		.byte	0x5
 1166 065b E0       		.byte	0xe0
 1167 065c D9000000 		.4byte	0xd9
 1168 0660 14       		.uleb128 0x14
 1169 0661 A8000000 		.4byte	.LASF91
 1170 0665 05       		.byte	0x5
 1171 0666 E7       		.byte	0xe7
 1172 0667 D6020000 		.4byte	0x2d6
 1173 066b 14       		.uleb128 0x14
 1174 066c 8A040000 		.4byte	.LASF92
 1175 0670 05       		.byte	0x5
 1176 0671 EE       		.byte	0xee
 1177 0672 A5060000 		.4byte	0x6a5
 1178 0676 14       		.uleb128 0x14
 1179 0677 30010000 		.4byte	.LASF93
 1180 067b 05       		.byte	0x5
 1181 067c F3       		.byte	0xf3
 1182 067d D9000000 		.4byte	0xd9
 1183 0681 14       		.uleb128 0x14
 1184 0682 31040000 		.4byte	.LASF94
 1185 0686 05       		.byte	0x5
 1186 0687 FC       		.byte	0xfc
 1187 0688 D0060000 		.4byte	0x6d0
 1188 068c 15       		.uleb128 0x15
 1189 068d 31000000 		.4byte	.LASF95
ARM GAS  /tmp/ccZzvwCY.s 			page 32


 1190 0691 05       		.byte	0x5
 1191 0692 0501     		.2byte	0x105
 1192 0694 07070000 		.4byte	0x707
 1193 0698 15       		.uleb128 0x15
 1194 0699 D6000000 		.4byte	.LASF96
 1195 069d 05       		.byte	0x5
 1196 069e 0D01     		.2byte	0x10d
 1197 06a0 E4000000 		.4byte	0xe4
 1198 06a4 00       		.byte	0
 1199 06a5 0A       		.uleb128 0xa
 1200 06a6 04       		.byte	0x4
 1201 06a7 EE010000 		.4byte	0x1ee
 1202 06ab 05       		.uleb128 0x5
 1203 06ac 44010000 		.4byte	.LASF97
 1204 06b0 0C       		.byte	0xc
 1205 06b1 0A       		.byte	0xa
 1206 06b2 34       		.byte	0x34
 1207 06b3 D0060000 		.4byte	0x6d0
 1208 06b7 06       		.uleb128 0x6
 1209 06b8 23040000 		.4byte	.LASF24
 1210 06bc 0A       		.byte	0xa
 1211 06bd 35       		.byte	0x35
 1212 06be 23020000 		.4byte	0x223
 1213 06c2 00       		.byte	0
 1214 06c3 07       		.uleb128 0x7
 1215 06c4 636E7400 		.ascii	"cnt\000"
 1216 06c8 0A       		.byte	0xa
 1217 06c9 37       		.byte	0x37
 1218 06ca EF000000 		.4byte	0xef
 1219 06ce 08       		.byte	0x8
 1220 06cf 00       		.byte	0
 1221 06d0 0A       		.uleb128 0xa
 1222 06d1 04       		.byte	0x4
 1223 06d2 AB060000 		.4byte	0x6ab
 1224 06d6 05       		.uleb128 0x5
 1225 06d7 FF010000 		.4byte	.LASF98
 1226 06db 10       		.byte	0x10
 1227 06dc 0B       		.byte	0xb
 1228 06dd 39       		.byte	0x39
 1229 06de 07070000 		.4byte	0x707
 1230 06e2 06       		.uleb128 0x6
 1231 06e3 23040000 		.4byte	.LASF24
 1232 06e7 0B       		.byte	0xb
 1233 06e8 3A       		.byte	0x3a
 1234 06e9 23020000 		.4byte	0x223
 1235 06ed 00       		.byte	0
 1236 06ee 06       		.uleb128 0x6
 1237 06ef 9B010000 		.4byte	.LASF99
 1238 06f3 0B       		.byte	0xb
 1239 06f4 3C       		.byte	0x3c
 1240 06f5 F9010000 		.4byte	0x1f9
 1241 06f9 08       		.byte	0x8
 1242 06fa 06       		.uleb128 0x6
 1243 06fb 8A000000 		.4byte	.LASF43
 1244 06ff 0B       		.byte	0xb
 1245 0700 3E       		.byte	0x3e
 1246 0701 3B070000 		.4byte	0x73b
ARM GAS  /tmp/ccZzvwCY.s 			page 33


 1247 0705 0C       		.byte	0xc
 1248 0706 00       		.byte	0
 1249 0707 0A       		.uleb128 0xa
 1250 0708 04       		.byte	0x4
 1251 0709 D6060000 		.4byte	0x6d6
 1252 070d 0A       		.uleb128 0xa
 1253 070e 04       		.byte	0x4
 1254 070f 13070000 		.4byte	0x713
 1255 0713 16       		.uleb128 0x16
 1256 0714 18070000 		.4byte	0x718
 1257 0718 03       		.uleb128 0x3
 1258 0719 01       		.byte	0x1
 1259 071a 08       		.byte	0x8
 1260 071b B9020000 		.4byte	.LASF100
 1261 071f 0A       		.uleb128 0xa
 1262 0720 04       		.byte	0x4
 1263 0721 7D050000 		.4byte	0x57d
 1264 0725 0A       		.uleb128 0xa
 1265 0726 04       		.byte	0x4
 1266 0727 D8020000 		.4byte	0x2d8
 1267 072b 0F       		.uleb128 0xf
 1268 072c 0D070000 		.4byte	0x70d
 1269 0730 04       		.uleb128 0x4
 1270 0731 38040000 		.4byte	.LASF101
 1271 0735 0B       		.byte	0xb
 1272 0736 34       		.byte	0x34
 1273 0737 D6060000 		.4byte	0x6d6
 1274 073b 0A       		.uleb128 0xa
 1275 073c 04       		.byte	0x4
 1276 073d 30070000 		.4byte	0x730
 1277 0741 03       		.uleb128 0x3
 1278 0742 01       		.byte	0x1
 1279 0743 02       		.byte	0x2
 1280 0744 4E030000 		.4byte	.LASF102
 1281 0748 17       		.uleb128 0x17
 1282 0749 0C010000 		.4byte	.LASF108
 1283 074d 01       		.byte	0x1
 1284 074e 36       		.byte	0x36
 1285 074f 01       		.byte	0x1
 1286 0750 18       		.uleb128 0x18
 1287 0751 09040000 		.4byte	.LASF109
 1288 0755 01       		.byte	0x1
 1289 0756 84       		.byte	0x84
 1290 0757 00000000 		.4byte	.LFB218
 1291 075b 3C000000 		.4byte	.LFE218-.LFB218
 1292 075f 01       		.uleb128 0x1
 1293 0760 9C       		.byte	0x9c
 1294 0761 75070000 		.4byte	0x775
 1295 0765 19       		.uleb128 0x19
 1296 0766 48070000 		.4byte	0x748
 1297 076a 1C000000 		.4byte	.LBB4
 1298 076e 00000000 		.4byte	.Ldebug_ranges0+0
 1299 0772 01       		.byte	0x1
 1300 0773 8F       		.byte	0x8f
 1301 0774 00       		.byte	0
 1302 0775 1A       		.uleb128 0x1a
 1303 0776 18050000 		.4byte	.LASF110
ARM GAS  /tmp/ccZzvwCY.s 			page 34


 1304 077a 01       		.byte	0x1
 1305 077b A9       		.byte	0xa9
 1306 077c 00000000 		.4byte	.LFB219
 1307 0780 9E000000 		.4byte	.LFE219-.LFB219
 1308 0784 01       		.uleb128 0x1
 1309 0785 9C       		.byte	0x9c
 1310 0786 1B       		.uleb128 0x1b
 1311 0787 AD030000 		.4byte	.LASF103
 1312 078b 0C       		.byte	0xc
 1313 078c 9606     		.2byte	0x696
 1314 078e 92070000 		.4byte	0x792
 1315 0792 0F       		.uleb128 0xf
 1316 0793 65000000 		.4byte	0x65
 1317 0797 1C       		.uleb128 0x1c
 1318 0798 21000000 		.4byte	.LASF104
 1319 079c 01       		.byte	0x1
 1320 079d 27       		.byte	0x27
 1321 079e 77000000 		.4byte	0x77
 1322 07a2 05       		.uleb128 0x5
 1323 07a3 03       		.byte	0x3
 1324 07a4 00000000 		.4byte	SystemCoreClock
 1325 07a8 1D       		.uleb128 0x1d
 1326 07a9 636800   		.ascii	"ch\000"
 1327 07ac 05       		.byte	0x5
 1328 07ad D201     		.2byte	0x1d2
 1329 07af A5030000 		.4byte	0x3a5
 1330 07b3 00       		.byte	0
 1331              		.section	.debug_abbrev,"",%progbits
 1332              	.Ldebug_abbrev0:
 1333 0000 01       		.uleb128 0x1
 1334 0001 11       		.uleb128 0x11
 1335 0002 01       		.byte	0x1
 1336 0003 25       		.uleb128 0x25
 1337 0004 0E       		.uleb128 0xe
 1338 0005 13       		.uleb128 0x13
 1339 0006 0B       		.uleb128 0xb
 1340 0007 03       		.uleb128 0x3
 1341 0008 0E       		.uleb128 0xe
 1342 0009 1B       		.uleb128 0x1b
 1343 000a 0E       		.uleb128 0xe
 1344 000b 55       		.uleb128 0x55
 1345 000c 17       		.uleb128 0x17
 1346 000d 11       		.uleb128 0x11
 1347 000e 01       		.uleb128 0x1
 1348 000f 10       		.uleb128 0x10
 1349 0010 17       		.uleb128 0x17
 1350 0011 00       		.byte	0
 1351 0012 00       		.byte	0
 1352 0013 02       		.uleb128 0x2
 1353 0014 24       		.uleb128 0x24
 1354 0015 00       		.byte	0
 1355 0016 0B       		.uleb128 0xb
 1356 0017 0B       		.uleb128 0xb
 1357 0018 3E       		.uleb128 0x3e
 1358 0019 0B       		.uleb128 0xb
 1359 001a 03       		.uleb128 0x3
 1360 001b 08       		.uleb128 0x8
ARM GAS  /tmp/ccZzvwCY.s 			page 35


 1361 001c 00       		.byte	0
 1362 001d 00       		.byte	0
 1363 001e 03       		.uleb128 0x3
 1364 001f 24       		.uleb128 0x24
 1365 0020 00       		.byte	0
 1366 0021 0B       		.uleb128 0xb
 1367 0022 0B       		.uleb128 0xb
 1368 0023 3E       		.uleb128 0x3e
 1369 0024 0B       		.uleb128 0xb
 1370 0025 03       		.uleb128 0x3
 1371 0026 0E       		.uleb128 0xe
 1372 0027 00       		.byte	0
 1373 0028 00       		.byte	0
 1374 0029 04       		.uleb128 0x4
 1375 002a 16       		.uleb128 0x16
 1376 002b 00       		.byte	0
 1377 002c 03       		.uleb128 0x3
 1378 002d 0E       		.uleb128 0xe
 1379 002e 3A       		.uleb128 0x3a
 1380 002f 0B       		.uleb128 0xb
 1381 0030 3B       		.uleb128 0x3b
 1382 0031 0B       		.uleb128 0xb
 1383 0032 49       		.uleb128 0x49
 1384 0033 13       		.uleb128 0x13
 1385 0034 00       		.byte	0
 1386 0035 00       		.byte	0
 1387 0036 05       		.uleb128 0x5
 1388 0037 13       		.uleb128 0x13
 1389 0038 01       		.byte	0x1
 1390 0039 03       		.uleb128 0x3
 1391 003a 0E       		.uleb128 0xe
 1392 003b 0B       		.uleb128 0xb
 1393 003c 0B       		.uleb128 0xb
 1394 003d 3A       		.uleb128 0x3a
 1395 003e 0B       		.uleb128 0xb
 1396 003f 3B       		.uleb128 0x3b
 1397 0040 0B       		.uleb128 0xb
 1398 0041 01       		.uleb128 0x1
 1399 0042 13       		.uleb128 0x13
 1400 0043 00       		.byte	0
 1401 0044 00       		.byte	0
 1402 0045 06       		.uleb128 0x6
 1403 0046 0D       		.uleb128 0xd
 1404 0047 00       		.byte	0
 1405 0048 03       		.uleb128 0x3
 1406 0049 0E       		.uleb128 0xe
 1407 004a 3A       		.uleb128 0x3a
 1408 004b 0B       		.uleb128 0xb
 1409 004c 3B       		.uleb128 0x3b
 1410 004d 0B       		.uleb128 0xb
 1411 004e 49       		.uleb128 0x49
 1412 004f 13       		.uleb128 0x13
 1413 0050 38       		.uleb128 0x38
 1414 0051 0B       		.uleb128 0xb
 1415 0052 00       		.byte	0
 1416 0053 00       		.byte	0
 1417 0054 07       		.uleb128 0x7
ARM GAS  /tmp/ccZzvwCY.s 			page 36


 1418 0055 0D       		.uleb128 0xd
 1419 0056 00       		.byte	0
 1420 0057 03       		.uleb128 0x3
 1421 0058 08       		.uleb128 0x8
 1422 0059 3A       		.uleb128 0x3a
 1423 005a 0B       		.uleb128 0xb
 1424 005b 3B       		.uleb128 0x3b
 1425 005c 0B       		.uleb128 0xb
 1426 005d 49       		.uleb128 0x49
 1427 005e 13       		.uleb128 0x13
 1428 005f 38       		.uleb128 0x38
 1429 0060 0B       		.uleb128 0xb
 1430 0061 00       		.byte	0
 1431 0062 00       		.byte	0
 1432 0063 08       		.uleb128 0x8
 1433 0064 0D       		.uleb128 0xd
 1434 0065 00       		.byte	0
 1435 0066 03       		.uleb128 0x3
 1436 0067 08       		.uleb128 0x8
 1437 0068 3A       		.uleb128 0x3a
 1438 0069 0B       		.uleb128 0xb
 1439 006a 3B       		.uleb128 0x3b
 1440 006b 05       		.uleb128 0x5
 1441 006c 49       		.uleb128 0x49
 1442 006d 13       		.uleb128 0x13
 1443 006e 38       		.uleb128 0x38
 1444 006f 0B       		.uleb128 0xb
 1445 0070 00       		.byte	0
 1446 0071 00       		.byte	0
 1447 0072 09       		.uleb128 0x9
 1448 0073 0D       		.uleb128 0xd
 1449 0074 00       		.byte	0
 1450 0075 03       		.uleb128 0x3
 1451 0076 0E       		.uleb128 0xe
 1452 0077 3A       		.uleb128 0x3a
 1453 0078 0B       		.uleb128 0xb
 1454 0079 3B       		.uleb128 0x3b
 1455 007a 05       		.uleb128 0x5
 1456 007b 49       		.uleb128 0x49
 1457 007c 13       		.uleb128 0x13
 1458 007d 38       		.uleb128 0x38
 1459 007e 0B       		.uleb128 0xb
 1460 007f 00       		.byte	0
 1461 0080 00       		.byte	0
 1462 0081 0A       		.uleb128 0xa
 1463 0082 0F       		.uleb128 0xf
 1464 0083 00       		.byte	0
 1465 0084 0B       		.uleb128 0xb
 1466 0085 0B       		.uleb128 0xb
 1467 0086 49       		.uleb128 0x49
 1468 0087 13       		.uleb128 0x13
 1469 0088 00       		.byte	0
 1470 0089 00       		.byte	0
 1471 008a 0B       		.uleb128 0xb
 1472 008b 13       		.uleb128 0x13
 1473 008c 01       		.byte	0x1
 1474 008d 03       		.uleb128 0x3
ARM GAS  /tmp/ccZzvwCY.s 			page 37


 1475 008e 0E       		.uleb128 0xe
 1476 008f 0B       		.uleb128 0xb
 1477 0090 0B       		.uleb128 0xb
 1478 0091 3A       		.uleb128 0x3a
 1479 0092 0B       		.uleb128 0xb
 1480 0093 3B       		.uleb128 0x3b
 1481 0094 05       		.uleb128 0x5
 1482 0095 01       		.uleb128 0x1
 1483 0096 13       		.uleb128 0x13
 1484 0097 00       		.byte	0
 1485 0098 00       		.byte	0
 1486 0099 0C       		.uleb128 0xc
 1487 009a 15       		.uleb128 0x15
 1488 009b 01       		.byte	0x1
 1489 009c 27       		.uleb128 0x27
 1490 009d 19       		.uleb128 0x19
 1491 009e 01       		.uleb128 0x1
 1492 009f 13       		.uleb128 0x13
 1493 00a0 00       		.byte	0
 1494 00a1 00       		.byte	0
 1495 00a2 0D       		.uleb128 0xd
 1496 00a3 05       		.uleb128 0x5
 1497 00a4 00       		.byte	0
 1498 00a5 49       		.uleb128 0x49
 1499 00a6 13       		.uleb128 0x13
 1500 00a7 00       		.byte	0
 1501 00a8 00       		.byte	0
 1502 00a9 0E       		.uleb128 0xe
 1503 00aa 0F       		.uleb128 0xf
 1504 00ab 00       		.byte	0
 1505 00ac 0B       		.uleb128 0xb
 1506 00ad 0B       		.uleb128 0xb
 1507 00ae 00       		.byte	0
 1508 00af 00       		.byte	0
 1509 00b0 0F       		.uleb128 0xf
 1510 00b1 35       		.uleb128 0x35
 1511 00b2 00       		.byte	0
 1512 00b3 49       		.uleb128 0x49
 1513 00b4 13       		.uleb128 0x13
 1514 00b5 00       		.byte	0
 1515 00b6 00       		.byte	0
 1516 00b7 10       		.uleb128 0x10
 1517 00b8 13       		.uleb128 0x13
 1518 00b9 01       		.byte	0x1
 1519 00ba 0B       		.uleb128 0xb
 1520 00bb 0B       		.uleb128 0xb
 1521 00bc 3A       		.uleb128 0x3a
 1522 00bd 0B       		.uleb128 0xb
 1523 00be 3B       		.uleb128 0x3b
 1524 00bf 05       		.uleb128 0x5
 1525 00c0 01       		.uleb128 0x1
 1526 00c1 13       		.uleb128 0x13
 1527 00c2 00       		.byte	0
 1528 00c3 00       		.byte	0
 1529 00c4 11       		.uleb128 0x11
 1530 00c5 16       		.uleb128 0x16
 1531 00c6 00       		.byte	0
ARM GAS  /tmp/ccZzvwCY.s 			page 38


 1532 00c7 03       		.uleb128 0x3
 1533 00c8 0E       		.uleb128 0xe
 1534 00c9 3A       		.uleb128 0x3a
 1535 00ca 0B       		.uleb128 0xb
 1536 00cb 3B       		.uleb128 0x3b
 1537 00cc 05       		.uleb128 0x5
 1538 00cd 49       		.uleb128 0x49
 1539 00ce 13       		.uleb128 0x13
 1540 00cf 00       		.byte	0
 1541 00d0 00       		.byte	0
 1542 00d1 12       		.uleb128 0x12
 1543 00d2 13       		.uleb128 0x13
 1544 00d3 01       		.byte	0x1
 1545 00d4 0B       		.uleb128 0xb
 1546 00d5 0B       		.uleb128 0xb
 1547 00d6 3A       		.uleb128 0x3a
 1548 00d7 0B       		.uleb128 0xb
 1549 00d8 3B       		.uleb128 0x3b
 1550 00d9 0B       		.uleb128 0xb
 1551 00da 01       		.uleb128 0x1
 1552 00db 13       		.uleb128 0x13
 1553 00dc 00       		.byte	0
 1554 00dd 00       		.byte	0
 1555 00de 13       		.uleb128 0x13
 1556 00df 17       		.uleb128 0x17
 1557 00e0 01       		.byte	0x1
 1558 00e1 0B       		.uleb128 0xb
 1559 00e2 0B       		.uleb128 0xb
 1560 00e3 3A       		.uleb128 0x3a
 1561 00e4 0B       		.uleb128 0xb
 1562 00e5 3B       		.uleb128 0x3b
 1563 00e6 0B       		.uleb128 0xb
 1564 00e7 01       		.uleb128 0x1
 1565 00e8 13       		.uleb128 0x13
 1566 00e9 00       		.byte	0
 1567 00ea 00       		.byte	0
 1568 00eb 14       		.uleb128 0x14
 1569 00ec 0D       		.uleb128 0xd
 1570 00ed 00       		.byte	0
 1571 00ee 03       		.uleb128 0x3
 1572 00ef 0E       		.uleb128 0xe
 1573 00f0 3A       		.uleb128 0x3a
 1574 00f1 0B       		.uleb128 0xb
 1575 00f2 3B       		.uleb128 0x3b
 1576 00f3 0B       		.uleb128 0xb
 1577 00f4 49       		.uleb128 0x49
 1578 00f5 13       		.uleb128 0x13
 1579 00f6 00       		.byte	0
 1580 00f7 00       		.byte	0
 1581 00f8 15       		.uleb128 0x15
 1582 00f9 0D       		.uleb128 0xd
 1583 00fa 00       		.byte	0
 1584 00fb 03       		.uleb128 0x3
 1585 00fc 0E       		.uleb128 0xe
 1586 00fd 3A       		.uleb128 0x3a
 1587 00fe 0B       		.uleb128 0xb
 1588 00ff 3B       		.uleb128 0x3b
ARM GAS  /tmp/ccZzvwCY.s 			page 39


 1589 0100 05       		.uleb128 0x5
 1590 0101 49       		.uleb128 0x49
 1591 0102 13       		.uleb128 0x13
 1592 0103 00       		.byte	0
 1593 0104 00       		.byte	0
 1594 0105 16       		.uleb128 0x16
 1595 0106 26       		.uleb128 0x26
 1596 0107 00       		.byte	0
 1597 0108 49       		.uleb128 0x49
 1598 0109 13       		.uleb128 0x13
 1599 010a 00       		.byte	0
 1600 010b 00       		.byte	0
 1601 010c 17       		.uleb128 0x17
 1602 010d 2E       		.uleb128 0x2e
 1603 010e 00       		.byte	0
 1604 010f 03       		.uleb128 0x3
 1605 0110 0E       		.uleb128 0xe
 1606 0111 3A       		.uleb128 0x3a
 1607 0112 0B       		.uleb128 0xb
 1608 0113 3B       		.uleb128 0x3b
 1609 0114 0B       		.uleb128 0xb
 1610 0115 27       		.uleb128 0x27
 1611 0116 19       		.uleb128 0x19
 1612 0117 20       		.uleb128 0x20
 1613 0118 0B       		.uleb128 0xb
 1614 0119 00       		.byte	0
 1615 011a 00       		.byte	0
 1616 011b 18       		.uleb128 0x18
 1617 011c 2E       		.uleb128 0x2e
 1618 011d 01       		.byte	0x1
 1619 011e 3F       		.uleb128 0x3f
 1620 011f 19       		.uleb128 0x19
 1621 0120 03       		.uleb128 0x3
 1622 0121 0E       		.uleb128 0xe
 1623 0122 3A       		.uleb128 0x3a
 1624 0123 0B       		.uleb128 0xb
 1625 0124 3B       		.uleb128 0x3b
 1626 0125 0B       		.uleb128 0xb
 1627 0126 27       		.uleb128 0x27
 1628 0127 19       		.uleb128 0x19
 1629 0128 11       		.uleb128 0x11
 1630 0129 01       		.uleb128 0x1
 1631 012a 12       		.uleb128 0x12
 1632 012b 06       		.uleb128 0x6
 1633 012c 40       		.uleb128 0x40
 1634 012d 18       		.uleb128 0x18
 1635 012e 9742     		.uleb128 0x2117
 1636 0130 19       		.uleb128 0x19
 1637 0131 01       		.uleb128 0x1
 1638 0132 13       		.uleb128 0x13
 1639 0133 00       		.byte	0
 1640 0134 00       		.byte	0
 1641 0135 19       		.uleb128 0x19
 1642 0136 1D       		.uleb128 0x1d
 1643 0137 00       		.byte	0
 1644 0138 31       		.uleb128 0x31
 1645 0139 13       		.uleb128 0x13
ARM GAS  /tmp/ccZzvwCY.s 			page 40


 1646 013a 52       		.uleb128 0x52
 1647 013b 01       		.uleb128 0x1
 1648 013c 55       		.uleb128 0x55
 1649 013d 17       		.uleb128 0x17
 1650 013e 58       		.uleb128 0x58
 1651 013f 0B       		.uleb128 0xb
 1652 0140 59       		.uleb128 0x59
 1653 0141 0B       		.uleb128 0xb
 1654 0142 00       		.byte	0
 1655 0143 00       		.byte	0
 1656 0144 1A       		.uleb128 0x1a
 1657 0145 2E       		.uleb128 0x2e
 1658 0146 00       		.byte	0
 1659 0147 3F       		.uleb128 0x3f
 1660 0148 19       		.uleb128 0x19
 1661 0149 03       		.uleb128 0x3
 1662 014a 0E       		.uleb128 0xe
 1663 014b 3A       		.uleb128 0x3a
 1664 014c 0B       		.uleb128 0xb
 1665 014d 3B       		.uleb128 0x3b
 1666 014e 0B       		.uleb128 0xb
 1667 014f 27       		.uleb128 0x27
 1668 0150 19       		.uleb128 0x19
 1669 0151 11       		.uleb128 0x11
 1670 0152 01       		.uleb128 0x1
 1671 0153 12       		.uleb128 0x12
 1672 0154 06       		.uleb128 0x6
 1673 0155 40       		.uleb128 0x40
 1674 0156 18       		.uleb128 0x18
 1675 0157 9742     		.uleb128 0x2117
 1676 0159 19       		.uleb128 0x19
 1677 015a 00       		.byte	0
 1678 015b 00       		.byte	0
 1679 015c 1B       		.uleb128 0x1b
 1680 015d 34       		.uleb128 0x34
 1681 015e 00       		.byte	0
 1682 015f 03       		.uleb128 0x3
 1683 0160 0E       		.uleb128 0xe
 1684 0161 3A       		.uleb128 0x3a
 1685 0162 0B       		.uleb128 0xb
 1686 0163 3B       		.uleb128 0x3b
 1687 0164 05       		.uleb128 0x5
 1688 0165 49       		.uleb128 0x49
 1689 0166 13       		.uleb128 0x13
 1690 0167 3F       		.uleb128 0x3f
 1691 0168 19       		.uleb128 0x19
 1692 0169 3C       		.uleb128 0x3c
 1693 016a 19       		.uleb128 0x19
 1694 016b 00       		.byte	0
 1695 016c 00       		.byte	0
 1696 016d 1C       		.uleb128 0x1c
 1697 016e 34       		.uleb128 0x34
 1698 016f 00       		.byte	0
 1699 0170 03       		.uleb128 0x3
 1700 0171 0E       		.uleb128 0xe
 1701 0172 3A       		.uleb128 0x3a
 1702 0173 0B       		.uleb128 0xb
ARM GAS  /tmp/ccZzvwCY.s 			page 41


 1703 0174 3B       		.uleb128 0x3b
 1704 0175 0B       		.uleb128 0xb
 1705 0176 49       		.uleb128 0x49
 1706 0177 13       		.uleb128 0x13
 1707 0178 3F       		.uleb128 0x3f
 1708 0179 19       		.uleb128 0x19
 1709 017a 02       		.uleb128 0x2
 1710 017b 18       		.uleb128 0x18
 1711 017c 00       		.byte	0
 1712 017d 00       		.byte	0
 1713 017e 1D       		.uleb128 0x1d
 1714 017f 34       		.uleb128 0x34
 1715 0180 00       		.byte	0
 1716 0181 03       		.uleb128 0x3
 1717 0182 08       		.uleb128 0x8
 1718 0183 3A       		.uleb128 0x3a
 1719 0184 0B       		.uleb128 0xb
 1720 0185 3B       		.uleb128 0x3b
 1721 0186 05       		.uleb128 0x5
 1722 0187 49       		.uleb128 0x49
 1723 0188 13       		.uleb128 0x13
 1724 0189 3F       		.uleb128 0x3f
 1725 018a 19       		.uleb128 0x19
 1726 018b 3C       		.uleb128 0x3c
 1727 018c 19       		.uleb128 0x19
 1728 018d 00       		.byte	0
 1729 018e 00       		.byte	0
 1730 018f 00       		.byte	0
 1731              		.section	.debug_aranges,"",%progbits
 1732 0000 24000000 		.4byte	0x24
 1733 0004 0200     		.2byte	0x2
 1734 0006 00000000 		.4byte	.Ldebug_info0
 1735 000a 04       		.byte	0x4
 1736 000b 00       		.byte	0
 1737 000c 0000     		.2byte	0
 1738 000e 0000     		.2byte	0
 1739 0010 00000000 		.4byte	.LFB218
 1740 0014 3C000000 		.4byte	.LFE218-.LFB218
 1741 0018 00000000 		.4byte	.LFB219
 1742 001c 9E000000 		.4byte	.LFE219-.LFB219
 1743 0020 00000000 		.4byte	0
 1744 0024 00000000 		.4byte	0
 1745              		.section	.debug_ranges,"",%progbits
 1746              	.Ldebug_ranges0:
 1747 0000 1C000000 		.4byte	.LBB4
 1748 0004 20000000 		.4byte	.LBE4
 1749 0008 28000000 		.4byte	.LBB8
 1750 000c 2C000000 		.4byte	.LBE8
 1751 0010 32000000 		.4byte	.LBB9
 1752 0014 3C000000 		.4byte	.LBE9
 1753 0018 00000000 		.4byte	0
 1754 001c 00000000 		.4byte	0
 1755 0020 00000000 		.4byte	.LFB218
 1756 0024 3C000000 		.4byte	.LFE218
 1757 0028 00000000 		.4byte	.LFB219
 1758 002c 9E000000 		.4byte	.LFE219
 1759 0030 00000000 		.4byte	0
ARM GAS  /tmp/ccZzvwCY.s 			page 42


 1760 0034 00000000 		.4byte	0
 1761              		.section	.debug_line,"",%progbits
 1762              	.Ldebug_line0:
 1763 0000 54020000 		.section	.debug_str,"MS",%progbits,1
 1763      0200DF01 
 1763      00000201 
 1763      FB0E0D00 
 1763      01010101 
 1764              	.LASF42:
 1765 0000 63685F74 		.ascii	"ch_threads_list\000"
 1765      68726561 
 1765      64735F6C 
 1765      69737400 
 1766              	.LASF69:
 1767 0010 52455345 		.ascii	"RESERVED\000"
 1767      52564544 
 1767      00
 1768              	.LASF78:
 1769 0019 41504231 		.ascii	"APB1ENR\000"
 1769      454E5200 
 1770              	.LASF104:
 1771 0021 53797374 		.ascii	"SystemCoreClock\000"
 1771      656D436F 
 1771      7265436C 
 1771      6F636B00 
 1772              	.LASF95:
 1773 0031 77746D74 		.ascii	"wtmtxp\000"
 1773      787000
 1774              	.LASF88:
 1775 0038 746D5F63 		.ascii	"tm_calibration_t\000"
 1775      616C6962 
 1775      72617469 
 1775      6F6E5F74 
 1775      00
 1776              	.LASF83:
 1777 0049 72656761 		.ascii	"regarm_t\000"
 1777      726D5F74 
 1777      00
 1778              	.LASF74:
 1779 0052 41504232 		.ascii	"APB2RSTR\000"
 1779      52535452 
 1779      00
 1780              	.LASF31:
 1781 005b 666C6167 		.ascii	"flags\000"
 1781      7300
 1782              	.LASF22:
 1783 0061 73797374 		.ascii	"systime_t\000"
 1783      696D655F 
 1783      7400
 1784              	.LASF37:
 1785 006b 7265616C 		.ascii	"realprio\000"
 1785      7072696F 
 1785      00
 1786              	.LASF35:
 1787 0074 6570656E 		.ascii	"epending\000"
 1787      64696E67 
 1787      00
ARM GAS  /tmp/ccZzvwCY.s 			page 43


 1788              	.LASF0:
 1789 007d 756E7369 		.ascii	"unsigned int\000"
 1789      676E6564 
 1789      20696E74 
 1789      00
 1790              	.LASF43:
 1791 008a 6E657874 		.ascii	"next\000"
 1791      00
 1792              	.LASF40:
 1793 008f 74687265 		.ascii	"threads_list_t\000"
 1793      6164735F 
 1793      6C697374 
 1793      5F7400
 1794              	.LASF79:
 1795 009e 42444352 		.ascii	"BDCR\000"
 1795      00
 1796              	.LASF32:
 1797 00a3 72656673 		.ascii	"refs\000"
 1797      00
 1798              	.LASF91:
 1799 00a8 77746F62 		.ascii	"wtobjp\000"
 1799      6A7000
 1800              	.LASF64:
 1801 00af 76746C69 		.ascii	"vtlist\000"
 1801      737400
 1802              	.LASF85:
 1803 00b6 706F7274 		.ascii	"port_context\000"
 1803      5F636F6E 
 1803      74657874 
 1803      00
 1804              	.LASF48:
 1805 00c3 63685F72 		.ascii	"ch_ready_list\000"
 1805      65616479 
 1805      5F6C6973 
 1805      7400
 1806              	.LASF54:
 1807 00d1 66756E63 		.ascii	"func\000"
 1807      00
 1808              	.LASF96:
 1809 00d6 65776D61 		.ascii	"ewmask\000"
 1809      736B00
 1810              	.LASF46:
 1811 00dd 70726576 		.ascii	"prev\000"
 1811      00
 1812              	.LASF45:
 1813 00e2 63685F74 		.ascii	"ch_threads_queue\000"
 1813      68726561 
 1813      64735F71 
 1813      75657565 
 1813      00
 1814              	.LASF50:
 1815 00f3 76746675 		.ascii	"vtfunc_t\000"
 1815      6E635F74 
 1815      00
 1816              	.LASF59:
 1817 00fc 63685F73 		.ascii	"ch_system_debug\000"
 1817      79737465 
ARM GAS  /tmp/ccZzvwCY.s 			page 44


 1817      6D5F6465 
 1817      62756700 
 1818              	.LASF108:
 1819 010c 68616C5F 		.ascii	"hal_lld_backup_domain_init\000"
 1819      6C6C645F 
 1819      6261636B 
 1819      75705F64 
 1819      6F6D6169 
 1820              	.LASF9:
 1821 0127 75696E74 		.ascii	"uint32_t\000"
 1821      33325F74 
 1821      00
 1822              	.LASF93:
 1823 0130 73656E74 		.ascii	"sentmsg\000"
 1823      6D736700 
 1824              	.LASF20:
 1825 0138 6576656E 		.ascii	"eventmask_t\000"
 1825      746D6173 
 1825      6B5F7400 
 1826              	.LASF97:
 1827 0144 63685F73 		.ascii	"ch_semaphore\000"
 1827      656D6170 
 1827      686F7265 
 1827      00
 1828              	.LASF18:
 1829 0151 74707269 		.ascii	"tprio_t\000"
 1829      6F5F7400 
 1830              	.LASF52:
 1831 0159 63685F76 		.ascii	"ch_virtual_timer\000"
 1831      69727475 
 1831      616C5F74 
 1831      696D6572 
 1831      00
 1832              	.LASF13:
 1833 016a 6C6F6E67 		.ascii	"long long unsigned int\000"
 1833      206C6F6E 
 1833      6720756E 
 1833      7369676E 
 1833      65642069 
 1834              	.LASF87:
 1835 0181 6F666673 		.ascii	"offset\000"
 1835      657400
 1836              	.LASF68:
 1837 0188 4F50544B 		.ascii	"OPTKEYR\000"
 1837      45595200 
 1838              	.LASF21:
 1839 0190 636E745F 		.ascii	"cnt_t\000"
 1839      7400
 1840              	.LASF67:
 1841 0196 4B455952 		.ascii	"KEYR\000"
 1841      00
 1842              	.LASF99:
 1843 019b 6F776E65 		.ascii	"owner\000"
 1843      7200
 1844              	.LASF44:
 1845 01a1 74687265 		.ascii	"threads_queue_t\000"
 1845      6164735F 
ARM GAS  /tmp/ccZzvwCY.s 			page 45


 1845      71756575 
 1845      655F7400 
 1846              	.LASF36:
 1847 01b1 6D74786C 		.ascii	"mtxlist\000"
 1847      69737400 
 1848              	.LASF56:
 1849 01b9 63685F76 		.ascii	"ch_virtual_timers_list\000"
 1849      69727475 
 1849      616C5F74 
 1849      696D6572 
 1849      735F6C69 
 1850              	.LASF23:
 1851 01d0 74687265 		.ascii	"thread_t\000"
 1851      61645F74 
 1851      00
 1852              	.LASF70:
 1853 01d9 57525052 		.ascii	"WRPR\000"
 1853      00
 1854              	.LASF89:
 1855 01de 7264796D 		.ascii	"rdymsg\000"
 1855      736700
 1856              	.LASF71:
 1857 01e5 464C4153 		.ascii	"FLASH_TypeDef\000"
 1857      485F5479 
 1857      70654465 
 1857      6600
 1858              	.LASF82:
 1859 01f3 5243435F 		.ascii	"RCC_TypeDef\000"
 1859      54797065 
 1859      44656600 
 1860              	.LASF98:
 1861 01ff 63685F6D 		.ascii	"ch_mutex\000"
 1861      75746578 
 1861      00
 1862              	.LASF105:
 1863 0208 474E5520 		.ascii	"GNU C 4.8.1 -mcpu=cortex-m3 -mno-thumb-interwork -m"
 1863      4320342E 
 1863      382E3120 
 1863      2D6D6370 
 1863      753D636F 
 1864 023b 7468756D 		.ascii	"thumb -ggdb -O2 -fomit-frame-pointer -falign-functi"
 1864      62202D67 
 1864      67646220 
 1864      2D4F3220 
 1864      2D666F6D 
 1865 026e 6F6E733D 		.ascii	"ons=16 -ffunction-sections -fdata-sections -fno-com"
 1865      3136202D 
 1865      6666756E 
 1865      6374696F 
 1865      6E2D7365 
 1866 02a1 6D6F6E20 		.ascii	"mon -flto\000"
 1866      2D666C74 
 1866      6F00
 1867              	.LASF75:
 1868 02ab 41504231 		.ascii	"APB1RSTR\000"
 1868      52535452 
 1868      00
ARM GAS  /tmp/ccZzvwCY.s 			page 46


 1869              	.LASF25:
 1870 02b4 7072696F 		.ascii	"prio\000"
 1870      00
 1871              	.LASF100:
 1872 02b9 63686172 		.ascii	"char\000"
 1872      00
 1873              	.LASF39:
 1874 02be 74687265 		.ascii	"thread_reference_t\000"
 1874      61645F72 
 1874      65666572 
 1874      656E6365 
 1874      5F7400
 1875              	.LASF29:
 1876 02d1 77616261 		.ascii	"wabase\000"
 1876      736500
 1877              	.LASF16:
 1878 02d8 74737461 		.ascii	"tstate_t\000"
 1878      74655F74 
 1878      00
 1879              	.LASF76:
 1880 02e1 41484245 		.ascii	"AHBENR\000"
 1880      4E5200
 1881              	.LASF4:
 1882 02e8 75696E74 		.ascii	"uint8_t\000"
 1882      385F7400 
 1883              	.LASF34:
 1884 02f0 6D736771 		.ascii	"msgqueue\000"
 1884      75657565 
 1884      00
 1885              	.LASF41:
 1886 02f9 63685F74 		.ascii	"ch_thread\000"
 1886      68726561 
 1886      6400
 1887              	.LASF58:
 1888 0303 73797374 		.ascii	"system_debug_t\000"
 1888      656D5F64 
 1888      65627567 
 1888      5F7400
 1889              	.LASF11:
 1890 0312 6C6F6E67 		.ascii	"long long int\000"
 1890      206C6F6E 
 1890      6720696E 
 1890      7400
 1891              	.LASF19:
 1892 0320 6D73675F 		.ascii	"msg_t\000"
 1892      7400
 1893              	.LASF51:
 1894 0326 76697274 		.ascii	"virtual_timer_t\000"
 1894      75616C5F 
 1894      74696D65 
 1894      725F7400 
 1895              	.LASF81:
 1896 0336 43464752 		.ascii	"CFGR2\000"
 1896      3200
 1897              	.LASF77:
 1898 033c 41504232 		.ascii	"APB2ENR\000"
 1898      454E5200 
ARM GAS  /tmp/ccZzvwCY.s 			page 47


 1899              	.LASF60:
 1900 0344 70616E69 		.ascii	"panic_msg\000"
 1900      635F6D73 
 1900      6700
 1901              	.LASF102:
 1902 034e 5F426F6F 		.ascii	"_Bool\000"
 1902      6C00
 1903              	.LASF15:
 1904 0354 746D6F64 		.ascii	"tmode_t\000"
 1904      655F7400 
 1905              	.LASF65:
 1906 035c 6D61696E 		.ascii	"mainthread\000"
 1906      74687265 
 1906      616400
 1907              	.LASF5:
 1908 0367 75696E74 		.ascii	"uint16_t\000"
 1908      31365F74 
 1908      00
 1909              	.LASF14:
 1910 0370 7274636E 		.ascii	"rtcnt_t\000"
 1910      745F7400 
 1911              	.LASF80:
 1912 0378 52455345 		.ascii	"RESERVED0\000"
 1912      52564544 
 1912      3000
 1913              	.LASF3:
 1914 0382 73686F72 		.ascii	"short int\000"
 1914      7420696E 
 1914      7400
 1915              	.LASF72:
 1916 038c 5057525F 		.ascii	"PWR_TypeDef\000"
 1916      54797065 
 1916      44656600 
 1917              	.LASF8:
 1918 0398 6C6F6E67 		.ascii	"long int\000"
 1918      20696E74 
 1918      00
 1919              	.LASF86:
 1920 03a1 706F7274 		.ascii	"port_intctx\000"
 1920      5F696E74 
 1920      63747800 
 1921              	.LASF103:
 1922 03ad 49544D5F 		.ascii	"ITM_RxBuffer\000"
 1922      52784275 
 1922      66666572 
 1922      00
 1923              	.LASF62:
 1924 03ba 63685F73 		.ascii	"ch_system\000"
 1924      79737465 
 1924      6D00
 1925              	.LASF57:
 1926 03c4 6C617374 		.ascii	"lasttime\000"
 1926      74696D65 
 1926      00
 1927              	.LASF12:
 1928 03cd 75696E74 		.ascii	"uint64_t\000"
 1928      36345F74 
ARM GAS  /tmp/ccZzvwCY.s 			page 48


 1928      00
 1929              	.LASF73:
 1930 03d6 43464752 		.ascii	"CFGR\000"
 1930      00
 1931              	.LASF63:
 1932 03db 726C6973 		.ascii	"rlist\000"
 1932      7400
 1933              	.LASF28:
 1934 03e1 6E616D65 		.ascii	"name\000"
 1934      00
 1935              	.LASF66:
 1936 03e6 73697A65 		.ascii	"sizetype\000"
 1936      74797065 
 1936      00
 1937              	.LASF17:
 1938 03ef 74726566 		.ascii	"trefs_t\000"
 1938      735F7400 
 1939              	.LASF10:
 1940 03f7 6C6F6E67 		.ascii	"long unsigned int\000"
 1940      20756E73 
 1940      69676E65 
 1940      6420696E 
 1940      7400
 1941              	.LASF109:
 1942 0409 68616C5F 		.ascii	"hal_lld_init\000"
 1942      6C6C645F 
 1942      696E6974 
 1942      00
 1943              	.LASF47:
 1944 0416 72656164 		.ascii	"ready_list_t\000"
 1944      795F6C69 
 1944      73745F74 
 1944      00
 1945              	.LASF24:
 1946 0423 71756575 		.ascii	"queue\000"
 1946      6500
 1947              	.LASF7:
 1948 0429 696E7433 		.ascii	"int32_t\000"
 1948      325F7400 
 1949              	.LASF94:
 1950 0431 77747365 		.ascii	"wtsemp\000"
 1950      6D7000
 1951              	.LASF101:
 1952 0438 6D757465 		.ascii	"mutex_t\000"
 1952      785F7400 
 1953              	.LASF26:
 1954 0440 6E657765 		.ascii	"newer\000"
 1954      7200
 1955              	.LASF2:
 1956 0446 756E7369 		.ascii	"unsigned char\000"
 1956      676E6564 
 1956      20636861 
 1956      7200
 1957              	.LASF33:
 1958 0454 77616974 		.ascii	"waiting\000"
 1958      696E6700 
 1959              	.LASF55:
ARM GAS  /tmp/ccZzvwCY.s 			page 49


 1960 045c 76697274 		.ascii	"virtual_timers_list_t\000"
 1960      75616C5F 
 1960      74696D65 
 1960      72735F6C 
 1960      6973745F 
 1961              	.LASF27:
 1962 0472 6F6C6465 		.ascii	"older\000"
 1962      7200
 1963              	.LASF30:
 1964 0478 73746174 		.ascii	"state\000"
 1964      6500
 1965              	.LASF61:
 1966 047e 63685F73 		.ascii	"ch_system_t\000"
 1966      79737465 
 1966      6D5F7400 
 1967              	.LASF92:
 1968 048a 77747472 		.ascii	"wttrp\000"
 1968      7000
 1969              	.LASF1:
 1970 0490 7369676E 		.ascii	"signed char\000"
 1970      65642063 
 1970      68617200 
 1971              	.LASF53:
 1972 049c 64656C74 		.ascii	"delta\000"
 1972      6100
 1973              	.LASF6:
 1974 04a2 73686F72 		.ascii	"short unsigned int\000"
 1974      7420756E 
 1974      7369676E 
 1974      65642069 
 1974      6E7400
 1975              	.LASF84:
 1976 04b5 73746B61 		.ascii	"stkalign_t\000"
 1976      6C69676E 
 1976      5F7400
 1977              	.LASF49:
 1978 04c0 63757272 		.ascii	"current\000"
 1978      656E7400 
 1979              	.LASF107:
 1980 04c8 2F686F6D 		.ascii	"/home/alex/Embebidos Proyecto/ChibiOS_17.6.1/demos/"
 1980      652F616C 
 1980      65782F45 
 1980      6D626562 
 1980      69646F73 
 1981 04fb 53544D33 		.ascii	"STM32/RT-STM32F100-DISCOVERY\000"
 1981      322F5254 
 1981      2D53544D 
 1981      33324631 
 1981      30302D44 
 1982              	.LASF110:
 1983 0518 73746D33 		.ascii	"stm32_clock_init\000"
 1983      325F636C 
 1983      6F636B5F 
 1983      696E6974 
 1983      00
 1984              	.LASF90:
 1985 0529 65786974 		.ascii	"exitcode\000"
ARM GAS  /tmp/ccZzvwCY.s 			page 50


 1985      636F6465 
 1985      00
 1986              	.LASF38:
 1987 0532 6D706F6F 		.ascii	"mpool\000"
 1987      6C00
 1988              	.LASF106:
 1989 0538 2E2E2F2E 		.ascii	"../../../os/hal/ports/STM32/STM32F1xx/hal_lld.c\000"
 1989      2E2F2E2E 
 1989      2F6F732F 
 1989      68616C2F 
 1989      706F7274 
 1990              		.comm	__gnu_lto_v1,1,1
 1991              		.ident	"GCC: (Sourcery CodeBench Lite 2013.11-24) 4.8.1"
ARM GAS  /tmp/ccZzvwCY.s 			page 51


DEFINED SYMBOLS
                            *ABS*:00000000 hal_lld.c
     /tmp/ccZzvwCY.s:196    .text.hal_lld_init:00000000 $t
     /tmp/ccZzvwCY.s:202    .text.hal_lld_init:00000000 hal_lld_init
     /tmp/ccZzvwCY.s:257    .text.stm32_clock_init:00000000 $t
     /tmp/ccZzvwCY.s:263    .text.stm32_clock_init:00000000 stm32_clock_init
     /tmp/ccZzvwCY.s:368    .data.SystemCoreClock:00000000 SystemCoreClock
     /tmp/ccZzvwCY.s:365    .data.SystemCoreClock:00000000 $d
                            *COM*:00000001 __gnu_lto_v1
                     .debug_frame:00000010 $d

NO UNDEFINED SYMBOLS
