ARM GAS  /tmp/cc8RxWqO.s 			page 1


   1              		.syntax unified
   2              		.cpu cortex-m3
   3              		.fpu softvfp
   4              		.eabi_attribute 20, 1
   5              		.eabi_attribute 21, 1
   6              		.eabi_attribute 23, 3
   7              		.eabi_attribute 24, 1
   8              		.eabi_attribute 25, 1
   9              		.eabi_attribute 26, 1
  10              		.eabi_attribute 30, 2
  11              		.eabi_attribute 34, 1
  12              		.eabi_attribute 18, 4
  13              		.thumb
  14              		.file	"hal_pal.c"
  15              		.text
  16              	.Ltext0:
  17              		.section	.gnu.lto_.jmpfuncs.6d7121c9205642a,"",%progbits
  18 0000 789C6362 		.ascii	"x\234cb`b\300\006D\24043\003##3\02333\204\315\300X\006"
  18      6062C006 
  18      44A03433 
  18      03232333 
  18      13333384 
  19 0018 A4010623 		.ascii	"\244\001\006#\000\243"
  19      00A3
  20              		.text
  21              		.section	.gnu.lto_.inline.6d7121c9205642a,"",%progbits
  22 0000 789C6362 		.ascii	"x\234cb`b\300\006\276Cif\006\006N\016Ff\006F0\023D:"
  22      6062C006 
  22      BE436966 
  22      06064E0E 
  22      46660646 
  23 0018 8049050E 		.ascii	"\200I\005\016\266\017z\014l\013\344\231\030\030_\260"
  23      B60F7A0C 
  23      6C0BE499 
  23      18185FB0 
  24 0028 B3404810 		.ascii	"\263@H\020\301\001fr\200\010\0010S\000d\014#\003\037"
  24      C1016672 
  24      80080130 
  24      5300640C 
  24      23031F
  25 003b 2F230BC4 		.ascii	"/#\013\304\024FF\210\010\320\020\210\201\334L\027\370"
  25      14464688 
  25      08D01088 
  25      81DC4C17 
  25      F8
  26 004c 318C028A 		.ascii	"1\214\002\212\241\030\302\262@^\002\304R`b`\336!\256"
  26      A118C2B2 
  26      405E02C4 
  26      52606260 
  26      DE21AE
  27 005f C000B4DE 		.ascii	"\300\000\264\336\002d\016\023\003\2670\212\373\240\206"
  27      02640E13 
  27      03B7308A 
  27      FBA086
  28 006e 7202E588 		.ascii	"r\002\345\210s\036\320&\011\220I,\274@}\023\374@\220"
  28      731ED026 
  28      0990492C 
ARM GAS  /tmp/cc8RxWqO.s 			page 2


  28      BC407D13 
  28      FC4090
  29 0081 01003C62 		.ascii	"\001\000<b\037\210"
  29      1F88
  30              		.text
  31              		.section	.gnu.lto_.pureconst.6d7121c9205642a,"",%progbits
  32 0000 789C6362 		.ascii	"x\234cb`b`g\200\000f\006)F)&I\000\001\312\000_"
  32      60626067 
  32      80006606 
  32      29462926 
  32      490001CA 
  33              		.text
  34              		.section	.gnu.lto_palReadBus.6d7121c9205642a,"",%progbits
  35 0000 789C6D90 		.ascii	"x\234m\220\275N\303@\020\204g\366|\261\235\202\236\006"
  35      BD4EC340 
  35      108467F6 
  35      7CB19D82 
  35      9E06
  36 0012 A52692FD 		.ascii	"\245&\222\3752A\002\032d\\\004K\211@\344\001b\342TT"
  36      3241021A 
  36      645C044B 
  36      8940E401 
  36      62E25454 
  37 0026 1115828A 		.ascii	"\021\025\202\212\206\202\"\264H4\210\202.\010Z*$Z\304"
  37      868222B4 
  37      48348882 
  37      2E085A2A 
  37      245AC4
  38 0039 2B843D1B 		.ascii	"+\204=\033\033\201r\272\233\275\237\375fW'\020\374\037"
  38      1B8172BA 
  38      9BBD9FFD 
  38      66572710 
  38      FC1F
  39 004b EBBA4E09 		.ascii	"\353\272N\011t4\322\2002{\006N\002!\335\006\304X8\336"
  39      7434D280 
  39      327B064E 
  39      0221DD06 
  39      C45838DE 
  40 005f 61997B2B 		.ascii	"a\231{+\017\357\313\345\374\354\351\372\223\347\322"
  40      0FEFCBE5 
  40      FCECE9FA 
  40      93E7D2
  41 006e 160E0983 		.ascii	"\026\016\011\203\214\360ThU\244\245b|w\014\234\204*"
  41      8CF05468 
  41      55A4A562 
  41      7C770C9C 
  41      842A
  42 0080 9E9216D3 		.ascii	"\236\222\026\323<\237u\206T\243\2644\353\251\272\012"
  42      3C9F7586 
  42      54A3B434 
  42      EBA9BA0A 
  43 0090 5B1417CD 		.ascii	"[\024\027\315\002\223\267\273\217\027&\274R\247>M\027"
  43      0293B7BB 
  43      8F1726BC 
  43      52A73E4D 
  43      17
  44 00a1 9B19ED25 		.ascii	"\233\031\355%.\230\261\325\247lk\364\3136\366Y7\277"
ARM GAS  /tmp/cc8RxWqO.s 			page 3


  44      2E98B1D5 
  44      A76C6BF4 
  44      CB36F659 
  44      37BF
  45 00b3 C0E36E0D 		.ascii	"\300\343n\015x]\334\344SM\012*&T\017\307\330\037\206"
  45      785DDCE4 
  45      534D0A2A 
  45      26540FC7 
  45      D81F86
  46 00c6 0D336918 		.ascii	"\0153i\030[\026i\257.\"\277\300\227\251\011M\262\356"
  46      5B1669AF 
  46      2E22BFC0 
  46      97A9094D 
  46      B2EE
  47 00d8 AA983757 		.ascii	"\252\2307W\276\326\326\207\277\316A\351\354\255v6\215"
  47      BED6D687 
  47      BFCE41E9 
  47      ECAD7636 
  47      8D
  48 00e9 73715FAC 		.ascii	"sq_\254\325HXZ\005\300+\232_\010\253\304\236v\257\237"
  48      D548585A 
  48      05C02B9A 
  48      5F08ABC4 
  48      9E76AF9F 
  49 00fd E43ADA88 		.ascii	"\344:\332\210\242\270\232\207\243\370 \031\304\243\343"
  49      A2B89A87 
  49      A3F82019 
  49      C4A3E3
  50 010c D4C5BDA3 		.ascii	"\324\305\275\243d\020\245\370\006}\023S\301"
  50      6410A5F8 
  50      067D1353 
  50      C1
  51              		.text
  52              		.section	.gnu.lto_palWriteBus.6d7121c9205642a,"",%progbits
  53 0000 789C6D51 		.ascii	"x\234mQ\277O\302`\020\275\373\276\322\037@A7]\014\211"
  53      BF4FC260 
  53      10BDFBBE 
  53      D21F4041 
  53      375D0C89 
  54 0014 1B24F077 		.ascii	"\033$\360w\270c\242.\006\031\220\004\242\221?\000P\006"
  54      B863A22E 
  54      06199004 
  54      A2913F00 
  54      5006
  55 0026 4766995C 		.ascii	"Gf\231\\M\324\305\305h\242qp\323\304\3158\361\027\350"
  55      4DD4C5C5 
  55      68A27170 
  55      D3C4CD38 
  55      F117E8
  56 0039 E26882EF 		.ascii	"\342h\202\357\256\266\304\206\246}w}\337\335\273w\255"
  56      AEB6C486 
  56      A67D777D 
  56      DFDDBB77 
  56      AD
  57 004a 2143E96B 		.ascii	"!C\351k\025O\031t\011\221-\261\031\277\022\015}\303"
  57      154F1974 
  57      09912DB1 
ARM GAS  /tmp/cc8RxWqO.s 			page 4


  57      19BF120D 
  57      7DC3
  58 005c 2C0931F5 		.ascii	",\0111\365\015\367\267Yk\257\315\343t6\273\372~\276"
  58      0DF7B759 
  58      6BAFCDE3 
  58      7436BBFA 
  58      7EBE
  59 006e F9E18959 		.ascii	"\371\341\211Y6\334e\262\324fr\220q\006\031\273\002\236"
  59      36DC65B2 
  59      D4667290 
  59      710619BB 
  59      029E
  60 0080 800F3081 		.ascii	"\200\0170\201@\026`s\302\345\005By-HV\024\200n\206F"
  60      40166073 
  60      C2E50542 
  60      792D4856 
  60      14806E86 
  61 0095 83C1B8D4 		.ascii	"\203\301\270\324e\370h\352\250:P\346o\202B\264/t\374"
  61      65F868EA 
  61      A83A50E6 
  61      6F8242B4 
  61      2F74FC
  62 00a8 F1FEB5D2 		.ascii	"\361\376\265\322\340s\214i\261\255P\271\315\316\204"
  62      E0738C69 
  62      B1AD50B9 
  62      CDCE84
  63 00b7 CEB8CD99 		.ascii	"\316\270\315\231\026\233-DW=\356q\274\031z\356m\334"
  63      169B2D44 
  63      573DEE71 
  63      BC197AEE 
  63      6DDC
  64 00c9 812247A9 		.ascii	"\201\"G\251\235\230qU\303[\254\301\211\306\311]\242"
  64      9D987155 
  64      C35BACC1 
  64      89C6C95D 
  64      A2
  65 00da E1A98CFB 		.ascii	"\341\251\214\373_\306W\031\177\261\214\231\313\234&"
  65      5FC65719 
  65      7FB18C99 
  65      CB9C26
  66 00e9 32019AA4 		.ascii	"2\001\232\244\310_\212L~&'Y\034j\361eB\345tl6\345$\217"
  66      C85F8A4C 
  66      7E262759 
  66      1C6AF165 
  66      42E5746C 
  67 0101 6D6227F3 		.ascii	"mb'\363\366\020\302\251\366\202\326\206\312\336&lQu"
  67      F610C2A9 
  67      F682D686 
  67      CADE266C 
  67      5175
  68 0113 0BC23E6D 		.ascii	"\013\302>mDd\205.\006#\230\012\242E\340\304\212G\347"
  68      4464852E 
  68      0623980A 
  68      A245E0C4 
  68      8A47E7
  69 0126 6F11AB11 		.ascii	"o\021\253\021\235Do4\234>\254G]\361U\307\007\303o\222"
  69      9D446F34 
ARM GAS  /tmp/cc8RxWqO.s 			page 5


  69      9C3EAC47 
  69      5DF155C7 
  69      07C36F92 
  70 013a 75D7AAD5 		.ascii	"u\327\252\325Zt\037\364j\373\215N\255w\324\224\270{"
  70      5A741FF4 
  70      6AFB8D4E 
  70      AD77D494 
  70      B87B
  71 014c D8E8549B 		.ascii	"\330\350T\233\364\013\221\371qw"
  71      F40B91F9 
  71      7177
  72              		.text
  73              		.section	.gnu.lto_palSetBusMode.6d7121c9205642a,"",%progbits
  74 0000 789C6D90 		.ascii	"x\234m\220\277J\003A\020\306\277o\366\376\231\312R\033"
  74      BF4A0341 
  74      10C6BF6F 
  74      F6FE99CA 
  74      521B
  75 0012 09A453B8 		.ascii	"\011\244S\270{\231\010j#\347\201\347A\202bJ\213\\\324"
  75      7B99086A 
  75      23E781E7 
  75      4182624A 
  75      8B5CD4
  76 0025 C232B582 		.ascii	"\3022\265\202\340\003hZK;+\025-S\345\001$\017\240E2"
  76      E003685A 
  76      4B3B2B15 
  76      2D53E501 
  76      240FA045 
  77 003a BBE729C8 		.ascii	"\273\347)\310-\2733\273\337\316ofv\005\202\377c]\327"
  77      2DBB33BB 
  77      DFCE6F66 
  77      760582FF 
  77      635DD7
  78 004d 2181B67A 		.ascii	"!\201\266z\032P\306\257\300(\022\322n@\014\205\303]"
  78      1A50C6AF 
  78      C02812D2 
  78      6E400C85 
  78      C35D
  79 005f BAD8893C 		.ascii	"\272\330\211<\315\026\213\207\217\347\311'o\245%\354"
  79      CD168B87 
  79      8FE7C927 
  79      6FA525EC 
  80 006f 130605E1 		.ascii	"\023\006\005\341\251\241\257F\0025&\264\307Ho-\346\343"
  80      A9A1AF46 
  80      023526B4 
  80      C7486F2D 
  80      E6E3
  81 0081 B22CC7ED 		.ascii	"\262,\307\355>\265v\346\362t\325\332\344\333*\2517/"
  81      3EB576E6 
  81      F274D5DA 
  81      E4DB2AA9 
  81      372F
  82 0093 389F3E7E 		.ascii	"8\237>~\257\245\274\323\0349\315\0266\013z7\270fA?\247"
  82      AFA5BCD3 
  82      1C39CD16 
  82      360B7A37 
  82      B866413F 
ARM GAS  /tmp/cc8RxWqO.s 			page 6


  83 00a8 ECA80F5C 		.ascii	"\354\250\017\\\003\007\254\333Vf\257\006<\007\204\315"
  83      0307ACDB 
  83      5666AF06 
  83      3C0784CD 
  84 00b8 001B00DF 		.ascii	"\000\033\000\337\001Q3 \177\300\334\324D\240\220\225"
  84      01513320 
  84      7FC0DCD4 
  84      44A09095 
  85 00c8 2EEE7FA5 		.ascii	".\356\177\245P\013\347\226zCPi\300\031\276\312\253r"
  85      500BE796 
  85      7A435069 
  85      C019BECA 
  85      AB72
  86 00da B5E04AF6 		.ascii	"\265\340J\366SX\237\343B\243\202-\340\035\243\331\274"
  86      53589FE3 
  86      42A3822D 
  86      E01DA3D9 
  86      BC
  87 00eb 534757A3 		.ascii	"SGW\243\253\221\372\013\266\354F\034'\325<\036$Gi/\031"
  87      AB91FA0B 
  87      B6EC461C 
  87      27D53C1E 
  87      2447692F 
  88 0100 9C66D6EF 		.ascii	"\234f\326\357\237\244\2758\303\022\012MNp"
  88      9FA4BD38 
  88      C3120A4D 
  88      4E70
  89              		.text
  90              		.section	.gnu.lto_.symbol_nodes.6d7121c9205642a,"",%progbits
  91 0000 789C6362 		.ascii	"x\234cb`bpe\200\002\246\233\214\365\014\014\023\316"
  91      60627065 
  91      8002A69B 
  91      8CF50C0C 
  91      13CE
  92 0012 3130D4D7 		.ascii	"10\324\327\317\353`d\272\305X\317\210\304\275\315X\317"
  92      CFEB6064 
  92      BAC558CF 
  92      88C4BDCD 
  92      58CF
  93 0024 84E032DE 		.ascii	"\204\3402\336c\254g\206p\033\032\030\231\231\230\031"
  93      63AC6786 
  93      701B1A18 
  93      99999819 
  94 0034 163FFCC7 		.ascii	"\026?\374\307\310\000\000\000\254\025\265"
  94      C8000000 
  94      AC15B5
  95              		.text
  96              		.section	.gnu.lto_.refs.6d7121c9205642a,"",%progbits
  97 0000 789C6362 		.ascii	"x\234cb`b`d\200\002\000\000F\000\006"
  97      60626064 
  97      80020000 
  97      460006
  98              		.text
  99              		.section	.gnu.lto_.decls.6d7121c9205642a,"",%progbits
 100 0000 789C9D57 		.ascii	"x\234\235Wol\024E\024\237\331\275\312]9\012\022!51R"
 100      6F6C1445 
 100      149FD9BD 
ARM GAS  /tmp/cc8RxWqO.s 			page 7


 100      CA5D390A 
 100      12213531 
 101 0015 88F88184 		.ascii	"\210\370\201\204.m\003\341\023\011m\2256\266B\256\020"
 101      2E6D03E1 
 101      13096D95 
 101      36B642AE 
 101      10
 102 0026 F8E4BABD 		.ascii	"\370\344\272\275\333\263\027{\267\315\335\236)\237\034"
 102      DBB3177B 
 102      B7CDDD9E 
 102      299F1C
 103 0035 DB0A4483 		.ascii	"\333\012D\203\326\362'`\214)V@\002\341\257\200\3044"
 103      D6F22760 
 103      8C295640 
 103      02E1AF80 
 103      C434
 104 0047 1E35F2A7 		.ascii	"\0365\362\247\015\015Ar5\202\351\005\020M\340\003\210"
 104      0D0D4172 
 104      3582E905 
 104      104DE003 
 104      88
 105 0058 080872BE 		.ascii	"\010\010r\276\231\335\275\333\335\356]\357\230\364M"
 105      99DDBDDB 
 105      DDEE5DEF 
 105      98F44D
 106 0067 6776DEFC 		.ascii	"gv\336\374\336\357\275y\363\3478\304!\025#\224\206\262"
 106      DEEFBD79 
 106      F3E738C4 
 106      21152394 
 106      86B2
 107 0079 793A422F 		.ascii	"y:B/p\010\271\020B\313P\266\320\376.\220$\3108\310-"
 107      7008B910 
 107      42CB50B6 
 107      D0FE2E90 
 107      24C838C8 
 108 008e 34B1D0F1 		.ascii	"4\261\320\361\251 \347A\246\200\224\350\363\006@\216"
 108      A920E741 
 108      A68094E8 
 108      F306408E 
 109 009e 821C00D9 		.ascii	"\202\034\000\331\017r\012\344\030\310\250>~\004d\020"
 109      0F720AE4 
 109      18C8A83E 
 109      7E046410 
 110 00ae E402C808 		.ascii	"\344\002\310\010\010\326\261\200\006\372\031\344\256"
 110      08D6B180 
 110      06FA19E4 
 110      AE
 111 00bb CD4E3287 		.ascii	"\315N2\207\035\263\215\001\035\337\260e\330\031\321"
 111      1DB38D01 
 111      1DDFB065 
 111      D819D1
 112 00ca ED9CD6ED 		.ascii	"\355\234\326\355P,\036\344\012\310U\220\3076[\343E\330"
 112      502C1EE4 
 112      0AC85590 
 112      C7365BE3 
 112      45D8
 113 00dc A280B775 		.ascii	"\242\200\267u<\263-\316\0243:\366\007\310\237T\035["
ARM GAS  /tmp/cc8RxWqO.s 			page 8


 113      3CB32DCE 
 113      14333AF6 
 113      07C89F54 
 113      1D5B
 114 00ee 6DCD415F 		.ascii	"m\315A_\222\376Tj\367\265;x'I\364\220t\372}4\033m#P"
 114      92FE546A 
 114      F7B53B78 
 114      2749F490 
 114      74FA7D34 
 115 0106 FA371082 		.ascii	"\3727\020\202U\017\332DH\027\3554\234+Ch\035\226p\231"
 115      550FDA44 
 115      4817ED34 
 115      9C2B4368 
 115      1D967099 
 116 011a 0755B086 		.ascii	"\007U\260\206\327\303x\315G_\023\322\233\332\262o\333"
 116      D7C378CD 
 116      475F13D2 
 116      9BDAB26F 
 116      DB
 117 012b 0242DC12 		.ascii	"\002B\334\022\036\300\036\260\277\026\243\005h\037\340"
 117      1EC01EB0 
 117      BF16A305 
 117      681FE0
 118 013a F4C2FC1A 		.ascii	"\364\302\374\032\233YV\012\207>\271\361\362]\334\005"
 118      9B59560A 
 118      873EB9F1 
 118      F25DDC05 
 119 014a 7424BC97 		.ascii	"t$\274\227\201\017\203\037\022\336\203\027\350P\022"
 119      810F831F 
 119      12DE8317 
 119      E85012
 120 0159 9EE23143 		.ascii	"\236\3421C\263\276\241@\361\330\260\336\24097\035\025"
 120      B3BEA140 
 120      F1D8B0DE 
 120      A039371D 
 120      15
 121 016a ABEE448F 		.ascii	"\253\356D\217\316\374\012\317f-\236\305\034\026\356"
 121      CEFC0ACF 
 121      662D9EC5 
 121      1C16EE
 122 0179 A3AC5333 		.ascii	"\243\254S3\321g4\222\025&\367\3366\346{\263\356\215"
 122      D1673492 
 122      1526F7DE 
 122      36E67BB3 
 122      EE8D
 123 018b 8D5EAD66 		.ascii	"\215^\255f\221;\200g\002\312?6\347&C\241,\016\301Lm"
 123      913B8067 
 123      02CA3F36 
 123      E72643A1 
 123      2C0EC14C 
 124 01a0 0EC32489 		.ascii	"\016\303$\211\343\303^\342\322\276#\013\232\245\314"
 124      E3C35EE2 
 124      D2BE230B 
 124      9AA5CC
 125 01af 45FDC036 		.ascii	"E\375\300618\374\305\213\244\177\010OF>\205\015\273"
 125      3138FCC5 
 125      8BA47F08 
ARM GAS  /tmp/cc8RxWqO.s 			page 9


 125      4F463E85 
 125      0DBB
 126 01c1 2F65D93F 		.ascii	"/e\331?\372\364\346b\306\376\030c\177\234\233\224\275"
 126      FAF4E662 
 126      C6FE1863 
 126      7F9C9B94 
 126      BD
 127 01d2 1586D23B 		.ascii	"\025\206\322;a\247\377 \311\350\237\230\234~Ow\342q"
 127      61A7FF20 
 127      C9E89F98 
 127      9C7E4F77 
 127      E271
 128 01e4 722BA3CF 		.ascii	"r+\243\317\022\252;oBI\370\033<\277\240\365\346\320"
 128      12AA3B6F 
 128      4249F81B 
 128      3CBFA0F5 
 128      E6D0
 129 01f6 10F38452 		.ascii	"\020\363\204RpB\322\233Z\321\025\254\264\236$\275\275"
 129      7042D29B 
 129      5AD115AC 
 129      B49E24BD 
 129      BD
 130 0207 92844FB1 		.ascii	"\222\204O\261\214=S4X\205\005\354\251\031l\270\0200"
 130      8C3D5334 
 130      588505EC 
 130      A9196CB8 
 130      1030
 131 0219 776E66BD 		.ascii	"wnf\275c&\260\321\242\301\254\314\372\314`\227\012\001"
 131      6326B0D1 
 131      A2C1ACCC 
 131      FACC6097 
 131      0A01
 132 022b 9B919BD9 		.ascii	"\233\221\233\331V3\330X\321`Vf\333\315`W\012\001+w`"
 132      5633D858 
 132      D1605666 
 132      DBCD6057 
 132      0A012B77 
 133 0240 E654CC19 		.ascii	"\346T\314\031+\341\223,\245\276\303s\241\376\236\325"
 133      2BE1932C 
 133      A5BEC373 
 133      A1FE9ED5 
 134 0250 83ACFE81 		.ascii	"\203\254\376\201\325\247Y\375#\253\177\202:S\362\235"
 134      D5A759FD 
 134      23AB7F82 
 134      3A53F29D 
 135 0260 A547B62F 		.ascii	"\245G\266/e{\352(\354I\016\245l{\312\262O\265\215\227"
 135      657BEA28 
 135      EC490EA5 
 135      6C7BCAB2 
 135      4FB58D97 
 136 0274 EB783A0F 		.ascii	"\353x:\017\000\316\373g\302\030\207n1;\207\236-\343"
 136      00CEFB67 
 136      C218876E 
 136      313B879E 
 136      2DE3
 137 0286 49576AEC 		.ascii	"IWj\354\223d\037\336\322M\316-2n\201\277\212F\2540#"
 137      93641FDE 
ARM GAS  /tmp/cc8RxWqO.s 			page 10


 137      D24DCE2D 
 137      326E81BF 
 137      8A46AC30 
 138 029b 26EE0CC3 		.ascii	"&\356\014\303\022\026sQ\334\350\302\335\354\242\030"
 138      12167351 
 138      DCE8C2DD 
 138      ECA218
 139 02aa 65F61F70 		.ascii	"e\366\037p\366\213\242\304vQ\224XO\202\022O\266\221"
 139      F68BA2C4 
 139      76519458 
 139      4F82124F 
 139      B691
 140 02bc 39097AF8 		.ascii	"9\011z\370\002\274p\332o\316\271s\310\224;\207Y\356"
 140      02BC70DA 
 140      6FCEB973 
 140      C8943B87 
 140      59EE
 141 02ce 1C61D931 		.ascii	"\034a\3311\302\352\013\223\345\010\205\330\217\247f"
 141      C2EA0B93 
 141      E50885D8 
 141      8FA766
 142 02dd F1D6F019 		.ascii	"\361\326\360\031}\016}\314[=~\005\015\020\322\0077|"
 142      7D0E7DCC 
 142      5B3D7E05 
 142      0D10D207 
 142      377C
 143 02ef C20537BC 		.ascii	"\302\0057\274K\233\312\241\355Lm\027\236\223\343\230"
 143      4B9BCAA1 
 143      ED4C6D17 
 143      9E93E398 
 144 02ff D40DBC8A 		.ascii	"\324\015\274\212v\323\320\017\336X\325\240-)\3123K\247"
 144      76D3D00F 
 144      DE58D5A0 
 144      2D29CA33 
 144      4BA7
 145 0311 73097366 		.ascii	"s\011sf\177\265'F\342\376\206\021L\372\310\223t\232"
 145      7FB52746 
 145      E2FE8611 
 145      4CFAC893 
 145      749A
 146 0323 B7BE3024 		.ascii	"\267\2760$\274lVN?\307\254\267\253\306+\323\321\010"
 146      BC6C564E 
 146      3FC7ACB7 
 146      ABC62BD3 
 146      D108
 147 0335 D923F0B9 		.ascii	"\331#\360\271c\004\310\275@\2036]\302\227\201\241\204"
 147      6304C8BD 
 147      4083365D 
 147      C29781A1 
 147      84
 148 0346 93F99DD7 		.ascii	"\223\371\235\327\247\235\224\033\214d\336\303\200sO"
 148      A79D941B 
 148      8C64DEC3 
 148      80734F
 149 0355 D3E9B098 		.ascii	"\323\351\260\230\021\262\231|8\0033\347\220>\313\222"
 149      11B2997C 
 149      380333E7 
ARM GAS  /tmp/cc8RxWqO.s 			page 11


 149      903ECB92 
 150 0365 04BF3A46 		.ascii	"\004\277:F\351\322Yo\357\007\251tzN\341!J\345\011Q\021"
 150      E9D2596F 
 150      EF07A974 
 150      7A4EE121 
 150      4AE50951 
 151 037a AFB741FD 		.ascii	"\257\267A\375\365v\235\271\272\237\267\357\233\275\370"
 151      F5769DB9 
 151      BA9FB7EF 
 151      9BBDF8
 152 0389 595E58B6 		.ascii	"Y^X\266\245\3716Gr\376\373\013\237MNc}\306\013Z\237"
 152      A5F93647 
 152      72FEFB0B 
 152      9F4D4E63 
 152      7DC60B5A 
 153 039e 63747D34 		.ascii	"ct}4\322C\014=\367\264\353y\326g\334\276>7'\256O\012"
 153      D2430C3D 
 153      F7B4EB79 
 153      D667DCBE 
 153      3E3727AE 
 154 03b4 C274FF60 		.ascii	"\302t\377`\371N2\344\360P\316\273F\267\355kt\324!\215"
 154      F94E32E4 
 154      F050CEBB 
 154      46B7ED6B 
 154      74D4218D 
 155 03c8 33FDEB8E 		.ascii	"3\375\353\216i}\326\026;\203\350\035+\321yh\027\271"
 155      697DD616 
 155      3B83E81D 
 155      2BD17968 
 155      17B9
 156 03da 7831F5FB 		.ascii	"x1\365\373\265\035xS\012\036\337O\323i\374<\352eo\260"
 156      B51D7853 
 156      0A1EDF4F 
 156      D369FC3C 
 156      EA656FB0 
 157 03ee 1D657A42 		.ascii	"\035ezB\244v'\312wd\023\302m\360\305FB\320W;\227Q&\345"
 157      A47627CA 
 157      776413C2 
 157      6DF0C546 
 157      42D0573B 
 158 0406 E5CEBA12 		.ascii	"\345\316\272\022\376\233\235_\367\365\344\240CZ\333"
 158      FE9B9D5F 
 158      F7F5E4A0 
 158      435ADB
 159 0415 68A531E5 		.ascii	"h\2451\345\376\033\357\364\003\200\001\344\237\252\033"
 159      FE1BEFF4 
 159      038001E4 
 159      9FAA1B
 160 0424 5D6718D5 		.ascii	"]g\030\325N\275\254?\232\246\263\226\204\037\200\347"
 160      4EBDAC3F 
 160      9AA6B396 
 160      841F80E7 
 161 0434 B4304748 		.ascii	"\2640GH\346\276\364zr.\324C\023\033\257'\333(\265p6"
 161      E6BEF47A 
 161      722ED443 
 161      131BAF27 
 161      DB28B570 
ARM GAS  /tmp/cc8RxWqO.s 			page 12


 162 0449 B4C0B36B 		.ascii	"\264\300\263k\366s\324F\002.U\335w\011\227bcy\022\017"
 162      F673D446 
 162      022E55DD 
 162      77099762 
 162      6379120F 
 163 045d CF10F761 		.ascii	"\317\020\367a\262\211\246\221\331\231{YglO\374\034."
 163      B289A691 
 163      D9997B59 
 163      676C4FFC 
 163      1C2E
 164 046f 4FF821F0 		.ascii	"O\370!\360_\321.?\315\341r\346\202\261hA\363\221\375"
 164      5FD12E3F 
 164      CDE172E6 
 164      82B16841 
 164      F391FD
 165 0482 F4B491E0 		.ascii	"\364\264\221\340\320#\213\313\266\327\012\335\013\271"
 165      D0238BCB 
 165      B6D70ADD 
 165      0BB9
 166 0490 B8102E63 		.ascii	"\270\020.cU\017T\362\354d\201\3520@\312\362\005\312"
 166      550F54F2 
 166      EC6481EA 
 166      3040CAF2 
 166      05CA
 167 04a2 A625E16E 		.ascii	"\246%\341n\256\330@\365p\316\201\232f\011\224\241\225"
 167      AED840F5 
 167      70CE819A 
 167      660994A1 
 167      95
 168 04b3 0994E93C 		.ascii	"\011\224\351<\262\221\340\320F\2279P\350\345\312JA\373"
 168      B291E0D0 
 168      46973950 
 168      E8E5CA4A 
 168      41FB
 169 04c5 5362429B 		.ascii	"SbB\233\324.\304\242~\372_\354\220\332+\375h\261}\270"
 169      D42EC4A2 
 169      7EFA5FEC 
 169      90DA2BFD 
 169      68B17DB8 
 170 04d9 4389AA31 		.ascii	"C\211\2521\241eusM\265\320\324T/\254X\325\270\362\275"
 170      A1657573 
 170      4DB5D0D4 
 170      542FAC58 
 170      D5B8F2BD 
 171 04ed 2A6386D8 		.ascii	"*c\206\330\336\036\250lC\336\220B\365\302R\354]Q}n\305"
 171      DE1EA86C 
 171      43DE9042 
 171      F5C252EC 
 171      5D517D6E 
 172 0502 9B6B2AEA 		.ascii	"\233k*\352\320[B\233\022\226\005\251]\356\024\232\345"
 172      D05B429B 
 172      129605A9 
 172      5DEE149A 
 172      E5
 173 0513 88AA4457 		.ascii	"\210\252DWD\245\216\266\220\037\320\224x\324/G\327\213"
 173      44A58EB6 
 173      901FD094 
ARM GAS  /tmp/cc8RxWqO.s 			page 13


 173      78D42F47 
 173      D78B
 174 0525 754A40AE 		.ascii	"uJ@\256\225#\3766\261)\244\312bP\211\212\313}\315\342"
 174      9523FE36 
 174      B129A4CA 
 174      6250898A 
 174      CB7DCDE2 
 175 0539 6BCB6B1B 		.ascii	"k\313k\033\005)\032^\030Q\"\362BYj\015\011\241\210\277"
 175      05291A5E 
 175      185122F2 
 175      42596A0D 
 175      09A188BF 
 176 054d 3D1E9085 		.ascii	"=\036\220\205\230\032\010ET0\351\216\303\377\232jQ\235"
 176      981A0845 
 176      5430E98E 
 176      C3FF9A6A 
 176      519D
 177 055f 67676CA8 		.ascii	"ggl\250\032N\265\241\222\306\225\265\361\330R\263\242"
 177      1A4EB5A1 
 177      92C695B5 
 177      F1D852B3 
 177      A2
 178 0570 5F098795 		.ascii	"_\011\207\225\210 w\252B]sKc\013x\2509\371zUg'X\011"
 178      882077AA 
 178      425D734B 
 178      630B78A8 
 178      39F97A55 
 179 0588 D75407AB 		.ascii	"\327T\007\253\026-\352l\245\336Q\237\305\325\353;\344"
 179      162DEA6C 
 179      A5DE519F 
 179      C5D5EB3B 
 179      E4
 180 0599 7A39C8D7 		.ascii	"z9\310\327\371\232@\032\370\306z\037\277\262\336\347"
 180      F99A401A 
 180      F8C67A1F 
 180      BFB2DEE7 
 181 05a9 AA6DF1F9 		.ascii	"\252m\361\371\370Z\237\317\325T\367\206\257T\013D(\000"
 181      F85A9FCF 
 181      D554F786 
 181      AF540B44 
 181      2800
 182 05bb 61D01A2E 		.ascii	"a\320\032.\032\024/%+\006\245\230\272\024\006\224`0"
 182      1A142F25 
 182      2B06A598 
 182      BA140694 
 182      6030
 183 05cd 26ABA5C0 		.ascii	"&\253\245\300\315'K\001`\306\267\306cS\241\2736\012"
 183      CD274B01 
 183      60C6B7C6 
 183      6353A1BB 
 183      360A
 184 05df 5180BEAB 		.ascii	"Q\200\276\2535\244\306\334!%\014\341\021\325i0\322\""
 184      35A4C6DC 
 184      21250CE1 
 184      11D56930 
 184      D222
 185 05f1 ABF0BD19 		.ascii	"\253\360\275\031\372.\372q\226\021{\021\200\336\211"
ARM GAS  /tmp/cc8RxWqO.s 			page 14


 185      FA2EFA71 
 185      96117B11 
 185      80DE89
 186 0600 2AF10EFA 		.ascii	"*\361\016\372\325\345o\223\242nQ\014\306#~Q\234f4*\227"
 186      D5E56F93 
 186      A26E510C 
 186      C6237E51 
 186      9C66342A 
 187 0615 2CA9AEB2 		.ascii	",\251\256\262\364\226\230{5U\377\003jG\250}"
 187      F496987B 
 187      3555FF03 
 187      6A47A87D 
 188              		.text
 189              		.section	.gnu.lto_.symtab.6d7121c9205642a,"",%progbits
 190 0000 70616C52 		.ascii	"palReadBus\000\000\000\000\000\000\000\000\000\000\000"
 190      65616442 
 190      75730000 
 190      00000000 
 190      00000000 
 191 0015 00A10000 		.ascii	"\000\241\000\000\000palWriteBus\000\000\000\000\000"
 191      0070616C 
 191      57726974 
 191      65427573 
 191      00000000 
 192 002a 00000000 		.ascii	"\000\000\000\000\000\000\000\326\000\000\000palSetB"
 192      000000D6 
 192      00000070 
 192      616C5365 
 192      7442
 193 003c 75734D6F 		.ascii	"usMode\000\000\000\000\000\000\000\000\000\000\000\000"
 193      64650000 
 193      00000000 
 193      00000000 
 193      0000
 194 004e DF000000 		.ascii	"\337\000\000\000_pal_lld_setgroupmode\000\000\002\000"
 194      5F70616C 
 194      5F6C6C64 
 194      5F736574 
 194      67726F75 
 195 006b 00000000 		.ascii	"\000\000\000\000\000\000\000\000\353\000\000\000"
 195      00000000 
 195      EB000000 
 196              		.text
 197              		.section	.gnu.lto_.opts,"",%progbits
 198 0000 272D6D63 		.ascii	"'-mcpu=cortex-m3' '-mno-thumb-interwork' '-mthumb' "
 198      70753D63 
 198      6F727465 
 198      782D6D33 
 198      2720272D 
 199 0033 272D6767 		.ascii	"'-ggdb' '-O2' '-fomit-frame-pointer' '-falign-funct"
 199      64622720 
 199      272D4F32 
 199      2720272D 
 199      666F6D69 
 200 0066 696F6E73 		.ascii	"ions=16' '-ffunction-sections' '-fdata-sections' '-"
 200      3D313627 
 200      20272D66 
ARM GAS  /tmp/cc8RxWqO.s 			page 15


 200      66756E63 
 200      74696F6E 
 201 0099 666E6F2D 		.ascii	"fno-common' '-flto'\000"
 201      636F6D6D 
 201      6F6E2720 
 201      272D666C 
 201      746F2700 
 202              		.text
 203              		.cfi_sections	.debug_frame
 204              		.section	.text.palReadBus,"ax",%progbits
 205              		.align	2
 206              		.p2align 4,,15
 207              		.global	palReadBus
 208              		.thumb
 209              		.thumb_func
 210              		.type	palReadBus, %function
 211              	palReadBus:
 212              	.LFB217:
 213              		.file 1 "../../../os/hal/src/hal_pal.c"
 214              		.loc 1 65 0
 215              		.cfi_startproc
 216              		@ args = 0, pretend = 0, frame = 0
 217              		@ frame_needed = 0, uses_anonymous_args = 0
 218              		@ link register save eliminated.
 219              	.LVL0:
 220              		.loc 1 69 0
 221 0000 0368     		ldr	r3, [r0]
 222 0002 8268     		ldr	r2, [r0, #8]
 223 0004 9968     		ldr	r1, [r3, #8]
 224 0006 4368     		ldr	r3, [r0, #4]
 225 0008 21FA02F0 		lsr	r0, r1, r2
 226              	.LVL1:
 227              		.loc 1 70 0
 228 000c 1840     		ands	r0, r0, r3
 229 000e 7047     		bx	lr
 230              		.cfi_endproc
 231              	.LFE217:
 232              		.size	palReadBus, .-palReadBus
 233              		.section	.text.palWriteBus,"ax",%progbits
 234              		.align	2
 235              		.p2align 4,,15
 236              		.global	palWriteBus
 237              		.thumb
 238              		.thumb_func
 239              		.type	palWriteBus, %function
 240              	palWriteBus:
 241              	.LFB218:
 242              		.loc 1 90 0
 243              		.cfi_startproc
 244              		@ args = 0, pretend = 0, frame = 0
 245              		@ frame_needed = 0, uses_anonymous_args = 0
 246              		@ link register save eliminated.
 247              	.LVL2:
 248              		.loc 1 94 0
 249 0000 4268     		ldr	r2, [r0, #4]
 250 0002 8368     		ldr	r3, [r0, #8]
 251              		.loc 1 90 0
ARM GAS  /tmp/cc8RxWqO.s 			page 16


 252 0004 30B4     		push	{r4, r5}
 253              		.cfi_def_cfa_offset 8
 254              		.cfi_offset 4, -8
 255              		.cfi_offset 5, -4
 256              		.loc 1 94 0
 257 0006 22EA0105 		bic	r5, r2, r1
 258 000a 03F11004 		add	r4, r3, #16
 259 000e 0A40     		ands	r2, r2, r1
 260 0010 02FA03F3 		lsl	r3, r2, r3
 261 0014 05FA04F2 		lsl	r2, r5, r4
 262              		.loc 1 95 0
 263 0018 30BC     		pop	{r4, r5}
 264              		.loc 1 94 0
 265 001a 0068     		ldr	r0, [r0]
 266              	.LVL3:
 267 001c 1343     		orrs	r3, r3, r2
 268 001e 0361     		str	r3, [r0, #16]
 269              		.loc 1 95 0
 270 0020 7047     		bx	lr
 271              		.cfi_endproc
 272              	.LFE218:
 273              		.size	palWriteBus, .-palWriteBus
 274 0022 00BFAFF3 		.section	.text.palSetBusMode,"ax",%progbits
 274      0080AFF3 
 274      0080AFF3 
 274      0080
 275              		.align	2
 276              		.p2align 4,,15
 277              		.global	palSetBusMode
 278              		.thumb
 279              		.thumb_func
 280              		.type	palSetBusMode, %function
 281              	palSetBusMode:
 282              	.LFB219:
 283              		.loc 1 113 0
 284              		.cfi_startproc
 285              		@ args = 0, pretend = 0, frame = 0
 286              		@ frame_needed = 0, uses_anonymous_args = 0
 287              		@ link register save eliminated.
 288              	.LVL4:
 289 0000 10B4     		push	{r4}
 290              		.cfi_def_cfa_offset 4
 291              		.cfi_offset 4, -4
 292              		.loc 1 117 0
 293 0002 8368     		ldr	r3, [r0, #8]
 294 0004 4468     		ldr	r4, [r0, #4]
 295              		.loc 1 113 0
 296 0006 0A46     		mov	r2, r1
 297              		.loc 1 117 0
 298 0008 0068     		ldr	r0, [r0]
 299              	.LVL5:
 300 000a 04FA03F1 		lsl	r1, r4, r3
 301              	.LVL6:
 302              		.loc 1 118 0
 303 000e 5DF8044B 		ldr	r4, [sp], #4
 304              		.loc 1 117 0
 305 0012 FFF7FEBF 		b	_pal_lld_setgroupmode
ARM GAS  /tmp/cc8RxWqO.s 			page 17


 306              	.LVL7:
 307              		.cfi_endproc
 308              	.LFE219:
 309              		.size	palSetBusMode, .-palSetBusMode
 310 0016 00BFAFF3 		.text
 310      0080AFF3 
 310      0080
 311              	.Letext0:
 312              		.file 2 "/home/alex/MentorGraphics/Sourcery_CodeBench_Lite_for_ARM_EABI/arm-none-eabi/include/stdi
 313              		.file 3 "../../../os/common/ports/ARMCMx/compilers/GCC/chtypes.h"
 314              		.file 4 "../../../os/rt/include/chsystypes.h"
 315              		.file 5 "../../../os/rt/include/chschd.h"
 316              		.file 6 "../../../os/common/ext/CMSIS/ST/STM32F1xx/stm32f100xb.h"
 317              		.file 7 "../../../os/common/ports/ARMCMx/chcore.h"
 318              		.file 8 "../../../os/common/ports/ARMCMx/chcore_v7m.h"
 319              		.file 9 "../../../os/rt/include/chtm.h"
 320              		.file 10 "../../../os/rt/include/chsem.h"
 321              		.file 11 "../../../os/rt/include/chmtx.h"
 322              		.file 12 "../../../os/hal/ports/STM32/LLD/GPIOv1/hal_pal_lld.h"
 323              		.file 13 "../../../os/hal/include/hal_pal.h"
 324              		.file 14 "../../../os/common/ext/CMSIS/include/core_cm3.h"
 325              		.section	.debug_info,"",%progbits
 326              	.Ldebug_info0:
 327 0000 EC070000 		.4byte	0x7ec
 328 0004 0400     		.2byte	0x4
 329 0006 00000000 		.4byte	.Ldebug_abbrev0
 330 000a 04       		.byte	0x4
 331 000b 01       		.uleb128 0x1
 332 000c B6010000 		.4byte	.LASF105
 333 0010 01       		.byte	0x1
 334 0011 1E030000 		.4byte	.LASF106
 335 0015 EB040000 		.4byte	.LASF107
 336 0019 00000000 		.4byte	.Ldebug_ranges0+0
 337 001d 00000000 		.4byte	0
 338 0021 00000000 		.4byte	.Ldebug_line0
 339 0025 02       		.uleb128 0x2
 340 0026 04       		.byte	0x4
 341 0027 05       		.byte	0x5
 342 0028 696E7400 		.ascii	"int\000"
 343 002c 03       		.uleb128 0x3
 344 002d 04       		.byte	0x4
 345 002e 07       		.byte	0x7
 346 002f 5E000000 		.4byte	.LASF0
 347 0033 03       		.uleb128 0x3
 348 0034 01       		.byte	0x1
 349 0035 06       		.byte	0x6
 350 0036 A7040000 		.4byte	.LASF1
 351 003a 04       		.uleb128 0x4
 352 003b 8D020000 		.4byte	.LASF4
 353 003f 02       		.byte	0x2
 354 0040 2A       		.byte	0x2a
 355 0041 45000000 		.4byte	0x45
 356 0045 03       		.uleb128 0x3
 357 0046 01       		.byte	0x1
 358 0047 08       		.byte	0x8
 359 0048 3A040000 		.4byte	.LASF2
 360 004c 03       		.uleb128 0x3
ARM GAS  /tmp/cc8RxWqO.s 			page 18


 361 004d 02       		.byte	0x2
 362 004e 05       		.byte	0x5
 363 004f 7C030000 		.4byte	.LASF3
 364 0053 04       		.uleb128 0x4
 365 0054 4F030000 		.4byte	.LASF5
 366 0058 02       		.byte	0x2
 367 0059 36       		.byte	0x36
 368 005a 5E000000 		.4byte	0x5e
 369 005e 03       		.uleb128 0x3
 370 005f 02       		.byte	0x2
 371 0060 07       		.byte	0x7
 372 0061 B9040000 		.4byte	.LASF6
 373 0065 04       		.uleb128 0x4
 374 0066 1D040000 		.4byte	.LASF7
 375 006a 02       		.byte	0x2
 376 006b 4F       		.byte	0x4f
 377 006c 70000000 		.4byte	0x70
 378 0070 03       		.uleb128 0x3
 379 0071 04       		.byte	0x4
 380 0072 05       		.byte	0x5
 381 0073 86030000 		.4byte	.LASF8
 382 0077 04       		.uleb128 0x4
 383 0078 FB000000 		.4byte	.LASF9
 384 007c 02       		.byte	0x2
 385 007d 50       		.byte	0x50
 386 007e 82000000 		.4byte	0x82
 387 0082 03       		.uleb128 0x3
 388 0083 04       		.byte	0x4
 389 0084 07       		.byte	0x7
 390 0085 F8030000 		.4byte	.LASF10
 391 0089 03       		.uleb128 0x3
 392 008a 08       		.byte	0x8
 393 008b 05       		.byte	0x5
 394 008c CA020000 		.4byte	.LASF11
 395 0090 04       		.uleb128 0x4
 396 0091 BB030000 		.4byte	.LASF12
 397 0095 02       		.byte	0x2
 398 0096 78       		.byte	0x78
 399 0097 9B000000 		.4byte	0x9b
 400 009b 03       		.uleb128 0x3
 401 009c 08       		.byte	0x8
 402 009d 07       		.byte	0x7
 403 009e 3E010000 		.4byte	.LASF13
 404 00a2 04       		.uleb128 0x4
 405 00a3 6C040000 		.4byte	.LASF14
 406 00a7 02       		.byte	0x2
 407 00a8 A0       		.byte	0xa0
 408 00a9 2C000000 		.4byte	0x2c
 409 00ad 04       		.uleb128 0x4
 410 00ae 58030000 		.4byte	.LASF15
 411 00b2 03       		.byte	0x3
 412 00b3 39       		.byte	0x39
 413 00b4 77000000 		.4byte	0x77
 414 00b8 04       		.uleb128 0x4
 415 00b9 3C030000 		.4byte	.LASF16
 416 00bd 03       		.byte	0x3
 417 00be 3C       		.byte	0x3c
ARM GAS  /tmp/cc8RxWqO.s 			page 19


 418 00bf 3A000000 		.4byte	0x3a
 419 00c3 04       		.uleb128 0x4
 420 00c4 84020000 		.4byte	.LASF17
 421 00c8 03       		.byte	0x3
 422 00c9 3D       		.byte	0x3d
 423 00ca 3A000000 		.4byte	0x3a
 424 00ce 04       		.uleb128 0x4
 425 00cf F0030000 		.4byte	.LASF18
 426 00d3 03       		.byte	0x3
 427 00d4 3E       		.byte	0x3e
 428 00d5 3A000000 		.4byte	0x3a
 429 00d9 04       		.uleb128 0x4
 430 00da 25010000 		.4byte	.LASF19
 431 00de 03       		.byte	0x3
 432 00df 40       		.byte	0x40
 433 00e0 77000000 		.4byte	0x77
 434 00e4 04       		.uleb128 0x4
 435 00e5 D8020000 		.4byte	.LASF20
 436 00e9 03       		.byte	0x3
 437 00ea 41       		.byte	0x41
 438 00eb 65000000 		.4byte	0x65
 439 00ef 04       		.uleb128 0x4
 440 00f0 0C010000 		.4byte	.LASF21
 441 00f4 03       		.byte	0x3
 442 00f5 43       		.byte	0x43
 443 00f6 77000000 		.4byte	0x77
 444 00fa 04       		.uleb128 0x4
 445 00fb 55010000 		.4byte	.LASF22
 446 00ff 03       		.byte	0x3
 447 0100 45       		.byte	0x45
 448 0101 65000000 		.4byte	0x65
 449 0105 04       		.uleb128 0x4
 450 0106 3C000000 		.4byte	.LASF23
 451 010a 04       		.byte	0x4
 452 010b 35       		.byte	0x35
 453 010c 53000000 		.4byte	0x53
 454 0110 04       		.uleb128 0x4
 455 0111 90010000 		.4byte	.LASF24
 456 0115 04       		.byte	0x4
 457 0116 3F       		.byte	0x3f
 458 0117 1B010000 		.4byte	0x11b
 459 011b 05       		.uleb128 0x5
 460 011c 9E020000 		.4byte	.LASF42
 461 0120 44       		.byte	0x44
 462 0121 05       		.byte	0x5
 463 0122 9A       		.byte	0x9a
 464 0123 F9010000 		.4byte	0x1f9
 465 0127 06       		.uleb128 0x6
 466 0128 17040000 		.4byte	.LASF25
 467 012c 05       		.byte	0x5
 468 012d 9B       		.byte	0x9b
 469 012e 2E020000 		.4byte	0x22e
 470 0132 00       		.byte	0
 471 0133 06       		.uleb128 0x6
 472 0134 60020000 		.4byte	.LASF26
 473 0138 05       		.byte	0x5
 474 0139 9C       		.byte	0x9c
ARM GAS  /tmp/cc8RxWqO.s 			page 20


 475 013a D9000000 		.4byte	0xd9
 476 013e 08       		.byte	0x8
 477 013f 07       		.uleb128 0x7
 478 0140 63747800 		.ascii	"ctx\000"
 479 0144 05       		.byte	0x5
 480 0145 9D       		.byte	0x9d
 481 0146 9C040000 		.4byte	0x49c
 482 014a 0C       		.byte	0xc
 483 014b 06       		.uleb128 0x6
 484 014c 34040000 		.4byte	.LASF27
 485 0150 05       		.byte	0x5
 486 0151 9F       		.byte	0x9f
 487 0152 04020000 		.4byte	0x204
 488 0156 10       		.byte	0x10
 489 0157 06       		.uleb128 0x6
 490 0158 66040000 		.4byte	.LASF28
 491 015c 05       		.byte	0x5
 492 015d A0       		.byte	0xa0
 493 015e 04020000 		.4byte	0x204
 494 0162 14       		.byte	0x14
 495 0163 06       		.uleb128 0x6
 496 0164 D5030000 		.4byte	.LASF29
 497 0168 05       		.byte	0x5
 498 0169 A7       		.byte	0xa7
 499 016a 21060000 		.4byte	0x621
 500 016e 18       		.byte	0x18
 501 016f 06       		.uleb128 0x6
 502 0170 7D020000 		.4byte	.LASF30
 503 0174 05       		.byte	0x5
 504 0175 B0       		.byte	0xb0
 505 0176 33060000 		.4byte	0x633
 506 017a 1C       		.byte	0x1c
 507 017b 06       		.uleb128 0x6
 508 017c 79040000 		.4byte	.LASF31
 509 0180 05       		.byte	0x5
 510 0181 B5       		.byte	0xb5
 511 0182 C3000000 		.4byte	0xc3
 512 0186 20       		.byte	0x20
 513 0187 06       		.uleb128 0x6
 514 0188 36000000 		.4byte	.LASF32
 515 018c 05       		.byte	0x5
 516 018d B9       		.byte	0xb9
 517 018e B8000000 		.4byte	0xb8
 518 0192 21       		.byte	0x21
 519 0193 06       		.uleb128 0x6
 520 0194 7F000000 		.4byte	.LASF33
 521 0198 05       		.byte	0x5
 522 0199 BE       		.byte	0xbe
 523 019a CE000000 		.4byte	0xce
 524 019e 22       		.byte	0x22
 525 019f 08       		.uleb128 0x8
 526 01a0 7500     		.ascii	"u\000"
 527 01a2 05       		.byte	0x5
 528 01a3 0F01     		.2byte	0x10f
 529 01a5 56050000 		.4byte	0x556
 530 01a9 24       		.byte	0x24
 531 01aa 09       		.uleb128 0x9
ARM GAS  /tmp/cc8RxWqO.s 			page 21


 532 01ab 48040000 		.4byte	.LASF34
 533 01af 05       		.byte	0x5
 534 01b0 1401     		.2byte	0x114
 535 01b2 0A020000 		.4byte	0x20a
 536 01b6 28       		.byte	0x28
 537 01b7 09       		.uleb128 0x9
 538 01b8 95020000 		.4byte	.LASF35
 539 01bc 05       		.byte	0x5
 540 01bd 1A01     		.2byte	0x11a
 541 01bf 2E020000 		.4byte	0x22e
 542 01c3 2C       		.byte	0x2c
 543 01c4 09       		.uleb128 0x9
 544 01c5 55000000 		.4byte	.LASF36
 545 01c9 05       		.byte	0x5
 546 01ca 2001     		.2byte	0x120
 547 01cc EF000000 		.4byte	0xef
 548 01d0 34       		.byte	0x34
 549 01d1 09       		.uleb128 0x9
 550 01d2 71010000 		.4byte	.LASF37
 551 01d6 05       		.byte	0x5
 552 01d7 2701     		.2byte	0x127
 553 01d9 1B060000 		.4byte	0x61b
 554 01dd 38       		.byte	0x38
 555 01de 09       		.uleb128 0x9
 556 01df 46000000 		.4byte	.LASF38
 557 01e3 05       		.byte	0x5
 558 01e4 2B01     		.2byte	0x12b
 559 01e6 D9000000 		.4byte	0xd9
 560 01ea 3C       		.byte	0x3c
 561 01eb 09       		.uleb128 0x9
 562 01ec 49050000 		.4byte	.LASF39
 563 01f0 05       		.byte	0x5
 564 01f1 3201     		.2byte	0x132
 565 01f3 E1020000 		.4byte	0x2e1
 566 01f7 40       		.byte	0x40
 567 01f8 00       		.byte	0
 568 01f9 04       		.uleb128 0x4
 569 01fa 6A020000 		.4byte	.LASF40
 570 01fe 04       		.byte	0x4
 571 01ff 44       		.byte	0x44
 572 0200 04020000 		.4byte	0x204
 573 0204 0A       		.uleb128 0xa
 574 0205 04       		.byte	0x4
 575 0206 10010000 		.4byte	0x110
 576 020a 04       		.uleb128 0x4
 577 020b 70000000 		.4byte	.LASF41
 578 020f 04       		.byte	0x4
 579 0210 49       		.byte	0x49
 580 0211 15020000 		.4byte	0x215
 581 0215 05       		.uleb128 0x5
 582 0216 00000000 		.4byte	.LASF43
 583 021a 04       		.byte	0x4
 584 021b 05       		.byte	0x5
 585 021c 88       		.byte	0x88
 586 021d 2E020000 		.4byte	0x22e
 587 0221 06       		.uleb128 0x6
 588 0222 6B000000 		.4byte	.LASF44
ARM GAS  /tmp/cc8RxWqO.s 			page 22


 589 0226 05       		.byte	0x5
 590 0227 89       		.byte	0x89
 591 0228 04020000 		.4byte	0x204
 592 022c 00       		.byte	0
 593 022d 00       		.byte	0
 594 022e 04       		.uleb128 0x4
 595 022f 61010000 		.4byte	.LASF45
 596 0233 04       		.byte	0x4
 597 0234 50       		.byte	0x50
 598 0235 39020000 		.4byte	0x239
 599 0239 05       		.uleb128 0x5
 600 023a C3000000 		.4byte	.LASF46
 601 023e 08       		.byte	0x8
 602 023f 05       		.byte	0x5
 603 0240 8F       		.byte	0x8f
 604 0241 5E020000 		.4byte	0x25e
 605 0245 06       		.uleb128 0x6
 606 0246 6B000000 		.4byte	.LASF44
 607 024a 05       		.byte	0x5
 608 024b 90       		.byte	0x90
 609 024c 04020000 		.4byte	0x204
 610 0250 00       		.byte	0
 611 0251 06       		.uleb128 0x6
 612 0252 BE000000 		.4byte	.LASF47
 613 0256 05       		.byte	0x5
 614 0257 91       		.byte	0x91
 615 0258 04020000 		.4byte	0x204
 616 025c 04       		.byte	0x4
 617 025d 00       		.byte	0
 618 025e 04       		.uleb128 0x4
 619 025f 0A040000 		.4byte	.LASF48
 620 0263 04       		.byte	0x4
 621 0264 57       		.byte	0x57
 622 0265 69020000 		.4byte	0x269
 623 0269 0B       		.uleb128 0xb
 624 026a 9F000000 		.4byte	.LASF49
 625 026e 1C       		.byte	0x1c
 626 026f 05       		.byte	0x5
 627 0270 6A01     		.2byte	0x16a
 628 0272 C5020000 		.4byte	0x2c5
 629 0276 09       		.uleb128 0x9
 630 0277 17040000 		.4byte	.LASF25
 631 027b 05       		.byte	0x5
 632 027c 6B01     		.2byte	0x16b
 633 027e 2E020000 		.4byte	0x22e
 634 0282 00       		.byte	0
 635 0283 09       		.uleb128 0x9
 636 0284 60020000 		.4byte	.LASF26
 637 0288 05       		.byte	0x5
 638 0289 6C01     		.2byte	0x16c
 639 028b D9000000 		.4byte	0xd9
 640 028f 08       		.byte	0x8
 641 0290 08       		.uleb128 0x8
 642 0291 63747800 		.ascii	"ctx\000"
 643 0295 05       		.byte	0x5
 644 0296 6E01     		.2byte	0x16e
 645 0298 9C040000 		.4byte	0x49c
ARM GAS  /tmp/cc8RxWqO.s 			page 23


 646 029c 0C       		.byte	0xc
 647 029d 09       		.uleb128 0x9
 648 029e 34040000 		.4byte	.LASF27
 649 02a2 05       		.byte	0x5
 650 02a3 7101     		.2byte	0x171
 651 02a5 04020000 		.4byte	0x204
 652 02a9 10       		.byte	0x10
 653 02aa 09       		.uleb128 0x9
 654 02ab 66040000 		.4byte	.LASF28
 655 02af 05       		.byte	0x5
 656 02b0 7201     		.2byte	0x172
 657 02b2 04020000 		.4byte	0x204
 658 02b6 14       		.byte	0x14
 659 02b7 09       		.uleb128 0x9
 660 02b8 D7040000 		.4byte	.LASF50
 661 02bc 05       		.byte	0x5
 662 02bd 7501     		.2byte	0x175
 663 02bf 04020000 		.4byte	0x204
 664 02c3 18       		.byte	0x18
 665 02c4 00       		.byte	0
 666 02c5 04       		.uleb128 0x4
 667 02c6 D4000000 		.4byte	.LASF51
 668 02ca 04       		.byte	0x4
 669 02cb 5C       		.byte	0x5c
 670 02cc D0020000 		.4byte	0x2d0
 671 02d0 0A       		.uleb128 0xa
 672 02d1 04       		.byte	0x4
 673 02d2 D6020000 		.4byte	0x2d6
 674 02d6 0C       		.uleb128 0xc
 675 02d7 E1020000 		.4byte	0x2e1
 676 02db 0D       		.uleb128 0xd
 677 02dc E1020000 		.4byte	0x2e1
 678 02e0 00       		.byte	0
 679 02e1 0E       		.uleb128 0xe
 680 02e2 04       		.byte	0x4
 681 02e3 04       		.uleb128 0x4
 682 02e4 DE020000 		.4byte	.LASF52
 683 02e8 04       		.byte	0x4
 684 02e9 61       		.byte	0x61
 685 02ea EE020000 		.4byte	0x2ee
 686 02ee 0B       		.uleb128 0xb
 687 02ef 2D010000 		.4byte	.LASF53
 688 02f3 14       		.byte	0x14
 689 02f4 05       		.byte	0x5
 690 02f5 4501     		.2byte	0x145
 691 02f7 3D030000 		.4byte	0x33d
 692 02fb 09       		.uleb128 0x9
 693 02fc 6B000000 		.4byte	.LASF44
 694 0300 05       		.byte	0x5
 695 0301 4601     		.2byte	0x146
 696 0303 39060000 		.4byte	0x639
 697 0307 00       		.byte	0
 698 0308 09       		.uleb128 0x9
 699 0309 BE000000 		.4byte	.LASF47
 700 030d 05       		.byte	0x5
 701 030e 4701     		.2byte	0x147
 702 0310 39060000 		.4byte	0x639
ARM GAS  /tmp/cc8RxWqO.s 			page 24


 703 0314 04       		.byte	0x4
 704 0315 09       		.uleb128 0x9
 705 0316 B3040000 		.4byte	.LASF54
 706 031a 05       		.byte	0x5
 707 031b 4801     		.2byte	0x148
 708 031d 05010000 		.4byte	0x105
 709 0321 08       		.byte	0x8
 710 0322 09       		.uleb128 0x9
 711 0323 AD000000 		.4byte	.LASF55
 712 0327 05       		.byte	0x5
 713 0328 4901     		.2byte	0x149
 714 032a C5020000 		.4byte	0x2c5
 715 032e 0C       		.byte	0xc
 716 032f 08       		.uleb128 0x8
 717 0330 70617200 		.ascii	"par\000"
 718 0334 05       		.byte	0x5
 719 0335 4B01     		.2byte	0x14b
 720 0337 E1020000 		.4byte	0x2e1
 721 033b 10       		.byte	0x10
 722 033c 00       		.byte	0
 723 033d 04       		.uleb128 0x4
 724 033e 50040000 		.4byte	.LASF56
 725 0342 04       		.byte	0x4
 726 0343 66       		.byte	0x66
 727 0344 48030000 		.4byte	0x348
 728 0348 0B       		.uleb128 0xb
 729 0349 79010000 		.4byte	.LASF57
 730 034d 0C       		.byte	0xc
 731 034e 05       		.byte	0x5
 732 034f 5501     		.2byte	0x155
 733 0351 8A030000 		.4byte	0x38a
 734 0355 09       		.uleb128 0x9
 735 0356 6B000000 		.4byte	.LASF44
 736 035a 05       		.byte	0x5
 737 035b 5601     		.2byte	0x156
 738 035d 39060000 		.4byte	0x639
 739 0361 00       		.byte	0
 740 0362 09       		.uleb128 0x9
 741 0363 BE000000 		.4byte	.LASF47
 742 0367 05       		.byte	0x5
 743 0368 5801     		.2byte	0x158
 744 036a 39060000 		.4byte	0x639
 745 036e 04       		.byte	0x4
 746 036f 09       		.uleb128 0x9
 747 0370 B3040000 		.4byte	.LASF54
 748 0374 05       		.byte	0x5
 749 0375 5A01     		.2byte	0x15a
 750 0377 05010000 		.4byte	0x105
 751 037b 08       		.byte	0x8
 752 037c 09       		.uleb128 0x9
 753 037d B2030000 		.4byte	.LASF58
 754 0381 05       		.byte	0x5
 755 0382 6201     		.2byte	0x162
 756 0384 05010000 		.4byte	0x105
 757 0388 0A       		.byte	0xa
 758 0389 00       		.byte	0
 759 038a 04       		.uleb128 0x4
ARM GAS  /tmp/cc8RxWqO.s 			page 25


 760 038b BB020000 		.4byte	.LASF59
 761 038f 04       		.byte	0x4
 762 0390 6B       		.byte	0x6b
 763 0391 95030000 		.4byte	0x395
 764 0395 0B       		.uleb128 0xb
 765 0396 EB000000 		.4byte	.LASF60
 766 039a 04       		.byte	0x4
 767 039b 05       		.byte	0x5
 768 039c 7C01     		.2byte	0x17c
 769 039e B0030000 		.4byte	0x3b0
 770 03a2 09       		.uleb128 0x9
 771 03a3 14030000 		.4byte	.LASF61
 772 03a7 05       		.byte	0x5
 773 03a8 8401     		.2byte	0x184
 774 03aa 3F060000 		.4byte	0x63f
 775 03ae 00       		.byte	0
 776 03af 00       		.byte	0
 777 03b0 04       		.uleb128 0x4
 778 03b1 95040000 		.4byte	.LASF62
 779 03b5 04       		.byte	0x4
 780 03b6 70       		.byte	0x70
 781 03b7 BB030000 		.4byte	0x3bb
 782 03bb 0B       		.uleb128 0xb
 783 03bc A8030000 		.4byte	.LASF63
 784 03c0 74       		.byte	0x74
 785 03c1 05       		.byte	0x5
 786 03c2 9C01     		.2byte	0x19c
 787 03c4 09040000 		.4byte	0x409
 788 03c8 09       		.uleb128 0x9
 789 03c9 C4030000 		.4byte	.LASF64
 790 03cd 05       		.byte	0x5
 791 03ce A001     		.2byte	0x1a0
 792 03d0 5E020000 		.4byte	0x25e
 793 03d4 00       		.byte	0
 794 03d5 09       		.uleb128 0x9
 795 03d6 8B000000 		.4byte	.LASF65
 796 03da 05       		.byte	0x5
 797 03db A401     		.2byte	0x1a4
 798 03dd 3D030000 		.4byte	0x33d
 799 03e1 1C       		.byte	0x1c
 800 03e2 08       		.uleb128 0x8
 801 03e3 64626700 		.ascii	"dbg\000"
 802 03e7 05       		.byte	0x5
 803 03e8 A801     		.2byte	0x1a8
 804 03ea 8A030000 		.4byte	0x38a
 805 03ee 28       		.byte	0x28
 806 03ef 09       		.uleb128 0x9
 807 03f0 44030000 		.4byte	.LASF66
 808 03f4 05       		.byte	0x5
 809 03f5 AC01     		.2byte	0x1ac
 810 03f7 10010000 		.4byte	0x110
 811 03fb 2C       		.byte	0x2c
 812 03fc 08       		.uleb128 0x8
 813 03fd 746D00   		.ascii	"tm\000"
 814 0400 05       		.byte	0x5
 815 0401 B101     		.2byte	0x1b1
 816 0403 4B050000 		.4byte	0x54b
ARM GAS  /tmp/cc8RxWqO.s 			page 26


 817 0407 70       		.byte	0x70
 818 0408 00       		.byte	0
 819 0409 03       		.uleb128 0x3
 820 040a 04       		.byte	0x4
 821 040b 07       		.byte	0x7
 822 040c E7030000 		.4byte	.LASF67
 823 0410 0F       		.uleb128 0xf
 824 0411 77000000 		.4byte	0x77
 825 0415 10       		.uleb128 0x10
 826 0416 1C       		.byte	0x1c
 827 0417 06       		.byte	0x6
 828 0418 5B01     		.2byte	0x15b
 829 041a 7A040000 		.4byte	0x47a
 830 041e 08       		.uleb128 0x8
 831 041f 43524C00 		.ascii	"CRL\000"
 832 0423 06       		.byte	0x6
 833 0424 5D01     		.2byte	0x15d
 834 0426 10040000 		.4byte	0x410
 835 042a 00       		.byte	0
 836 042b 08       		.uleb128 0x8
 837 042c 43524800 		.ascii	"CRH\000"
 838 0430 06       		.byte	0x6
 839 0431 5E01     		.2byte	0x15e
 840 0433 10040000 		.4byte	0x410
 841 0437 04       		.byte	0x4
 842 0438 08       		.uleb128 0x8
 843 0439 49445200 		.ascii	"IDR\000"
 844 043d 06       		.byte	0x6
 845 043e 5F01     		.2byte	0x15f
 846 0440 10040000 		.4byte	0x410
 847 0444 08       		.byte	0x8
 848 0445 08       		.uleb128 0x8
 849 0446 4F445200 		.ascii	"ODR\000"
 850 044a 06       		.byte	0x6
 851 044b 6001     		.2byte	0x160
 852 044d 10040000 		.4byte	0x410
 853 0451 0C       		.byte	0xc
 854 0452 09       		.uleb128 0x9
 855 0453 28000000 		.4byte	.LASF68
 856 0457 06       		.byte	0x6
 857 0458 6101     		.2byte	0x161
 858 045a 10040000 		.4byte	0x410
 859 045e 10       		.byte	0x10
 860 045f 08       		.uleb128 0x8
 861 0460 42525200 		.ascii	"BRR\000"
 862 0464 06       		.byte	0x6
 863 0465 6201     		.2byte	0x162
 864 0467 10040000 		.4byte	0x410
 865 046b 14       		.byte	0x14
 866 046c 09       		.uleb128 0x9
 867 046d 44050000 		.4byte	.LASF69
 868 0471 06       		.byte	0x6
 869 0472 6301     		.2byte	0x163
 870 0474 10040000 		.4byte	0x410
 871 0478 18       		.byte	0x18
 872 0479 00       		.byte	0
 873 047a 11       		.uleb128 0x11
ARM GAS  /tmp/cc8RxWqO.s 			page 27


 874 047b DA030000 		.4byte	.LASF70
 875 047f 06       		.byte	0x6
 876 0480 6401     		.2byte	0x164
 877 0482 15040000 		.4byte	0x415
 878 0486 04       		.uleb128 0x4
 879 0487 2D000000 		.4byte	.LASF71
 880 048b 07       		.byte	0x7
 881 048c 65       		.byte	0x65
 882 048d E1020000 		.4byte	0x2e1
 883 0491 04       		.uleb128 0x4
 884 0492 CC040000 		.4byte	.LASF72
 885 0496 07       		.byte	0x7
 886 0497 6D       		.byte	0x6d
 887 0498 90000000 		.4byte	0x90
 888 049c 05       		.uleb128 0x5
 889 049d 92000000 		.4byte	.LASF73
 890 04a1 04       		.byte	0x4
 891 04a2 07       		.byte	0x7
 892 04a3 89       		.byte	0x89
 893 04a4 B4040000 		.4byte	0x4b4
 894 04a8 07       		.uleb128 0x7
 895 04a9 737000   		.ascii	"sp\000"
 896 04ac 07       		.byte	0x7
 897 04ad 8A       		.byte	0x8a
 898 04ae 30050000 		.4byte	0x530
 899 04b2 00       		.byte	0
 900 04b3 00       		.byte	0
 901 04b4 0B       		.uleb128 0xb
 902 04b5 8F030000 		.4byte	.LASF74
 903 04b9 24       		.byte	0x24
 904 04ba 08       		.byte	0x8
 905 04bb 5901     		.2byte	0x159
 906 04bd 30050000 		.4byte	0x530
 907 04c1 08       		.uleb128 0x8
 908 04c2 723400   		.ascii	"r4\000"
 909 04c5 08       		.byte	0x8
 910 04c6 6C01     		.2byte	0x16c
 911 04c8 86040000 		.4byte	0x486
 912 04cc 00       		.byte	0
 913 04cd 08       		.uleb128 0x8
 914 04ce 723500   		.ascii	"r5\000"
 915 04d1 08       		.byte	0x8
 916 04d2 6D01     		.2byte	0x16d
 917 04d4 86040000 		.4byte	0x486
 918 04d8 04       		.byte	0x4
 919 04d9 08       		.uleb128 0x8
 920 04da 723600   		.ascii	"r6\000"
 921 04dd 08       		.byte	0x8
 922 04de 6E01     		.2byte	0x16e
 923 04e0 86040000 		.4byte	0x486
 924 04e4 08       		.byte	0x8
 925 04e5 08       		.uleb128 0x8
 926 04e6 723700   		.ascii	"r7\000"
 927 04e9 08       		.byte	0x8
 928 04ea 6F01     		.2byte	0x16f
 929 04ec 86040000 		.4byte	0x486
 930 04f0 0C       		.byte	0xc
ARM GAS  /tmp/cc8RxWqO.s 			page 28


 931 04f1 08       		.uleb128 0x8
 932 04f2 723800   		.ascii	"r8\000"
 933 04f5 08       		.byte	0x8
 934 04f6 7001     		.2byte	0x170
 935 04f8 86040000 		.4byte	0x486
 936 04fc 10       		.byte	0x10
 937 04fd 08       		.uleb128 0x8
 938 04fe 723900   		.ascii	"r9\000"
 939 0501 08       		.byte	0x8
 940 0502 7101     		.2byte	0x171
 941 0504 86040000 		.4byte	0x486
 942 0508 14       		.byte	0x14
 943 0509 08       		.uleb128 0x8
 944 050a 72313000 		.ascii	"r10\000"
 945 050e 08       		.byte	0x8
 946 050f 7201     		.2byte	0x172
 947 0511 86040000 		.4byte	0x486
 948 0515 18       		.byte	0x18
 949 0516 08       		.uleb128 0x8
 950 0517 72313100 		.ascii	"r11\000"
 951 051b 08       		.byte	0x8
 952 051c 7301     		.2byte	0x173
 953 051e 86040000 		.4byte	0x486
 954 0522 1C       		.byte	0x1c
 955 0523 08       		.uleb128 0x8
 956 0524 6C7200   		.ascii	"lr\000"
 957 0527 08       		.byte	0x8
 958 0528 7401     		.2byte	0x174
 959 052a 86040000 		.4byte	0x486
 960 052e 20       		.byte	0x20
 961 052f 00       		.byte	0
 962 0530 0A       		.uleb128 0xa
 963 0531 04       		.byte	0x4
 964 0532 B4040000 		.4byte	0x4b4
 965 0536 12       		.uleb128 0x12
 966 0537 04       		.byte	0x4
 967 0538 09       		.byte	0x9
 968 0539 38       		.byte	0x38
 969 053a 4B050000 		.4byte	0x54b
 970 053e 06       		.uleb128 0x6
 971 053f A0010000 		.4byte	.LASF75
 972 0543 09       		.byte	0x9
 973 0544 3C       		.byte	0x3c
 974 0545 AD000000 		.4byte	0xad
 975 0549 00       		.byte	0
 976 054a 00       		.byte	0
 977 054b 04       		.uleb128 0x4
 978 054c 17000000 		.4byte	.LASF76
 979 0550 09       		.byte	0x9
 980 0551 3D       		.byte	0x3d
 981 0552 36050000 		.4byte	0x536
 982 0556 13       		.uleb128 0x13
 983 0557 04       		.byte	0x4
 984 0558 05       		.byte	0x5
 985 0559 D2       		.byte	0xd2
 986 055a B9050000 		.4byte	0x5b9
 987 055e 14       		.uleb128 0x14
ARM GAS  /tmp/cc8RxWqO.s 			page 29


 988 055f 99010000 		.4byte	.LASF77
 989 0563 05       		.byte	0x5
 990 0564 D9       		.byte	0xd9
 991 0565 E4000000 		.4byte	0xe4
 992 0569 14       		.uleb128 0x14
 993 056a 3B050000 		.4byte	.LASF78
 994 056e 05       		.byte	0x5
 995 056f E0       		.byte	0xe0
 996 0570 E4000000 		.4byte	0xe4
 997 0574 14       		.uleb128 0x14
 998 0575 84000000 		.4byte	.LASF79
 999 0579 05       		.byte	0x5
 1000 057a E7       		.byte	0xe7
 1001 057b E1020000 		.4byte	0x2e1
 1002 057f 14       		.uleb128 0x14
 1003 0580 A1040000 		.4byte	.LASF80
 1004 0584 05       		.byte	0x5
 1005 0585 EE       		.byte	0xee
 1006 0586 B9050000 		.4byte	0x5b9
 1007 058a 14       		.uleb128 0x14
 1008 058b 04010000 		.4byte	.LASF81
 1009 058f 05       		.byte	0x5
 1010 0590 F3       		.byte	0xf3
 1011 0591 E4000000 		.4byte	0xe4
 1012 0595 14       		.uleb128 0x14
 1013 0596 25040000 		.4byte	.LASF82
 1014 059a 05       		.byte	0x5
 1015 059b FC       		.byte	0xfc
 1016 059c E4050000 		.4byte	0x5e4
 1017 05a0 15       		.uleb128 0x15
 1018 05a1 10000000 		.4byte	.LASF83
 1019 05a5 05       		.byte	0x5
 1020 05a6 0501     		.2byte	0x105
 1021 05a8 1B060000 		.4byte	0x61b
 1022 05ac 15       		.uleb128 0x15
 1023 05ad B2000000 		.4byte	.LASF84
 1024 05b1 05       		.byte	0x5
 1025 05b2 0D01     		.2byte	0x10d
 1026 05b4 EF000000 		.4byte	0xef
 1027 05b8 00       		.byte	0
 1028 05b9 0A       		.uleb128 0xa
 1029 05ba 04       		.byte	0x4
 1030 05bb F9010000 		.4byte	0x1f9
 1031 05bf 05       		.uleb128 0x5
 1032 05c0 18010000 		.4byte	.LASF85
 1033 05c4 0C       		.byte	0xc
 1034 05c5 0A       		.byte	0xa
 1035 05c6 34       		.byte	0x34
 1036 05c7 E4050000 		.4byte	0x5e4
 1037 05cb 06       		.uleb128 0x6
 1038 05cc 17040000 		.4byte	.LASF25
 1039 05d0 0A       		.byte	0xa
 1040 05d1 35       		.byte	0x35
 1041 05d2 2E020000 		.4byte	0x22e
 1042 05d6 00       		.byte	0
 1043 05d7 07       		.uleb128 0x7
 1044 05d8 636E7400 		.ascii	"cnt\000"
ARM GAS  /tmp/cc8RxWqO.s 			page 30


 1045 05dc 0A       		.byte	0xa
 1046 05dd 37       		.byte	0x37
 1047 05de FA000000 		.4byte	0xfa
 1048 05e2 08       		.byte	0x8
 1049 05e3 00       		.byte	0
 1050 05e4 0A       		.uleb128 0xa
 1051 05e5 04       		.byte	0x4
 1052 05e6 BF050000 		.4byte	0x5bf
 1053 05ea 05       		.uleb128 0x5
 1054 05eb AD010000 		.4byte	.LASF86
 1055 05ef 10       		.byte	0x10
 1056 05f0 0B       		.byte	0xb
 1057 05f1 39       		.byte	0x39
 1058 05f2 1B060000 		.4byte	0x61b
 1059 05f6 06       		.uleb128 0x6
 1060 05f7 17040000 		.4byte	.LASF25
 1061 05fb 0B       		.byte	0xb
 1062 05fc 3A       		.byte	0x3a
 1063 05fd 2E020000 		.4byte	0x22e
 1064 0601 00       		.byte	0
 1065 0602 06       		.uleb128 0x6
 1066 0603 5B010000 		.4byte	.LASF87
 1067 0607 0B       		.byte	0xb
 1068 0608 3C       		.byte	0x3c
 1069 0609 04020000 		.4byte	0x204
 1070 060d 08       		.byte	0x8
 1071 060e 06       		.uleb128 0x6
 1072 060f 6B000000 		.4byte	.LASF44
 1073 0613 0B       		.byte	0xb
 1074 0614 3E       		.byte	0x3e
 1075 0615 4F060000 		.4byte	0x64f
 1076 0619 0C       		.byte	0xc
 1077 061a 00       		.byte	0
 1078 061b 0A       		.uleb128 0xa
 1079 061c 04       		.byte	0x4
 1080 061d EA050000 		.4byte	0x5ea
 1081 0621 0A       		.uleb128 0xa
 1082 0622 04       		.byte	0x4
 1083 0623 27060000 		.4byte	0x627
 1084 0627 16       		.uleb128 0x16
 1085 0628 2C060000 		.4byte	0x62c
 1086 062c 03       		.uleb128 0x3
 1087 062d 01       		.byte	0x1
 1088 062e 08       		.byte	0x8
 1089 062f 65020000 		.4byte	.LASF88
 1090 0633 0A       		.uleb128 0xa
 1091 0634 04       		.byte	0x4
 1092 0635 91040000 		.4byte	0x491
 1093 0639 0A       		.uleb128 0xa
 1094 063a 04       		.byte	0x4
 1095 063b E3020000 		.4byte	0x2e3
 1096 063f 0F       		.uleb128 0xf
 1097 0640 21060000 		.4byte	0x621
 1098 0644 04       		.uleb128 0x4
 1099 0645 2C040000 		.4byte	.LASF89
 1100 0649 0B       		.byte	0xb
 1101 064a 34       		.byte	0x34
ARM GAS  /tmp/cc8RxWqO.s 			page 31


 1102 064b EA050000 		.4byte	0x5ea
 1103 064f 0A       		.uleb128 0xa
 1104 0650 04       		.byte	0x4
 1105 0651 44060000 		.4byte	0x644
 1106 0655 03       		.uleb128 0x3
 1107 0656 01       		.byte	0x1
 1108 0657 02       		.byte	0x2
 1109 0658 A7010000 		.4byte	.LASF90
 1110 065c 04       		.uleb128 0x4
 1111 065d EE020000 		.4byte	.LASF91
 1112 0661 0C       		.byte	0xc
 1113 0662 92       		.byte	0x92
 1114 0663 77000000 		.4byte	0x77
 1115 0667 04       		.uleb128 0x4
 1116 0668 FB020000 		.4byte	.LASF92
 1117 066c 0C       		.byte	0xc
 1118 066d 97       		.byte	0x97
 1119 066e 77000000 		.4byte	0x77
 1120 0672 04       		.uleb128 0x4
 1121 0673 CA030000 		.4byte	.LASF93
 1122 0677 0C       		.byte	0xc
 1123 0678 A4       		.byte	0xa4
 1124 0679 7D060000 		.4byte	0x67d
 1125 067d 0A       		.uleb128 0xa
 1126 067e 04       		.byte	0x4
 1127 067f 7A040000 		.4byte	0x47a
 1128 0683 12       		.uleb128 0x12
 1129 0684 0C       		.byte	0xc
 1130 0685 0D       		.byte	0xd
 1131 0686 8A       		.byte	0x8a
 1132 0687 B0060000 		.4byte	0x6b0
 1133 068b 06       		.uleb128 0x6
 1134 068c 59020000 		.4byte	.LASF94
 1135 0690 0D       		.byte	0xd
 1136 0691 8E       		.byte	0x8e
 1137 0692 72060000 		.4byte	0x672
 1138 0696 00       		.byte	0
 1139 0697 06       		.uleb128 0x6
 1140 0698 04030000 		.4byte	.LASF95
 1141 069c 0D       		.byte	0xd
 1142 069d 94       		.byte	0x94
 1143 069e 5C060000 		.4byte	0x65c
 1144 06a2 04       		.byte	0x4
 1145 06a3 06       		.uleb128 0x6
 1146 06a4 A0010000 		.4byte	.LASF75
 1147 06a8 0D       		.byte	0xd
 1148 06a9 98       		.byte	0x98
 1149 06aa A2000000 		.4byte	0xa2
 1150 06ae 08       		.byte	0x8
 1151 06af 00       		.byte	0
 1152 06b0 04       		.uleb128 0x4
 1153 06b1 4F000000 		.4byte	.LASF96
 1154 06b5 0D       		.byte	0xd
 1155 06b6 99       		.byte	0x99
 1156 06b7 83060000 		.4byte	0x683
 1157 06bb 17       		.uleb128 0x17
 1158 06bc 09030000 		.4byte	.LASF108
ARM GAS  /tmp/cc8RxWqO.s 			page 32


 1159 06c0 01       		.byte	0x1
 1160 06c1 41       		.byte	0x41
 1161 06c2 5C060000 		.4byte	0x65c
 1162 06c6 00000000 		.4byte	.LFB217
 1163 06ca 10000000 		.4byte	.LFE217-.LFB217
 1164 06ce 01       		.uleb128 0x1
 1165 06cf 9C       		.byte	0x9c
 1166 06d0 ED060000 		.4byte	0x6ed
 1167 06d4 18       		.uleb128 0x18
 1168 06d5 62757300 		.ascii	"bus\000"
 1169 06d9 01       		.byte	0x1
 1170 06da 41       		.byte	0x41
 1171 06db ED060000 		.4byte	0x6ed
 1172 06df 00000000 		.4byte	.LLST0
 1173 06e3 19       		.uleb128 0x19
 1174 06e4 60030000 		.4byte	.LASF98
 1175 06e8 03070000 		.4byte	0x703
 1176 06ec 00       		.byte	0
 1177 06ed 0A       		.uleb128 0xa
 1178 06ee 04       		.byte	0x4
 1179 06ef B0060000 		.4byte	0x6b0
 1180 06f3 1A       		.uleb128 0x1a
 1181 06f4 2C060000 		.4byte	0x62c
 1182 06f8 03070000 		.4byte	0x703
 1183 06fc 1B       		.uleb128 0x1b
 1184 06fd 09040000 		.4byte	0x409
 1185 0701 0A       		.byte	0xa
 1186 0702 00       		.byte	0
 1187 0703 16       		.uleb128 0x16
 1188 0704 F3060000 		.4byte	0x6f3
 1189 0708 1C       		.uleb128 0x1c
 1190 0709 DF040000 		.4byte	.LASF100
 1191 070d 01       		.byte	0x1
 1192 070e 5A       		.byte	0x5a
 1193 070f 00000000 		.4byte	.LFB218
 1194 0713 22000000 		.4byte	.LFE218-.LFB218
 1195 0717 01       		.uleb128 0x1
 1196 0718 9C       		.byte	0x9c
 1197 0719 43070000 		.4byte	0x743
 1198 071d 18       		.uleb128 0x18
 1199 071e 62757300 		.ascii	"bus\000"
 1200 0722 01       		.byte	0x1
 1201 0723 5A       		.byte	0x5a
 1202 0724 ED060000 		.4byte	0x6ed
 1203 0728 21000000 		.4byte	.LLST1
 1204 072c 1D       		.uleb128 0x1d
 1205 072d A8020000 		.4byte	.LASF97
 1206 0731 01       		.byte	0x1
 1207 0732 5A       		.byte	0x5a
 1208 0733 5C060000 		.4byte	0x65c
 1209 0737 01       		.uleb128 0x1
 1210 0738 51       		.byte	0x51
 1211 0739 19       		.uleb128 0x19
 1212 073a 6E030000 		.4byte	.LASF99
 1213 073e 53070000 		.4byte	0x753
 1214 0742 00       		.byte	0
 1215 0743 1A       		.uleb128 0x1a
ARM GAS  /tmp/cc8RxWqO.s 			page 33


 1216 0744 2C060000 		.4byte	0x62c
 1217 0748 53070000 		.4byte	0x753
 1218 074c 1B       		.uleb128 0x1b
 1219 074d 09040000 		.4byte	0x409
 1220 0751 0B       		.byte	0xb
 1221 0752 00       		.byte	0
 1222 0753 16       		.uleb128 0x16
 1223 0754 43070000 		.4byte	0x743
 1224 0758 1C       		.uleb128 0x1c
 1225 0759 AD020000 		.4byte	.LASF101
 1226 075d 01       		.byte	0x1
 1227 075e 71       		.byte	0x71
 1228 075f 00000000 		.4byte	.LFB219
 1229 0763 16000000 		.4byte	.LFE219-.LFB219
 1230 0767 01       		.uleb128 0x1
 1231 0768 9C       		.byte	0x9c
 1232 0769 A6070000 		.4byte	0x7a6
 1233 076d 18       		.uleb128 0x18
 1234 076e 62757300 		.ascii	"bus\000"
 1235 0772 01       		.byte	0x1
 1236 0773 71       		.byte	0x71
 1237 0774 ED060000 		.4byte	0x6ed
 1238 0778 42000000 		.4byte	.LLST2
 1239 077c 1E       		.uleb128 0x1e
 1240 077d B9000000 		.4byte	.LASF102
 1241 0781 01       		.byte	0x1
 1242 0782 71       		.byte	0x71
 1243 0783 67060000 		.4byte	0x667
 1244 0787 63000000 		.4byte	.LLST3
 1245 078b 19       		.uleb128 0x19
 1246 078c DD000000 		.4byte	.LASF103
 1247 0790 B6070000 		.4byte	0x7b6
 1248 0794 1F       		.uleb128 0x1f
 1249 0795 16000000 		.4byte	.LVL7
 1250 0799 D7070000 		.4byte	0x7d7
 1251 079d 20       		.uleb128 0x20
 1252 079e 01       		.uleb128 0x1
 1253 079f 52       		.byte	0x52
 1254 07a0 03       		.uleb128 0x3
 1255 07a1 F3       		.byte	0xf3
 1256 07a2 01       		.uleb128 0x1
 1257 07a3 51       		.byte	0x51
 1258 07a4 00       		.byte	0
 1259 07a5 00       		.byte	0
 1260 07a6 1A       		.uleb128 0x1a
 1261 07a7 2C060000 		.4byte	0x62c
 1262 07ab B6070000 		.4byte	0x7b6
 1263 07af 1B       		.uleb128 0x1b
 1264 07b0 09040000 		.4byte	0x409
 1265 07b4 0D       		.byte	0xd
 1266 07b5 00       		.byte	0
 1267 07b6 16       		.uleb128 0x16
 1268 07b7 A6070000 		.4byte	0x7a6
 1269 07bb 21       		.uleb128 0x21
 1270 07bc 9B030000 		.4byte	.LASF104
 1271 07c0 0E       		.byte	0xe
 1272 07c1 9606     		.2byte	0x696
ARM GAS  /tmp/cc8RxWqO.s 			page 34


 1273 07c3 C7070000 		.4byte	0x7c7
 1274 07c7 0F       		.uleb128 0xf
 1275 07c8 65000000 		.4byte	0x65
 1276 07cc 22       		.uleb128 0x22
 1277 07cd 636800   		.ascii	"ch\000"
 1278 07d0 05       		.byte	0x5
 1279 07d1 D201     		.2byte	0x1d2
 1280 07d3 B0030000 		.4byte	0x3b0
 1281 07d7 23       		.uleb128 0x23
 1282 07d8 7F040000 		.4byte	.LASF109
 1283 07dc 0C       		.byte	0xc
 1284 07dd 6D01     		.2byte	0x16d
 1285 07df 0D       		.uleb128 0xd
 1286 07e0 72060000 		.4byte	0x672
 1287 07e4 0D       		.uleb128 0xd
 1288 07e5 5C060000 		.4byte	0x65c
 1289 07e9 0D       		.uleb128 0xd
 1290 07ea 67060000 		.4byte	0x667
 1291 07ee 00       		.byte	0
 1292 07ef 00       		.byte	0
 1293              		.section	.debug_abbrev,"",%progbits
 1294              	.Ldebug_abbrev0:
 1295 0000 01       		.uleb128 0x1
 1296 0001 11       		.uleb128 0x11
 1297 0002 01       		.byte	0x1
 1298 0003 25       		.uleb128 0x25
 1299 0004 0E       		.uleb128 0xe
 1300 0005 13       		.uleb128 0x13
 1301 0006 0B       		.uleb128 0xb
 1302 0007 03       		.uleb128 0x3
 1303 0008 0E       		.uleb128 0xe
 1304 0009 1B       		.uleb128 0x1b
 1305 000a 0E       		.uleb128 0xe
 1306 000b 55       		.uleb128 0x55
 1307 000c 17       		.uleb128 0x17
 1308 000d 11       		.uleb128 0x11
 1309 000e 01       		.uleb128 0x1
 1310 000f 10       		.uleb128 0x10
 1311 0010 17       		.uleb128 0x17
 1312 0011 00       		.byte	0
 1313 0012 00       		.byte	0
 1314 0013 02       		.uleb128 0x2
 1315 0014 24       		.uleb128 0x24
 1316 0015 00       		.byte	0
 1317 0016 0B       		.uleb128 0xb
 1318 0017 0B       		.uleb128 0xb
 1319 0018 3E       		.uleb128 0x3e
 1320 0019 0B       		.uleb128 0xb
 1321 001a 03       		.uleb128 0x3
 1322 001b 08       		.uleb128 0x8
 1323 001c 00       		.byte	0
 1324 001d 00       		.byte	0
 1325 001e 03       		.uleb128 0x3
 1326 001f 24       		.uleb128 0x24
 1327 0020 00       		.byte	0
 1328 0021 0B       		.uleb128 0xb
 1329 0022 0B       		.uleb128 0xb
ARM GAS  /tmp/cc8RxWqO.s 			page 35


 1330 0023 3E       		.uleb128 0x3e
 1331 0024 0B       		.uleb128 0xb
 1332 0025 03       		.uleb128 0x3
 1333 0026 0E       		.uleb128 0xe
 1334 0027 00       		.byte	0
 1335 0028 00       		.byte	0
 1336 0029 04       		.uleb128 0x4
 1337 002a 16       		.uleb128 0x16
 1338 002b 00       		.byte	0
 1339 002c 03       		.uleb128 0x3
 1340 002d 0E       		.uleb128 0xe
 1341 002e 3A       		.uleb128 0x3a
 1342 002f 0B       		.uleb128 0xb
 1343 0030 3B       		.uleb128 0x3b
 1344 0031 0B       		.uleb128 0xb
 1345 0032 49       		.uleb128 0x49
 1346 0033 13       		.uleb128 0x13
 1347 0034 00       		.byte	0
 1348 0035 00       		.byte	0
 1349 0036 05       		.uleb128 0x5
 1350 0037 13       		.uleb128 0x13
 1351 0038 01       		.byte	0x1
 1352 0039 03       		.uleb128 0x3
 1353 003a 0E       		.uleb128 0xe
 1354 003b 0B       		.uleb128 0xb
 1355 003c 0B       		.uleb128 0xb
 1356 003d 3A       		.uleb128 0x3a
 1357 003e 0B       		.uleb128 0xb
 1358 003f 3B       		.uleb128 0x3b
 1359 0040 0B       		.uleb128 0xb
 1360 0041 01       		.uleb128 0x1
 1361 0042 13       		.uleb128 0x13
 1362 0043 00       		.byte	0
 1363 0044 00       		.byte	0
 1364 0045 06       		.uleb128 0x6
 1365 0046 0D       		.uleb128 0xd
 1366 0047 00       		.byte	0
 1367 0048 03       		.uleb128 0x3
 1368 0049 0E       		.uleb128 0xe
 1369 004a 3A       		.uleb128 0x3a
 1370 004b 0B       		.uleb128 0xb
 1371 004c 3B       		.uleb128 0x3b
 1372 004d 0B       		.uleb128 0xb
 1373 004e 49       		.uleb128 0x49
 1374 004f 13       		.uleb128 0x13
 1375 0050 38       		.uleb128 0x38
 1376 0051 0B       		.uleb128 0xb
 1377 0052 00       		.byte	0
 1378 0053 00       		.byte	0
 1379 0054 07       		.uleb128 0x7
 1380 0055 0D       		.uleb128 0xd
 1381 0056 00       		.byte	0
 1382 0057 03       		.uleb128 0x3
 1383 0058 08       		.uleb128 0x8
 1384 0059 3A       		.uleb128 0x3a
 1385 005a 0B       		.uleb128 0xb
 1386 005b 3B       		.uleb128 0x3b
ARM GAS  /tmp/cc8RxWqO.s 			page 36


 1387 005c 0B       		.uleb128 0xb
 1388 005d 49       		.uleb128 0x49
 1389 005e 13       		.uleb128 0x13
 1390 005f 38       		.uleb128 0x38
 1391 0060 0B       		.uleb128 0xb
 1392 0061 00       		.byte	0
 1393 0062 00       		.byte	0
 1394 0063 08       		.uleb128 0x8
 1395 0064 0D       		.uleb128 0xd
 1396 0065 00       		.byte	0
 1397 0066 03       		.uleb128 0x3
 1398 0067 08       		.uleb128 0x8
 1399 0068 3A       		.uleb128 0x3a
 1400 0069 0B       		.uleb128 0xb
 1401 006a 3B       		.uleb128 0x3b
 1402 006b 05       		.uleb128 0x5
 1403 006c 49       		.uleb128 0x49
 1404 006d 13       		.uleb128 0x13
 1405 006e 38       		.uleb128 0x38
 1406 006f 0B       		.uleb128 0xb
 1407 0070 00       		.byte	0
 1408 0071 00       		.byte	0
 1409 0072 09       		.uleb128 0x9
 1410 0073 0D       		.uleb128 0xd
 1411 0074 00       		.byte	0
 1412 0075 03       		.uleb128 0x3
 1413 0076 0E       		.uleb128 0xe
 1414 0077 3A       		.uleb128 0x3a
 1415 0078 0B       		.uleb128 0xb
 1416 0079 3B       		.uleb128 0x3b
 1417 007a 05       		.uleb128 0x5
 1418 007b 49       		.uleb128 0x49
 1419 007c 13       		.uleb128 0x13
 1420 007d 38       		.uleb128 0x38
 1421 007e 0B       		.uleb128 0xb
 1422 007f 00       		.byte	0
 1423 0080 00       		.byte	0
 1424 0081 0A       		.uleb128 0xa
 1425 0082 0F       		.uleb128 0xf
 1426 0083 00       		.byte	0
 1427 0084 0B       		.uleb128 0xb
 1428 0085 0B       		.uleb128 0xb
 1429 0086 49       		.uleb128 0x49
 1430 0087 13       		.uleb128 0x13
 1431 0088 00       		.byte	0
 1432 0089 00       		.byte	0
 1433 008a 0B       		.uleb128 0xb
 1434 008b 13       		.uleb128 0x13
 1435 008c 01       		.byte	0x1
 1436 008d 03       		.uleb128 0x3
 1437 008e 0E       		.uleb128 0xe
 1438 008f 0B       		.uleb128 0xb
 1439 0090 0B       		.uleb128 0xb
 1440 0091 3A       		.uleb128 0x3a
 1441 0092 0B       		.uleb128 0xb
 1442 0093 3B       		.uleb128 0x3b
 1443 0094 05       		.uleb128 0x5
ARM GAS  /tmp/cc8RxWqO.s 			page 37


 1444 0095 01       		.uleb128 0x1
 1445 0096 13       		.uleb128 0x13
 1446 0097 00       		.byte	0
 1447 0098 00       		.byte	0
 1448 0099 0C       		.uleb128 0xc
 1449 009a 15       		.uleb128 0x15
 1450 009b 01       		.byte	0x1
 1451 009c 27       		.uleb128 0x27
 1452 009d 19       		.uleb128 0x19
 1453 009e 01       		.uleb128 0x1
 1454 009f 13       		.uleb128 0x13
 1455 00a0 00       		.byte	0
 1456 00a1 00       		.byte	0
 1457 00a2 0D       		.uleb128 0xd
 1458 00a3 05       		.uleb128 0x5
 1459 00a4 00       		.byte	0
 1460 00a5 49       		.uleb128 0x49
 1461 00a6 13       		.uleb128 0x13
 1462 00a7 00       		.byte	0
 1463 00a8 00       		.byte	0
 1464 00a9 0E       		.uleb128 0xe
 1465 00aa 0F       		.uleb128 0xf
 1466 00ab 00       		.byte	0
 1467 00ac 0B       		.uleb128 0xb
 1468 00ad 0B       		.uleb128 0xb
 1469 00ae 00       		.byte	0
 1470 00af 00       		.byte	0
 1471 00b0 0F       		.uleb128 0xf
 1472 00b1 35       		.uleb128 0x35
 1473 00b2 00       		.byte	0
 1474 00b3 49       		.uleb128 0x49
 1475 00b4 13       		.uleb128 0x13
 1476 00b5 00       		.byte	0
 1477 00b6 00       		.byte	0
 1478 00b7 10       		.uleb128 0x10
 1479 00b8 13       		.uleb128 0x13
 1480 00b9 01       		.byte	0x1
 1481 00ba 0B       		.uleb128 0xb
 1482 00bb 0B       		.uleb128 0xb
 1483 00bc 3A       		.uleb128 0x3a
 1484 00bd 0B       		.uleb128 0xb
 1485 00be 3B       		.uleb128 0x3b
 1486 00bf 05       		.uleb128 0x5
 1487 00c0 01       		.uleb128 0x1
 1488 00c1 13       		.uleb128 0x13
 1489 00c2 00       		.byte	0
 1490 00c3 00       		.byte	0
 1491 00c4 11       		.uleb128 0x11
 1492 00c5 16       		.uleb128 0x16
 1493 00c6 00       		.byte	0
 1494 00c7 03       		.uleb128 0x3
 1495 00c8 0E       		.uleb128 0xe
 1496 00c9 3A       		.uleb128 0x3a
 1497 00ca 0B       		.uleb128 0xb
 1498 00cb 3B       		.uleb128 0x3b
 1499 00cc 05       		.uleb128 0x5
 1500 00cd 49       		.uleb128 0x49
ARM GAS  /tmp/cc8RxWqO.s 			page 38


 1501 00ce 13       		.uleb128 0x13
 1502 00cf 00       		.byte	0
 1503 00d0 00       		.byte	0
 1504 00d1 12       		.uleb128 0x12
 1505 00d2 13       		.uleb128 0x13
 1506 00d3 01       		.byte	0x1
 1507 00d4 0B       		.uleb128 0xb
 1508 00d5 0B       		.uleb128 0xb
 1509 00d6 3A       		.uleb128 0x3a
 1510 00d7 0B       		.uleb128 0xb
 1511 00d8 3B       		.uleb128 0x3b
 1512 00d9 0B       		.uleb128 0xb
 1513 00da 01       		.uleb128 0x1
 1514 00db 13       		.uleb128 0x13
 1515 00dc 00       		.byte	0
 1516 00dd 00       		.byte	0
 1517 00de 13       		.uleb128 0x13
 1518 00df 17       		.uleb128 0x17
 1519 00e0 01       		.byte	0x1
 1520 00e1 0B       		.uleb128 0xb
 1521 00e2 0B       		.uleb128 0xb
 1522 00e3 3A       		.uleb128 0x3a
 1523 00e4 0B       		.uleb128 0xb
 1524 00e5 3B       		.uleb128 0x3b
 1525 00e6 0B       		.uleb128 0xb
 1526 00e7 01       		.uleb128 0x1
 1527 00e8 13       		.uleb128 0x13
 1528 00e9 00       		.byte	0
 1529 00ea 00       		.byte	0
 1530 00eb 14       		.uleb128 0x14
 1531 00ec 0D       		.uleb128 0xd
 1532 00ed 00       		.byte	0
 1533 00ee 03       		.uleb128 0x3
 1534 00ef 0E       		.uleb128 0xe
 1535 00f0 3A       		.uleb128 0x3a
 1536 00f1 0B       		.uleb128 0xb
 1537 00f2 3B       		.uleb128 0x3b
 1538 00f3 0B       		.uleb128 0xb
 1539 00f4 49       		.uleb128 0x49
 1540 00f5 13       		.uleb128 0x13
 1541 00f6 00       		.byte	0
 1542 00f7 00       		.byte	0
 1543 00f8 15       		.uleb128 0x15
 1544 00f9 0D       		.uleb128 0xd
 1545 00fa 00       		.byte	0
 1546 00fb 03       		.uleb128 0x3
 1547 00fc 0E       		.uleb128 0xe
 1548 00fd 3A       		.uleb128 0x3a
 1549 00fe 0B       		.uleb128 0xb
 1550 00ff 3B       		.uleb128 0x3b
 1551 0100 05       		.uleb128 0x5
 1552 0101 49       		.uleb128 0x49
 1553 0102 13       		.uleb128 0x13
 1554 0103 00       		.byte	0
 1555 0104 00       		.byte	0
 1556 0105 16       		.uleb128 0x16
 1557 0106 26       		.uleb128 0x26
ARM GAS  /tmp/cc8RxWqO.s 			page 39


 1558 0107 00       		.byte	0
 1559 0108 49       		.uleb128 0x49
 1560 0109 13       		.uleb128 0x13
 1561 010a 00       		.byte	0
 1562 010b 00       		.byte	0
 1563 010c 17       		.uleb128 0x17
 1564 010d 2E       		.uleb128 0x2e
 1565 010e 01       		.byte	0x1
 1566 010f 3F       		.uleb128 0x3f
 1567 0110 19       		.uleb128 0x19
 1568 0111 03       		.uleb128 0x3
 1569 0112 0E       		.uleb128 0xe
 1570 0113 3A       		.uleb128 0x3a
 1571 0114 0B       		.uleb128 0xb
 1572 0115 3B       		.uleb128 0x3b
 1573 0116 0B       		.uleb128 0xb
 1574 0117 27       		.uleb128 0x27
 1575 0118 19       		.uleb128 0x19
 1576 0119 49       		.uleb128 0x49
 1577 011a 13       		.uleb128 0x13
 1578 011b 11       		.uleb128 0x11
 1579 011c 01       		.uleb128 0x1
 1580 011d 12       		.uleb128 0x12
 1581 011e 06       		.uleb128 0x6
 1582 011f 40       		.uleb128 0x40
 1583 0120 18       		.uleb128 0x18
 1584 0121 9742     		.uleb128 0x2117
 1585 0123 19       		.uleb128 0x19
 1586 0124 01       		.uleb128 0x1
 1587 0125 13       		.uleb128 0x13
 1588 0126 00       		.byte	0
 1589 0127 00       		.byte	0
 1590 0128 18       		.uleb128 0x18
 1591 0129 05       		.uleb128 0x5
 1592 012a 00       		.byte	0
 1593 012b 03       		.uleb128 0x3
 1594 012c 08       		.uleb128 0x8
 1595 012d 3A       		.uleb128 0x3a
 1596 012e 0B       		.uleb128 0xb
 1597 012f 3B       		.uleb128 0x3b
 1598 0130 0B       		.uleb128 0xb
 1599 0131 49       		.uleb128 0x49
 1600 0132 13       		.uleb128 0x13
 1601 0133 02       		.uleb128 0x2
 1602 0134 17       		.uleb128 0x17
 1603 0135 00       		.byte	0
 1604 0136 00       		.byte	0
 1605 0137 19       		.uleb128 0x19
 1606 0138 34       		.uleb128 0x34
 1607 0139 00       		.byte	0
 1608 013a 03       		.uleb128 0x3
 1609 013b 0E       		.uleb128 0xe
 1610 013c 49       		.uleb128 0x49
 1611 013d 13       		.uleb128 0x13
 1612 013e 34       		.uleb128 0x34
 1613 013f 19       		.uleb128 0x19
 1614 0140 00       		.byte	0
ARM GAS  /tmp/cc8RxWqO.s 			page 40


 1615 0141 00       		.byte	0
 1616 0142 1A       		.uleb128 0x1a
 1617 0143 01       		.uleb128 0x1
 1618 0144 01       		.byte	0x1
 1619 0145 49       		.uleb128 0x49
 1620 0146 13       		.uleb128 0x13
 1621 0147 01       		.uleb128 0x1
 1622 0148 13       		.uleb128 0x13
 1623 0149 00       		.byte	0
 1624 014a 00       		.byte	0
 1625 014b 1B       		.uleb128 0x1b
 1626 014c 21       		.uleb128 0x21
 1627 014d 00       		.byte	0
 1628 014e 49       		.uleb128 0x49
 1629 014f 13       		.uleb128 0x13
 1630 0150 2F       		.uleb128 0x2f
 1631 0151 0B       		.uleb128 0xb
 1632 0152 00       		.byte	0
 1633 0153 00       		.byte	0
 1634 0154 1C       		.uleb128 0x1c
 1635 0155 2E       		.uleb128 0x2e
 1636 0156 01       		.byte	0x1
 1637 0157 3F       		.uleb128 0x3f
 1638 0158 19       		.uleb128 0x19
 1639 0159 03       		.uleb128 0x3
 1640 015a 0E       		.uleb128 0xe
 1641 015b 3A       		.uleb128 0x3a
 1642 015c 0B       		.uleb128 0xb
 1643 015d 3B       		.uleb128 0x3b
 1644 015e 0B       		.uleb128 0xb
 1645 015f 27       		.uleb128 0x27
 1646 0160 19       		.uleb128 0x19
 1647 0161 11       		.uleb128 0x11
 1648 0162 01       		.uleb128 0x1
 1649 0163 12       		.uleb128 0x12
 1650 0164 06       		.uleb128 0x6
 1651 0165 40       		.uleb128 0x40
 1652 0166 18       		.uleb128 0x18
 1653 0167 9742     		.uleb128 0x2117
 1654 0169 19       		.uleb128 0x19
 1655 016a 01       		.uleb128 0x1
 1656 016b 13       		.uleb128 0x13
 1657 016c 00       		.byte	0
 1658 016d 00       		.byte	0
 1659 016e 1D       		.uleb128 0x1d
 1660 016f 05       		.uleb128 0x5
 1661 0170 00       		.byte	0
 1662 0171 03       		.uleb128 0x3
 1663 0172 0E       		.uleb128 0xe
 1664 0173 3A       		.uleb128 0x3a
 1665 0174 0B       		.uleb128 0xb
 1666 0175 3B       		.uleb128 0x3b
 1667 0176 0B       		.uleb128 0xb
 1668 0177 49       		.uleb128 0x49
 1669 0178 13       		.uleb128 0x13
 1670 0179 02       		.uleb128 0x2
 1671 017a 18       		.uleb128 0x18
ARM GAS  /tmp/cc8RxWqO.s 			page 41


 1672 017b 00       		.byte	0
 1673 017c 00       		.byte	0
 1674 017d 1E       		.uleb128 0x1e
 1675 017e 05       		.uleb128 0x5
 1676 017f 00       		.byte	0
 1677 0180 03       		.uleb128 0x3
 1678 0181 0E       		.uleb128 0xe
 1679 0182 3A       		.uleb128 0x3a
 1680 0183 0B       		.uleb128 0xb
 1681 0184 3B       		.uleb128 0x3b
 1682 0185 0B       		.uleb128 0xb
 1683 0186 49       		.uleb128 0x49
 1684 0187 13       		.uleb128 0x13
 1685 0188 02       		.uleb128 0x2
 1686 0189 17       		.uleb128 0x17
 1687 018a 00       		.byte	0
 1688 018b 00       		.byte	0
 1689 018c 1F       		.uleb128 0x1f
 1690 018d 898201   		.uleb128 0x4109
 1691 0190 01       		.byte	0x1
 1692 0191 11       		.uleb128 0x11
 1693 0192 01       		.uleb128 0x1
 1694 0193 9542     		.uleb128 0x2115
 1695 0195 19       		.uleb128 0x19
 1696 0196 31       		.uleb128 0x31
 1697 0197 13       		.uleb128 0x13
 1698 0198 00       		.byte	0
 1699 0199 00       		.byte	0
 1700 019a 20       		.uleb128 0x20
 1701 019b 8A8201   		.uleb128 0x410a
 1702 019e 00       		.byte	0
 1703 019f 02       		.uleb128 0x2
 1704 01a0 18       		.uleb128 0x18
 1705 01a1 9142     		.uleb128 0x2111
 1706 01a3 18       		.uleb128 0x18
 1707 01a4 00       		.byte	0
 1708 01a5 00       		.byte	0
 1709 01a6 21       		.uleb128 0x21
 1710 01a7 34       		.uleb128 0x34
 1711 01a8 00       		.byte	0
 1712 01a9 03       		.uleb128 0x3
 1713 01aa 0E       		.uleb128 0xe
 1714 01ab 3A       		.uleb128 0x3a
 1715 01ac 0B       		.uleb128 0xb
 1716 01ad 3B       		.uleb128 0x3b
 1717 01ae 05       		.uleb128 0x5
 1718 01af 49       		.uleb128 0x49
 1719 01b0 13       		.uleb128 0x13
 1720 01b1 3F       		.uleb128 0x3f
 1721 01b2 19       		.uleb128 0x19
 1722 01b3 3C       		.uleb128 0x3c
 1723 01b4 19       		.uleb128 0x19
 1724 01b5 00       		.byte	0
 1725 01b6 00       		.byte	0
 1726 01b7 22       		.uleb128 0x22
 1727 01b8 34       		.uleb128 0x34
 1728 01b9 00       		.byte	0
ARM GAS  /tmp/cc8RxWqO.s 			page 42


 1729 01ba 03       		.uleb128 0x3
 1730 01bb 08       		.uleb128 0x8
 1731 01bc 3A       		.uleb128 0x3a
 1732 01bd 0B       		.uleb128 0xb
 1733 01be 3B       		.uleb128 0x3b
 1734 01bf 05       		.uleb128 0x5
 1735 01c0 49       		.uleb128 0x49
 1736 01c1 13       		.uleb128 0x13
 1737 01c2 3F       		.uleb128 0x3f
 1738 01c3 19       		.uleb128 0x19
 1739 01c4 3C       		.uleb128 0x3c
 1740 01c5 19       		.uleb128 0x19
 1741 01c6 00       		.byte	0
 1742 01c7 00       		.byte	0
 1743 01c8 23       		.uleb128 0x23
 1744 01c9 2E       		.uleb128 0x2e
 1745 01ca 01       		.byte	0x1
 1746 01cb 3F       		.uleb128 0x3f
 1747 01cc 19       		.uleb128 0x19
 1748 01cd 03       		.uleb128 0x3
 1749 01ce 0E       		.uleb128 0xe
 1750 01cf 3A       		.uleb128 0x3a
 1751 01d0 0B       		.uleb128 0xb
 1752 01d1 3B       		.uleb128 0x3b
 1753 01d2 05       		.uleb128 0x5
 1754 01d3 27       		.uleb128 0x27
 1755 01d4 19       		.uleb128 0x19
 1756 01d5 3C       		.uleb128 0x3c
 1757 01d6 19       		.uleb128 0x19
 1758 01d7 00       		.byte	0
 1759 01d8 00       		.byte	0
 1760 01d9 00       		.byte	0
 1761              		.section	.debug_loc,"",%progbits
 1762              	.Ldebug_loc0:
 1763              	.LLST0:
 1764 0000 00000000 		.4byte	.LVL0
 1765 0004 0C000000 		.4byte	.LVL1
 1766 0008 0100     		.2byte	0x1
 1767 000a 50       		.byte	0x50
 1768 000b 0C000000 		.4byte	.LVL1
 1769 000f 10000000 		.4byte	.LFE217
 1770 0013 0400     		.2byte	0x4
 1771 0015 F3       		.byte	0xf3
 1772 0016 01       		.uleb128 0x1
 1773 0017 50       		.byte	0x50
 1774 0018 9F       		.byte	0x9f
 1775 0019 00000000 		.4byte	0
 1776 001d 00000000 		.4byte	0
 1777              	.LLST1:
 1778 0021 00000000 		.4byte	.LVL2
 1779 0025 1C000000 		.4byte	.LVL3
 1780 0029 0100     		.2byte	0x1
 1781 002b 50       		.byte	0x50
 1782 002c 1C000000 		.4byte	.LVL3
 1783 0030 22000000 		.4byte	.LFE218
 1784 0034 0400     		.2byte	0x4
 1785 0036 F3       		.byte	0xf3
ARM GAS  /tmp/cc8RxWqO.s 			page 43


 1786 0037 01       		.uleb128 0x1
 1787 0038 50       		.byte	0x50
 1788 0039 9F       		.byte	0x9f
 1789 003a 00000000 		.4byte	0
 1790 003e 00000000 		.4byte	0
 1791              	.LLST2:
 1792 0042 00000000 		.4byte	.LVL4
 1793 0046 0A000000 		.4byte	.LVL5
 1794 004a 0100     		.2byte	0x1
 1795 004c 50       		.byte	0x50
 1796 004d 0A000000 		.4byte	.LVL5
 1797 0051 16000000 		.4byte	.LFE219
 1798 0055 0400     		.2byte	0x4
 1799 0057 F3       		.byte	0xf3
 1800 0058 01       		.uleb128 0x1
 1801 0059 50       		.byte	0x50
 1802 005a 9F       		.byte	0x9f
 1803 005b 00000000 		.4byte	0
 1804 005f 00000000 		.4byte	0
 1805              	.LLST3:
 1806 0063 00000000 		.4byte	.LVL4
 1807 0067 0E000000 		.4byte	.LVL6
 1808 006b 0100     		.2byte	0x1
 1809 006d 51       		.byte	0x51
 1810 006e 0E000000 		.4byte	.LVL6
 1811 0072 15000000 		.4byte	.LVL7-1
 1812 0076 0100     		.2byte	0x1
 1813 0078 52       		.byte	0x52
 1814 0079 15000000 		.4byte	.LVL7-1
 1815 007d 16000000 		.4byte	.LFE219
 1816 0081 0400     		.2byte	0x4
 1817 0083 F3       		.byte	0xf3
 1818 0084 01       		.uleb128 0x1
 1819 0085 51       		.byte	0x51
 1820 0086 9F       		.byte	0x9f
 1821 0087 00000000 		.4byte	0
 1822 008b 00000000 		.4byte	0
 1823              		.section	.debug_aranges,"",%progbits
 1824 0000 2C000000 		.4byte	0x2c
 1825 0004 0200     		.2byte	0x2
 1826 0006 00000000 		.4byte	.Ldebug_info0
 1827 000a 04       		.byte	0x4
 1828 000b 00       		.byte	0
 1829 000c 0000     		.2byte	0
 1830 000e 0000     		.2byte	0
 1831 0010 00000000 		.4byte	.LFB217
 1832 0014 10000000 		.4byte	.LFE217-.LFB217
 1833 0018 00000000 		.4byte	.LFB218
 1834 001c 22000000 		.4byte	.LFE218-.LFB218
 1835 0020 00000000 		.4byte	.LFB219
 1836 0024 16000000 		.4byte	.LFE219-.LFB219
 1837 0028 00000000 		.4byte	0
 1838 002c 00000000 		.4byte	0
 1839              		.section	.debug_ranges,"",%progbits
 1840              	.Ldebug_ranges0:
 1841 0000 00000000 		.4byte	.LFB217
 1842 0004 10000000 		.4byte	.LFE217
ARM GAS  /tmp/cc8RxWqO.s 			page 44


 1843 0008 00000000 		.4byte	.LFB218
 1844 000c 22000000 		.4byte	.LFE218
 1845 0010 00000000 		.4byte	.LFB219
 1846 0014 16000000 		.4byte	.LFE219
 1847 0018 00000000 		.4byte	0
 1848 001c 00000000 		.4byte	0
 1849              		.section	.debug_line,"",%progbits
 1850              	.Ldebug_line0:
 1851 0000 6D020000 		.section	.debug_str,"MS",%progbits,1
 1851      02002A02 
 1851      00000201 
 1851      FB0E0D00 
 1851      01010101 
 1852              	.LASF43:
 1853 0000 63685F74 		.ascii	"ch_threads_list\000"
 1853      68726561 
 1853      64735F6C 
 1853      69737400 
 1854              	.LASF83:
 1855 0010 77746D74 		.ascii	"wtmtxp\000"
 1855      787000
 1856              	.LASF76:
 1857 0017 746D5F63 		.ascii	"tm_calibration_t\000"
 1857      616C6962 
 1857      72617469 
 1857      6F6E5F74 
 1857      00
 1858              	.LASF68:
 1859 0028 42535252 		.ascii	"BSRR\000"
 1859      00
 1860              	.LASF71:
 1861 002d 72656761 		.ascii	"regarm_t\000"
 1861      726D5F74 
 1861      00
 1862              	.LASF32:
 1863 0036 666C6167 		.ascii	"flags\000"
 1863      7300
 1864              	.LASF23:
 1865 003c 73797374 		.ascii	"systime_t\000"
 1865      696D655F 
 1865      7400
 1866              	.LASF38:
 1867 0046 7265616C 		.ascii	"realprio\000"
 1867      7072696F 
 1867      00
 1868              	.LASF96:
 1869 004f 494F4275 		.ascii	"IOBus\000"
 1869      7300
 1870              	.LASF36:
 1871 0055 6570656E 		.ascii	"epending\000"
 1871      64696E67 
 1871      00
 1872              	.LASF0:
 1873 005e 756E7369 		.ascii	"unsigned int\000"
 1873      676E6564 
 1873      20696E74 
 1873      00
ARM GAS  /tmp/cc8RxWqO.s 			page 45


 1874              	.LASF44:
 1875 006b 6E657874 		.ascii	"next\000"
 1875      00
 1876              	.LASF41:
 1877 0070 74687265 		.ascii	"threads_list_t\000"
 1877      6164735F 
 1877      6C697374 
 1877      5F7400
 1878              	.LASF33:
 1879 007f 72656673 		.ascii	"refs\000"
 1879      00
 1880              	.LASF79:
 1881 0084 77746F62 		.ascii	"wtobjp\000"
 1881      6A7000
 1882              	.LASF65:
 1883 008b 76746C69 		.ascii	"vtlist\000"
 1883      737400
 1884              	.LASF73:
 1885 0092 706F7274 		.ascii	"port_context\000"
 1885      5F636F6E 
 1885      74657874 
 1885      00
 1886              	.LASF49:
 1887 009f 63685F72 		.ascii	"ch_ready_list\000"
 1887      65616479 
 1887      5F6C6973 
 1887      7400
 1888              	.LASF55:
 1889 00ad 66756E63 		.ascii	"func\000"
 1889      00
 1890              	.LASF84:
 1891 00b2 65776D61 		.ascii	"ewmask\000"
 1891      736B00
 1892              	.LASF102:
 1893 00b9 6D6F6465 		.ascii	"mode\000"
 1893      00
 1894              	.LASF47:
 1895 00be 70726576 		.ascii	"prev\000"
 1895      00
 1896              	.LASF46:
 1897 00c3 63685F74 		.ascii	"ch_threads_queue\000"
 1897      68726561 
 1897      64735F71 
 1897      75657565 
 1897      00
 1898              	.LASF51:
 1899 00d4 76746675 		.ascii	"vtfunc_t\000"
 1899      6E635F74 
 1899      00
 1900              	.LASF103:
 1901 00dd 5F5F6675 		.ascii	"__func__.6631\000"
 1901      6E635F5F 
 1901      2E363633 
 1901      3100
 1902              	.LASF60:
 1903 00eb 63685F73 		.ascii	"ch_system_debug\000"
 1903      79737465 
ARM GAS  /tmp/cc8RxWqO.s 			page 46


 1903      6D5F6465 
 1903      62756700 
 1904              	.LASF9:
 1905 00fb 75696E74 		.ascii	"uint32_t\000"
 1905      33325F74 
 1905      00
 1906              	.LASF81:
 1907 0104 73656E74 		.ascii	"sentmsg\000"
 1907      6D736700 
 1908              	.LASF21:
 1909 010c 6576656E 		.ascii	"eventmask_t\000"
 1909      746D6173 
 1909      6B5F7400 
 1910              	.LASF85:
 1911 0118 63685F73 		.ascii	"ch_semaphore\000"
 1911      656D6170 
 1911      686F7265 
 1911      00
 1912              	.LASF19:
 1913 0125 74707269 		.ascii	"tprio_t\000"
 1913      6F5F7400 
 1914              	.LASF53:
 1915 012d 63685F76 		.ascii	"ch_virtual_timer\000"
 1915      69727475 
 1915      616C5F74 
 1915      696D6572 
 1915      00
 1916              	.LASF13:
 1917 013e 6C6F6E67 		.ascii	"long long unsigned int\000"
 1917      206C6F6E 
 1917      6720756E 
 1917      7369676E 
 1917      65642069 
 1918              	.LASF22:
 1919 0155 636E745F 		.ascii	"cnt_t\000"
 1919      7400
 1920              	.LASF87:
 1921 015b 6F776E65 		.ascii	"owner\000"
 1921      7200
 1922              	.LASF45:
 1923 0161 74687265 		.ascii	"threads_queue_t\000"
 1923      6164735F 
 1923      71756575 
 1923      655F7400 
 1924              	.LASF37:
 1925 0171 6D74786C 		.ascii	"mtxlist\000"
 1925      69737400 
 1926              	.LASF57:
 1927 0179 63685F76 		.ascii	"ch_virtual_timers_list\000"
 1927      69727475 
 1927      616C5F74 
 1927      696D6572 
 1927      735F6C69 
 1928              	.LASF24:
 1929 0190 74687265 		.ascii	"thread_t\000"
 1929      61645F74 
 1929      00
ARM GAS  /tmp/cc8RxWqO.s 			page 47


 1930              	.LASF77:
 1931 0199 7264796D 		.ascii	"rdymsg\000"
 1931      736700
 1932              	.LASF75:
 1933 01a0 6F666673 		.ascii	"offset\000"
 1933      657400
 1934              	.LASF90:
 1935 01a7 5F426F6F 		.ascii	"_Bool\000"
 1935      6C00
 1936              	.LASF86:
 1937 01ad 63685F6D 		.ascii	"ch_mutex\000"
 1937      75746578 
 1937      00
 1938              	.LASF105:
 1939 01b6 474E5520 		.ascii	"GNU C 4.8.1 -mcpu=cortex-m3 -mno-thumb-interwork -m"
 1939      4320342E 
 1939      382E3120 
 1939      2D6D6370 
 1939      753D636F 
 1940 01e9 7468756D 		.ascii	"thumb -ggdb -O2 -fomit-frame-pointer -falign-functi"
 1940      62202D67 
 1940      67646220 
 1940      2D4F3220 
 1940      2D666F6D 
 1941 021c 6F6E733D 		.ascii	"ons=16 -ffunction-sections -fdata-sections -fno-com"
 1941      3136202D 
 1941      6666756E 
 1941      6374696F 
 1941      6E2D7365 
 1942 024f 6D6F6E20 		.ascii	"mon -flto\000"
 1942      2D666C74 
 1942      6F00
 1943              	.LASF94:
 1944 0259 706F7274 		.ascii	"portid\000"
 1944      696400
 1945              	.LASF26:
 1946 0260 7072696F 		.ascii	"prio\000"
 1946      00
 1947              	.LASF88:
 1948 0265 63686172 		.ascii	"char\000"
 1948      00
 1949              	.LASF40:
 1950 026a 74687265 		.ascii	"thread_reference_t\000"
 1950      61645F72 
 1950      65666572 
 1950      656E6365 
 1950      5F7400
 1951              	.LASF30:
 1952 027d 77616261 		.ascii	"wabase\000"
 1952      736500
 1953              	.LASF17:
 1954 0284 74737461 		.ascii	"tstate_t\000"
 1954      74655F74 
 1954      00
 1955              	.LASF4:
 1956 028d 75696E74 		.ascii	"uint8_t\000"
 1956      385F7400 
ARM GAS  /tmp/cc8RxWqO.s 			page 48


 1957              	.LASF35:
 1958 0295 6D736771 		.ascii	"msgqueue\000"
 1958      75657565 
 1958      00
 1959              	.LASF42:
 1960 029e 63685F74 		.ascii	"ch_thread\000"
 1960      68726561 
 1960      6400
 1961              	.LASF97:
 1962 02a8 62697473 		.ascii	"bits\000"
 1962      00
 1963              	.LASF101:
 1964 02ad 70616C53 		.ascii	"palSetBusMode\000"
 1964      65744275 
 1964      734D6F64 
 1964      6500
 1965              	.LASF59:
 1966 02bb 73797374 		.ascii	"system_debug_t\000"
 1966      656D5F64 
 1966      65627567 
 1966      5F7400
 1967              	.LASF11:
 1968 02ca 6C6F6E67 		.ascii	"long long int\000"
 1968      206C6F6E 
 1968      6720696E 
 1968      7400
 1969              	.LASF20:
 1970 02d8 6D73675F 		.ascii	"msg_t\000"
 1970      7400
 1971              	.LASF52:
 1972 02de 76697274 		.ascii	"virtual_timer_t\000"
 1972      75616C5F 
 1972      74696D65 
 1972      725F7400 
 1973              	.LASF91:
 1974 02ee 696F706F 		.ascii	"ioportmask_t\000"
 1974      72746D61 
 1974      736B5F74 
 1974      00
 1975              	.LASF92:
 1976 02fb 696F6D6F 		.ascii	"iomode_t\000"
 1976      64655F74 
 1976      00
 1977              	.LASF95:
 1978 0304 6D61736B 		.ascii	"mask\000"
 1978      00
 1979              	.LASF108:
 1980 0309 70616C52 		.ascii	"palReadBus\000"
 1980      65616442 
 1980      757300
 1981              	.LASF61:
 1982 0314 70616E69 		.ascii	"panic_msg\000"
 1982      635F6D73 
 1982      6700
 1983              	.LASF106:
 1984 031e 2E2E2F2E 		.ascii	"../../../os/hal/src/hal_pal.c\000"
 1984      2E2F2E2E 
ARM GAS  /tmp/cc8RxWqO.s 			page 49


 1984      2F6F732F 
 1984      68616C2F 
 1984      7372632F 
 1985              	.LASF16:
 1986 033c 746D6F64 		.ascii	"tmode_t\000"
 1986      655F7400 
 1987              	.LASF66:
 1988 0344 6D61696E 		.ascii	"mainthread\000"
 1988      74687265 
 1988      616400
 1989              	.LASF5:
 1990 034f 75696E74 		.ascii	"uint16_t\000"
 1990      31365F74 
 1990      00
 1991              	.LASF15:
 1992 0358 7274636E 		.ascii	"rtcnt_t\000"
 1992      745F7400 
 1993              	.LASF98:
 1994 0360 5F5F6675 		.ascii	"__func__.6621\000"
 1994      6E635F5F 
 1994      2E363632 
 1994      3100
 1995              	.LASF99:
 1996 036e 5F5F6675 		.ascii	"__func__.6626\000"
 1996      6E635F5F 
 1996      2E363632 
 1996      3600
 1997              	.LASF3:
 1998 037c 73686F72 		.ascii	"short int\000"
 1998      7420696E 
 1998      7400
 1999              	.LASF8:
 2000 0386 6C6F6E67 		.ascii	"long int\000"
 2000      20696E74 
 2000      00
 2001              	.LASF74:
 2002 038f 706F7274 		.ascii	"port_intctx\000"
 2002      5F696E74 
 2002      63747800 
 2003              	.LASF104:
 2004 039b 49544D5F 		.ascii	"ITM_RxBuffer\000"
 2004      52784275 
 2004      66666572 
 2004      00
 2005              	.LASF63:
 2006 03a8 63685F73 		.ascii	"ch_system\000"
 2006      79737465 
 2006      6D00
 2007              	.LASF58:
 2008 03b2 6C617374 		.ascii	"lasttime\000"
 2008      74696D65 
 2008      00
 2009              	.LASF12:
 2010 03bb 75696E74 		.ascii	"uint64_t\000"
 2010      36345F74 
 2010      00
 2011              	.LASF64:
ARM GAS  /tmp/cc8RxWqO.s 			page 50


 2012 03c4 726C6973 		.ascii	"rlist\000"
 2012      7400
 2013              	.LASF93:
 2014 03ca 696F706F 		.ascii	"ioportid_t\000"
 2014      72746964 
 2014      5F7400
 2015              	.LASF29:
 2016 03d5 6E616D65 		.ascii	"name\000"
 2016      00
 2017              	.LASF70:
 2018 03da 4750494F 		.ascii	"GPIO_TypeDef\000"
 2018      5F547970 
 2018      65446566 
 2018      00
 2019              	.LASF67:
 2020 03e7 73697A65 		.ascii	"sizetype\000"
 2020      74797065 
 2020      00
 2021              	.LASF18:
 2022 03f0 74726566 		.ascii	"trefs_t\000"
 2022      735F7400 
 2023              	.LASF10:
 2024 03f8 6C6F6E67 		.ascii	"long unsigned int\000"
 2024      20756E73 
 2024      69676E65 
 2024      6420696E 
 2024      7400
 2025              	.LASF48:
 2026 040a 72656164 		.ascii	"ready_list_t\000"
 2026      795F6C69 
 2026      73745F74 
 2026      00
 2027              	.LASF25:
 2028 0417 71756575 		.ascii	"queue\000"
 2028      6500
 2029              	.LASF7:
 2030 041d 696E7433 		.ascii	"int32_t\000"
 2030      325F7400 
 2031              	.LASF82:
 2032 0425 77747365 		.ascii	"wtsemp\000"
 2032      6D7000
 2033              	.LASF89:
 2034 042c 6D757465 		.ascii	"mutex_t\000"
 2034      785F7400 
 2035              	.LASF27:
 2036 0434 6E657765 		.ascii	"newer\000"
 2036      7200
 2037              	.LASF2:
 2038 043a 756E7369 		.ascii	"unsigned char\000"
 2038      676E6564 
 2038      20636861 
 2038      7200
 2039              	.LASF34:
 2040 0448 77616974 		.ascii	"waiting\000"
 2040      696E6700 
 2041              	.LASF56:
 2042 0450 76697274 		.ascii	"virtual_timers_list_t\000"
ARM GAS  /tmp/cc8RxWqO.s 			page 51


 2042      75616C5F 
 2042      74696D65 
 2042      72735F6C 
 2042      6973745F 
 2043              	.LASF28:
 2044 0466 6F6C6465 		.ascii	"older\000"
 2044      7200
 2045              	.LASF14:
 2046 046c 75696E74 		.ascii	"uint_fast8_t\000"
 2046      5F666173 
 2046      74385F74 
 2046      00
 2047              	.LASF31:
 2048 0479 73746174 		.ascii	"state\000"
 2048      6500
 2049              	.LASF109:
 2050 047f 5F70616C 		.ascii	"_pal_lld_setgroupmode\000"
 2050      5F6C6C64 
 2050      5F736574 
 2050      67726F75 
 2050      706D6F64 
 2051              	.LASF62:
 2052 0495 63685F73 		.ascii	"ch_system_t\000"
 2052      79737465 
 2052      6D5F7400 
 2053              	.LASF80:
 2054 04a1 77747472 		.ascii	"wttrp\000"
 2054      7000
 2055              	.LASF1:
 2056 04a7 7369676E 		.ascii	"signed char\000"
 2056      65642063 
 2056      68617200 
 2057              	.LASF54:
 2058 04b3 64656C74 		.ascii	"delta\000"
 2058      6100
 2059              	.LASF6:
 2060 04b9 73686F72 		.ascii	"short unsigned int\000"
 2060      7420756E 
 2060      7369676E 
 2060      65642069 
 2060      6E7400
 2061              	.LASF72:
 2062 04cc 73746B61 		.ascii	"stkalign_t\000"
 2062      6C69676E 
 2062      5F7400
 2063              	.LASF50:
 2064 04d7 63757272 		.ascii	"current\000"
 2064      656E7400 
 2065              	.LASF100:
 2066 04df 70616C57 		.ascii	"palWriteBus\000"
 2066      72697465 
 2066      42757300 
 2067              	.LASF107:
 2068 04eb 2F686F6D 		.ascii	"/home/alex/Embebidos Proyecto/ChibiOS_17.6.1/demos/"
 2068      652F616C 
 2068      65782F45 
 2068      6D626562 
ARM GAS  /tmp/cc8RxWqO.s 			page 52


 2068      69646F73 
 2069 051e 53544D33 		.ascii	"STM32/RT-STM32F100-DISCOVERY\000"
 2069      322F5254 
 2069      2D53544D 
 2069      33324631 
 2069      30302D44 
 2070              	.LASF78:
 2071 053b 65786974 		.ascii	"exitcode\000"
 2071      636F6465 
 2071      00
 2072              	.LASF69:
 2073 0544 4C434B52 		.ascii	"LCKR\000"
 2073      00
 2074              	.LASF39:
 2075 0549 6D706F6F 		.ascii	"mpool\000"
 2075      6C00
 2076              		.comm	__gnu_lto_v1,1,1
 2077              		.ident	"GCC: (Sourcery CodeBench Lite 2013.11-24) 4.8.1"
ARM GAS  /tmp/cc8RxWqO.s 			page 53


DEFINED SYMBOLS
                            *ABS*:00000000 hal_pal.c
     /tmp/cc8RxWqO.s:205    .text.palReadBus:00000000 $t
     /tmp/cc8RxWqO.s:211    .text.palReadBus:00000000 palReadBus
     /tmp/cc8RxWqO.s:234    .text.palWriteBus:00000000 $t
     /tmp/cc8RxWqO.s:240    .text.palWriteBus:00000000 palWriteBus
     /tmp/cc8RxWqO.s:275    .text.palSetBusMode:00000000 $t
     /tmp/cc8RxWqO.s:281    .text.palSetBusMode:00000000 palSetBusMode
                            *COM*:00000001 __gnu_lto_v1
                     .debug_frame:00000010 $d

UNDEFINED SYMBOLS
_pal_lld_setgroupmode
