ARM GAS  /tmp/ccgqrtSa.s 			page 1


   1              		.syntax unified
   2              		.cpu cortex-m3
   3              		.fpu softvfp
   4              		.eabi_attribute 20, 1
   5              		.eabi_attribute 21, 1
   6              		.eabi_attribute 23, 3
   7              		.eabi_attribute 24, 1
   8              		.eabi_attribute 25, 1
   9              		.eabi_attribute 26, 1
  10              		.eabi_attribute 30, 2
  11              		.eabi_attribute 34, 1
  12              		.eabi_attribute 18, 4
  13              		.thumb
  14              		.file	"stm32_dma.c"
  15              		.text
  16              	.Ltext0:
  17              		.section	.gnu.lto_.inline.cfbd7e6c089d0979,"",%progbits
  18 0000 789C6362 		.ascii	"x\234cb`b\300\006\020\242\000\000\272\000\007"
  18      6062C006 
  18      10A20000 
  18      BA0007
  19              		.text
  20              		.section	.gnu.lto_.pureconst.cfbd7e6c089d0979,"",%progbits
  21 0000 789C6362 		.ascii	"x\234cb`b`d\200\002\000\000F\000\006"
  21      60626064 
  21      80020000 
  21      460006
  22              		.text
  23              		.section	.gnu.lto_.symbol_nodes.cfbd7e6c089d0979,"",%progbits
  24 0000 789C6362 		.ascii	"x\234cb`\002B\030\000\000\000V\000\007"
  24      60024218 
  24      00000056 
  24      0007
  25              		.text
  26              		.section	.gnu.lto_.refs.cfbd7e6c089d0979,"",%progbits
  27 0000 789C6362 		.ascii	"x\234cb`b`d\200\002\000\000F\000\006"
  27      60626064 
  27      80020000 
  27      460006
  28              		.text
  29              		.section	.gnu.lto_.decls.cfbd7e6c089d0979,"",%progbits
  30 0000 789C6362 		.ascii	"x\234cb`bPa``\370\017\004@\212\201\021\212\355\030\010"
  30      60625061 
  30      6060F80F 
  30      04408A81 
  30      118AED18 
  31 0015 0000CE1B 		.ascii	"\000\000\316\033\004e"
  31      0465
  32              		.text
  33              		.section	.gnu.lto_.symtab.cfbd7e6c089d0979,"",%progbits
  34              		.text
  35              		.section	.gnu.lto_.opts,"",%progbits
  36 0000 272D6D63 		.ascii	"'-mcpu=cortex-m3' '-mno-thumb-interwork' '-mthumb' "
  36      70753D63 
  36      6F727465 
  36      782D6D33 
  36      2720272D 
ARM GAS  /tmp/ccgqrtSa.s 			page 2


  37 0033 272D6767 		.ascii	"'-ggdb' '-O2' '-fomit-frame-pointer' '-falign-funct"
  37      64622720 
  37      272D4F32 
  37      2720272D 
  37      666F6D69 
  38 0066 696F6E73 		.ascii	"ions=16' '-ffunction-sections' '-fdata-sections' '-"
  38      3D313627 
  38      20272D66 
  38      66756E63 
  38      74696F6E 
  39 0099 666E6F2D 		.ascii	"fno-common' '-flto'\000"
  39      636F6D6D 
  39      6F6E2720 
  39      272D666C 
  39      746F2700 
  40              		.text
  41              		.cfi_sections	.debug_frame
  42              	.Letext0:
  43              		.file 1 "/home/alex/MentorGraphics/Sourcery_CodeBench_Lite_for_ARM_EABI/arm-none-eabi/include/stdi
  44              		.file 2 "../../../os/common/ports/ARMCMx/compilers/GCC/chtypes.h"
  45              		.file 3 "../../../os/rt/include/chsystypes.h"
  46              		.file 4 "../../../os/rt/include/chschd.h"
  47              		.file 5 "../../../os/common/ports/ARMCMx/chcore.h"
  48              		.file 6 "../../../os/common/ports/ARMCMx/chcore_v7m.h"
  49              		.file 7 "../../../os/rt/include/chtm.h"
  50              		.file 8 "../../../os/rt/include/chsem.h"
  51              		.file 9 "../../../os/rt/include/chmtx.h"
  52              		.file 10 "../../../os/common/ext/CMSIS/include/core_cm3.h"
  53              		.section	.debug_info,"",%progbits
  54              	.Ldebug_info0:
  55 0000 EC050000 		.4byte	0x5ec
  56 0004 0400     		.2byte	0x4
  57 0006 00000000 		.4byte	.Ldebug_abbrev0
  58 000a 04       		.byte	0x4
  59 000b 01       		.uleb128 0x1
  60 000c 1F020000 		.4byte	.LASF88
  61 0010 01       		.byte	0x1
  62 0011 36010000 		.4byte	.LASF89
  63 0015 4E000000 		.4byte	.LASF90
  64 0019 00000000 		.4byte	.Ldebug_line0
  65 001d 02       		.uleb128 0x2
  66 001e 04       		.byte	0x4
  67 001f 05       		.byte	0x5
  68 0020 696E7400 		.ascii	"int\000"
  69 0024 03       		.uleb128 0x3
  70 0025 04       		.byte	0x4
  71 0026 07       		.byte	0x7
  72 0027 E4020000 		.4byte	.LASF0
  73 002b 03       		.uleb128 0x3
  74 002c 01       		.byte	0x1
  75 002d 06       		.byte	0x6
  76 002e C9020000 		.4byte	.LASF1
  77 0032 04       		.uleb128 0x4
  78 0033 1D010000 		.4byte	.LASF4
  79 0037 01       		.byte	0x1
  80 0038 2A       		.byte	0x2a
  81 0039 3D000000 		.4byte	0x3d
ARM GAS  /tmp/ccgqrtSa.s 			page 3


  82 003d 03       		.uleb128 0x3
  83 003e 01       		.byte	0x1
  84 003f 08       		.byte	0x8
  85 0040 0B020000 		.4byte	.LASF2
  86 0044 03       		.uleb128 0x3
  87 0045 02       		.byte	0x2
  88 0046 05       		.byte	0x5
  89 0047 44000000 		.4byte	.LASF3
  90 004b 04       		.uleb128 0x4
  91 004c F1020000 		.4byte	.LASF5
  92 0050 01       		.byte	0x1
  93 0051 36       		.byte	0x36
  94 0052 56000000 		.4byte	0x56
  95 0056 03       		.uleb128 0x3
  96 0057 02       		.byte	0x2
  97 0058 07       		.byte	0x7
  98 0059 20030000 		.4byte	.LASF6
  99 005d 04       		.uleb128 0x4
 100 005e 68030000 		.4byte	.LASF7
 101 0062 01       		.byte	0x1
 102 0063 4F       		.byte	0x4f
 103 0064 68000000 		.4byte	0x68
 104 0068 03       		.uleb128 0x3
 105 0069 04       		.byte	0x4
 106 006a 05       		.byte	0x5
 107 006b BA010000 		.4byte	.LASF8
 108 006f 04       		.uleb128 0x4
 109 0070 DB020000 		.4byte	.LASF9
 110 0074 01       		.byte	0x1
 111 0075 50       		.byte	0x50
 112 0076 7A000000 		.4byte	0x7a
 113 007a 03       		.uleb128 0x3
 114 007b 04       		.byte	0x4
 115 007c 07       		.byte	0x7
 116 007d 9C030000 		.4byte	.LASF10
 117 0081 03       		.uleb128 0x3
 118 0082 08       		.byte	0x8
 119 0083 05       		.byte	0x5
 120 0084 87010000 		.4byte	.LASF11
 121 0088 04       		.uleb128 0x4
 122 0089 30000000 		.4byte	.LASF12
 123 008d 01       		.byte	0x1
 124 008e 78       		.byte	0x78
 125 008f 93000000 		.4byte	0x93
 126 0093 03       		.uleb128 0x3
 127 0094 08       		.byte	0x8
 128 0095 07       		.byte	0x7
 129 0096 95010000 		.4byte	.LASF13
 130 009a 04       		.uleb128 0x4
 131 009b 03020000 		.4byte	.LASF14
 132 009f 02       		.byte	0x2
 133 00a0 39       		.byte	0x39
 134 00a1 6F000000 		.4byte	0x6f
 135 00a5 04       		.uleb128 0x4
 136 00a6 CF000000 		.4byte	.LASF15
 137 00aa 02       		.byte	0x2
 138 00ab 3C       		.byte	0x3c
ARM GAS  /tmp/ccgqrtSa.s 			page 4


 139 00ac 32000000 		.4byte	0x32
 140 00b0 04       		.uleb128 0x4
 141 00b1 93030000 		.4byte	.LASF16
 142 00b5 02       		.byte	0x2
 143 00b6 3D       		.byte	0x3d
 144 00b7 32000000 		.4byte	0x32
 145 00bb 04       		.uleb128 0x4
 146 00bc 09000000 		.4byte	.LASF17
 147 00c0 02       		.byte	0x2
 148 00c1 3E       		.byte	0x3e
 149 00c2 32000000 		.4byte	0x32
 150 00c6 04       		.uleb128 0x4
 151 00c7 AC010000 		.4byte	.LASF18
 152 00cb 02       		.byte	0x2
 153 00cc 40       		.byte	0x40
 154 00cd 6F000000 		.4byte	0x6f
 155 00d1 04       		.uleb128 0x4
 156 00d2 77040000 		.4byte	.LASF19
 157 00d6 02       		.byte	0x2
 158 00d7 41       		.byte	0x41
 159 00d8 5D000000 		.4byte	0x5d
 160 00dc 04       		.uleb128 0x4
 161 00dd C3000000 		.4byte	.LASF20
 162 00e1 02       		.byte	0x2
 163 00e2 43       		.byte	0x43
 164 00e3 6F000000 		.4byte	0x6f
 165 00e7 04       		.uleb128 0x4
 166 00e8 70030000 		.4byte	.LASF21
 167 00ec 02       		.byte	0x2
 168 00ed 45       		.byte	0x45
 169 00ee 5D000000 		.4byte	0x5d
 170 00f2 04       		.uleb128 0x4
 171 00f3 3A030000 		.4byte	.LASF22
 172 00f7 03       		.byte	0x3
 173 00f8 35       		.byte	0x35
 174 00f9 4B000000 		.4byte	0x4b
 175 00fd 04       		.uleb128 0x4
 176 00fe 00000000 		.4byte	.LASF23
 177 0102 03       		.byte	0x3
 178 0103 3F       		.byte	0x3f
 179 0104 08010000 		.4byte	0x108
 180 0108 05       		.uleb128 0x5
 181 0109 71010000 		.4byte	.LASF41
 182 010d 44       		.byte	0x44
 183 010e 04       		.byte	0x4
 184 010f 9A       		.byte	0x9a
 185 0110 E6010000 		.4byte	0x1e6
 186 0114 06       		.uleb128 0x6
 187 0115 F8010000 		.4byte	.LASF24
 188 0119 04       		.byte	0x4
 189 011a 9B       		.byte	0x9b
 190 011b 1B020000 		.4byte	0x21b
 191 011f 00       		.byte	0
 192 0120 06       		.uleb128 0x6
 193 0121 7D040000 		.4byte	.LASF25
 194 0125 04       		.byte	0x4
 195 0126 9C       		.byte	0x9c
ARM GAS  /tmp/ccgqrtSa.s 			page 5


 196 0127 C6000000 		.4byte	0xc6
 197 012b 08       		.byte	0x8
 198 012c 07       		.uleb128 0x7
 199 012d 63747800 		.ascii	"ctx\000"
 200 0131 04       		.byte	0x4
 201 0132 9D       		.byte	0x9d
 202 0133 13040000 		.4byte	0x413
 203 0137 0C       		.byte	0xc
 204 0138 06       		.uleb128 0x6
 205 0139 F2010000 		.4byte	.LASF26
 206 013d 04       		.byte	0x4
 207 013e 9F       		.byte	0x9f
 208 013f F1010000 		.4byte	0x1f1
 209 0143 10       		.byte	0x10
 210 0144 06       		.uleb128 0x6
 211 0145 B8030000 		.4byte	.LASF27
 212 0149 04       		.byte	0x4
 213 014a A0       		.byte	0xa0
 214 014b F1010000 		.4byte	0x1f1
 215 014f 14       		.byte	0x14
 216 0150 06       		.uleb128 0x6
 217 0151 FE010000 		.4byte	.LASF28
 218 0155 04       		.byte	0x4
 219 0156 A7       		.byte	0xa7
 220 0157 98050000 		.4byte	0x598
 221 015b 18       		.byte	0x18
 222 015c 06       		.uleb128 0x6
 223 015d 7B010000 		.4byte	.LASF29
 224 0161 04       		.byte	0x4
 225 0162 B0       		.byte	0xb0
 226 0163 AA050000 		.4byte	0x5aa
 227 0167 1C       		.byte	0x1c
 228 0168 06       		.uleb128 0x6
 229 0169 2A000000 		.4byte	.LASF30
 230 016d 04       		.byte	0x4
 231 016e B5       		.byte	0xb5
 232 016f B0000000 		.4byte	0xb0
 233 0173 20       		.byte	0x20
 234 0174 06       		.uleb128 0x6
 235 0175 D5020000 		.4byte	.LASF31
 236 0179 04       		.byte	0x4
 237 017a B9       		.byte	0xb9
 238 017b A5000000 		.4byte	0xa5
 239 017f 21       		.byte	0x21
 240 0180 06       		.uleb128 0x6
 241 0181 85030000 		.4byte	.LASF32
 242 0185 04       		.byte	0x4
 243 0186 BE       		.byte	0xbe
 244 0187 BB000000 		.4byte	0xbb
 245 018b 22       		.byte	0x22
 246 018c 08       		.uleb128 0x8
 247 018d 7500     		.ascii	"u\000"
 248 018f 04       		.byte	0x4
 249 0190 0F01     		.2byte	0x10f
 250 0192 CD040000 		.4byte	0x4cd
 251 0196 24       		.byte	0x24
 252 0197 09       		.uleb128 0x9
ARM GAS  /tmp/ccgqrtSa.s 			page 6


 253 0198 31040000 		.4byte	.LASF33
 254 019c 04       		.byte	0x4
 255 019d 1401     		.2byte	0x114
 256 019f F7010000 		.4byte	0x1f7
 257 01a3 28       		.byte	0x28
 258 01a4 09       		.uleb128 0x9
 259 01a5 0B010000 		.4byte	.LASF34
 260 01a9 04       		.byte	0x4
 261 01aa 1A01     		.2byte	0x11a
 262 01ac 1B020000 		.4byte	0x21b
 263 01b0 2C       		.byte	0x2c
 264 01b1 09       		.uleb128 0x9
 265 01b2 21000000 		.4byte	.LASF35
 266 01b6 04       		.byte	0x4
 267 01b7 2001     		.2byte	0x120
 268 01b9 DC000000 		.4byte	0xdc
 269 01bd 34       		.byte	0x34
 270 01be 09       		.uleb128 0x9
 271 01bf F1030000 		.4byte	.LASF36
 272 01c3 04       		.byte	0x4
 273 01c4 2701     		.2byte	0x127
 274 01c6 92050000 		.4byte	0x592
 275 01ca 38       		.byte	0x38
 276 01cb 09       		.uleb128 0x9
 277 01cc 76030000 		.4byte	.LASF37
 278 01d0 04       		.byte	0x4
 279 01d1 2B01     		.2byte	0x12b
 280 01d3 C6000000 		.4byte	0xc6
 281 01d7 3C       		.byte	0x3c
 282 01d8 09       		.uleb128 0x9
 283 01d9 0D040000 		.4byte	.LASF38
 284 01dd 04       		.byte	0x4
 285 01de 3201     		.2byte	0x132
 286 01e0 CE020000 		.4byte	0x2ce
 287 01e4 40       		.byte	0x40
 288 01e5 00       		.byte	0
 289 01e6 04       		.uleb128 0x4
 290 01e7 D7030000 		.4byte	.LASF39
 291 01eb 03       		.byte	0x3
 292 01ec 44       		.byte	0x44
 293 01ed F1010000 		.4byte	0x1f1
 294 01f1 0A       		.uleb128 0xa
 295 01f2 04       		.byte	0x4
 296 01f3 FD000000 		.4byte	0xfd
 297 01f7 04       		.uleb128 0x4
 298 01f8 8E040000 		.4byte	.LASF40
 299 01fc 03       		.byte	0x3
 300 01fd 49       		.byte	0x49
 301 01fe 02020000 		.4byte	0x202
 302 0202 05       		.uleb128 0x5
 303 0203 D7000000 		.4byte	.LASF42
 304 0207 04       		.byte	0x4
 305 0208 04       		.byte	0x4
 306 0209 88       		.byte	0x88
 307 020a 1B020000 		.4byte	0x21b
 308 020e 06       		.uleb128 0x6
 309 020f 82040000 		.4byte	.LASF43
ARM GAS  /tmp/ccgqrtSa.s 			page 7


 310 0213 04       		.byte	0x4
 311 0214 89       		.byte	0x89
 312 0215 F1010000 		.4byte	0x1f1
 313 0219 00       		.byte	0
 314 021a 00       		.byte	0
 315 021b 04       		.uleb128 0x4
 316 021c 10030000 		.4byte	.LASF44
 317 0220 03       		.byte	0x3
 318 0221 50       		.byte	0x50
 319 0222 26020000 		.4byte	0x226
 320 0226 05       		.uleb128 0x5
 321 0227 25010000 		.4byte	.LASF45
 322 022b 08       		.byte	0x8
 323 022c 04       		.byte	0x4
 324 022d 8F       		.byte	0x8f
 325 022e 4B020000 		.4byte	0x24b
 326 0232 06       		.uleb128 0x6
 327 0233 82040000 		.4byte	.LASF43
 328 0237 04       		.byte	0x4
 329 0238 90       		.byte	0x90
 330 0239 F1010000 		.4byte	0x1f1
 331 023d 00       		.byte	0
 332 023e 06       		.uleb128 0x6
 333 023f 54040000 		.4byte	.LASF46
 334 0243 04       		.byte	0x4
 335 0244 91       		.byte	0x91
 336 0245 F1010000 		.4byte	0x1f1
 337 0249 04       		.byte	0x4
 338 024a 00       		.byte	0
 339 024b 04       		.uleb128 0x4
 340 024c 1C040000 		.4byte	.LASF47
 341 0250 03       		.byte	0x3
 342 0251 57       		.byte	0x57
 343 0252 56020000 		.4byte	0x256
 344 0256 0B       		.uleb128 0xb
 345 0257 39040000 		.4byte	.LASF48
 346 025b 1C       		.byte	0x1c
 347 025c 04       		.byte	0x4
 348 025d 6A01     		.2byte	0x16a
 349 025f B2020000 		.4byte	0x2b2
 350 0263 09       		.uleb128 0x9
 351 0264 F8010000 		.4byte	.LASF24
 352 0268 04       		.byte	0x4
 353 0269 6B01     		.2byte	0x16b
 354 026b 1B020000 		.4byte	0x21b
 355 026f 00       		.byte	0
 356 0270 09       		.uleb128 0x9
 357 0271 7D040000 		.4byte	.LASF25
 358 0275 04       		.byte	0x4
 359 0276 6C01     		.2byte	0x16c
 360 0278 C6000000 		.4byte	0xc6
 361 027c 08       		.byte	0x8
 362 027d 08       		.uleb128 0x8
 363 027e 63747800 		.ascii	"ctx\000"
 364 0282 04       		.byte	0x4
 365 0283 6E01     		.2byte	0x16e
 366 0285 13040000 		.4byte	0x413
ARM GAS  /tmp/ccgqrtSa.s 			page 8


 367 0289 0C       		.byte	0xc
 368 028a 09       		.uleb128 0x9
 369 028b F2010000 		.4byte	.LASF26
 370 028f 04       		.byte	0x4
 371 0290 7101     		.2byte	0x171
 372 0292 F1010000 		.4byte	0x1f1
 373 0296 10       		.byte	0x10
 374 0297 09       		.uleb128 0x9
 375 0298 B8030000 		.4byte	.LASF27
 376 029c 04       		.byte	0x4
 377 029d 7201     		.2byte	0x172
 378 029f F1010000 		.4byte	0x1f1
 379 02a3 14       		.byte	0x14
 380 02a4 09       		.uleb128 0x9
 381 02a5 29040000 		.4byte	.LASF49
 382 02a9 04       		.byte	0x4
 383 02aa 7501     		.2byte	0x175
 384 02ac F1010000 		.4byte	0x1f1
 385 02b0 18       		.byte	0x18
 386 02b1 00       		.byte	0
 387 02b2 04       		.uleb128 0x4
 388 02b3 13040000 		.4byte	.LASF50
 389 02b7 03       		.byte	0x3
 390 02b8 5C       		.byte	0x5c
 391 02b9 BD020000 		.4byte	0x2bd
 392 02bd 0A       		.uleb128 0xa
 393 02be 04       		.byte	0x4
 394 02bf C3020000 		.4byte	0x2c3
 395 02c3 0C       		.uleb128 0xc
 396 02c4 CE020000 		.4byte	0x2ce
 397 02c8 0D       		.uleb128 0xd
 398 02c9 CE020000 		.4byte	0x2ce
 399 02cd 00       		.byte	0
 400 02ce 0E       		.uleb128 0xe
 401 02cf 04       		.byte	0x4
 402 02d0 04       		.uleb128 0x4
 403 02d1 DA010000 		.4byte	.LASF51
 404 02d5 03       		.byte	0x3
 405 02d6 61       		.byte	0x61
 406 02d7 DB020000 		.4byte	0x2db
 407 02db 0B       		.uleb128 0xb
 408 02dc 57030000 		.4byte	.LASF52
 409 02e0 14       		.byte	0x14
 410 02e1 04       		.byte	0x4
 411 02e2 4501     		.2byte	0x145
 412 02e4 2A030000 		.4byte	0x32a
 413 02e8 09       		.uleb128 0x9
 414 02e9 82040000 		.4byte	.LASF43
 415 02ed 04       		.byte	0x4
 416 02ee 4601     		.2byte	0x146
 417 02f0 B0050000 		.4byte	0x5b0
 418 02f4 00       		.byte	0
 419 02f5 09       		.uleb128 0x9
 420 02f6 54040000 		.4byte	.LASF46
 421 02fa 04       		.byte	0x4
 422 02fb 4701     		.2byte	0x147
 423 02fd B0050000 		.4byte	0x5b0
ARM GAS  /tmp/ccgqrtSa.s 			page 9


 424 0301 04       		.byte	0x4
 425 0302 09       		.uleb128 0x9
 426 0303 B6000000 		.4byte	.LASF53
 427 0307 04       		.byte	0x4
 428 0308 4801     		.2byte	0x148
 429 030a F2000000 		.4byte	0xf2
 430 030e 08       		.byte	0x8
 431 030f 09       		.uleb128 0x9
 432 0310 82010000 		.4byte	.LASF54
 433 0314 04       		.byte	0x4
 434 0315 4901     		.2byte	0x149
 435 0317 B2020000 		.4byte	0x2b2
 436 031b 0C       		.byte	0xc
 437 031c 08       		.uleb128 0x8
 438 031d 70617200 		.ascii	"par\000"
 439 0321 04       		.byte	0x4
 440 0322 4B01     		.2byte	0x14b
 441 0324 CE020000 		.4byte	0x2ce
 442 0328 10       		.byte	0x10
 443 0329 00       		.byte	0
 444 032a 04       		.uleb128 0x4
 445 032b FA020000 		.4byte	.LASF55
 446 032f 03       		.byte	0x3
 447 0330 66       		.byte	0x66
 448 0331 35030000 		.4byte	0x335
 449 0335 0B       		.uleb128 0xb
 450 0336 59040000 		.4byte	.LASF56
 451 033a 0C       		.byte	0xc
 452 033b 04       		.byte	0x4
 453 033c 5501     		.2byte	0x155
 454 033e 77030000 		.4byte	0x377
 455 0342 09       		.uleb128 0x9
 456 0343 82040000 		.4byte	.LASF43
 457 0347 04       		.byte	0x4
 458 0348 5601     		.2byte	0x156
 459 034a B0050000 		.4byte	0x5b0
 460 034e 00       		.byte	0
 461 034f 09       		.uleb128 0x9
 462 0350 54040000 		.4byte	.LASF46
 463 0354 04       		.byte	0x4
 464 0355 5801     		.2byte	0x158
 465 0357 B0050000 		.4byte	0x5b0
 466 035b 04       		.byte	0x4
 467 035c 09       		.uleb128 0x9
 468 035d B6000000 		.4byte	.LASF53
 469 0361 04       		.byte	0x4
 470 0362 5A01     		.2byte	0x15a
 471 0364 F2000000 		.4byte	0xf2
 472 0368 08       		.byte	0x8
 473 0369 09       		.uleb128 0x9
 474 036a 8A030000 		.4byte	.LASF57
 475 036e 04       		.byte	0x4
 476 036f 6201     		.2byte	0x162
 477 0371 F2000000 		.4byte	0xf2
 478 0375 0A       		.byte	0xa
 479 0376 00       		.byte	0
 480 0377 04       		.uleb128 0x4
ARM GAS  /tmp/ccgqrtSa.s 			page 10


 481 0378 A7000000 		.4byte	.LASF58
 482 037c 03       		.byte	0x3
 483 037d 6B       		.byte	0x6b
 484 037e 82030000 		.4byte	0x382
 485 0382 0B       		.uleb128 0xb
 486 0383 11000000 		.4byte	.LASF59
 487 0387 04       		.byte	0x4
 488 0388 04       		.byte	0x4
 489 0389 7C01     		.2byte	0x17c
 490 038b 9D030000 		.4byte	0x39d
 491 038f 09       		.uleb128 0x9
 492 0390 AE030000 		.4byte	.LASF60
 493 0394 04       		.byte	0x4
 494 0395 8401     		.2byte	0x184
 495 0397 B6050000 		.4byte	0x5b6
 496 039b 00       		.byte	0
 497 039c 00       		.byte	0
 498 039d 04       		.uleb128 0x4
 499 039e FF000000 		.4byte	.LASF61
 500 03a2 03       		.byte	0x3
 501 03a3 70       		.byte	0x70
 502 03a4 A8030000 		.4byte	0x3a8
 503 03a8 0B       		.uleb128 0xb
 504 03a9 C3010000 		.4byte	.LASF62
 505 03ad 74       		.byte	0x74
 506 03ae 04       		.byte	0x4
 507 03af 9C01     		.2byte	0x19c
 508 03b1 F6030000 		.4byte	0x3f6
 509 03b5 09       		.uleb128 0x9
 510 03b6 44030000 		.4byte	.LASF63
 511 03ba 04       		.byte	0x4
 512 03bb A001     		.2byte	0x1a0
 513 03bd 4B020000 		.4byte	0x24b
 514 03c1 00       		.byte	0
 515 03c2 09       		.uleb128 0x9
 516 03c3 E7000000 		.4byte	.LASF64
 517 03c7 04       		.byte	0x4
 518 03c8 A401     		.2byte	0x1a4
 519 03ca 2A030000 		.4byte	0x32a
 520 03ce 1C       		.byte	0x1c
 521 03cf 08       		.uleb128 0x8
 522 03d0 64626700 		.ascii	"dbg\000"
 523 03d4 04       		.byte	0x4
 524 03d5 A801     		.2byte	0x1a8
 525 03d7 77030000 		.4byte	0x377
 526 03db 28       		.byte	0x28
 527 03dc 09       		.uleb128 0x9
 528 03dd 39000000 		.4byte	.LASF65
 529 03e1 04       		.byte	0x4
 530 03e2 AC01     		.2byte	0x1ac
 531 03e4 FD000000 		.4byte	0xfd
 532 03e8 2C       		.byte	0x2c
 533 03e9 08       		.uleb128 0x8
 534 03ea 746D00   		.ascii	"tm\000"
 535 03ed 04       		.byte	0x4
 536 03ee B101     		.2byte	0x1b1
 537 03f0 C2040000 		.4byte	0x4c2
ARM GAS  /tmp/ccgqrtSa.s 			page 11


 538 03f4 70       		.byte	0x70
 539 03f5 00       		.byte	0
 540 03f6 03       		.uleb128 0x3
 541 03f7 04       		.byte	0x4
 542 03f8 07       		.byte	0x7
 543 03f9 9E000000 		.4byte	.LASF66
 544 03fd 04       		.uleb128 0x4
 545 03fe 14010000 		.4byte	.LASF67
 546 0402 05       		.byte	0x5
 547 0403 65       		.byte	0x65
 548 0404 CE020000 		.4byte	0x2ce
 549 0408 04       		.uleb128 0x4
 550 0409 F9030000 		.4byte	.LASF68
 551 040d 05       		.byte	0x5
 552 040e 6D       		.byte	0x6d
 553 040f 88000000 		.4byte	0x88
 554 0413 05       		.uleb128 0x5
 555 0414 CD010000 		.4byte	.LASF69
 556 0418 04       		.byte	0x4
 557 0419 05       		.byte	0x5
 558 041a 89       		.byte	0x89
 559 041b 2B040000 		.4byte	0x42b
 560 041f 07       		.uleb128 0x7
 561 0420 737000   		.ascii	"sp\000"
 562 0423 05       		.byte	0x5
 563 0424 8A       		.byte	0x8a
 564 0425 A7040000 		.4byte	0x4a7
 565 0429 00       		.byte	0
 566 042a 00       		.byte	0
 567 042b 0B       		.uleb128 0xb
 568 042c CB030000 		.4byte	.LASF70
 569 0430 24       		.byte	0x24
 570 0431 06       		.byte	0x6
 571 0432 5901     		.2byte	0x159
 572 0434 A7040000 		.4byte	0x4a7
 573 0438 08       		.uleb128 0x8
 574 0439 723400   		.ascii	"r4\000"
 575 043c 06       		.byte	0x6
 576 043d 6C01     		.2byte	0x16c
 577 043f FD030000 		.4byte	0x3fd
 578 0443 00       		.byte	0
 579 0444 08       		.uleb128 0x8
 580 0445 723500   		.ascii	"r5\000"
 581 0448 06       		.byte	0x6
 582 0449 6D01     		.2byte	0x16d
 583 044b FD030000 		.4byte	0x3fd
 584 044f 04       		.byte	0x4
 585 0450 08       		.uleb128 0x8
 586 0451 723600   		.ascii	"r6\000"
 587 0454 06       		.byte	0x6
 588 0455 6E01     		.2byte	0x16e
 589 0457 FD030000 		.4byte	0x3fd
 590 045b 08       		.byte	0x8
 591 045c 08       		.uleb128 0x8
 592 045d 723700   		.ascii	"r7\000"
 593 0460 06       		.byte	0x6
 594 0461 6F01     		.2byte	0x16f
ARM GAS  /tmp/ccgqrtSa.s 			page 12


 595 0463 FD030000 		.4byte	0x3fd
 596 0467 0C       		.byte	0xc
 597 0468 08       		.uleb128 0x8
 598 0469 723800   		.ascii	"r8\000"
 599 046c 06       		.byte	0x6
 600 046d 7001     		.2byte	0x170
 601 046f FD030000 		.4byte	0x3fd
 602 0473 10       		.byte	0x10
 603 0474 08       		.uleb128 0x8
 604 0475 723900   		.ascii	"r9\000"
 605 0478 06       		.byte	0x6
 606 0479 7101     		.2byte	0x171
 607 047b FD030000 		.4byte	0x3fd
 608 047f 14       		.byte	0x14
 609 0480 08       		.uleb128 0x8
 610 0481 72313000 		.ascii	"r10\000"
 611 0485 06       		.byte	0x6
 612 0486 7201     		.2byte	0x172
 613 0488 FD030000 		.4byte	0x3fd
 614 048c 18       		.byte	0x18
 615 048d 08       		.uleb128 0x8
 616 048e 72313100 		.ascii	"r11\000"
 617 0492 06       		.byte	0x6
 618 0493 7301     		.2byte	0x173
 619 0495 FD030000 		.4byte	0x3fd
 620 0499 1C       		.byte	0x1c
 621 049a 08       		.uleb128 0x8
 622 049b 6C7200   		.ascii	"lr\000"
 623 049e 06       		.byte	0x6
 624 049f 7401     		.2byte	0x174
 625 04a1 FD030000 		.4byte	0x3fd
 626 04a5 20       		.byte	0x20
 627 04a6 00       		.byte	0
 628 04a7 0A       		.uleb128 0xa
 629 04a8 04       		.byte	0x4
 630 04a9 2B040000 		.4byte	0x42b
 631 04ad 0F       		.uleb128 0xf
 632 04ae 04       		.byte	0x4
 633 04af 07       		.byte	0x7
 634 04b0 38       		.byte	0x38
 635 04b1 C2040000 		.4byte	0x4c2
 636 04b5 06       		.uleb128 0x6
 637 04b6 33030000 		.4byte	.LASF71
 638 04ba 07       		.byte	0x7
 639 04bb 3C       		.byte	0x3c
 640 04bc 9A000000 		.4byte	0x9a
 641 04c0 00       		.byte	0
 642 04c1 00       		.byte	0
 643 04c2 04       		.uleb128 0x4
 644 04c3 EE000000 		.4byte	.LASF72
 645 04c7 07       		.byte	0x7
 646 04c8 3D       		.byte	0x3d
 647 04c9 AD040000 		.4byte	0x4ad
 648 04cd 10       		.uleb128 0x10
 649 04ce 04       		.byte	0x4
 650 04cf 04       		.byte	0x4
 651 04d0 D2       		.byte	0xd2
ARM GAS  /tmp/ccgqrtSa.s 			page 13


 652 04d1 30050000 		.4byte	0x530
 653 04d5 11       		.uleb128 0x11
 654 04d6 70040000 		.4byte	.LASF73
 655 04da 04       		.byte	0x4
 656 04db D9       		.byte	0xd9
 657 04dc D1000000 		.4byte	0xd1
 658 04e0 11       		.uleb128 0x11
 659 04e1 04040000 		.4byte	.LASF74
 660 04e5 04       		.byte	0x4
 661 04e6 E0       		.byte	0xe0
 662 04e7 D1000000 		.4byte	0xd1
 663 04eb 11       		.uleb128 0x11
 664 04ec EA030000 		.4byte	.LASF75
 665 04f0 04       		.byte	0x4
 666 04f1 E7       		.byte	0xe7
 667 04f2 CE020000 		.4byte	0x2ce
 668 04f6 11       		.uleb128 0x11
 669 04f7 B4010000 		.4byte	.LASF76
 670 04fb 04       		.byte	0x4
 671 04fc EE       		.byte	0xee
 672 04fd 30050000 		.4byte	0x530
 673 0501 11       		.uleb128 0x11
 674 0502 EA010000 		.4byte	.LASF77
 675 0506 04       		.byte	0x4
 676 0507 F3       		.byte	0xf3
 677 0508 D1000000 		.4byte	0xd1
 678 050c 11       		.uleb128 0x11
 679 050d BC000000 		.4byte	.LASF78
 680 0511 04       		.byte	0x4
 681 0512 FC       		.byte	0xfc
 682 0513 5B050000 		.4byte	0x55b
 683 0517 12       		.uleb128 0x12
 684 0518 87040000 		.4byte	.LASF79
 685 051c 04       		.byte	0x4
 686 051d 0501     		.2byte	0x105
 687 051f 92050000 		.4byte	0x592
 688 0523 12       		.uleb128 0x12
 689 0524 C2020000 		.4byte	.LASF80
 690 0528 04       		.byte	0x4
 691 0529 0D01     		.2byte	0x10d
 692 052b DC000000 		.4byte	0xdc
 693 052f 00       		.byte	0
 694 0530 0A       		.uleb128 0xa
 695 0531 04       		.byte	0x4
 696 0532 E6010000 		.4byte	0x1e6
 697 0536 05       		.uleb128 0x5
 698 0537 BE030000 		.4byte	.LASF81
 699 053b 0C       		.byte	0xc
 700 053c 08       		.byte	0x8
 701 053d 34       		.byte	0x34
 702 053e 5B050000 		.4byte	0x55b
 703 0542 06       		.uleb128 0x6
 704 0543 F8010000 		.4byte	.LASF24
 705 0547 08       		.byte	0x8
 706 0548 35       		.byte	0x35
 707 0549 1B020000 		.4byte	0x21b
 708 054d 00       		.byte	0
ARM GAS  /tmp/ccgqrtSa.s 			page 14


 709 054e 07       		.uleb128 0x7
 710 054f 636E7400 		.ascii	"cnt\000"
 711 0553 08       		.byte	0x8
 712 0554 37       		.byte	0x37
 713 0555 E7000000 		.4byte	0xe7
 714 0559 08       		.byte	0x8
 715 055a 00       		.byte	0
 716 055b 0A       		.uleb128 0xa
 717 055c 04       		.byte	0x4
 718 055d 36050000 		.4byte	0x536
 719 0561 05       		.uleb128 0x5
 720 0562 68010000 		.4byte	.LASF82
 721 0566 10       		.byte	0x10
 722 0567 09       		.byte	0x9
 723 0568 39       		.byte	0x39
 724 0569 92050000 		.4byte	0x592
 725 056d 06       		.uleb128 0x6
 726 056e F8010000 		.4byte	.LASF24
 727 0572 09       		.byte	0x9
 728 0573 3A       		.byte	0x3a
 729 0574 1B020000 		.4byte	0x21b
 730 0578 00       		.byte	0
 731 0579 06       		.uleb128 0x6
 732 057a 19020000 		.4byte	.LASF83
 733 057e 09       		.byte	0x9
 734 057f 3C       		.byte	0x3c
 735 0580 F1010000 		.4byte	0x1f1
 736 0584 08       		.byte	0x8
 737 0585 06       		.uleb128 0x6
 738 0586 82040000 		.4byte	.LASF43
 739 058a 09       		.byte	0x9
 740 058b 3E       		.byte	0x3e
 741 058c C6050000 		.4byte	0x5c6
 742 0590 0C       		.byte	0xc
 743 0591 00       		.byte	0
 744 0592 0A       		.uleb128 0xa
 745 0593 04       		.byte	0x4
 746 0594 61050000 		.4byte	0x561
 747 0598 0A       		.uleb128 0xa
 748 0599 04       		.byte	0x4
 749 059a 9E050000 		.4byte	0x59e
 750 059e 13       		.uleb128 0x13
 751 059f A3050000 		.4byte	0x5a3
 752 05a3 03       		.uleb128 0x3
 753 05a4 01       		.byte	0x1
 754 05a5 08       		.byte	0x8
 755 05a6 4A030000 		.4byte	.LASF84
 756 05aa 0A       		.uleb128 0xa
 757 05ab 04       		.byte	0x4
 758 05ac 08040000 		.4byte	0x408
 759 05b0 0A       		.uleb128 0xa
 760 05b1 04       		.byte	0x4
 761 05b2 D0020000 		.4byte	0x2d0
 762 05b6 14       		.uleb128 0x14
 763 05b7 98050000 		.4byte	0x598
 764 05bb 04       		.uleb128 0x4
 765 05bc 4F030000 		.4byte	.LASF85
ARM GAS  /tmp/ccgqrtSa.s 			page 15


 766 05c0 09       		.byte	0x9
 767 05c1 34       		.byte	0x34
 768 05c2 61050000 		.4byte	0x561
 769 05c6 0A       		.uleb128 0xa
 770 05c7 04       		.byte	0x4
 771 05c8 BB050000 		.4byte	0x5bb
 772 05cc 03       		.uleb128 0x3
 773 05cd 01       		.byte	0x1
 774 05ce 02       		.byte	0x2
 775 05cf 7F030000 		.4byte	.LASF86
 776 05d3 15       		.uleb128 0x15
 777 05d4 47040000 		.4byte	.LASF87
 778 05d8 0A       		.byte	0xa
 779 05d9 9606     		.2byte	0x696
 780 05db DF050000 		.4byte	0x5df
 781 05df 14       		.uleb128 0x14
 782 05e0 5D000000 		.4byte	0x5d
 783 05e4 16       		.uleb128 0x16
 784 05e5 636800   		.ascii	"ch\000"
 785 05e8 04       		.byte	0x4
 786 05e9 D201     		.2byte	0x1d2
 787 05eb 9D030000 		.4byte	0x39d
 788 05ef 00       		.byte	0
 789              		.section	.debug_abbrev,"",%progbits
 790              	.Ldebug_abbrev0:
 791 0000 01       		.uleb128 0x1
 792 0001 11       		.uleb128 0x11
 793 0002 01       		.byte	0x1
 794 0003 25       		.uleb128 0x25
 795 0004 0E       		.uleb128 0xe
 796 0005 13       		.uleb128 0x13
 797 0006 0B       		.uleb128 0xb
 798 0007 03       		.uleb128 0x3
 799 0008 0E       		.uleb128 0xe
 800 0009 1B       		.uleb128 0x1b
 801 000a 0E       		.uleb128 0xe
 802 000b 10       		.uleb128 0x10
 803 000c 17       		.uleb128 0x17
 804 000d 00       		.byte	0
 805 000e 00       		.byte	0
 806 000f 02       		.uleb128 0x2
 807 0010 24       		.uleb128 0x24
 808 0011 00       		.byte	0
 809 0012 0B       		.uleb128 0xb
 810 0013 0B       		.uleb128 0xb
 811 0014 3E       		.uleb128 0x3e
 812 0015 0B       		.uleb128 0xb
 813 0016 03       		.uleb128 0x3
 814 0017 08       		.uleb128 0x8
 815 0018 00       		.byte	0
 816 0019 00       		.byte	0
 817 001a 03       		.uleb128 0x3
 818 001b 24       		.uleb128 0x24
 819 001c 00       		.byte	0
 820 001d 0B       		.uleb128 0xb
 821 001e 0B       		.uleb128 0xb
 822 001f 3E       		.uleb128 0x3e
ARM GAS  /tmp/ccgqrtSa.s 			page 16


 823 0020 0B       		.uleb128 0xb
 824 0021 03       		.uleb128 0x3
 825 0022 0E       		.uleb128 0xe
 826 0023 00       		.byte	0
 827 0024 00       		.byte	0
 828 0025 04       		.uleb128 0x4
 829 0026 16       		.uleb128 0x16
 830 0027 00       		.byte	0
 831 0028 03       		.uleb128 0x3
 832 0029 0E       		.uleb128 0xe
 833 002a 3A       		.uleb128 0x3a
 834 002b 0B       		.uleb128 0xb
 835 002c 3B       		.uleb128 0x3b
 836 002d 0B       		.uleb128 0xb
 837 002e 49       		.uleb128 0x49
 838 002f 13       		.uleb128 0x13
 839 0030 00       		.byte	0
 840 0031 00       		.byte	0
 841 0032 05       		.uleb128 0x5
 842 0033 13       		.uleb128 0x13
 843 0034 01       		.byte	0x1
 844 0035 03       		.uleb128 0x3
 845 0036 0E       		.uleb128 0xe
 846 0037 0B       		.uleb128 0xb
 847 0038 0B       		.uleb128 0xb
 848 0039 3A       		.uleb128 0x3a
 849 003a 0B       		.uleb128 0xb
 850 003b 3B       		.uleb128 0x3b
 851 003c 0B       		.uleb128 0xb
 852 003d 01       		.uleb128 0x1
 853 003e 13       		.uleb128 0x13
 854 003f 00       		.byte	0
 855 0040 00       		.byte	0
 856 0041 06       		.uleb128 0x6
 857 0042 0D       		.uleb128 0xd
 858 0043 00       		.byte	0
 859 0044 03       		.uleb128 0x3
 860 0045 0E       		.uleb128 0xe
 861 0046 3A       		.uleb128 0x3a
 862 0047 0B       		.uleb128 0xb
 863 0048 3B       		.uleb128 0x3b
 864 0049 0B       		.uleb128 0xb
 865 004a 49       		.uleb128 0x49
 866 004b 13       		.uleb128 0x13
 867 004c 38       		.uleb128 0x38
 868 004d 0B       		.uleb128 0xb
 869 004e 00       		.byte	0
 870 004f 00       		.byte	0
 871 0050 07       		.uleb128 0x7
 872 0051 0D       		.uleb128 0xd
 873 0052 00       		.byte	0
 874 0053 03       		.uleb128 0x3
 875 0054 08       		.uleb128 0x8
 876 0055 3A       		.uleb128 0x3a
 877 0056 0B       		.uleb128 0xb
 878 0057 3B       		.uleb128 0x3b
 879 0058 0B       		.uleb128 0xb
ARM GAS  /tmp/ccgqrtSa.s 			page 17


 880 0059 49       		.uleb128 0x49
 881 005a 13       		.uleb128 0x13
 882 005b 38       		.uleb128 0x38
 883 005c 0B       		.uleb128 0xb
 884 005d 00       		.byte	0
 885 005e 00       		.byte	0
 886 005f 08       		.uleb128 0x8
 887 0060 0D       		.uleb128 0xd
 888 0061 00       		.byte	0
 889 0062 03       		.uleb128 0x3
 890 0063 08       		.uleb128 0x8
 891 0064 3A       		.uleb128 0x3a
 892 0065 0B       		.uleb128 0xb
 893 0066 3B       		.uleb128 0x3b
 894 0067 05       		.uleb128 0x5
 895 0068 49       		.uleb128 0x49
 896 0069 13       		.uleb128 0x13
 897 006a 38       		.uleb128 0x38
 898 006b 0B       		.uleb128 0xb
 899 006c 00       		.byte	0
 900 006d 00       		.byte	0
 901 006e 09       		.uleb128 0x9
 902 006f 0D       		.uleb128 0xd
 903 0070 00       		.byte	0
 904 0071 03       		.uleb128 0x3
 905 0072 0E       		.uleb128 0xe
 906 0073 3A       		.uleb128 0x3a
 907 0074 0B       		.uleb128 0xb
 908 0075 3B       		.uleb128 0x3b
 909 0076 05       		.uleb128 0x5
 910 0077 49       		.uleb128 0x49
 911 0078 13       		.uleb128 0x13
 912 0079 38       		.uleb128 0x38
 913 007a 0B       		.uleb128 0xb
 914 007b 00       		.byte	0
 915 007c 00       		.byte	0
 916 007d 0A       		.uleb128 0xa
 917 007e 0F       		.uleb128 0xf
 918 007f 00       		.byte	0
 919 0080 0B       		.uleb128 0xb
 920 0081 0B       		.uleb128 0xb
 921 0082 49       		.uleb128 0x49
 922 0083 13       		.uleb128 0x13
 923 0084 00       		.byte	0
 924 0085 00       		.byte	0
 925 0086 0B       		.uleb128 0xb
 926 0087 13       		.uleb128 0x13
 927 0088 01       		.byte	0x1
 928 0089 03       		.uleb128 0x3
 929 008a 0E       		.uleb128 0xe
 930 008b 0B       		.uleb128 0xb
 931 008c 0B       		.uleb128 0xb
 932 008d 3A       		.uleb128 0x3a
 933 008e 0B       		.uleb128 0xb
 934 008f 3B       		.uleb128 0x3b
 935 0090 05       		.uleb128 0x5
 936 0091 01       		.uleb128 0x1
ARM GAS  /tmp/ccgqrtSa.s 			page 18


 937 0092 13       		.uleb128 0x13
 938 0093 00       		.byte	0
 939 0094 00       		.byte	0
 940 0095 0C       		.uleb128 0xc
 941 0096 15       		.uleb128 0x15
 942 0097 01       		.byte	0x1
 943 0098 27       		.uleb128 0x27
 944 0099 19       		.uleb128 0x19
 945 009a 01       		.uleb128 0x1
 946 009b 13       		.uleb128 0x13
 947 009c 00       		.byte	0
 948 009d 00       		.byte	0
 949 009e 0D       		.uleb128 0xd
 950 009f 05       		.uleb128 0x5
 951 00a0 00       		.byte	0
 952 00a1 49       		.uleb128 0x49
 953 00a2 13       		.uleb128 0x13
 954 00a3 00       		.byte	0
 955 00a4 00       		.byte	0
 956 00a5 0E       		.uleb128 0xe
 957 00a6 0F       		.uleb128 0xf
 958 00a7 00       		.byte	0
 959 00a8 0B       		.uleb128 0xb
 960 00a9 0B       		.uleb128 0xb
 961 00aa 00       		.byte	0
 962 00ab 00       		.byte	0
 963 00ac 0F       		.uleb128 0xf
 964 00ad 13       		.uleb128 0x13
 965 00ae 01       		.byte	0x1
 966 00af 0B       		.uleb128 0xb
 967 00b0 0B       		.uleb128 0xb
 968 00b1 3A       		.uleb128 0x3a
 969 00b2 0B       		.uleb128 0xb
 970 00b3 3B       		.uleb128 0x3b
 971 00b4 0B       		.uleb128 0xb
 972 00b5 01       		.uleb128 0x1
 973 00b6 13       		.uleb128 0x13
 974 00b7 00       		.byte	0
 975 00b8 00       		.byte	0
 976 00b9 10       		.uleb128 0x10
 977 00ba 17       		.uleb128 0x17
 978 00bb 01       		.byte	0x1
 979 00bc 0B       		.uleb128 0xb
 980 00bd 0B       		.uleb128 0xb
 981 00be 3A       		.uleb128 0x3a
 982 00bf 0B       		.uleb128 0xb
 983 00c0 3B       		.uleb128 0x3b
 984 00c1 0B       		.uleb128 0xb
 985 00c2 01       		.uleb128 0x1
 986 00c3 13       		.uleb128 0x13
 987 00c4 00       		.byte	0
 988 00c5 00       		.byte	0
 989 00c6 11       		.uleb128 0x11
 990 00c7 0D       		.uleb128 0xd
 991 00c8 00       		.byte	0
 992 00c9 03       		.uleb128 0x3
 993 00ca 0E       		.uleb128 0xe
ARM GAS  /tmp/ccgqrtSa.s 			page 19


 994 00cb 3A       		.uleb128 0x3a
 995 00cc 0B       		.uleb128 0xb
 996 00cd 3B       		.uleb128 0x3b
 997 00ce 0B       		.uleb128 0xb
 998 00cf 49       		.uleb128 0x49
 999 00d0 13       		.uleb128 0x13
 1000 00d1 00       		.byte	0
 1001 00d2 00       		.byte	0
 1002 00d3 12       		.uleb128 0x12
 1003 00d4 0D       		.uleb128 0xd
 1004 00d5 00       		.byte	0
 1005 00d6 03       		.uleb128 0x3
 1006 00d7 0E       		.uleb128 0xe
 1007 00d8 3A       		.uleb128 0x3a
 1008 00d9 0B       		.uleb128 0xb
 1009 00da 3B       		.uleb128 0x3b
 1010 00db 05       		.uleb128 0x5
 1011 00dc 49       		.uleb128 0x49
 1012 00dd 13       		.uleb128 0x13
 1013 00de 00       		.byte	0
 1014 00df 00       		.byte	0
 1015 00e0 13       		.uleb128 0x13
 1016 00e1 26       		.uleb128 0x26
 1017 00e2 00       		.byte	0
 1018 00e3 49       		.uleb128 0x49
 1019 00e4 13       		.uleb128 0x13
 1020 00e5 00       		.byte	0
 1021 00e6 00       		.byte	0
 1022 00e7 14       		.uleb128 0x14
 1023 00e8 35       		.uleb128 0x35
 1024 00e9 00       		.byte	0
 1025 00ea 49       		.uleb128 0x49
 1026 00eb 13       		.uleb128 0x13
 1027 00ec 00       		.byte	0
 1028 00ed 00       		.byte	0
 1029 00ee 15       		.uleb128 0x15
 1030 00ef 34       		.uleb128 0x34
 1031 00f0 00       		.byte	0
 1032 00f1 03       		.uleb128 0x3
 1033 00f2 0E       		.uleb128 0xe
 1034 00f3 3A       		.uleb128 0x3a
 1035 00f4 0B       		.uleb128 0xb
 1036 00f5 3B       		.uleb128 0x3b
 1037 00f6 05       		.uleb128 0x5
 1038 00f7 49       		.uleb128 0x49
 1039 00f8 13       		.uleb128 0x13
 1040 00f9 3F       		.uleb128 0x3f
 1041 00fa 19       		.uleb128 0x19
 1042 00fb 3C       		.uleb128 0x3c
 1043 00fc 19       		.uleb128 0x19
 1044 00fd 00       		.byte	0
 1045 00fe 00       		.byte	0
 1046 00ff 16       		.uleb128 0x16
 1047 0100 34       		.uleb128 0x34
 1048 0101 00       		.byte	0
 1049 0102 03       		.uleb128 0x3
 1050 0103 08       		.uleb128 0x8
ARM GAS  /tmp/ccgqrtSa.s 			page 20


 1051 0104 3A       		.uleb128 0x3a
 1052 0105 0B       		.uleb128 0xb
 1053 0106 3B       		.uleb128 0x3b
 1054 0107 05       		.uleb128 0x5
 1055 0108 49       		.uleb128 0x49
 1056 0109 13       		.uleb128 0x13
 1057 010a 3F       		.uleb128 0x3f
 1058 010b 19       		.uleb128 0x19
 1059 010c 3C       		.uleb128 0x3c
 1060 010d 19       		.uleb128 0x19
 1061 010e 00       		.byte	0
 1062 010f 00       		.byte	0
 1063 0110 00       		.byte	0
 1064              		.section	.debug_aranges,"",%progbits
 1065 0000 14000000 		.4byte	0x14
 1066 0004 0200     		.2byte	0x2
 1067 0006 00000000 		.4byte	.Ldebug_info0
 1068 000a 04       		.byte	0x4
 1069 000b 00       		.byte	0
 1070 000c 0000     		.2byte	0
 1071 000e 0000     		.2byte	0
 1072 0010 00000000 		.4byte	0
 1073 0014 00000000 		.4byte	0
 1074              		.section	.debug_line,"",%progbits
 1075              	.Ldebug_line0:
 1076 0000 77010000 		.section	.debug_str,"MS",%progbits,1
 1076      02007101 
 1076      00000201 
 1076      FB0E0D00 
 1076      01010101 
 1077              	.LASF23:
 1078 0000 74687265 		.ascii	"thread_t\000"
 1078      61645F74 
 1078      00
 1079              	.LASF17:
 1080 0009 74726566 		.ascii	"trefs_t\000"
 1080      735F7400 
 1081              	.LASF59:
 1082 0011 63685F73 		.ascii	"ch_system_debug\000"
 1082      79737465 
 1082      6D5F6465 
 1082      62756700 
 1083              	.LASF35:
 1084 0021 6570656E 		.ascii	"epending\000"
 1084      64696E67 
 1084      00
 1085              	.LASF30:
 1086 002a 73746174 		.ascii	"state\000"
 1086      6500
 1087              	.LASF12:
 1088 0030 75696E74 		.ascii	"uint64_t\000"
 1088      36345F74 
 1088      00
 1089              	.LASF65:
 1090 0039 6D61696E 		.ascii	"mainthread\000"
 1090      74687265 
 1090      616400
ARM GAS  /tmp/ccgqrtSa.s 			page 21


 1091              	.LASF3:
 1092 0044 73686F72 		.ascii	"short int\000"
 1092      7420696E 
 1092      7400
 1093              	.LASF90:
 1094 004e 2F686F6D 		.ascii	"/home/alex/Embebidos Proyecto/ChibiOS_17.6.1/demos/"
 1094      652F616C 
 1094      65782F45 
 1094      6D626562 
 1094      69646F73 
 1095 0081 53544D33 		.ascii	"STM32/RT-STM32F100-DISCOVERY\000"
 1095      322F5254 
 1095      2D53544D 
 1095      33324631 
 1095      30302D44 
 1096              	.LASF66:
 1097 009e 73697A65 		.ascii	"sizetype\000"
 1097      74797065 
 1097      00
 1098              	.LASF58:
 1099 00a7 73797374 		.ascii	"system_debug_t\000"
 1099      656D5F64 
 1099      65627567 
 1099      5F7400
 1100              	.LASF53:
 1101 00b6 64656C74 		.ascii	"delta\000"
 1101      6100
 1102              	.LASF78:
 1103 00bc 77747365 		.ascii	"wtsemp\000"
 1103      6D7000
 1104              	.LASF20:
 1105 00c3 6576656E 		.ascii	"eventmask_t\000"
 1105      746D6173 
 1105      6B5F7400 
 1106              	.LASF15:
 1107 00cf 746D6F64 		.ascii	"tmode_t\000"
 1107      655F7400 
 1108              	.LASF42:
 1109 00d7 63685F74 		.ascii	"ch_threads_list\000"
 1109      68726561 
 1109      64735F6C 
 1109      69737400 
 1110              	.LASF64:
 1111 00e7 76746C69 		.ascii	"vtlist\000"
 1111      737400
 1112              	.LASF72:
 1113 00ee 746D5F63 		.ascii	"tm_calibration_t\000"
 1113      616C6962 
 1113      72617469 
 1113      6F6E5F74 
 1113      00
 1114              	.LASF61:
 1115 00ff 63685F73 		.ascii	"ch_system_t\000"
 1115      79737465 
 1115      6D5F7400 
 1116              	.LASF34:
 1117 010b 6D736771 		.ascii	"msgqueue\000"
ARM GAS  /tmp/ccgqrtSa.s 			page 22


 1117      75657565 
 1117      00
 1118              	.LASF67:
 1119 0114 72656761 		.ascii	"regarm_t\000"
 1119      726D5F74 
 1119      00
 1120              	.LASF4:
 1121 011d 75696E74 		.ascii	"uint8_t\000"
 1121      385F7400 
 1122              	.LASF45:
 1123 0125 63685F74 		.ascii	"ch_threads_queue\000"
 1123      68726561 
 1123      64735F71 
 1123      75657565 
 1123      00
 1124              	.LASF89:
 1125 0136 2E2E2F2E 		.ascii	"../../../os/hal/ports/STM32/LLD/DMAv1/stm32_dma.c\000"
 1125      2E2F2E2E 
 1125      2F6F732F 
 1125      68616C2F 
 1125      706F7274 
 1126              	.LASF82:
 1127 0168 63685F6D 		.ascii	"ch_mutex\000"
 1127      75746578 
 1127      00
 1128              	.LASF41:
 1129 0171 63685F74 		.ascii	"ch_thread\000"
 1129      68726561 
 1129      6400
 1130              	.LASF29:
 1131 017b 77616261 		.ascii	"wabase\000"
 1131      736500
 1132              	.LASF54:
 1133 0182 66756E63 		.ascii	"func\000"
 1133      00
 1134              	.LASF11:
 1135 0187 6C6F6E67 		.ascii	"long long int\000"
 1135      206C6F6E 
 1135      6720696E 
 1135      7400
 1136              	.LASF13:
 1137 0195 6C6F6E67 		.ascii	"long long unsigned int\000"
 1137      206C6F6E 
 1137      6720756E 
 1137      7369676E 
 1137      65642069 
 1138              	.LASF18:
 1139 01ac 74707269 		.ascii	"tprio_t\000"
 1139      6F5F7400 
 1140              	.LASF76:
 1141 01b4 77747472 		.ascii	"wttrp\000"
 1141      7000
 1142              	.LASF8:
 1143 01ba 6C6F6E67 		.ascii	"long int\000"
 1143      20696E74 
 1143      00
 1144              	.LASF62:
ARM GAS  /tmp/ccgqrtSa.s 			page 23


 1145 01c3 63685F73 		.ascii	"ch_system\000"
 1145      79737465 
 1145      6D00
 1146              	.LASF69:
 1147 01cd 706F7274 		.ascii	"port_context\000"
 1147      5F636F6E 
 1147      74657874 
 1147      00
 1148              	.LASF51:
 1149 01da 76697274 		.ascii	"virtual_timer_t\000"
 1149      75616C5F 
 1149      74696D65 
 1149      725F7400 
 1150              	.LASF77:
 1151 01ea 73656E74 		.ascii	"sentmsg\000"
 1151      6D736700 
 1152              	.LASF26:
 1153 01f2 6E657765 		.ascii	"newer\000"
 1153      7200
 1154              	.LASF24:
 1155 01f8 71756575 		.ascii	"queue\000"
 1155      6500
 1156              	.LASF28:
 1157 01fe 6E616D65 		.ascii	"name\000"
 1157      00
 1158              	.LASF14:
 1159 0203 7274636E 		.ascii	"rtcnt_t\000"
 1159      745F7400 
 1160              	.LASF2:
 1161 020b 756E7369 		.ascii	"unsigned char\000"
 1161      676E6564 
 1161      20636861 
 1161      7200
 1162              	.LASF83:
 1163 0219 6F776E65 		.ascii	"owner\000"
 1163      7200
 1164              	.LASF88:
 1165 021f 474E5520 		.ascii	"GNU C 4.8.1 -mcpu=cortex-m3 -mno-thumb-interwork -m"
 1165      4320342E 
 1165      382E3120 
 1165      2D6D6370 
 1165      753D636F 
 1166 0252 7468756D 		.ascii	"thumb -ggdb -O2 -fomit-frame-pointer -falign-functi"
 1166      62202D67 
 1166      67646220 
 1166      2D4F3220 
 1166      2D666F6D 
 1167 0285 6F6E733D 		.ascii	"ons=16 -ffunction-sections -fdata-sections -fno-com"
 1167      3136202D 
 1167      6666756E 
 1167      6374696F 
 1167      6E2D7365 
 1168 02b8 6D6F6E20 		.ascii	"mon -flto\000"
 1168      2D666C74 
 1168      6F00
 1169              	.LASF80:
 1170 02c2 65776D61 		.ascii	"ewmask\000"
ARM GAS  /tmp/ccgqrtSa.s 			page 24


 1170      736B00
 1171              	.LASF1:
 1172 02c9 7369676E 		.ascii	"signed char\000"
 1172      65642063 
 1172      68617200 
 1173              	.LASF31:
 1174 02d5 666C6167 		.ascii	"flags\000"
 1174      7300
 1175              	.LASF9:
 1176 02db 75696E74 		.ascii	"uint32_t\000"
 1176      33325F74 
 1176      00
 1177              	.LASF0:
 1178 02e4 756E7369 		.ascii	"unsigned int\000"
 1178      676E6564 
 1178      20696E74 
 1178      00
 1179              	.LASF5:
 1180 02f1 75696E74 		.ascii	"uint16_t\000"
 1180      31365F74 
 1180      00
 1181              	.LASF55:
 1182 02fa 76697274 		.ascii	"virtual_timers_list_t\000"
 1182      75616C5F 
 1182      74696D65 
 1182      72735F6C 
 1182      6973745F 
 1183              	.LASF44:
 1184 0310 74687265 		.ascii	"threads_queue_t\000"
 1184      6164735F 
 1184      71756575 
 1184      655F7400 
 1185              	.LASF6:
 1186 0320 73686F72 		.ascii	"short unsigned int\000"
 1186      7420756E 
 1186      7369676E 
 1186      65642069 
 1186      6E7400
 1187              	.LASF71:
 1188 0333 6F666673 		.ascii	"offset\000"
 1188      657400
 1189              	.LASF22:
 1190 033a 73797374 		.ascii	"systime_t\000"
 1190      696D655F 
 1190      7400
 1191              	.LASF63:
 1192 0344 726C6973 		.ascii	"rlist\000"
 1192      7400
 1193              	.LASF84:
 1194 034a 63686172 		.ascii	"char\000"
 1194      00
 1195              	.LASF85:
 1196 034f 6D757465 		.ascii	"mutex_t\000"
 1196      785F7400 
 1197              	.LASF52:
 1198 0357 63685F76 		.ascii	"ch_virtual_timer\000"
 1198      69727475 
ARM GAS  /tmp/ccgqrtSa.s 			page 25


 1198      616C5F74 
 1198      696D6572 
 1198      00
 1199              	.LASF7:
 1200 0368 696E7433 		.ascii	"int32_t\000"
 1200      325F7400 
 1201              	.LASF21:
 1202 0370 636E745F 		.ascii	"cnt_t\000"
 1202      7400
 1203              	.LASF37:
 1204 0376 7265616C 		.ascii	"realprio\000"
 1204      7072696F 
 1204      00
 1205              	.LASF86:
 1206 037f 5F426F6F 		.ascii	"_Bool\000"
 1206      6C00
 1207              	.LASF32:
 1208 0385 72656673 		.ascii	"refs\000"
 1208      00
 1209              	.LASF57:
 1210 038a 6C617374 		.ascii	"lasttime\000"
 1210      74696D65 
 1210      00
 1211              	.LASF16:
 1212 0393 74737461 		.ascii	"tstate_t\000"
 1212      74655F74 
 1212      00
 1213              	.LASF10:
 1214 039c 6C6F6E67 		.ascii	"long unsigned int\000"
 1214      20756E73 
 1214      69676E65 
 1214      6420696E 
 1214      7400
 1215              	.LASF60:
 1216 03ae 70616E69 		.ascii	"panic_msg\000"
 1216      635F6D73 
 1216      6700
 1217              	.LASF27:
 1218 03b8 6F6C6465 		.ascii	"older\000"
 1218      7200
 1219              	.LASF81:
 1220 03be 63685F73 		.ascii	"ch_semaphore\000"
 1220      656D6170 
 1220      686F7265 
 1220      00
 1221              	.LASF70:
 1222 03cb 706F7274 		.ascii	"port_intctx\000"
 1222      5F696E74 
 1222      63747800 
 1223              	.LASF39:
 1224 03d7 74687265 		.ascii	"thread_reference_t\000"
 1224      61645F72 
 1224      65666572 
 1224      656E6365 
 1224      5F7400
 1225              	.LASF75:
 1226 03ea 77746F62 		.ascii	"wtobjp\000"
ARM GAS  /tmp/ccgqrtSa.s 			page 26


 1226      6A7000
 1227              	.LASF36:
 1228 03f1 6D74786C 		.ascii	"mtxlist\000"
 1228      69737400 
 1229              	.LASF68:
 1230 03f9 73746B61 		.ascii	"stkalign_t\000"
 1230      6C69676E 
 1230      5F7400
 1231              	.LASF74:
 1232 0404 65786974 		.ascii	"exitcode\000"
 1232      636F6465 
 1232      00
 1233              	.LASF38:
 1234 040d 6D706F6F 		.ascii	"mpool\000"
 1234      6C00
 1235              	.LASF50:
 1236 0413 76746675 		.ascii	"vtfunc_t\000"
 1236      6E635F74 
 1236      00
 1237              	.LASF47:
 1238 041c 72656164 		.ascii	"ready_list_t\000"
 1238      795F6C69 
 1238      73745F74 
 1238      00
 1239              	.LASF49:
 1240 0429 63757272 		.ascii	"current\000"
 1240      656E7400 
 1241              	.LASF33:
 1242 0431 77616974 		.ascii	"waiting\000"
 1242      696E6700 
 1243              	.LASF48:
 1244 0439 63685F72 		.ascii	"ch_ready_list\000"
 1244      65616479 
 1244      5F6C6973 
 1244      7400
 1245              	.LASF87:
 1246 0447 49544D5F 		.ascii	"ITM_RxBuffer\000"
 1246      52784275 
 1246      66666572 
 1246      00
 1247              	.LASF46:
 1248 0454 70726576 		.ascii	"prev\000"
 1248      00
 1249              	.LASF56:
 1250 0459 63685F76 		.ascii	"ch_virtual_timers_list\000"
 1250      69727475 
 1250      616C5F74 
 1250      696D6572 
 1250      735F6C69 
 1251              	.LASF73:
 1252 0470 7264796D 		.ascii	"rdymsg\000"
 1252      736700
 1253              	.LASF19:
 1254 0477 6D73675F 		.ascii	"msg_t\000"
 1254      7400
 1255              	.LASF25:
 1256 047d 7072696F 		.ascii	"prio\000"
ARM GAS  /tmp/ccgqrtSa.s 			page 27


 1256      00
 1257              	.LASF43:
 1258 0482 6E657874 		.ascii	"next\000"
 1258      00
 1259              	.LASF79:
 1260 0487 77746D74 		.ascii	"wtmtxp\000"
 1260      787000
 1261              	.LASF40:
 1262 048e 74687265 		.ascii	"threads_list_t\000"
 1262      6164735F 
 1262      6C697374 
 1262      5F7400
 1263              		.comm	__gnu_lto_v1,1,1
 1264              		.ident	"GCC: (Sourcery CodeBench Lite 2013.11-24) 4.8.1"
ARM GAS  /tmp/ccgqrtSa.s 			page 28


DEFINED SYMBOLS
                            *ABS*:00000000 stm32_dma.c
                            *COM*:00000001 __gnu_lto_v1

NO UNDEFINED SYMBOLS
